[2024-05-18T18:05:42.844+0000] {local_task_job_runner.py:120} INFO - ::group::Pre task execution logs
[2024-05-18T18:05:42.866+0000] {taskinstance.py:2076} INFO - Dependencies all met for dep_context=non-requeueable deps ti=<TaskInstance: tutorial_dag.load manual__2024-05-18T18:05:26.114993+00:00 [queued]>
[2024-05-18T18:05:42.874+0000] {taskinstance.py:2076} INFO - Dependencies all met for dep_context=requeueable deps ti=<TaskInstance: tutorial_dag.load manual__2024-05-18T18:05:26.114993+00:00 [queued]>
[2024-05-18T18:05:42.874+0000] {taskinstance.py:2306} INFO - Starting attempt 1 of 3
[2024-05-18T18:05:42.888+0000] {taskinstance.py:2330} INFO - Executing <Task(PythonOperator): load> on 2024-05-18 18:05:26.114993+00:00
[2024-05-18T18:05:42.896+0000] {warnings.py:110} WARNING - /home/***/.local/lib/python3.12/site-packages/***/task/task_runner/standard_task_runner.py:61: DeprecationWarning: This process (pid=803) is multi-threaded, use of fork() may lead to deadlocks in the child.
  pid = os.fork()

[2024-05-18T18:05:42.897+0000] {standard_task_runner.py:63} INFO - Started process 812 to run task
[2024-05-18T18:05:42.898+0000] {standard_task_runner.py:90} INFO - Running: ['***', 'tasks', 'run', 'tutorial_dag', 'load', 'manual__2024-05-18T18:05:26.114993+00:00', '--job-id', '5', '--raw', '--subdir', '/home/***/.local/lib/python3.12/site-packages/***/example_dags/tutorial_dag.py', '--cfg-path', '/tmp/tmpj67ff0m2']
[2024-05-18T18:05:42.900+0000] {standard_task_runner.py:91} INFO - Job 5: Subtask load
[2024-05-18T18:05:42.984+0000] {task_command.py:426} INFO - Running <TaskInstance: tutorial_dag.load manual__2024-05-18T18:05:26.114993+00:00 [running]> on host 1eee1d008fef
[2024-05-18T18:05:43.400+0000] {taskinstance.py:2648} INFO - Exporting env vars: AIRFLOW_CTX_DAG_OWNER='***' AIRFLOW_CTX_DAG_ID='tutorial_dag' AIRFLOW_CTX_TASK_ID='load' AIRFLOW_CTX_EXECUTION_DATE='2024-05-18T18:05:26.114993+00:00' AIRFLOW_CTX_TRY_NUMBER='1' AIRFLOW_CTX_DAG_RUN_ID='manual__2024-05-18T18:05:26.114993+00:00'
[2024-05-18T18:05:43.406+0000] {taskinstance.py:430} INFO - ::endgroup::
[2024-05-18T18:05:43.446+0000] {logging_mixin.py:188} INFO - {'total_order_value': 1236.7}
[2024-05-18T18:05:43.448+0000] {python.py:237} INFO - Done. Returned value was: None
[2024-05-18T18:05:43.449+0000] {taskinstance.py:441} INFO - ::group::Post task execution logs
[2024-05-18T18:05:43.480+0000] {taskinstance.py:1206} INFO - Marking task as SUCCESS. dag_id=tutorial_dag, task_id=load, run_id=manual__2024-05-18T18:05:26.114993+00:00, execution_date=20240518T180526, start_date=20240518T180542, end_date=20240518T180543
[2024-05-18T18:05:43.554+0000] {local_task_job_runner.py:240} INFO - Task exited with return code 0
[2024-05-18T18:05:43.621+0000] {taskinstance.py:3498} INFO - 0 downstream tasks scheduled from follow-on schedule check
[2024-05-18T18:05:43.632+0000] {local_task_job_runner.py:222} INFO - ::endgroup::
