[2024-06-19T00:57:57.969+0000] {local_task_job_runner.py:120} INFO - ::group::Pre task execution logs
[2024-06-19T00:57:57.995+0000] {taskinstance.py:2076} INFO - Dependencies all met for dep_context=non-requeueable deps ti=<TaskInstance: tutorial.templated scheduled__2024-06-18T00:00:00+00:00 [queued]>
[2024-06-19T00:57:58.004+0000] {taskinstance.py:2076} INFO - Dependencies all met for dep_context=requeueable deps ti=<TaskInstance: tutorial.templated scheduled__2024-06-18T00:00:00+00:00 [queued]>
[2024-06-19T00:57:58.004+0000] {taskinstance.py:2306} INFO - Starting attempt 1 of 2
[2024-06-19T00:57:58.017+0000] {taskinstance.py:2330} INFO - Executing <Task(BashOperator): templated> on 2024-06-18 00:00:00+00:00
[2024-06-19T00:57:58.028+0000] {warnings.py:110} WARNING - /home/***/.local/lib/python3.12/site-packages/***/task/task_runner/standard_task_runner.py:61: DeprecationWarning: This process (pid=14718) is multi-threaded, use of fork() may lead to deadlocks in the child.
  pid = os.fork()

[2024-06-19T00:57:58.029+0000] {standard_task_runner.py:63} INFO - Started process 14722 to run task
[2024-06-19T00:57:58.029+0000] {standard_task_runner.py:90} INFO - Running: ['***', 'tasks', 'run', 'tutorial', 'templated', 'scheduled__2024-06-18T00:00:00+00:00', '--job-id', '38', '--raw', '--subdir', '/home/***/.local/lib/python3.12/site-packages/***/example_dags/tutorial.py', '--cfg-path', '/tmp/tmpshcvw7ib']
[2024-06-19T00:57:58.031+0000] {standard_task_runner.py:91} INFO - Job 38: Subtask templated
[2024-06-19T00:57:58.078+0000] {task_command.py:426} INFO - Running <TaskInstance: tutorial.templated scheduled__2024-06-18T00:00:00+00:00 [running]> on host 91fb71641d4b
[2024-06-19T00:57:58.172+0000] {taskinstance.py:2648} INFO - Exporting env vars: AIRFLOW_CTX_DAG_EMAIL='***@example.com' AIRFLOW_CTX_DAG_OWNER='***' AIRFLOW_CTX_DAG_ID='tutorial' AIRFLOW_CTX_TASK_ID='templated' AIRFLOW_CTX_EXECUTION_DATE='2024-06-18T00:00:00+00:00' AIRFLOW_CTX_TRY_NUMBER='1' AIRFLOW_CTX_DAG_RUN_ID='scheduled__2024-06-18T00:00:00+00:00'
[2024-06-19T00:57:58.173+0000] {taskinstance.py:430} INFO - ::endgroup::
[2024-06-19T00:57:58.174+0000] {subprocess.py:63} INFO - Tmp dir root location: /tmp
[2024-06-19T00:57:58.174+0000] {subprocess.py:75} INFO - Running command: ['/usr/bin/bash', '-c', '\n\n    echo "2024-06-18"\n    echo "2024-06-25"\n\n    echo "2024-06-18"\n    echo "2024-06-25"\n\n    echo "2024-06-18"\n    echo "2024-06-25"\n\n    echo "2024-06-18"\n    echo "2024-06-25"\n\n    echo "2024-06-18"\n    echo "2024-06-25"\n']
[2024-06-19T00:57:58.186+0000] {subprocess.py:86} INFO - Output:
[2024-06-19T00:57:58.188+0000] {subprocess.py:93} INFO - 2024-06-18
[2024-06-19T00:57:58.189+0000] {subprocess.py:93} INFO - 2024-06-25
[2024-06-19T00:57:58.189+0000] {subprocess.py:93} INFO - 2024-06-18
[2024-06-19T00:57:58.189+0000] {subprocess.py:93} INFO - 2024-06-25
[2024-06-19T00:57:58.189+0000] {subprocess.py:93} INFO - 2024-06-18
[2024-06-19T00:57:58.189+0000] {subprocess.py:93} INFO - 2024-06-25
[2024-06-19T00:57:58.189+0000] {subprocess.py:93} INFO - 2024-06-18
[2024-06-19T00:57:58.190+0000] {subprocess.py:93} INFO - 2024-06-25
[2024-06-19T00:57:58.190+0000] {subprocess.py:93} INFO - 2024-06-18
[2024-06-19T00:57:58.190+0000] {subprocess.py:93} INFO - 2024-06-25
[2024-06-19T00:57:58.190+0000] {subprocess.py:97} INFO - Command exited with return code 0
[2024-06-19T00:57:58.191+0000] {taskinstance.py:441} INFO - ::group::Post task execution logs
[2024-06-19T00:57:58.217+0000] {taskinstance.py:1206} INFO - Marking task as SUCCESS. dag_id=tutorial, task_id=templated, run_id=scheduled__2024-06-18T00:00:00+00:00, execution_date=20240618T000000, start_date=20240619T005757, end_date=20240619T005758
[2024-06-19T00:57:58.243+0000] {local_task_job_runner.py:240} INFO - Task exited with return code 0
[2024-06-19T00:57:58.259+0000] {taskinstance.py:3498} INFO - 0 downstream tasks scheduled from follow-on schedule check
[2024-06-19T00:57:58.262+0000] {local_task_job_runner.py:222} INFO - ::endgroup::
