[2024-06-23T00:00:41.000+0000] {local_task_job_runner.py:120} INFO - ::group::Pre task execution logs
[2024-06-23T00:00:41.035+0000] {taskinstance.py:2076} INFO - Dependencies all met for dep_context=non-requeueable deps ti=<TaskInstance: simple_bash_operators.lstask manual__2024-06-23T00:00:40.233034+00:00 [queued]>
[2024-06-23T00:00:41.049+0000] {taskinstance.py:2076} INFO - Dependencies all met for dep_context=requeueable deps ti=<TaskInstance: simple_bash_operators.lstask manual__2024-06-23T00:00:40.233034+00:00 [queued]>
[2024-06-23T00:00:41.050+0000] {taskinstance.py:2306} INFO - Starting attempt 1 of 1
[2024-06-23T00:00:41.075+0000] {taskinstance.py:2330} INFO - Executing <Task(BashOperator): lstask> on 2024-06-23 00:00:40.233034+00:00
[2024-06-23T00:00:41.083+0000] {warnings.py:110} WARNING - /home/***/.local/lib/python3.12/site-packages/***/task/task_runner/standard_task_runner.py:61: DeprecationWarning: This process (pid=5356) is multi-threaded, use of fork() may lead to deadlocks in the child.
  pid = os.fork()

[2024-06-23T00:00:41.085+0000] {standard_task_runner.py:63} INFO - Started process 5357 to run task
[2024-06-23T00:00:41.085+0000] {standard_task_runner.py:90} INFO - Running: ['***', 'tasks', 'run', 'simple_bash_operators', 'lstask', 'manual__2024-06-23T00:00:40.233034+00:00', '--job-id', '68', '--raw', '--subdir', 'DAGS_FOLDER/bash_operators.py', '--cfg-path', '/tmp/tmpnksxcnbg']
[2024-06-23T00:00:41.087+0000] {standard_task_runner.py:91} INFO - Job 68: Subtask lstask
[2024-06-23T00:00:41.148+0000] {task_command.py:426} INFO - Running <TaskInstance: simple_bash_operators.lstask manual__2024-06-23T00:00:40.233034+00:00 [running]> on host c357804a93ab
[2024-06-23T00:00:41.242+0000] {taskinstance.py:2648} INFO - Exporting env vars: AIRFLOW_CTX_DAG_OWNER='***' AIRFLOW_CTX_DAG_ID='simple_bash_operators' AIRFLOW_CTX_TASK_ID='lstask' AIRFLOW_CTX_EXECUTION_DATE='2024-06-23T00:00:40.233034+00:00' AIRFLOW_CTX_TRY_NUMBER='1' AIRFLOW_CTX_DAG_RUN_ID='manual__2024-06-23T00:00:40.233034+00:00'
[2024-06-23T00:00:41.243+0000] {taskinstance.py:430} INFO - ::endgroup::
[2024-06-23T00:00:41.258+0000] {subprocess.py:63} INFO - Tmp dir root location: /tmp
[2024-06-23T00:00:41.259+0000] {subprocess.py:75} INFO - Running command: ['/usr/bin/bash', '-c', 'ls']
[2024-06-23T00:00:41.270+0000] {subprocess.py:86} INFO - Output:
[2024-06-23T00:00:41.275+0000] {subprocess.py:97} INFO - Command exited with return code 0
[2024-06-23T00:00:41.275+0000] {taskinstance.py:441} INFO - ::group::Post task execution logs
[2024-06-23T00:00:41.302+0000] {taskinstance.py:1206} INFO - Marking task as SUCCESS. dag_id=simple_bash_operators, task_id=lstask, run_id=manual__2024-06-23T00:00:40.233034+00:00, execution_date=20240623T000040, start_date=20240623T000041, end_date=20240623T000041
[2024-06-23T00:00:41.340+0000] {local_task_job_runner.py:240} INFO - Task exited with return code 0
[2024-06-23T00:00:41.364+0000] {taskinstance.py:3498} INFO - 1 downstream tasks scheduled from follow-on schedule check
[2024-06-23T00:00:41.369+0000] {local_task_job_runner.py:222} INFO - ::endgroup::
