[2024-06-22T22:45:37.877+0000] {local_task_job_runner.py:120} INFO - ::group::Pre task execution logs
[2024-06-22T22:45:37.901+0000] {taskinstance.py:2076} INFO - Dependencies all met for dep_context=non-requeueable deps ti=<TaskInstance: simple_operators.datetask manual__2024-06-22T22:45:35.179859+00:00 [queued]>
[2024-06-22T22:45:37.909+0000] {taskinstance.py:2076} INFO - Dependencies all met for dep_context=requeueable deps ti=<TaskInstance: simple_operators.datetask manual__2024-06-22T22:45:35.179859+00:00 [queued]>
[2024-06-22T22:45:37.910+0000] {taskinstance.py:2306} INFO - Starting attempt 1 of 1
[2024-06-22T22:45:37.923+0000] {taskinstance.py:2330} INFO - Executing <Task(BashOperator): datetask> on 2024-06-22 22:45:35.179859+00:00
[2024-06-22T22:45:37.928+0000] {warnings.py:110} WARNING - /home/***/.local/lib/python3.12/site-packages/***/task/task_runner/standard_task_runner.py:61: DeprecationWarning: This process (pid=4384) is multi-threaded, use of fork() may lead to deadlocks in the child.
  pid = os.fork()

[2024-06-22T22:45:37.929+0000] {standard_task_runner.py:63} INFO - Started process 4385 to run task
[2024-06-22T22:45:37.929+0000] {standard_task_runner.py:90} INFO - Running: ['***', 'tasks', 'run', 'simple_operators', 'datetask', 'manual__2024-06-22T22:45:35.179859+00:00', '--job-id', '67', '--raw', '--subdir', 'DAGS_FOLDER/test.py', '--cfg-path', '/tmp/tmpmraz1dvb']
[2024-06-22T22:45:37.930+0000] {standard_task_runner.py:91} INFO - Job 67: Subtask datetask
[2024-06-22T22:45:37.973+0000] {task_command.py:426} INFO - Running <TaskInstance: simple_operators.datetask manual__2024-06-22T22:45:35.179859+00:00 [running]> on host c357804a93ab
[2024-06-22T22:45:38.056+0000] {taskinstance.py:2648} INFO - Exporting env vars: AIRFLOW_CTX_DAG_OWNER='***' AIRFLOW_CTX_DAG_ID='simple_operators' AIRFLOW_CTX_TASK_ID='datetask' AIRFLOW_CTX_EXECUTION_DATE='2024-06-22T22:45:35.179859+00:00' AIRFLOW_CTX_TRY_NUMBER='1' AIRFLOW_CTX_DAG_RUN_ID='manual__2024-06-22T22:45:35.179859+00:00'
[2024-06-22T22:45:38.057+0000] {taskinstance.py:430} INFO - ::endgroup::
[2024-06-22T22:45:38.068+0000] {subprocess.py:63} INFO - Tmp dir root location: /tmp
[2024-06-22T22:45:38.069+0000] {subprocess.py:75} INFO - Running command: ['/usr/bin/bash', '-c', 'date']
[2024-06-22T22:45:38.079+0000] {subprocess.py:86} INFO - Output:
[2024-06-22T22:45:38.082+0000] {subprocess.py:93} INFO - Sat Jun 22 22:45:38 UTC 2024
[2024-06-22T22:45:38.083+0000] {subprocess.py:97} INFO - Command exited with return code 0
[2024-06-22T22:45:38.083+0000] {taskinstance.py:441} INFO - ::group::Post task execution logs
[2024-06-22T22:45:38.109+0000] {taskinstance.py:1206} INFO - Marking task as SUCCESS. dag_id=simple_operators, task_id=datetask, run_id=manual__2024-06-22T22:45:35.179859+00:00, execution_date=20240622T224535, start_date=20240622T224537, end_date=20240622T224538
[2024-06-22T22:45:38.143+0000] {local_task_job_runner.py:240} INFO - Task exited with return code 0
[2024-06-22T22:45:38.160+0000] {taskinstance.py:3498} INFO - 0 downstream tasks scheduled from follow-on schedule check
[2024-06-22T22:45:38.163+0000] {local_task_job_runner.py:222} INFO - ::endgroup::
