[2024-06-20T00:00:04.020+0000] {local_task_job_runner.py:120} INFO - ::group::Pre task execution logs
[2024-06-20T00:00:04.045+0000] {taskinstance.py:2076} INFO - Dependencies all met for dep_context=non-requeueable deps ti=<TaskInstance: tutorial.sleep scheduled__2024-06-19T00:00:00+00:00 [queued]>
[2024-06-20T00:00:04.053+0000] {taskinstance.py:2076} INFO - Dependencies all met for dep_context=requeueable deps ti=<TaskInstance: tutorial.sleep scheduled__2024-06-19T00:00:00+00:00 [queued]>
[2024-06-20T00:00:04.053+0000] {taskinstance.py:2306} INFO - Starting attempt 1 of 4
[2024-06-20T00:00:04.070+0000] {taskinstance.py:2330} INFO - Executing <Task(BashOperator): sleep> on 2024-06-19 00:00:00+00:00
[2024-06-20T00:00:04.080+0000] {warnings.py:110} WARNING - /home/***/.local/lib/python3.12/site-packages/***/task/task_runner/standard_task_runner.py:61: DeprecationWarning: This process (pid=17110) is multi-threaded, use of fork() may lead to deadlocks in the child.
  pid = os.fork()

[2024-06-20T00:00:04.082+0000] {standard_task_runner.py:63} INFO - Started process 17115 to run task
[2024-06-20T00:00:04.083+0000] {standard_task_runner.py:90} INFO - Running: ['***', 'tasks', 'run', 'tutorial', 'sleep', 'scheduled__2024-06-19T00:00:00+00:00', '--job-id', '41', '--raw', '--subdir', '/home/***/.local/lib/python3.12/site-packages/***/example_dags/tutorial.py', '--cfg-path', '/tmp/tmpb6n5hnnh']
[2024-06-20T00:00:04.085+0000] {standard_task_runner.py:91} INFO - Job 41: Subtask sleep
[2024-06-20T00:00:04.130+0000] {task_command.py:426} INFO - Running <TaskInstance: tutorial.sleep scheduled__2024-06-19T00:00:00+00:00 [running]> on host 91fb71641d4b
[2024-06-20T00:00:04.240+0000] {taskinstance.py:2648} INFO - Exporting env vars: AIRFLOW_CTX_DAG_EMAIL='***@example.com' AIRFLOW_CTX_DAG_OWNER='***' AIRFLOW_CTX_DAG_ID='tutorial' AIRFLOW_CTX_TASK_ID='sleep' AIRFLOW_CTX_EXECUTION_DATE='2024-06-19T00:00:00+00:00' AIRFLOW_CTX_TRY_NUMBER='1' AIRFLOW_CTX_DAG_RUN_ID='scheduled__2024-06-19T00:00:00+00:00'
[2024-06-20T00:00:04.243+0000] {taskinstance.py:430} INFO - ::endgroup::
[2024-06-20T00:00:04.243+0000] {subprocess.py:63} INFO - Tmp dir root location: /tmp
[2024-06-20T00:00:04.244+0000] {subprocess.py:75} INFO - Running command: ['/usr/bin/bash', '-c', 'sleep 5']
[2024-06-20T00:00:04.256+0000] {subprocess.py:86} INFO - Output:
[2024-06-20T00:00:09.260+0000] {subprocess.py:97} INFO - Command exited with return code 0
[2024-06-20T00:00:09.262+0000] {taskinstance.py:441} INFO - ::group::Post task execution logs
[2024-06-20T00:00:09.320+0000] {taskinstance.py:1206} INFO - Marking task as SUCCESS. dag_id=tutorial, task_id=sleep, run_id=scheduled__2024-06-19T00:00:00+00:00, execution_date=20240619T000000, start_date=20240620T000004, end_date=20240620T000009
[2024-06-20T00:00:09.363+0000] {local_task_job_runner.py:240} INFO - Task exited with return code 0
[2024-06-20T00:00:09.377+0000] {taskinstance.py:3498} INFO - 0 downstream tasks scheduled from follow-on schedule check
[2024-06-20T00:00:09.380+0000] {local_task_job_runner.py:222} INFO - ::endgroup::
