[2025-03-17T18:55:24.877+0000] {local_task_job_runner.py:120} INFO - ::group::Pre task execution logs
[2025-03-17T18:55:24.895+0000] {taskinstance.py:2076} INFO - Dependencies all met for dep_context=non-requeueable deps ti=<TaskInstance: clustering_deidentification.metrics_pokemon_weights manual__2025-03-17T18:53:55.428287+00:00 [queued]>
[2025-03-17T18:55:24.902+0000] {taskinstance.py:2076} INFO - Dependencies all met for dep_context=requeueable deps ti=<TaskInstance: clustering_deidentification.metrics_pokemon_weights manual__2025-03-17T18:53:55.428287+00:00 [queued]>
[2025-03-17T18:55:24.902+0000] {taskinstance.py:2306} INFO - Starting attempt 1 of 1
[2025-03-17T18:55:24.914+0000] {taskinstance.py:2330} INFO - Executing <Task(_PythonVirtualenvDecoratedOperator): metrics_pokemon_weights> on 2025-03-17 18:53:55.428287+00:00
[2025-03-17T18:55:24.919+0000] {warnings.py:110} WARNING - /home/***/.local/lib/python3.12/site-packages/***/task/task_runner/standard_task_runner.py:61: DeprecationWarning: This process (pid=280) is multi-threaded, use of fork() may lead to deadlocks in the child.
  pid = os.fork()

[2025-03-17T18:55:24.920+0000] {standard_task_runner.py:63} INFO - Started process 281 to run task
[2025-03-17T18:55:24.920+0000] {standard_task_runner.py:90} INFO - Running: ['***', 'tasks', 'run', 'clustering_deidentification', 'metrics_pokemon_weights', 'manual__2025-03-17T18:53:55.428287+00:00', '--job-id', '6', '--raw', '--subdir', 'DAGS_FOLDER/python_operators.py', '--cfg-path', '/tmp/tmpeqhatfci']
[2025-03-17T18:55:24.921+0000] {standard_task_runner.py:91} INFO - Job 6: Subtask metrics_pokemon_weights
[2025-03-17T18:55:24.956+0000] {task_command.py:426} INFO - Running <TaskInstance: clustering_deidentification.metrics_pokemon_weights manual__2025-03-17T18:53:55.428287+00:00 [running]> on host 7ed0592ccd5e
[2025-03-17T18:55:25.029+0000] {taskinstance.py:2648} INFO - Exporting env vars: AIRFLOW_CTX_DAG_OWNER='***' AIRFLOW_CTX_DAG_ID='clustering_deidentification' AIRFLOW_CTX_TASK_ID='metrics_pokemon_weights' AIRFLOW_CTX_EXECUTION_DATE='2025-03-17T18:53:55.428287+00:00' AIRFLOW_CTX_TRY_NUMBER='1' AIRFLOW_CTX_DAG_RUN_ID='manual__2025-03-17T18:53:55.428287+00:00'
[2025-03-17T18:55:25.030+0000] {taskinstance.py:430} INFO - ::endgroup::
[2025-03-17T18:55:25.031+0000] {process_utils.py:183} INFO - Executing cmd: /home/***/.local/bin/python -m virtualenv /tmp/venvyekzbxo4 --system-site-packages --python=python
[2025-03-17T18:55:25.032+0000] {process_utils.py:187} INFO - Output:
[2025-03-17T18:55:25.469+0000] {process_utils.py:191} INFO - created virtual environment CPython3.12.3.final.0-64 in 125ms
[2025-03-17T18:55:25.470+0000] {process_utils.py:191} INFO -   creator CPython3Posix(dest=/tmp/venvyekzbxo4, clear=False, no_vcs_ignore=False, global=True)
[2025-03-17T18:55:25.470+0000] {process_utils.py:191} INFO -   seeder FromAppData(download=False, pip=bundle, via=copy, app_data_dir=/home/***/.local/share/virtualenv)
[2025-03-17T18:55:25.471+0000] {process_utils.py:191} INFO -     added seed packages: pip==24.0
[2025-03-17T18:55:25.472+0000] {process_utils.py:191} INFO -   activators BashActivator,CShellActivator,FishActivator,NushellActivator,PowerShellActivator,PythonActivator
[2025-03-17T18:55:25.484+0000] {process_utils.py:183} INFO - Executing cmd: /tmp/venvyekzbxo4/bin/pip install -r /tmp/venvyekzbxo4/requirements.txt
[2025-03-17T18:55:25.485+0000] {process_utils.py:187} INFO - Output:
[2025-03-17T18:55:28.583+0000] {process_utils.py:191} INFO - 
[2025-03-17T18:55:28.584+0000] {process_utils.py:191} INFO - [notice] A new release of pip is available: 24.0 -> 25.0.1
[2025-03-17T18:55:28.585+0000] {process_utils.py:191} INFO - [notice] To update, run: python -m pip install --upgrade pip
[2025-03-17T18:55:28.652+0000] {process_utils.py:183} INFO - Executing cmd: /tmp/venvyekzbxo4/bin/python /tmp/venv-call9gg0k2hy/script.py /tmp/venv-call9gg0k2hy/script.in /tmp/venv-call9gg0k2hy/script.out /tmp/venv-call9gg0k2hy/string_args.txt /tmp/venv-call9gg0k2hy/termination.log
[2025-03-17T18:55:28.653+0000] {process_utils.py:187} INFO - Output:
[2025-03-17T18:55:29.544+0000] {process_utils.py:191} INFO - /opt/***/logs/scheduler/latest already exists as a dir/file. Skip creating symlink.
[2025-03-17T18:55:30.043+0000] {process_utils.py:191} INFO - ----------------------------------------------------------------------------------------------------
[2025-03-17T18:55:30.044+0000] {process_utils.py:191} INFO - raw data:
[2025-03-17T18:55:30.045+0000] {process_utils.py:191} INFO - name        url                                       weight    parent_cluster    parent_centroid    deviation_factor
[2025-03-17T18:55:30.046+0000] {process_utils.py:191} INFO - ----------  --------------------------------------  --------  ----------------  -----------------  ------------------
[2025-03-17T18:55:30.046+0000] {process_utils.py:191} INFO - bulbasaur   https://pokeapi.co/api/v2/pokemon/1/          69                 1            199.601          0.654311
[2025-03-17T18:55:30.046+0000] {process_utils.py:191} INFO - ivysaur     https://pokeapi.co/api/v2/pokemon/2/         130                 1            199.601          0.348702
[2025-03-17T18:55:30.047+0000] {process_utils.py:191} INFO - venusaur    https://pokeapi.co/api/v2/pokemon/3/        1000                 0            839.234          0.191562
[2025-03-17T18:55:30.047+0000] {process_utils.py:191} INFO - charmander  https://pokeapi.co/api/v2/pokemon/4/          85                 1            199.601          0.574151
[2025-03-17T18:55:30.048+0000] {process_utils.py:191} INFO - charmeleon  https://pokeapi.co/api/v2/pokemon/5/         190                 1            199.601          0.0481026
[2025-03-17T18:55:30.048+0000] {process_utils.py:191} INFO - charizard   https://pokeapi.co/api/v2/pokemon/6/         905                 0            839.234          0.0783638
[2025-03-17T18:55:30.048+0000] {process_utils.py:191} INFO - squirtle    https://pokeapi.co/api/v2/pokemon/7/          90                 1            199.601          0.549101
[2025-03-17T18:55:30.049+0000] {process_utils.py:191} INFO - wartortle   https://pokeapi.co/api/v2/pokemon/8/         225                 1            199.601          0.127247
[2025-03-17T18:55:30.049+0000] {process_utils.py:191} INFO - blastoise   https://pokeapi.co/api/v2/pokemon/9/         855                 0            839.234          0.0187857
[2025-03-17T18:55:30.050+0000] {process_utils.py:191} INFO - caterpie    https://pokeapi.co/api/v2/pokemon/10/         29                 1            199.601          0.85471
[2025-03-17T18:55:30.050+0000] {process_utils.py:191} INFO - metapod     https://pokeapi.co/api/v2/pokemon/11/         99                 1            199.601          0.504011
[2025-03-17T18:55:30.051+0000] {process_utils.py:191} INFO - butterfree  https://pokeapi.co/api/v2/pokemon/12/        320                 1            199.601          0.603196
[2025-03-17T18:55:30.052+0000] {process_utils.py:191} INFO - weedle      https://pokeapi.co/api/v2/pokemon/13/         32                 1            199.601          0.83968
[2025-03-17T18:55:30.053+0000] {process_utils.py:191} INFO - kakuna      https://pokeapi.co/api/v2/pokemon/14/        100                 1            199.601          0.499001
[2025-03-17T18:55:30.053+0000] {process_utils.py:191} INFO - beedrill    https://pokeapi.co/api/v2/pokemon/15/        295                 1            199.601          0.477946
[2025-03-17T18:55:30.053+0000] {process_utils.py:191} INFO - pidgey      https://pokeapi.co/api/v2/pokemon/16/         18                 1            199.601          0.90982
[2025-03-17T18:55:30.054+0000] {process_utils.py:191} INFO - pidgeotto   https://pokeapi.co/api/v2/pokemon/17/        300                 1            199.601          0.502996
[2025-03-17T18:55:30.054+0000] {process_utils.py:191} INFO - pidgeot     https://pokeapi.co/api/v2/pokemon/18/        395                 1            199.601          0.978945
[2025-03-17T18:55:30.055+0000] {process_utils.py:191} INFO - rattata     https://pokeapi.co/api/v2/pokemon/19/         35                 1            199.601          0.82465
[2025-03-17T18:55:30.055+0000] {process_utils.py:191} INFO - raticate    https://pokeapi.co/api/v2/pokemon/20/        185                 1            199.601          0.0731526
[2025-03-17T18:55:30.056+0000] {process_utils.py:191} INFO - spearow     https://pokeapi.co/api/v2/pokemon/21/         20                 1            199.601          0.8998
[2025-03-17T18:55:30.056+0000] {process_utils.py:191} INFO - fearow      https://pokeapi.co/api/v2/pokemon/22/        380                 1            199.601          0.903795
[2025-03-17T18:55:30.057+0000] {process_utils.py:191} INFO - ekans       https://pokeapi.co/api/v2/pokemon/23/         69                 1            199.601          0.654311
[2025-03-17T18:55:30.057+0000] {process_utils.py:191} INFO - arbok       https://pokeapi.co/api/v2/pokemon/24/        650                 0            839.234          0.225485
[2025-03-17T18:55:30.058+0000] {process_utils.py:191} INFO - pikachu     https://pokeapi.co/api/v2/pokemon/25/         60                 1            199.601          0.699401
[2025-03-17T18:55:30.059+0000] {process_utils.py:191} INFO - raichu      https://pokeapi.co/api/v2/pokemon/26/        300                 1            199.601          0.502996
[2025-03-17T18:55:30.059+0000] {process_utils.py:191} INFO - sandshrew   https://pokeapi.co/api/v2/pokemon/27/        120                 1            199.601          0.398802
[2025-03-17T18:55:30.060+0000] {process_utils.py:191} INFO - sandslash   https://pokeapi.co/api/v2/pokemon/28/        295                 1            199.601          0.477946
[2025-03-17T18:55:30.061+0000] {process_utils.py:191} INFO - nidoran-f   https://pokeapi.co/api/v2/pokemon/29/         70                 1            199.601          0.649301
[2025-03-17T18:55:30.061+0000] {process_utils.py:191} INFO - nidorina    https://pokeapi.co/api/v2/pokemon/30/        200                 1            199.601          0.00199722
[2025-03-17T18:55:30.062+0000] {process_utils.py:191} INFO - nidoqueen   https://pokeapi.co/api/v2/pokemon/31/        600                 0            839.234          0.285063
[2025-03-17T18:55:30.062+0000] {process_utils.py:191} INFO - nidoran-m   https://pokeapi.co/api/v2/pokemon/32/         90                 1            199.601          0.549101
[2025-03-17T18:55:30.062+0000] {process_utils.py:191} INFO - nidorino    https://pokeapi.co/api/v2/pokemon/33/        195                 1            199.601          0.0230527
[2025-03-17T18:55:30.063+0000] {process_utils.py:191} INFO - nidoking    https://pokeapi.co/api/v2/pokemon/34/        620                 0            839.234          0.261231
[2025-03-17T18:55:30.063+0000] {process_utils.py:191} INFO - clefairy    https://pokeapi.co/api/v2/pokemon/35/         75                 1            199.601          0.624251
[2025-03-17T18:55:30.063+0000] {process_utils.py:191} INFO - clefable    https://pokeapi.co/api/v2/pokemon/36/        400                 1            199.601          1.00399
[2025-03-17T18:55:30.064+0000] {process_utils.py:191} INFO - vulpix      https://pokeapi.co/api/v2/pokemon/37/         99                 1            199.601          0.504011
[2025-03-17T18:55:30.064+0000] {process_utils.py:191} INFO - ninetales   https://pokeapi.co/api/v2/pokemon/38/        199                 1            199.601          0.00301276
[2025-03-17T18:55:30.065+0000] {process_utils.py:191} INFO - jigglypuff  https://pokeapi.co/api/v2/pokemon/39/         55                 1            199.601          0.724451
[2025-03-17T18:55:30.065+0000] {process_utils.py:191} INFO - wigglytuff  https://pokeapi.co/api/v2/pokemon/40/        120                 1            199.601          0.398802
[2025-03-17T18:55:30.065+0000] {process_utils.py:191} INFO - zubat       https://pokeapi.co/api/v2/pokemon/41/         75                 1            199.601          0.624251
[2025-03-17T18:55:30.066+0000] {process_utils.py:191} INFO - golbat      https://pokeapi.co/api/v2/pokemon/42/        550                 0            839.234          0.344641
[2025-03-17T18:55:30.067+0000] {process_utils.py:191} INFO - oddish      https://pokeapi.co/api/v2/pokemon/43/         54                 1            199.601          0.729461
[2025-03-17T18:55:30.067+0000] {process_utils.py:191} INFO - gloom       https://pokeapi.co/api/v2/pokemon/44/         86                 1            199.601          0.569141
[2025-03-17T18:55:30.068+0000] {process_utils.py:191} INFO - vileplume   https://pokeapi.co/api/v2/pokemon/45/        186                 1            199.601          0.0681426
[2025-03-17T18:55:30.068+0000] {process_utils.py:191} INFO - paras       https://pokeapi.co/api/v2/pokemon/46/         54                 1            199.601          0.729461
[2025-03-17T18:55:30.069+0000] {process_utils.py:191} INFO - parasect    https://pokeapi.co/api/v2/pokemon/47/        295                 1            199.601          0.477946
[2025-03-17T18:55:30.069+0000] {process_utils.py:191} INFO - venonat     https://pokeapi.co/api/v2/pokemon/48/        300                 1            199.601          0.502996
[2025-03-17T18:55:30.069+0000] {process_utils.py:191} INFO - venomoth    https://pokeapi.co/api/v2/pokemon/49/        125                 1            199.601          0.373752
[2025-03-17T18:55:30.069+0000] {process_utils.py:191} INFO - diglett     https://pokeapi.co/api/v2/pokemon/50/          8                 1            199.601          0.95992
[2025-03-17T18:55:30.070+0000] {process_utils.py:191} INFO - dugtrio     https://pokeapi.co/api/v2/pokemon/51/        333                 1            199.601          0.668325
[2025-03-17T18:55:30.070+0000] {process_utils.py:191} INFO - meowth      https://pokeapi.co/api/v2/pokemon/52/         42                 1            199.601          0.789581
[2025-03-17T18:55:30.071+0000] {process_utils.py:191} INFO - persian     https://pokeapi.co/api/v2/pokemon/53/        320                 1            199.601          0.603196
[2025-03-17T18:55:30.071+0000] {process_utils.py:191} INFO - psyduck     https://pokeapi.co/api/v2/pokemon/54/        196                 1            199.601          0.0180427
[2025-03-17T18:55:30.071+0000] {process_utils.py:191} INFO - golduck     https://pokeapi.co/api/v2/pokemon/55/        766                 0            839.234          0.0872633
[2025-03-17T18:55:30.072+0000] {process_utils.py:191} INFO - mankey      https://pokeapi.co/api/v2/pokemon/56/        280                 1            199.601          0.402796
[2025-03-17T18:55:30.072+0000] {process_utils.py:191} INFO - primeape    https://pokeapi.co/api/v2/pokemon/57/        320                 1            199.601          0.603196
[2025-03-17T18:55:30.073+0000] {process_utils.py:191} INFO - growlithe   https://pokeapi.co/api/v2/pokemon/58/        190                 1            199.601          0.0481026
[2025-03-17T18:55:30.073+0000] {process_utils.py:191} INFO - arcanine    https://pokeapi.co/api/v2/pokemon/59/       1550                 0            839.234          0.846921
[2025-03-17T18:55:30.073+0000] {process_utils.py:191} INFO - poliwag     https://pokeapi.co/api/v2/pokemon/60/        124                 1            199.601          0.378762
[2025-03-17T18:55:30.074+0000] {process_utils.py:191} INFO - poliwhirl   https://pokeapi.co/api/v2/pokemon/61/        200                 1            199.601          0.00199722
[2025-03-17T18:55:30.074+0000] {process_utils.py:191} INFO - poliwrath   https://pokeapi.co/api/v2/pokemon/62/        540                 0            839.234          0.356556
[2025-03-17T18:55:30.074+0000] {process_utils.py:191} INFO - abra        https://pokeapi.co/api/v2/pokemon/63/        195                 1            199.601          0.0230527
[2025-03-17T18:55:30.075+0000] {process_utils.py:191} INFO - kadabra     https://pokeapi.co/api/v2/pokemon/64/        565                 0            839.234          0.326767
[2025-03-17T18:55:30.075+0000] {process_utils.py:191} INFO - alakazam    https://pokeapi.co/api/v2/pokemon/65/        480                 1            199.601          1.40479
[2025-03-17T18:55:30.076+0000] {process_utils.py:191} INFO - machop      https://pokeapi.co/api/v2/pokemon/66/        195                 1            199.601          0.0230527
[2025-03-17T18:55:30.076+0000] {process_utils.py:191} INFO - machoke     https://pokeapi.co/api/v2/pokemon/67/        705                 0            839.234          0.159949
[2025-03-17T18:55:30.076+0000] {process_utils.py:191} INFO - machamp     https://pokeapi.co/api/v2/pokemon/68/       1300                 0            839.234          0.549031
[2025-03-17T18:55:30.077+0000] {process_utils.py:191} INFO - bellsprout  https://pokeapi.co/api/v2/pokemon/69/         40                 1            199.601          0.799601
[2025-03-17T18:55:30.077+0000] {process_utils.py:191} INFO - weepinbell  https://pokeapi.co/api/v2/pokemon/70/         64                 1            199.601          0.679361
[2025-03-17T18:55:30.078+0000] {process_utils.py:191} INFO - victreebel  https://pokeapi.co/api/v2/pokemon/71/        155                 1            199.601          0.223452
[2025-03-17T18:55:30.078+0000] {process_utils.py:191} INFO - tentacool   https://pokeapi.co/api/v2/pokemon/72/        455                 1            199.601          1.27954
[2025-03-17T18:55:30.078+0000] {process_utils.py:191} INFO - tentacruel  https://pokeapi.co/api/v2/pokemon/73/        550                 0            839.234          0.344641
[2025-03-17T18:55:30.079+0000] {process_utils.py:191} INFO - geodude     https://pokeapi.co/api/v2/pokemon/74/        200                 1            199.601          0.00199722
[2025-03-17T18:55:30.079+0000] {process_utils.py:191} INFO - graveler    https://pokeapi.co/api/v2/pokemon/75/       1050                 0            839.234          0.25114
[2025-03-17T18:55:30.079+0000] {process_utils.py:191} INFO - golem       https://pokeapi.co/api/v2/pokemon/76/       3000                 2           2681.25           0.118881
[2025-03-17T18:55:30.080+0000] {process_utils.py:191} INFO - ponyta      https://pokeapi.co/api/v2/pokemon/77/        300                 1            199.601          0.502996
[2025-03-17T18:55:30.080+0000] {process_utils.py:191} INFO - rapidash    https://pokeapi.co/api/v2/pokemon/78/        950                 0            839.234          0.131984
[2025-03-17T18:55:30.080+0000] {process_utils.py:191} INFO - slowpoke    https://pokeapi.co/api/v2/pokemon/79/        360                 1            199.601          0.803595
[2025-03-17T18:55:30.081+0000] {process_utils.py:191} INFO - slowbro     https://pokeapi.co/api/v2/pokemon/80/        785                 0            839.234          0.0646236
[2025-03-17T18:55:30.082+0000] {process_utils.py:191} INFO - poliwhirl   https://pokeapi.co/api/v2/pokemon/61/        200                 1            199.601          0.00199722
[2025-03-17T18:55:30.082+0000] {process_utils.py:191} INFO - poliwrath   https://pokeapi.co/api/v2/pokemon/62/        540                 0            839.234          0.356556
[2025-03-17T18:55:30.082+0000] {process_utils.py:191} INFO - abra        https://pokeapi.co/api/v2/pokemon/63/        195                 1            199.601          0.0230527
[2025-03-17T18:55:30.083+0000] {process_utils.py:191} INFO - kadabra     https://pokeapi.co/api/v2/pokemon/64/        565                 0            839.234          0.326767
[2025-03-17T18:55:30.083+0000] {process_utils.py:191} INFO - alakazam    https://pokeapi.co/api/v2/pokemon/65/        480                 1            199.601          1.40479
[2025-03-17T18:55:30.083+0000] {process_utils.py:191} INFO - machop      https://pokeapi.co/api/v2/pokemon/66/        195                 1            199.601          0.0230527
[2025-03-17T18:55:30.083+0000] {process_utils.py:191} INFO - machoke     https://pokeapi.co/api/v2/pokemon/67/        705                 0            839.234          0.159949
[2025-03-17T18:55:30.084+0000] {process_utils.py:191} INFO - machamp     https://pokeapi.co/api/v2/pokemon/68/       1300                 0            839.234          0.549031
[2025-03-17T18:55:30.085+0000] {process_utils.py:191} INFO - bellsprout  https://pokeapi.co/api/v2/pokemon/69/         40                 1            199.601          0.799601
[2025-03-17T18:55:30.086+0000] {process_utils.py:191} INFO - weepinbell  https://pokeapi.co/api/v2/pokemon/70/         64                 1            199.601          0.679361
[2025-03-17T18:55:30.088+0000] {process_utils.py:191} INFO - victreebel  https://pokeapi.co/api/v2/pokemon/71/        155                 1            199.601          0.223452
[2025-03-17T18:55:30.090+0000] {process_utils.py:191} INFO - tentacool   https://pokeapi.co/api/v2/pokemon/72/        455                 1            199.601          1.27954
[2025-03-17T18:55:30.092+0000] {process_utils.py:191} INFO - tentacruel  https://pokeapi.co/api/v2/pokemon/73/        550                 0            839.234          0.344641
[2025-03-17T18:55:30.093+0000] {process_utils.py:191} INFO - geodude     https://pokeapi.co/api/v2/pokemon/74/        200                 1            199.601          0.00199722
[2025-03-17T18:55:30.093+0000] {process_utils.py:191} INFO - graveler    https://pokeapi.co/api/v2/pokemon/75/       1050                 0            839.234          0.25114
[2025-03-17T18:55:30.093+0000] {process_utils.py:191} INFO - golem       https://pokeapi.co/api/v2/pokemon/76/       3000                 2           2681.25           0.118881
[2025-03-17T18:55:30.094+0000] {process_utils.py:191} INFO - ponyta      https://pokeapi.co/api/v2/pokemon/77/        300                 1            199.601          0.502996
[2025-03-17T18:55:30.094+0000] {process_utils.py:191} INFO - rapidash    https://pokeapi.co/api/v2/pokemon/78/        950                 0            839.234          0.131984
[2025-03-17T18:55:30.095+0000] {process_utils.py:191} INFO - slowpoke    https://pokeapi.co/api/v2/pokemon/79/        360                 1            199.601          0.803595
[2025-03-17T18:55:30.096+0000] {process_utils.py:191} INFO - slowbro     https://pokeapi.co/api/v2/pokemon/80/        785                 0            839.234          0.0646236
[2025-03-17T18:55:30.097+0000] {process_utils.py:191} INFO - magnemite   https://pokeapi.co/api/v2/pokemon/81/         60                 1            199.601          0.699401
[2025-03-17T18:55:30.097+0000] {process_utils.py:191} INFO - magneton    https://pokeapi.co/api/v2/pokemon/82/        600                 0            839.234          0.285063
[2025-03-17T18:55:30.098+0000] {process_utils.py:191} INFO - farfetchd   https://pokeapi.co/api/v2/pokemon/83/        150                 1            199.601          0.248502
[2025-03-17T18:55:30.098+0000] {process_utils.py:191} INFO - doduo       https://pokeapi.co/api/v2/pokemon/84/        392                 1            199.601          0.963915
[2025-03-17T18:55:30.099+0000] {process_utils.py:191} INFO - dodrio      https://pokeapi.co/api/v2/pokemon/85/        852                 0            839.234          0.015211
[2025-03-17T18:55:30.099+0000] {process_utils.py:191} INFO - seel        https://pokeapi.co/api/v2/pokemon/86/        900                 0            839.234          0.072406
[2025-03-17T18:55:30.099+0000] {process_utils.py:191} INFO - dewgong     https://pokeapi.co/api/v2/pokemon/87/       1200                 0            839.234          0.429875
[2025-03-17T18:55:30.100+0000] {process_utils.py:191} INFO - grimer      https://pokeapi.co/api/v2/pokemon/88/        300                 1            199.601          0.502996
[2025-03-17T18:55:30.100+0000] {process_utils.py:191} INFO - muk         https://pokeapi.co/api/v2/pokemon/89/        300                 1            199.601          0.502996
[2025-03-17T18:55:30.100+0000] {process_utils.py:191} INFO - shellder    https://pokeapi.co/api/v2/pokemon/90/         40                 1            199.601          0.799601
[2025-03-17T18:55:30.101+0000] {process_utils.py:191} INFO - cloyster    https://pokeapi.co/api/v2/pokemon/91/       1325                 0            839.234          0.57882
[2025-03-17T18:55:30.101+0000] {process_utils.py:191} INFO - gastly      https://pokeapi.co/api/v2/pokemon/92/          1                 1            199.601          0.99499
[2025-03-17T18:55:30.101+0000] {process_utils.py:191} INFO - haunter     https://pokeapi.co/api/v2/pokemon/93/          1                 1            199.601          0.99499
[2025-03-17T18:55:30.102+0000] {process_utils.py:191} INFO - gengar      https://pokeapi.co/api/v2/pokemon/94/        405                 1            199.601          1.02904
[2025-03-17T18:55:30.102+0000] {process_utils.py:191} INFO - onix        https://pokeapi.co/api/v2/pokemon/95/       2100                 2           2681.25           0.216783
[2025-03-17T18:55:30.103+0000] {process_utils.py:191} INFO - drowzee     https://pokeapi.co/api/v2/pokemon/96/        324                 1            199.601          0.623236
[2025-03-17T18:55:30.103+0000] {process_utils.py:191} INFO - hypno       https://pokeapi.co/api/v2/pokemon/97/        756                 0            839.234          0.0991789
[2025-03-17T18:55:30.104+0000] {process_utils.py:191} INFO - krabby      https://pokeapi.co/api/v2/pokemon/98/         65                 1            199.601          0.674351
[2025-03-17T18:55:30.105+0000] {process_utils.py:191} INFO - kingler     https://pokeapi.co/api/v2/pokemon/99/        600                 0            839.234          0.285063
[2025-03-17T18:55:30.105+0000] {process_utils.py:191} INFO - voltorb     https://pokeapi.co/api/v2/pokemon/100/       104                 1            199.601          0.478961
[2025-03-17T18:55:30.106+0000] {process_utils.py:191} INFO - electrode   https://pokeapi.co/api/v2/pokemon/101/       666                 0            839.234          0.20642
[2025-03-17T18:55:30.106+0000] {process_utils.py:191} INFO - exeggcute   https://pokeapi.co/api/v2/pokemon/102/        25                 1            199.601          0.87475
[2025-03-17T18:55:30.106+0000] {process_utils.py:191} INFO - exeggutor   https://pokeapi.co/api/v2/pokemon/103/      1200                 0            839.234          0.429875
[2025-03-17T18:55:30.107+0000] {process_utils.py:191} INFO - cubone      https://pokeapi.co/api/v2/pokemon/104/        65                 1            199.601          0.674351
[2025-03-17T18:55:30.107+0000] {process_utils.py:191} INFO - marowak     https://pokeapi.co/api/v2/pokemon/105/       450                 1            199.601          1.25449
[2025-03-17T18:55:30.108+0000] {process_utils.py:191} INFO - hitmonlee   https://pokeapi.co/api/v2/pokemon/106/       498                 1            199.601          1.49497
[2025-03-17T18:55:30.108+0000] {process_utils.py:191} INFO - hitmonchan  https://pokeapi.co/api/v2/pokemon/107/       502                 1            199.601          1.51501
[2025-03-17T18:55:30.108+0000] {process_utils.py:191} INFO - lickitung   https://pokeapi.co/api/v2/pokemon/108/       655                 0            839.234          0.219527
[2025-03-17T18:55:30.108+0000] {process_utils.py:191} INFO - koffing     https://pokeapi.co/api/v2/pokemon/109/        10                 1            199.601          0.9499
[2025-03-17T18:55:30.109+0000] {process_utils.py:191} INFO - weezing     https://pokeapi.co/api/v2/pokemon/110/        95                 1            199.601          0.524051
[2025-03-17T18:55:30.109+0000] {process_utils.py:191} INFO - rhyhorn     https://pokeapi.co/api/v2/pokemon/111/      1150                 0            839.234          0.370297
[2025-03-17T18:55:30.110+0000] {process_utils.py:191} INFO - rhydon      https://pokeapi.co/api/v2/pokemon/112/      1200                 0            839.234          0.429875
[2025-03-17T18:55:30.111+0000] {process_utils.py:191} INFO - chansey     https://pokeapi.co/api/v2/pokemon/113/       346                 1            199.601          0.733455
[2025-03-17T18:55:30.111+0000] {process_utils.py:191} INFO - tangela     https://pokeapi.co/api/v2/pokemon/114/       350                 1            199.601          0.753495
[2025-03-17T18:55:30.112+0000] {process_utils.py:191} INFO - kangaskhan  https://pokeapi.co/api/v2/pokemon/115/       800                 0            839.234          0.0467502
[2025-03-17T18:55:30.112+0000] {process_utils.py:191} INFO - horsea      https://pokeapi.co/api/v2/pokemon/116/        80                 1            199.601          0.599201
[2025-03-17T18:55:30.113+0000] {process_utils.py:191} INFO - seadra      https://pokeapi.co/api/v2/pokemon/117/       250                 1            199.601          0.252497
[2025-03-17T18:55:30.113+0000] {process_utils.py:191} INFO - goldeen     https://pokeapi.co/api/v2/pokemon/118/       150                 1            199.601          0.248502
[2025-03-17T18:55:30.114+0000] {process_utils.py:191} INFO - seaking     https://pokeapi.co/api/v2/pokemon/119/       390                 1            199.601          0.953895
[2025-03-17T18:55:30.114+0000] {process_utils.py:191} INFO - staryu      https://pokeapi.co/api/v2/pokemon/120/       345                 1            199.601          0.728445
[2025-03-17T18:55:30.114+0000] {process_utils.py:191} INFO - magnemite   https://pokeapi.co/api/v2/pokemon/81/         60                 1            199.601          0.699401
[2025-03-17T18:55:30.115+0000] {process_utils.py:191} INFO - magneton    https://pokeapi.co/api/v2/pokemon/82/        600                 0            839.234          0.285063
[2025-03-17T18:55:30.115+0000] {process_utils.py:191} INFO - farfetchd   https://pokeapi.co/api/v2/pokemon/83/        150                 1            199.601          0.248502
[2025-03-17T18:55:30.115+0000] {process_utils.py:191} INFO - doduo       https://pokeapi.co/api/v2/pokemon/84/        392                 1            199.601          0.963915
[2025-03-17T18:55:30.116+0000] {process_utils.py:191} INFO - dodrio      https://pokeapi.co/api/v2/pokemon/85/        852                 0            839.234          0.015211
[2025-03-17T18:55:30.116+0000] {process_utils.py:191} INFO - seel        https://pokeapi.co/api/v2/pokemon/86/        900                 0            839.234          0.072406
[2025-03-17T18:55:30.117+0000] {process_utils.py:191} INFO - dewgong     https://pokeapi.co/api/v2/pokemon/87/       1200                 0            839.234          0.429875
[2025-03-17T18:55:30.118+0000] {process_utils.py:191} INFO - grimer      https://pokeapi.co/api/v2/pokemon/88/        300                 1            199.601          0.502996
[2025-03-17T18:55:30.119+0000] {process_utils.py:191} INFO - muk         https://pokeapi.co/api/v2/pokemon/89/        300                 1            199.601          0.502996
[2025-03-17T18:55:30.120+0000] {process_utils.py:191} INFO - shellder    https://pokeapi.co/api/v2/pokemon/90/         40                 1            199.601          0.799601
[2025-03-17T18:55:30.121+0000] {process_utils.py:191} INFO - cloyster    https://pokeapi.co/api/v2/pokemon/91/       1325                 0            839.234          0.57882
[2025-03-17T18:55:30.121+0000] {process_utils.py:191} INFO - gastly      https://pokeapi.co/api/v2/pokemon/92/          1                 1            199.601          0.99499
[2025-03-17T18:55:30.122+0000] {process_utils.py:191} INFO - haunter     https://pokeapi.co/api/v2/pokemon/93/          1                 1            199.601          0.99499
[2025-03-17T18:55:30.123+0000] {process_utils.py:191} INFO - gengar      https://pokeapi.co/api/v2/pokemon/94/        405                 1            199.601          1.02904
[2025-03-17T18:55:30.125+0000] {process_utils.py:191} INFO - onix        https://pokeapi.co/api/v2/pokemon/95/       2100                 2           2681.25           0.216783
[2025-03-17T18:55:30.126+0000] {process_utils.py:191} INFO - drowzee     https://pokeapi.co/api/v2/pokemon/96/        324                 1            199.601          0.623236
[2025-03-17T18:55:30.126+0000] {process_utils.py:191} INFO - hypno       https://pokeapi.co/api/v2/pokemon/97/        756                 0            839.234          0.0991789
[2025-03-17T18:55:30.127+0000] {process_utils.py:191} INFO - krabby      https://pokeapi.co/api/v2/pokemon/98/         65                 1            199.601          0.674351
[2025-03-17T18:55:30.128+0000] {process_utils.py:191} INFO - kingler     https://pokeapi.co/api/v2/pokemon/99/        600                 0            839.234          0.285063
[2025-03-17T18:55:30.129+0000] {process_utils.py:191} INFO - voltorb     https://pokeapi.co/api/v2/pokemon/100/       104                 1            199.601          0.478961
[2025-03-17T18:55:30.130+0000] {process_utils.py:191} INFO - electrode   https://pokeapi.co/api/v2/pokemon/101/       666                 0            839.234          0.20642
[2025-03-17T18:55:30.131+0000] {process_utils.py:191} INFO - exeggcute   https://pokeapi.co/api/v2/pokemon/102/        25                 1            199.601          0.87475
[2025-03-17T18:55:30.132+0000] {process_utils.py:191} INFO - exeggutor   https://pokeapi.co/api/v2/pokemon/103/      1200                 0            839.234          0.429875
[2025-03-17T18:55:30.133+0000] {process_utils.py:191} INFO - cubone      https://pokeapi.co/api/v2/pokemon/104/        65                 1            199.601          0.674351
[2025-03-17T18:55:30.134+0000] {process_utils.py:191} INFO - marowak     https://pokeapi.co/api/v2/pokemon/105/       450                 1            199.601          1.25449
[2025-03-17T18:55:30.134+0000] {process_utils.py:191} INFO - hitmonlee   https://pokeapi.co/api/v2/pokemon/106/       498                 1            199.601          1.49497
[2025-03-17T18:55:30.135+0000] {process_utils.py:191} INFO - hitmonchan  https://pokeapi.co/api/v2/pokemon/107/       502                 1            199.601          1.51501
[2025-03-17T18:55:30.135+0000] {process_utils.py:191} INFO - lickitung   https://pokeapi.co/api/v2/pokemon/108/       655                 0            839.234          0.219527
[2025-03-17T18:55:30.135+0000] {process_utils.py:191} INFO - koffing     https://pokeapi.co/api/v2/pokemon/109/        10                 1            199.601          0.9499
[2025-03-17T18:55:30.136+0000] {process_utils.py:191} INFO - weezing     https://pokeapi.co/api/v2/pokemon/110/        95                 1            199.601          0.524051
[2025-03-17T18:55:30.136+0000] {process_utils.py:191} INFO - rhyhorn     https://pokeapi.co/api/v2/pokemon/111/      1150                 0            839.234          0.370297
[2025-03-17T18:55:30.136+0000] {process_utils.py:191} INFO - rhydon      https://pokeapi.co/api/v2/pokemon/112/      1200                 0            839.234          0.429875
[2025-03-17T18:55:30.137+0000] {process_utils.py:191} INFO - chansey     https://pokeapi.co/api/v2/pokemon/113/       346                 1            199.601          0.733455
[2025-03-17T18:55:30.137+0000] {process_utils.py:191} INFO - tangela     https://pokeapi.co/api/v2/pokemon/114/       350                 1            199.601          0.753495
[2025-03-17T18:55:30.138+0000] {process_utils.py:191} INFO - kangaskhan  https://pokeapi.co/api/v2/pokemon/115/       800                 0            839.234          0.0467502
[2025-03-17T18:55:30.138+0000] {process_utils.py:191} INFO - horsea      https://pokeapi.co/api/v2/pokemon/116/        80                 1            199.601          0.599201
[2025-03-17T18:55:30.139+0000] {process_utils.py:191} INFO - seadra      https://pokeapi.co/api/v2/pokemon/117/       250                 1            199.601          0.252497
[2025-03-17T18:55:30.139+0000] {process_utils.py:191} INFO - goldeen     https://pokeapi.co/api/v2/pokemon/118/       150                 1            199.601          0.248502
[2025-03-17T18:55:30.140+0000] {process_utils.py:191} INFO - seaking     https://pokeapi.co/api/v2/pokemon/119/       390                 1            199.601          0.953895
[2025-03-17T18:55:30.140+0000] {process_utils.py:191} INFO - staryu      https://pokeapi.co/api/v2/pokemon/120/       345                 1            199.601          0.728445
[2025-03-17T18:55:30.141+0000] {process_utils.py:191} INFO - starmie     https://pokeapi.co/api/v2/pokemon/121/       800                 0            839.234          0.0467502
[2025-03-17T18:55:30.141+0000] {process_utils.py:191} INFO - mr-mime     https://pokeapi.co/api/v2/pokemon/122/       545                 0            839.234          0.350599
[2025-03-17T18:55:30.141+0000] {process_utils.py:191} INFO - scyther     https://pokeapi.co/api/v2/pokemon/123/       560                 0            839.234          0.332725
[2025-03-17T18:55:30.142+0000] {process_utils.py:191} INFO - jynx        https://pokeapi.co/api/v2/pokemon/124/       406                 1            199.601          1.03405
[2025-03-17T18:55:30.143+0000] {process_utils.py:191} INFO - electabuzz  https://pokeapi.co/api/v2/pokemon/125/       300                 1            199.601          0.502996
[2025-03-17T18:55:30.144+0000] {process_utils.py:191} INFO - magmar      https://pokeapi.co/api/v2/pokemon/126/       445                 1            199.601          1.22944
[2025-03-17T18:55:30.144+0000] {process_utils.py:191} INFO - pinsir      https://pokeapi.co/api/v2/pokemon/127/       550                 0            839.234          0.344641
[2025-03-17T18:55:30.145+0000] {process_utils.py:191} INFO - tauros      https://pokeapi.co/api/v2/pokemon/128/       884                 0            839.234          0.053341
[2025-03-17T18:55:30.145+0000] {process_utils.py:191} INFO - magikarp    https://pokeapi.co/api/v2/pokemon/129/       100                 1            199.601          0.499001
[2025-03-17T18:55:30.146+0000] {process_utils.py:191} INFO - gyarados    https://pokeapi.co/api/v2/pokemon/130/      2350                 2           2681.25           0.123543
[2025-03-17T18:55:30.146+0000] {process_utils.py:191} INFO - lapras      https://pokeapi.co/api/v2/pokemon/131/      2200                 2           2681.25           0.179487
[2025-03-17T18:55:30.146+0000] {process_utils.py:191} INFO - ditto       https://pokeapi.co/api/v2/pokemon/132/        40                 1            199.601          0.799601
[2025-03-17T18:55:30.147+0000] {process_utils.py:191} INFO - eevee       https://pokeapi.co/api/v2/pokemon/133/        65                 1            199.601          0.674351
[2025-03-17T18:55:30.147+0000] {process_utils.py:191} INFO - vaporeon    https://pokeapi.co/api/v2/pokemon/134/       290                 1            199.601          0.452896
[2025-03-17T18:55:30.148+0000] {process_utils.py:191} INFO - jolteon     https://pokeapi.co/api/v2/pokemon/135/       245                 1            199.601          0.227447
[2025-03-17T18:55:30.148+0000] {process_utils.py:191} INFO - flareon     https://pokeapi.co/api/v2/pokemon/136/       250                 1            199.601          0.252497
[2025-03-17T18:55:30.149+0000] {process_utils.py:191} INFO - porygon     https://pokeapi.co/api/v2/pokemon/137/       365                 1            199.601          0.828645
[2025-03-17T18:55:30.149+0000] {process_utils.py:191} INFO - omanyte     https://pokeapi.co/api/v2/pokemon/138/        75                 1            199.601          0.624251
[2025-03-17T18:55:30.150+0000] {process_utils.py:191} INFO - omastar     https://pokeapi.co/api/v2/pokemon/139/       350                 1            199.601          0.753495
[2025-03-17T18:55:30.151+0000] {process_utils.py:191} INFO - kabuto      https://pokeapi.co/api/v2/pokemon/140/       115                 1            199.601          0.423852
[2025-03-17T18:55:30.151+0000] {process_utils.py:191} INFO - kabutops    https://pokeapi.co/api/v2/pokemon/141/       405                 1            199.601          1.02904
[2025-03-17T18:55:30.152+0000] {process_utils.py:191} INFO - aerodactyl  https://pokeapi.co/api/v2/pokemon/142/       590                 0            839.234          0.296978
[2025-03-17T18:55:30.152+0000] {process_utils.py:191} INFO - snorlax     https://pokeapi.co/api/v2/pokemon/143/      4600                 2           2681.25           0.715618
[2025-03-17T18:55:30.152+0000] {process_utils.py:191} INFO - articuno    https://pokeapi.co/api/v2/pokemon/144/       554                 0            839.234          0.339875
[2025-03-17T18:55:30.153+0000] {process_utils.py:191} INFO - zapdos      https://pokeapi.co/api/v2/pokemon/145/       526                 0            839.234          0.373238
[2025-03-17T18:55:30.153+0000] {process_utils.py:191} INFO - moltres     https://pokeapi.co/api/v2/pokemon/146/       600                 0            839.234          0.285063
[2025-03-17T18:55:30.154+0000] {process_utils.py:191} INFO - dratini     https://pokeapi.co/api/v2/pokemon/147/        33                 1            199.601          0.83467
[2025-03-17T18:55:30.154+0000] {process_utils.py:191} INFO - dragonair   https://pokeapi.co/api/v2/pokemon/148/       165                 1            199.601          0.173352
[2025-03-17T18:55:30.155+0000] {process_utils.py:191} INFO - dragonite   https://pokeapi.co/api/v2/pokemon/149/      2100                 2           2681.25           0.216783
[2025-03-17T18:55:30.155+0000] {process_utils.py:191} INFO - mewtwo      https://pokeapi.co/api/v2/pokemon/150/      1220                 0            839.234          0.453706
[2025-03-17T18:55:30.155+0000] {process_utils.py:191} INFO - mew         https://pokeapi.co/api/v2/pokemon/151/        40                 1            199.601          0.799601
[2025-03-17T18:55:30.156+0000] {process_utils.py:191} INFO - chikorita   https://pokeapi.co/api/v2/pokemon/152/        64                 1            199.601          0.679361
[2025-03-17T18:55:30.156+0000] {process_utils.py:191} INFO - bayleef     https://pokeapi.co/api/v2/pokemon/153/       158                 1            199.601          0.208422
[2025-03-17T18:55:30.157+0000] {process_utils.py:191} INFO - meganium    https://pokeapi.co/api/v2/pokemon/154/      1005                 0            839.234          0.19752
[2025-03-17T18:55:30.157+0000] {process_utils.py:191} INFO - cyndaquil   https://pokeapi.co/api/v2/pokemon/155/        79                 1            199.601          0.604211
[2025-03-17T18:55:30.158+0000] {process_utils.py:191} INFO - quilava     https://pokeapi.co/api/v2/pokemon/156/       190                 1            199.601          0.0481026
[2025-03-17T18:55:30.158+0000] {process_utils.py:191} INFO - typhlosion  https://pokeapi.co/api/v2/pokemon/157/       795                 0            839.234          0.052708
[2025-03-17T18:55:30.159+0000] {process_utils.py:191} INFO - totodile    https://pokeapi.co/api/v2/pokemon/158/        95                 1            199.601          0.524051
[2025-03-17T18:55:30.159+0000] {process_utils.py:191} INFO - croconaw    https://pokeapi.co/api/v2/pokemon/159/       250                 1            199.601          0.252497
[2025-03-17T18:55:30.160+0000] {process_utils.py:191} INFO - feraligatr  https://pokeapi.co/api/v2/pokemon/160/       888                 0            839.234          0.0581073
[2025-03-17T18:55:30.160+0000] {process_utils.py:191} INFO - ----------------------------------------------------------------------------------------------------
[2025-03-17T18:55:30.161+0000] {process_utils.py:191} INFO - clusters detail (centroids and sizes):
[2025-03-17T18:55:30.161+0000] {process_utils.py:191} INFO - {
[2025-03-17T18:55:30.162+0000] {process_utils.py:191} INFO -     "n_clusters": 3,
[2025-03-17T18:55:30.162+0000] {process_utils.py:191} INFO -     "centroids": {
[2025-03-17T18:55:30.162+0000] {process_utils.py:191} INFO -         "839.2343749999998": 64,
[2025-03-17T18:55:30.163+0000] {process_utils.py:191} INFO -         "199.60135135135096": 148,
[2025-03-17T18:55:30.163+0000] {process_utils.py:191} INFO -         "2681.25": 8
[2025-03-17T18:55:30.163+0000] {process_utils.py:191} INFO -     }
[2025-03-17T18:55:30.164+0000] {process_utils.py:191} INFO - }
[2025-03-17T18:55:30.164+0000] {process_utils.py:191} INFO - ----------------------------------------------------------------------------------------------------
[2025-03-17T18:55:30.165+0000] {process_utils.py:191} INFO - weight statistics:
[2025-03-17T18:55:30.165+0000] {process_utils.py:191} INFO - {
[2025-03-17T18:55:30.166+0000] {process_utils.py:191} INFO -     "max": 4600,
[2025-03-17T18:55:30.166+0000] {process_utils.py:191} INFO -     "min": 1,
[2025-03-17T18:55:30.167+0000] {process_utils.py:191} INFO -     "mean": 475.91818181818184,
[2025-03-17T18:55:30.167+0000] {process_utils.py:191} INFO -     "median": 310.0,
[2025-03-17T18:55:30.168+0000] {process_utils.py:191} INFO -     "stdev:": 570.662150557465
[2025-03-17T18:55:30.168+0000] {process_utils.py:191} INFO - }
[2025-03-17T18:55:30.168+0000] {process_utils.py:191} INFO - ----------------------------------------------------------------------------------------------------
[2025-03-17T18:55:30.169+0000] {process_utils.py:191} INFO - anonymized information:
[2025-03-17T18:55:30.169+0000] {process_utils.py:191} INFO -   index  name          parent cluster
[2025-03-17T18:55:30.170+0000] {process_utils.py:191} INFO - -------  ----------  ----------------
[2025-03-17T18:55:30.170+0000] {process_utils.py:191} INFO -       0  bulbasaur            199.601
[2025-03-17T18:55:30.171+0000] {process_utils.py:191} INFO -       1  ivysaur              199.601
[2025-03-17T18:55:30.171+0000] {process_utils.py:191} INFO -       2  venusaur             839.234
[2025-03-17T18:55:30.171+0000] {process_utils.py:191} INFO -       3  charmander           199.601
[2025-03-17T18:55:30.172+0000] {process_utils.py:191} INFO -       4  charmeleon           199.601
[2025-03-17T18:55:30.172+0000] {process_utils.py:191} INFO -       5  charizard            839.234
[2025-03-17T18:55:30.173+0000] {process_utils.py:191} INFO -       6  squirtle             199.601
[2025-03-17T18:55:30.173+0000] {process_utils.py:191} INFO -       7  wartortle            199.601
[2025-03-17T18:55:30.173+0000] {process_utils.py:191} INFO -       8  blastoise            839.234
[2025-03-17T18:55:30.174+0000] {process_utils.py:191} INFO -       9  caterpie             199.601
[2025-03-17T18:55:30.174+0000] {process_utils.py:191} INFO -      10  metapod              199.601
[2025-03-17T18:55:30.174+0000] {process_utils.py:191} INFO -      11  butterfree           199.601
[2025-03-17T18:55:30.174+0000] {process_utils.py:191} INFO -      12  weedle               199.601
[2025-03-17T18:55:30.175+0000] {process_utils.py:191} INFO -      13  kakuna               199.601
[2025-03-17T18:55:30.175+0000] {process_utils.py:191} INFO -      14  beedrill             199.601
[2025-03-17T18:55:30.176+0000] {process_utils.py:191} INFO -      15  pidgey               199.601
[2025-03-17T18:55:30.176+0000] {process_utils.py:191} INFO -      16  pidgeotto            199.601
[2025-03-17T18:55:30.177+0000] {process_utils.py:191} INFO -      17  pidgeot              199.601
[2025-03-17T18:55:30.177+0000] {process_utils.py:191} INFO -      18  rattata              199.601
[2025-03-17T18:55:30.177+0000] {process_utils.py:191} INFO -      19  raticate             199.601
[2025-03-17T18:55:30.178+0000] {process_utils.py:191} INFO -      20  spearow              199.601
[2025-03-17T18:55:30.178+0000] {process_utils.py:191} INFO -      21  fearow               199.601
[2025-03-17T18:55:30.178+0000] {process_utils.py:191} INFO -      22  ekans                199.601
[2025-03-17T18:55:30.179+0000] {process_utils.py:191} INFO -      23  arbok                839.234
[2025-03-17T18:55:30.179+0000] {process_utils.py:191} INFO -      24  pikachu              199.601
[2025-03-17T18:55:30.179+0000] {process_utils.py:191} INFO -      25  raichu               199.601
[2025-03-17T18:55:30.180+0000] {process_utils.py:191} INFO -      26  sandshrew            199.601
[2025-03-17T18:55:30.180+0000] {process_utils.py:191} INFO -      27  sandslash            199.601
[2025-03-17T18:55:30.181+0000] {process_utils.py:191} INFO -      28  nidoran-f            199.601
[2025-03-17T18:55:30.181+0000] {process_utils.py:191} INFO -      29  nidorina             199.601
[2025-03-17T18:55:30.182+0000] {process_utils.py:191} INFO -      30  nidoqueen            839.234
[2025-03-17T18:55:30.182+0000] {process_utils.py:191} INFO -      31  nidoran-m            199.601
[2025-03-17T18:55:30.182+0000] {process_utils.py:191} INFO -      32  nidorino             199.601
[2025-03-17T18:55:30.183+0000] {process_utils.py:191} INFO -      33  nidoking             839.234
[2025-03-17T18:55:30.183+0000] {process_utils.py:191} INFO -      34  clefairy             199.601
[2025-03-17T18:55:30.184+0000] {process_utils.py:191} INFO -      35  clefable             199.601
[2025-03-17T18:55:30.184+0000] {process_utils.py:191} INFO -      36  vulpix               199.601
[2025-03-17T18:55:30.184+0000] {process_utils.py:191} INFO -      37  ninetales            199.601
[2025-03-17T18:55:30.185+0000] {process_utils.py:191} INFO -      38  jigglypuff           199.601
[2025-03-17T18:55:30.186+0000] {process_utils.py:191} INFO -      39  wigglytuff           199.601
[2025-03-17T18:55:30.186+0000] {process_utils.py:191} INFO -      40  zubat                199.601
[2025-03-17T18:55:30.186+0000] {process_utils.py:191} INFO -      41  golbat               839.234
[2025-03-17T18:55:30.187+0000] {process_utils.py:191} INFO -      42  oddish               199.601
[2025-03-17T18:55:30.187+0000] {process_utils.py:191} INFO -      43  gloom                199.601
[2025-03-17T18:55:30.187+0000] {process_utils.py:191} INFO -      44  vileplume            199.601
[2025-03-17T18:55:30.188+0000] {process_utils.py:191} INFO -      45  paras                199.601
[2025-03-17T18:55:30.188+0000] {process_utils.py:191} INFO -      46  parasect             199.601
[2025-03-17T18:55:30.189+0000] {process_utils.py:191} INFO -      47  venonat              199.601
[2025-03-17T18:55:30.189+0000] {process_utils.py:191} INFO -      48  venomoth             199.601
[2025-03-17T18:55:30.190+0000] {process_utils.py:191} INFO -      49  diglett              199.601
[2025-03-17T18:55:30.190+0000] {process_utils.py:191} INFO -      50  dugtrio              199.601
[2025-03-17T18:55:30.190+0000] {process_utils.py:191} INFO -      51  meowth               199.601
[2025-03-17T18:55:30.191+0000] {process_utils.py:191} INFO -      52  persian              199.601
[2025-03-17T18:55:30.191+0000] {process_utils.py:191} INFO -      53  psyduck              199.601
[2025-03-17T18:55:30.191+0000] {process_utils.py:191} INFO -      54  golduck              839.234
[2025-03-17T18:55:30.192+0000] {process_utils.py:191} INFO -      55  mankey               199.601
[2025-03-17T18:55:30.192+0000] {process_utils.py:191} INFO -      56  primeape             199.601
[2025-03-17T18:55:30.192+0000] {process_utils.py:191} INFO -      57  growlithe            199.601
[2025-03-17T18:55:30.193+0000] {process_utils.py:191} INFO -      58  arcanine             839.234
[2025-03-17T18:55:30.193+0000] {process_utils.py:191} INFO -      59  poliwag              199.601
[2025-03-17T18:55:30.194+0000] {process_utils.py:191} INFO -      60  poliwhirl            199.601
[2025-03-17T18:55:30.194+0000] {process_utils.py:191} INFO -      61  poliwrath            839.234
[2025-03-17T18:55:30.194+0000] {process_utils.py:191} INFO -      62  abra                 199.601
[2025-03-17T18:55:30.195+0000] {process_utils.py:191} INFO -      63  kadabra              839.234
[2025-03-17T18:55:30.195+0000] {process_utils.py:191} INFO -      64  alakazam             199.601
[2025-03-17T18:55:30.195+0000] {process_utils.py:191} INFO -      65  machop               199.601
[2025-03-17T18:55:30.196+0000] {process_utils.py:191} INFO -      66  machoke              839.234
[2025-03-17T18:55:30.196+0000] {process_utils.py:191} INFO -      67  machamp              839.234
[2025-03-17T18:55:30.197+0000] {process_utils.py:191} INFO -      68  bellsprout           199.601
[2025-03-17T18:55:30.197+0000] {process_utils.py:191} INFO -      69  weepinbell           199.601
[2025-03-17T18:55:30.198+0000] {process_utils.py:191} INFO -      70  victreebel           199.601
[2025-03-17T18:55:30.198+0000] {process_utils.py:191} INFO -      71  tentacool            199.601
[2025-03-17T18:55:30.199+0000] {process_utils.py:191} INFO -      72  tentacruel           839.234
[2025-03-17T18:55:30.199+0000] {process_utils.py:191} INFO -      73  geodude              199.601
[2025-03-17T18:55:30.199+0000] {process_utils.py:191} INFO -      74  graveler             839.234
[2025-03-17T18:55:30.200+0000] {process_utils.py:191} INFO -      75  golem               2681.25
[2025-03-17T18:55:30.200+0000] {process_utils.py:191} INFO -      76  ponyta               199.601
[2025-03-17T18:55:30.200+0000] {process_utils.py:191} INFO -      77  rapidash             839.234
[2025-03-17T18:55:30.201+0000] {process_utils.py:191} INFO -      78  slowpoke             199.601
[2025-03-17T18:55:30.201+0000] {process_utils.py:191} INFO -      79  slowbro              839.234
[2025-03-17T18:55:30.202+0000] {process_utils.py:191} INFO -      80  poliwhirl            199.601
[2025-03-17T18:55:30.202+0000] {process_utils.py:191} INFO -      81  poliwrath            839.234
[2025-03-17T18:55:30.202+0000] {process_utils.py:191} INFO -      82  abra                 199.601
[2025-03-17T18:55:30.203+0000] {process_utils.py:191} INFO -      83  kadabra              839.234
[2025-03-17T18:55:30.203+0000] {process_utils.py:191} INFO -      84  alakazam             199.601
[2025-03-17T18:55:30.203+0000] {process_utils.py:191} INFO -      85  machop               199.601
[2025-03-17T18:55:30.203+0000] {process_utils.py:191} INFO -      86  machoke              839.234
[2025-03-17T18:55:30.204+0000] {process_utils.py:191} INFO -      87  machamp              839.234
[2025-03-17T18:55:30.204+0000] {process_utils.py:191} INFO -      88  bellsprout           199.601
[2025-03-17T18:55:30.204+0000] {process_utils.py:191} INFO -      89  weepinbell           199.601
[2025-03-17T18:55:30.205+0000] {process_utils.py:191} INFO -      90  victreebel           199.601
[2025-03-17T18:55:30.205+0000] {process_utils.py:191} INFO -      91  tentacool            199.601
[2025-03-17T18:55:30.206+0000] {process_utils.py:191} INFO -      92  tentacruel           839.234
[2025-03-17T18:55:30.206+0000] {process_utils.py:191} INFO -      93  geodude              199.601
[2025-03-17T18:55:30.206+0000] {process_utils.py:191} INFO -      94  graveler             839.234
[2025-03-17T18:55:30.207+0000] {process_utils.py:191} INFO -      95  golem               2681.25
[2025-03-17T18:55:30.207+0000] {process_utils.py:191} INFO -      96  ponyta               199.601
[2025-03-17T18:55:30.207+0000] {process_utils.py:191} INFO -      97  rapidash             839.234
[2025-03-17T18:55:30.208+0000] {process_utils.py:191} INFO -      98  slowpoke             199.601
[2025-03-17T18:55:30.208+0000] {process_utils.py:191} INFO -      99  slowbro              839.234
[2025-03-17T18:55:30.209+0000] {process_utils.py:191} INFO -     100  magnemite            199.601
[2025-03-17T18:55:30.209+0000] {process_utils.py:191} INFO -     101  magneton             839.234
[2025-03-17T18:55:30.210+0000] {process_utils.py:191} INFO -     102  farfetchd            199.601
[2025-03-17T18:55:30.210+0000] {process_utils.py:191} INFO -     103  doduo                199.601
[2025-03-17T18:55:30.210+0000] {process_utils.py:191} INFO -     104  dodrio               839.234
[2025-03-17T18:55:30.211+0000] {process_utils.py:191} INFO -     105  seel                 839.234
[2025-03-17T18:55:30.211+0000] {process_utils.py:191} INFO -     106  dewgong              839.234
[2025-03-17T18:55:30.212+0000] {process_utils.py:191} INFO -     107  grimer               199.601
[2025-03-17T18:55:30.212+0000] {process_utils.py:191} INFO -     108  muk                  199.601
[2025-03-17T18:55:30.212+0000] {process_utils.py:191} INFO -     109  shellder             199.601
[2025-03-17T18:55:30.213+0000] {process_utils.py:191} INFO -     110  cloyster             839.234
[2025-03-17T18:55:30.213+0000] {process_utils.py:191} INFO -     111  gastly               199.601
[2025-03-17T18:55:30.213+0000] {process_utils.py:191} INFO -     112  haunter              199.601
[2025-03-17T18:55:30.213+0000] {process_utils.py:191} INFO -     113  gengar               199.601
[2025-03-17T18:55:30.214+0000] {process_utils.py:191} INFO -     114  onix                2681.25
[2025-03-17T18:55:30.214+0000] {process_utils.py:191} INFO -     115  drowzee              199.601
[2025-03-17T18:55:30.214+0000] {process_utils.py:191} INFO -     116  hypno                839.234
[2025-03-17T18:55:30.215+0000] {process_utils.py:191} INFO -     117  krabby               199.601
[2025-03-17T18:55:30.215+0000] {process_utils.py:191} INFO -     118  kingler              839.234
[2025-03-17T18:55:30.215+0000] {process_utils.py:191} INFO -     119  voltorb              199.601
[2025-03-17T18:55:30.216+0000] {process_utils.py:191} INFO -     120  electrode            839.234
[2025-03-17T18:55:30.216+0000] {process_utils.py:191} INFO -     121  exeggcute            199.601
[2025-03-17T18:55:30.217+0000] {process_utils.py:191} INFO -     122  exeggutor            839.234
[2025-03-17T18:55:30.217+0000] {process_utils.py:191} INFO -     123  cubone               199.601
[2025-03-17T18:55:30.217+0000] {process_utils.py:191} INFO -     124  marowak              199.601
[2025-03-17T18:55:30.217+0000] {process_utils.py:191} INFO -     125  hitmonlee            199.601
[2025-03-17T18:55:30.218+0000] {process_utils.py:191} INFO -     126  hitmonchan           199.601
[2025-03-17T18:55:30.218+0000] {process_utils.py:191} INFO -     127  lickitung            839.234
[2025-03-17T18:55:30.218+0000] {process_utils.py:191} INFO -     128  koffing              199.601
[2025-03-17T18:55:30.219+0000] {process_utils.py:191} INFO -     129  weezing              199.601
[2025-03-17T18:55:30.219+0000] {process_utils.py:191} INFO -     130  rhyhorn              839.234
[2025-03-17T18:55:30.219+0000] {process_utils.py:191} INFO -     131  rhydon               839.234
[2025-03-17T18:55:30.219+0000] {process_utils.py:191} INFO -     132  chansey              199.601
[2025-03-17T18:55:30.220+0000] {process_utils.py:191} INFO -     133  tangela              199.601
[2025-03-17T18:55:30.220+0000] {process_utils.py:191} INFO -     134  kangaskhan           839.234
[2025-03-17T18:55:30.221+0000] {process_utils.py:191} INFO -     135  horsea               199.601
[2025-03-17T18:55:30.221+0000] {process_utils.py:191} INFO -     136  seadra               199.601
[2025-03-17T18:55:30.221+0000] {process_utils.py:191} INFO -     137  goldeen              199.601
[2025-03-17T18:55:30.222+0000] {process_utils.py:191} INFO -     138  seaking              199.601
[2025-03-17T18:55:30.222+0000] {process_utils.py:191} INFO -     139  staryu               199.601
[2025-03-17T18:55:30.222+0000] {process_utils.py:191} INFO -     140  magnemite            199.601
[2025-03-17T18:55:30.222+0000] {process_utils.py:191} INFO -     141  magneton             839.234
[2025-03-17T18:55:30.223+0000] {process_utils.py:191} INFO -     142  farfetchd            199.601
[2025-03-17T18:55:30.223+0000] {process_utils.py:191} INFO -     143  doduo                199.601
[2025-03-17T18:55:30.223+0000] {process_utils.py:191} INFO -     144  dodrio               839.234
[2025-03-17T18:55:30.224+0000] {process_utils.py:191} INFO -     145  seel                 839.234
[2025-03-17T18:55:30.224+0000] {process_utils.py:191} INFO -     146  dewgong              839.234
[2025-03-17T18:55:30.225+0000] {process_utils.py:191} INFO -     147  grimer               199.601
[2025-03-17T18:55:30.225+0000] {process_utils.py:191} INFO -     148  muk                  199.601
[2025-03-17T18:55:30.225+0000] {process_utils.py:191} INFO -     149  shellder             199.601
[2025-03-17T18:55:30.226+0000] {process_utils.py:191} INFO -     150  cloyster             839.234
[2025-03-17T18:55:30.226+0000] {process_utils.py:191} INFO -     151  gastly               199.601
[2025-03-17T18:55:30.226+0000] {process_utils.py:191} INFO -     152  haunter              199.601
[2025-03-17T18:55:30.227+0000] {process_utils.py:191} INFO -     153  gengar               199.601
[2025-03-17T18:55:30.227+0000] {process_utils.py:191} INFO -     154  onix                2681.25
[2025-03-17T18:55:30.227+0000] {process_utils.py:191} INFO -     155  drowzee              199.601
[2025-03-17T18:55:30.228+0000] {process_utils.py:191} INFO -     156  hypno                839.234
[2025-03-17T18:55:30.228+0000] {process_utils.py:191} INFO -     157  krabby               199.601
[2025-03-17T18:55:30.228+0000] {process_utils.py:191} INFO -     158  kingler              839.234
[2025-03-17T18:55:30.229+0000] {process_utils.py:191} INFO -     159  voltorb              199.601
[2025-03-17T18:55:30.229+0000] {process_utils.py:191} INFO -     160  electrode            839.234
[2025-03-17T18:55:30.229+0000] {process_utils.py:191} INFO -     161  exeggcute            199.601
[2025-03-17T18:55:30.229+0000] {process_utils.py:191} INFO -     162  exeggutor            839.234
[2025-03-17T18:55:30.230+0000] {process_utils.py:191} INFO -     163  cubone               199.601
[2025-03-17T18:55:30.231+0000] {process_utils.py:191} INFO -     164  marowak              199.601
[2025-03-17T18:55:30.231+0000] {process_utils.py:191} INFO -     165  hitmonlee            199.601
[2025-03-17T18:55:30.231+0000] {process_utils.py:191} INFO -     166  hitmonchan           199.601
[2025-03-17T18:55:30.232+0000] {process_utils.py:191} INFO -     167  lickitung            839.234
[2025-03-17T18:55:30.232+0000] {process_utils.py:191} INFO -     168  koffing              199.601
[2025-03-17T18:55:30.232+0000] {process_utils.py:191} INFO -     169  weezing              199.601
[2025-03-17T18:55:30.233+0000] {process_utils.py:191} INFO -     170  rhyhorn              839.234
[2025-03-17T18:55:30.233+0000] {process_utils.py:191} INFO -     171  rhydon               839.234
[2025-03-17T18:55:30.233+0000] {process_utils.py:191} INFO -     172  chansey              199.601
[2025-03-17T18:55:30.233+0000] {process_utils.py:191} INFO -     173  tangela              199.601
[2025-03-17T18:55:30.234+0000] {process_utils.py:191} INFO -     174  kangaskhan           839.234
[2025-03-17T18:55:30.234+0000] {process_utils.py:191} INFO -     175  horsea               199.601
[2025-03-17T18:55:30.234+0000] {process_utils.py:191} INFO -     176  seadra               199.601
[2025-03-17T18:55:30.234+0000] {process_utils.py:191} INFO -     177  goldeen              199.601
[2025-03-17T18:55:30.235+0000] {process_utils.py:191} INFO -     178  seaking              199.601
[2025-03-17T18:55:30.235+0000] {process_utils.py:191} INFO -     179  staryu               199.601
[2025-03-17T18:55:30.236+0000] {process_utils.py:191} INFO -     180  starmie              839.234
[2025-03-17T18:55:30.236+0000] {process_utils.py:191} INFO -     181  mr-mime              839.234
[2025-03-17T18:55:30.237+0000] {process_utils.py:191} INFO -     182  scyther              839.234
[2025-03-17T18:55:30.237+0000] {process_utils.py:191} INFO -     183  jynx                 199.601
[2025-03-17T18:55:30.237+0000] {process_utils.py:191} INFO -     184  electabuzz           199.601
[2025-03-17T18:55:30.237+0000] {process_utils.py:191} INFO -     185  magmar               199.601
[2025-03-17T18:55:30.238+0000] {process_utils.py:191} INFO -     186  pinsir               839.234
[2025-03-17T18:55:30.238+0000] {process_utils.py:191} INFO -     187  tauros               839.234
[2025-03-17T18:55:30.238+0000] {process_utils.py:191} INFO -     188  magikarp             199.601
[2025-03-17T18:55:30.238+0000] {process_utils.py:191} INFO -     189  gyarados            2681.25
[2025-03-17T18:55:30.239+0000] {process_utils.py:191} INFO -     190  lapras              2681.25
[2025-03-17T18:55:30.239+0000] {process_utils.py:191} INFO -     191  ditto                199.601
[2025-03-17T18:55:30.239+0000] {process_utils.py:191} INFO -     192  eevee                199.601
[2025-03-17T18:55:30.240+0000] {process_utils.py:191} INFO -     193  vaporeon             199.601
[2025-03-17T18:55:30.240+0000] {process_utils.py:191} INFO -     194  jolteon              199.601
[2025-03-17T18:55:30.240+0000] {process_utils.py:191} INFO -     195  flareon              199.601
[2025-03-17T18:55:30.240+0000] {process_utils.py:191} INFO -     196  porygon              199.601
[2025-03-17T18:55:30.241+0000] {process_utils.py:191} INFO -     197  omanyte              199.601
[2025-03-17T18:55:30.241+0000] {process_utils.py:191} INFO -     198  omastar              199.601
[2025-03-17T18:55:30.241+0000] {process_utils.py:191} INFO -     199  kabuto               199.601
[2025-03-17T18:55:30.242+0000] {process_utils.py:191} INFO -     200  kabutops             199.601
[2025-03-17T18:55:30.242+0000] {process_utils.py:191} INFO -     201  aerodactyl           839.234
[2025-03-17T18:55:30.242+0000] {process_utils.py:191} INFO -     202  snorlax             2681.25
[2025-03-17T18:55:30.243+0000] {process_utils.py:191} INFO -     203  articuno             839.234
[2025-03-17T18:55:30.243+0000] {process_utils.py:191} INFO -     204  zapdos               839.234
[2025-03-17T18:55:30.243+0000] {process_utils.py:191} INFO -     205  moltres              839.234
[2025-03-17T18:55:30.244+0000] {process_utils.py:191} INFO -     206  dratini              199.601
[2025-03-17T18:55:30.244+0000] {process_utils.py:191} INFO -     207  dragonair            199.601
[2025-03-17T18:55:30.244+0000] {process_utils.py:191} INFO -     208  dragonite           2681.25
[2025-03-17T18:55:30.244+0000] {process_utils.py:191} INFO -     209  mewtwo               839.234
[2025-03-17T18:55:30.245+0000] {process_utils.py:191} INFO -     210  mew                  199.601
[2025-03-17T18:55:30.245+0000] {process_utils.py:191} INFO -     211  chikorita            199.601
[2025-03-17T18:55:30.246+0000] {process_utils.py:191} INFO -     212  bayleef              199.601
[2025-03-17T18:55:30.246+0000] {process_utils.py:191} INFO -     213  meganium             839.234
[2025-03-17T18:55:30.246+0000] {process_utils.py:191} INFO -     214  cyndaquil            199.601
[2025-03-17T18:55:30.247+0000] {process_utils.py:191} INFO -     215  quilava              199.601
[2025-03-17T18:55:30.247+0000] {process_utils.py:191} INFO -     216  typhlosion           839.234
[2025-03-17T18:55:30.247+0000] {process_utils.py:191} INFO -     217  totodile             199.601
[2025-03-17T18:55:30.247+0000] {process_utils.py:191} INFO -     218  croconaw             199.601
[2025-03-17T18:55:30.248+0000] {process_utils.py:191} INFO -     219  feraligatr           839.234
[2025-03-17T18:55:30.260+0000] {python.py:237} INFO - Done. Returned value was: None
[2025-03-17T18:55:30.261+0000] {taskinstance.py:441} INFO - ::group::Post task execution logs
[2025-03-17T18:55:30.268+0000] {taskinstance.py:1206} INFO - Marking task as SUCCESS. dag_id=clustering_deidentification, task_id=metrics_pokemon_weights, run_id=manual__2025-03-17T18:53:55.428287+00:00, execution_date=20250317T185355, start_date=20250317T185524, end_date=20250317T185530
[2025-03-17T18:55:30.310+0000] {local_task_job_runner.py:240} INFO - Task exited with return code 0
[2025-03-17T18:55:30.320+0000] {taskinstance.py:3498} INFO - 0 downstream tasks scheduled from follow-on schedule check
[2025-03-17T18:55:30.326+0000] {local_task_job_runner.py:222} INFO - ::endgroup::
