[2024-05-18T18:06:19.377+0000] {local_task_job_runner.py:120} INFO - ::group::Pre task execution logs
[2024-05-18T18:06:19.512+0000] {taskinstance.py:2076} INFO - Dependencies all met for dep_context=non-requeueable deps ti=<TaskInstance: tutorial.templated manual__2024-05-18T18:06:07.184708+00:00 [queued]>
[2024-05-18T18:06:19.556+0000] {taskinstance.py:2076} INFO - Dependencies all met for dep_context=requeueable deps ti=<TaskInstance: tutorial.templated manual__2024-05-18T18:06:07.184708+00:00 [queued]>
[2024-05-18T18:06:19.557+0000] {taskinstance.py:2306} INFO - Starting attempt 1 of 2
[2024-05-18T18:06:19.623+0000] {taskinstance.py:2330} INFO - Executing <Task(BashOperator): templated> on 2024-05-18 18:06:07.184708+00:00
[2024-05-18T18:06:19.663+0000] {warnings.py:110} WARNING - /home/***/.local/lib/python3.12/site-packages/***/task/task_runner/standard_task_runner.py:61: DeprecationWarning: This process (pid=822) is multi-threaded, use of fork() may lead to deadlocks in the child.
  pid = os.fork()

[2024-05-18T18:06:19.670+0000] {standard_task_runner.py:63} INFO - Started process 836 to run task
[2024-05-18T18:06:19.669+0000] {standard_task_runner.py:90} INFO - Running: ['***', 'tasks', 'run', 'tutorial', 'templated', 'manual__2024-05-18T18:06:07.184708+00:00', '--job-id', '8', '--raw', '--subdir', '/home/***/.local/lib/python3.12/site-packages/***/example_dags/tutorial.py', '--cfg-path', '/tmp/tmp46495eh6']
[2024-05-18T18:06:19.681+0000] {standard_task_runner.py:91} INFO - Job 8: Subtask templated
[2024-05-18T18:06:19.906+0000] {task_command.py:426} INFO - Running <TaskInstance: tutorial.templated manual__2024-05-18T18:06:07.184708+00:00 [running]> on host 1eee1d008fef
[2024-05-18T18:06:20.283+0000] {taskinstance.py:2648} INFO - Exporting env vars: AIRFLOW_CTX_DAG_EMAIL='***@example.com' AIRFLOW_CTX_DAG_OWNER='***' AIRFLOW_CTX_DAG_ID='tutorial' AIRFLOW_CTX_TASK_ID='templated' AIRFLOW_CTX_EXECUTION_DATE='2024-05-18T18:06:07.184708+00:00' AIRFLOW_CTX_TRY_NUMBER='1' AIRFLOW_CTX_DAG_RUN_ID='manual__2024-05-18T18:06:07.184708+00:00'
[2024-05-18T18:06:20.284+0000] {taskinstance.py:430} INFO - ::endgroup::
[2024-05-18T18:06:20.286+0000] {subprocess.py:63} INFO - Tmp dir root location: /tmp
[2024-05-18T18:06:20.286+0000] {subprocess.py:75} INFO - Running command: ['/usr/bin/bash', '-c', '\n\n    echo "2024-05-18"\n    echo "2024-05-25"\n\n    echo "2024-05-18"\n    echo "2024-05-25"\n\n    echo "2024-05-18"\n    echo "2024-05-25"\n\n    echo "2024-05-18"\n    echo "2024-05-25"\n\n    echo "2024-05-18"\n    echo "2024-05-25"\n']
[2024-05-18T18:06:20.318+0000] {subprocess.py:86} INFO - Output:
[2024-05-18T18:06:20.328+0000] {subprocess.py:93} INFO - 2024-05-18
[2024-05-18T18:06:20.329+0000] {subprocess.py:93} INFO - 2024-05-25
[2024-05-18T18:06:20.330+0000] {subprocess.py:93} INFO - 2024-05-18
[2024-05-18T18:06:20.332+0000] {subprocess.py:93} INFO - 2024-05-25
[2024-05-18T18:06:20.334+0000] {subprocess.py:93} INFO - 2024-05-18
[2024-05-18T18:06:20.335+0000] {subprocess.py:93} INFO - 2024-05-25
[2024-05-18T18:06:20.336+0000] {subprocess.py:93} INFO - 2024-05-18
[2024-05-18T18:06:20.337+0000] {subprocess.py:93} INFO - 2024-05-25
[2024-05-18T18:06:20.338+0000] {subprocess.py:93} INFO - 2024-05-18
[2024-05-18T18:06:20.339+0000] {subprocess.py:93} INFO - 2024-05-25
[2024-05-18T18:06:20.341+0000] {subprocess.py:97} INFO - Command exited with return code 0
[2024-05-18T18:06:20.344+0000] {taskinstance.py:441} INFO - ::group::Post task execution logs
[2024-05-18T18:06:20.514+0000] {taskinstance.py:1206} INFO - Marking task as SUCCESS. dag_id=tutorial, task_id=templated, run_id=manual__2024-05-18T18:06:07.184708+00:00, execution_date=20240518T180607, start_date=20240518T180619, end_date=20240518T180620
[2024-05-18T18:06:20.648+0000] {local_task_job_runner.py:240} INFO - Task exited with return code 0
[2024-05-18T18:06:20.781+0000] {taskinstance.py:3498} INFO - 0 downstream tasks scheduled from follow-on schedule check
[2024-05-18T18:06:20.786+0000] {local_task_job_runner.py:222} INFO - ::endgroup::
