[2024-05-18T18:06:19.688+0000] {local_task_job_runner.py:120} INFO - ::group::Pre task execution logs
[2024-05-18T18:06:19.842+0000] {taskinstance.py:2076} INFO - Dependencies all met for dep_context=non-requeueable deps ti=<TaskInstance: tutorial.sleep manual__2024-05-18T18:06:07.184708+00:00 [queued]>
[2024-05-18T18:06:19.883+0000] {taskinstance.py:2076} INFO - Dependencies all met for dep_context=requeueable deps ti=<TaskInstance: tutorial.sleep manual__2024-05-18T18:06:07.184708+00:00 [queued]>
[2024-05-18T18:06:19.884+0000] {taskinstance.py:2306} INFO - Starting attempt 1 of 4
[2024-05-18T18:06:19.979+0000] {taskinstance.py:2330} INFO - Executing <Task(BashOperator): sleep> on 2024-05-18 18:06:07.184708+00:00
[2024-05-18T18:06:20.038+0000] {warnings.py:110} WARNING - /home/***/.local/lib/python3.12/site-packages/***/task/task_runner/standard_task_runner.py:61: DeprecationWarning: This process (pid=821) is multi-threaded, use of fork() may lead to deadlocks in the child.
  pid = os.fork()

[2024-05-18T18:06:20.050+0000] {standard_task_runner.py:63} INFO - Started process 838 to run task
[2024-05-18T18:06:20.046+0000] {standard_task_runner.py:90} INFO - Running: ['***', 'tasks', 'run', 'tutorial', 'sleep', 'manual__2024-05-18T18:06:07.184708+00:00', '--job-id', '10', '--raw', '--subdir', '/home/***/.local/lib/python3.12/site-packages/***/example_dags/tutorial.py', '--cfg-path', '/tmp/tmpre7tryb9']
[2024-05-18T18:06:20.062+0000] {standard_task_runner.py:91} INFO - Job 10: Subtask sleep
[2024-05-18T18:06:20.259+0000] {task_command.py:426} INFO - Running <TaskInstance: tutorial.sleep manual__2024-05-18T18:06:07.184708+00:00 [running]> on host 1eee1d008fef
[2024-05-18T18:06:20.676+0000] {taskinstance.py:2648} INFO - Exporting env vars: AIRFLOW_CTX_DAG_EMAIL='***@example.com' AIRFLOW_CTX_DAG_OWNER='***' AIRFLOW_CTX_DAG_ID='tutorial' AIRFLOW_CTX_TASK_ID='sleep' AIRFLOW_CTX_EXECUTION_DATE='2024-05-18T18:06:07.184708+00:00' AIRFLOW_CTX_TRY_NUMBER='1' AIRFLOW_CTX_DAG_RUN_ID='manual__2024-05-18T18:06:07.184708+00:00'
[2024-05-18T18:06:20.693+0000] {taskinstance.py:430} INFO - ::endgroup::
[2024-05-18T18:06:20.697+0000] {subprocess.py:63} INFO - Tmp dir root location: /tmp
[2024-05-18T18:06:20.700+0000] {subprocess.py:75} INFO - Running command: ['/usr/bin/bash', '-c', 'sleep 5']
[2024-05-18T18:06:20.759+0000] {subprocess.py:86} INFO - Output:
[2024-05-18T18:06:25.771+0000] {subprocess.py:97} INFO - Command exited with return code 0
[2024-05-18T18:06:25.772+0000] {taskinstance.py:441} INFO - ::group::Post task execution logs
[2024-05-18T18:06:25.808+0000] {taskinstance.py:1206} INFO - Marking task as SUCCESS. dag_id=tutorial, task_id=sleep, run_id=manual__2024-05-18T18:06:07.184708+00:00, execution_date=20240518T180607, start_date=20240518T180619, end_date=20240518T180625
[2024-05-18T18:06:25.843+0000] {local_task_job_runner.py:240} INFO - Task exited with return code 0
[2024-05-18T18:06:25.855+0000] {taskinstance.py:3498} INFO - 0 downstream tasks scheduled from follow-on schedule check
[2024-05-18T18:06:25.858+0000] {local_task_job_runner.py:222} INFO - ::endgroup::
