[2024-05-18T18:06:12.438+0000] {local_task_job_runner.py:120} INFO - ::group::Pre task execution logs
[2024-05-18T18:06:12.595+0000] {taskinstance.py:2076} INFO - Dependencies all met for dep_context=non-requeueable deps ti=<TaskInstance: tutorial.print_date scheduled__2024-05-17T00:00:00+00:00 [queued]>
[2024-05-18T18:06:12.645+0000] {taskinstance.py:2076} INFO - Dependencies all met for dep_context=requeueable deps ti=<TaskInstance: tutorial.print_date scheduled__2024-05-17T00:00:00+00:00 [queued]>
[2024-05-18T18:06:12.646+0000] {taskinstance.py:2306} INFO - Starting attempt 1 of 2
[2024-05-18T18:06:12.733+0000] {taskinstance.py:2330} INFO - Executing <Task(BashOperator): print_date> on 2024-05-17 00:00:00+00:00
[2024-05-18T18:06:12.764+0000] {warnings.py:110} WARNING - /home/***/.local/lib/python3.12/site-packages/***/task/task_runner/standard_task_runner.py:61: DeprecationWarning: This process (pid=813) is multi-threaded, use of fork() may lead to deadlocks in the child.
  pid = os.fork()

[2024-05-18T18:06:12.771+0000] {standard_task_runner.py:63} INFO - Started process 817 to run task
[2024-05-18T18:06:12.775+0000] {standard_task_runner.py:90} INFO - Running: ['***', 'tasks', 'run', 'tutorial', 'print_date', 'scheduled__2024-05-17T00:00:00+00:00', '--job-id', '6', '--raw', '--subdir', '/home/***/.local/lib/python3.12/site-packages/***/example_dags/tutorial.py', '--cfg-path', '/tmp/tmpzhi5qlmn']
[2024-05-18T18:06:12.787+0000] {standard_task_runner.py:91} INFO - Job 6: Subtask print_date
[2024-05-18T18:06:12.957+0000] {task_command.py:426} INFO - Running <TaskInstance: tutorial.print_date scheduled__2024-05-17T00:00:00+00:00 [running]> on host 1eee1d008fef
[2024-05-18T18:06:13.178+0000] {taskinstance.py:2648} INFO - Exporting env vars: AIRFLOW_CTX_DAG_EMAIL='***@example.com' AIRFLOW_CTX_DAG_OWNER='***' AIRFLOW_CTX_DAG_ID='tutorial' AIRFLOW_CTX_TASK_ID='print_date' AIRFLOW_CTX_EXECUTION_DATE='2024-05-17T00:00:00+00:00' AIRFLOW_CTX_TRY_NUMBER='1' AIRFLOW_CTX_DAG_RUN_ID='scheduled__2024-05-17T00:00:00+00:00'
[2024-05-18T18:06:13.181+0000] {taskinstance.py:430} INFO - ::endgroup::
[2024-05-18T18:06:13.182+0000] {subprocess.py:63} INFO - Tmp dir root location: /tmp
[2024-05-18T18:06:13.183+0000] {subprocess.py:75} INFO - Running command: ['/usr/bin/bash', '-c', 'date']
[2024-05-18T18:06:13.201+0000] {subprocess.py:86} INFO - Output:
[2024-05-18T18:06:13.205+0000] {subprocess.py:93} INFO - Sat May 18 18:06:13 UTC 2024
[2024-05-18T18:06:13.205+0000] {subprocess.py:97} INFO - Command exited with return code 0
[2024-05-18T18:06:13.206+0000] {taskinstance.py:441} INFO - ::group::Post task execution logs
[2024-05-18T18:06:13.239+0000] {taskinstance.py:1206} INFO - Marking task as SUCCESS. dag_id=tutorial, task_id=print_date, run_id=scheduled__2024-05-17T00:00:00+00:00, execution_date=20240517T000000, start_date=20240518T180612, end_date=20240518T180613
[2024-05-18T18:06:13.271+0000] {local_task_job_runner.py:240} INFO - Task exited with return code 0
[2024-05-18T18:06:13.293+0000] {taskinstance.py:3498} INFO - 2 downstream tasks scheduled from follow-on schedule check
[2024-05-18T18:06:13.296+0000] {local_task_job_runner.py:222} INFO - ::endgroup::
