[2024-06-23T00:02:22.457+0000] {local_task_job_runner.py:120} INFO - ::group::Pre task execution logs
[2024-06-23T00:02:22.491+0000] {taskinstance.py:2076} INFO - Dependencies all met for dep_context=non-requeueable deps ti=<TaskInstance: pokemon_example.metricspokemonweights manual__2024-06-23T00:01:34.566508+00:00 [queued]>
[2024-06-23T00:02:22.506+0000] {taskinstance.py:2076} INFO - Dependencies all met for dep_context=requeueable deps ti=<TaskInstance: pokemon_example.metricspokemonweights manual__2024-06-23T00:01:34.566508+00:00 [queued]>
[2024-06-23T00:02:22.506+0000] {taskinstance.py:2306} INFO - Starting attempt 1 of 1
[2024-06-23T00:02:22.522+0000] {taskinstance.py:2330} INFO - Executing <Task(_PythonVirtualenvDecoratedOperator): metricspokemonweights> on 2024-06-23 00:01:34.566508+00:00
[2024-06-23T00:02:22.530+0000] {warnings.py:110} WARNING - /home/***/.local/lib/python3.12/site-packages/***/task/task_runner/standard_task_runner.py:61: DeprecationWarning: This process (pid=5489) is multi-threaded, use of fork() may lead to deadlocks in the child.
  pid = os.fork()

[2024-06-23T00:02:22.532+0000] {standard_task_runner.py:63} INFO - Started process 5490 to run task
[2024-06-23T00:02:22.532+0000] {standard_task_runner.py:90} INFO - Running: ['***', 'tasks', 'run', 'pokemon_example', 'metricspokemonweights', 'manual__2024-06-23T00:01:34.566508+00:00', '--job-id', '73', '--raw', '--subdir', 'DAGS_FOLDER/python_operators.py', '--cfg-path', '/tmp/tmpu970zbey']
[2024-06-23T00:02:22.534+0000] {standard_task_runner.py:91} INFO - Job 73: Subtask metricspokemonweights
[2024-06-23T00:02:22.577+0000] {task_command.py:426} INFO - Running <TaskInstance: pokemon_example.metricspokemonweights manual__2024-06-23T00:01:34.566508+00:00 [running]> on host c357804a93ab
[2024-06-23T00:02:22.680+0000] {taskinstance.py:2648} INFO - Exporting env vars: AIRFLOW_CTX_DAG_OWNER='***' AIRFLOW_CTX_DAG_ID='pokemon_example' AIRFLOW_CTX_TASK_ID='metricspokemonweights' AIRFLOW_CTX_EXECUTION_DATE='2024-06-23T00:01:34.566508+00:00' AIRFLOW_CTX_TRY_NUMBER='1' AIRFLOW_CTX_DAG_RUN_ID='manual__2024-06-23T00:01:34.566508+00:00'
[2024-06-23T00:02:22.681+0000] {taskinstance.py:430} INFO - ::endgroup::
[2024-06-23T00:02:22.682+0000] {process_utils.py:183} INFO - Executing cmd: /home/***/.local/bin/python -m virtualenv /tmp/venvmbdeb1wj --system-site-packages --python=python
[2024-06-23T00:02:22.683+0000] {process_utils.py:187} INFO - Output:
[2024-06-23T00:02:23.500+0000] {process_utils.py:191} INFO - created virtual environment CPython3.12.3.final.0-64 in 270ms
[2024-06-23T00:02:23.500+0000] {process_utils.py:191} INFO -   creator CPython3Posix(dest=/tmp/venvmbdeb1wj, clear=False, no_vcs_ignore=False, global=True)
[2024-06-23T00:02:23.500+0000] {process_utils.py:191} INFO -   seeder FromAppData(download=False, pip=bundle, via=copy, app_data_dir=/home/***/.local/share/virtualenv)
[2024-06-23T00:02:23.501+0000] {process_utils.py:191} INFO -     added seed packages: pip==24.0
[2024-06-23T00:02:23.501+0000] {process_utils.py:191} INFO -   activators BashActivator,CShellActivator,FishActivator,NushellActivator,PowerShellActivator,PythonActivator
[2024-06-23T00:02:23.525+0000] {process_utils.py:183} INFO - Executing cmd: /tmp/venvmbdeb1wj/bin/pip install -r /tmp/venvmbdeb1wj/requirements.txt
[2024-06-23T00:02:23.526+0000] {process_utils.py:187} INFO - Output:
[2024-06-23T00:02:28.907+0000] {process_utils.py:191} INFO - 
[2024-06-23T00:02:28.908+0000] {process_utils.py:191} INFO - [notice] A new release of pip is available: 24.0 -> 24.1
[2024-06-23T00:02:28.908+0000] {process_utils.py:191} INFO - [notice] To update, run: python -m pip install --upgrade pip
[2024-06-23T00:02:29.009+0000] {process_utils.py:183} INFO - Executing cmd: /tmp/venvmbdeb1wj/bin/python /tmp/venv-callicdvgm9g/script.py /tmp/venv-callicdvgm9g/script.in /tmp/venv-callicdvgm9g/script.out /tmp/venv-callicdvgm9g/string_args.txt /tmp/venv-callicdvgm9g/termination.log
[2024-06-23T00:02:29.010+0000] {process_utils.py:187} INFO - Output:
[2024-06-23T00:02:31.232+0000] {process_utils.py:191} INFO - Traceback (most recent call last):
[2024-06-23T00:02:31.233+0000] {process_utils.py:191} INFO -   File "/tmp/venv-callicdvgm9g/script.py", line 65, in <module>
[2024-06-23T00:02:31.233+0000] {process_utils.py:191} INFO -     res = metricspokemonweights(*arg_dict["args"], **arg_dict["kwargs"])
[2024-06-23T00:02:31.233+0000] {process_utils.py:191} INFO -           ^^^^^^^^^^^^^^^^^^^^^^^^^^^^^^^^^^^^^^^^^^^^^^^^^^^^^^^^^^^^^^
[2024-06-23T00:02:31.234+0000] {process_utils.py:191} INFO -   File "/tmp/venv-callicdvgm9g/script.py", line 28, in metricspokemonweights
[2024-06-23T00:02:31.234+0000] {process_utils.py:191} INFO -     print(divider)
[2024-06-23T00:02:31.234+0000] {process_utils.py:191} INFO -           ^^^^^^^
[2024-06-23T00:02:31.234+0000] {process_utils.py:191} INFO - NameError: name 'divider' is not defined
[2024-06-23T00:02:31.469+0000] {taskinstance.py:441} INFO - ::group::Post task execution logs
[2024-06-23T00:02:31.479+0000] {taskinstance.py:2905} ERROR - Task failed with exception
Traceback (most recent call last):
  File "/home/airflow/.local/lib/python3.12/site-packages/airflow/models/taskinstance.py", line 465, in _execute_task
    result = _execute_callable(context=context, **execute_callable_kwargs)
             ^^^^^^^^^^^^^^^^^^^^^^^^^^^^^^^^^^^^^^^^^^^^^^^^^^^^^^^^^^^^^
  File "/home/airflow/.local/lib/python3.12/site-packages/airflow/models/taskinstance.py", line 432, in _execute_callable
    return execute_callable(context=context, **execute_callable_kwargs)
           ^^^^^^^^^^^^^^^^^^^^^^^^^^^^^^^^^^^^^^^^^^^^^^^^^^^^^^^^^^^^
  File "/home/airflow/.local/lib/python3.12/site-packages/airflow/models/baseoperator.py", line 400, in wrapper
    return func(self, *args, **kwargs)
           ^^^^^^^^^^^^^^^^^^^^^^^^^^^
  File "/home/airflow/.local/lib/python3.12/site-packages/airflow/decorators/base.py", line 265, in execute
    return_value = super().execute(context)
                   ^^^^^^^^^^^^^^^^^^^^^^^^
  File "/home/airflow/.local/lib/python3.12/site-packages/airflow/models/baseoperator.py", line 400, in wrapper
    return func(self, *args, **kwargs)
           ^^^^^^^^^^^^^^^^^^^^^^^^^^^
  File "/home/airflow/.local/lib/python3.12/site-packages/airflow/operators/python.py", line 437, in execute
    return super().execute(context=serializable_context)
           ^^^^^^^^^^^^^^^^^^^^^^^^^^^^^^^^^^^^^^^^^^^^^
  File "/home/airflow/.local/lib/python3.12/site-packages/airflow/models/baseoperator.py", line 400, in wrapper
    return func(self, *args, **kwargs)
           ^^^^^^^^^^^^^^^^^^^^^^^^^^^
  File "/home/airflow/.local/lib/python3.12/site-packages/airflow/operators/python.py", line 235, in execute
    return_value = self.execute_callable()
                   ^^^^^^^^^^^^^^^^^^^^^^^
  File "/home/airflow/.local/lib/python3.12/site-packages/airflow/operators/python.py", line 759, in execute_callable
    result = self._execute_python_callable_in_subprocess(python_path)
             ^^^^^^^^^^^^^^^^^^^^^^^^^^^^^^^^^^^^^^^^^^^^^^^^^^^^^^^^
  File "/home/airflow/.local/lib/python3.12/site-packages/airflow/operators/python.py", line 514, in _execute_python_callable_in_subprocess
    raise AirflowException(error_msg) from None
airflow.exceptions.AirflowException: Process returned non-zero exit status 1.
name 'divider' is not defined
[2024-06-23T00:02:31.483+0000] {taskinstance.py:1206} INFO - Marking task as FAILED. dag_id=pokemon_example, task_id=metricspokemonweights, run_id=manual__2024-06-23T00:01:34.566508+00:00, execution_date=20240623T000134, start_date=20240623T000222, end_date=20240623T000231
[2024-06-23T00:02:31.497+0000] {standard_task_runner.py:110} ERROR - Failed to execute job 73 for task metricspokemonweights (Process returned non-zero exit status 1.
name 'divider' is not defined; 5490)
[2024-06-23T00:02:31.531+0000] {local_task_job_runner.py:240} INFO - Task exited with return code 1
[2024-06-23T00:02:31.574+0000] {taskinstance.py:3498} INFO - 0 downstream tasks scheduled from follow-on schedule check
[2024-06-23T00:02:31.578+0000] {local_task_job_runner.py:222} INFO - ::endgroup::
