[2024-06-14T14:13:09.455+0000] {local_task_job_runner.py:120} INFO - ::group::Pre task execution logs
[2024-06-14T14:13:09.482+0000] {taskinstance.py:2076} INFO - Dependencies all met for dep_context=non-requeueable deps ti=<TaskInstance: tutorial.print_date scheduled__2024-06-13T00:00:00+00:00 [queued]>
[2024-06-14T14:13:09.489+0000] {taskinstance.py:2076} INFO - Dependencies all met for dep_context=requeueable deps ti=<TaskInstance: tutorial.print_date scheduled__2024-06-13T00:00:00+00:00 [queued]>
[2024-06-14T14:13:09.490+0000] {taskinstance.py:2306} INFO - Starting attempt 1 of 2
[2024-06-14T14:13:09.503+0000] {taskinstance.py:2330} INFO - Executing <Task(BashOperator): print_date> on 2024-06-13 00:00:00+00:00
[2024-06-14T14:13:09.509+0000] {warnings.py:110} WARNING - /home/***/.local/lib/python3.12/site-packages/***/task/task_runner/standard_task_runner.py:61: DeprecationWarning: This process (pid=49) is multi-threaded, use of fork() may lead to deadlocks in the child.
  pid = os.fork()

[2024-06-14T14:13:09.510+0000] {standard_task_runner.py:63} INFO - Started process 51 to run task
[2024-06-14T14:13:09.511+0000] {standard_task_runner.py:90} INFO - Running: ['***', 'tasks', 'run', 'tutorial', 'print_date', 'scheduled__2024-06-13T00:00:00+00:00', '--job-id', '21', '--raw', '--subdir', '/home/***/.local/lib/python3.12/site-packages/***/example_dags/tutorial.py', '--cfg-path', '/tmp/tmporcujlus']
[2024-06-14T14:13:09.513+0000] {standard_task_runner.py:91} INFO - Job 21: Subtask print_date
[2024-06-14T14:13:09.556+0000] {task_command.py:426} INFO - Running <TaskInstance: tutorial.print_date scheduled__2024-06-13T00:00:00+00:00 [running]> on host 91fb71641d4b
[2024-06-14T14:13:09.644+0000] {taskinstance.py:2648} INFO - Exporting env vars: AIRFLOW_CTX_DAG_EMAIL='***@example.com' AIRFLOW_CTX_DAG_OWNER='***' AIRFLOW_CTX_DAG_ID='tutorial' AIRFLOW_CTX_TASK_ID='print_date' AIRFLOW_CTX_EXECUTION_DATE='2024-06-13T00:00:00+00:00' AIRFLOW_CTX_TRY_NUMBER='1' AIRFLOW_CTX_DAG_RUN_ID='scheduled__2024-06-13T00:00:00+00:00'
[2024-06-14T14:13:09.645+0000] {taskinstance.py:430} INFO - ::endgroup::
[2024-06-14T14:13:09.646+0000] {subprocess.py:63} INFO - Tmp dir root location: /tmp
[2024-06-14T14:13:09.646+0000] {subprocess.py:75} INFO - Running command: ['/usr/bin/bash', '-c', 'date']
[2024-06-14T14:13:09.658+0000] {subprocess.py:86} INFO - Output:
[2024-06-14T14:13:09.661+0000] {subprocess.py:93} INFO - Fri Jun 14 14:13:09 UTC 2024
[2024-06-14T14:13:09.662+0000] {subprocess.py:97} INFO - Command exited with return code 0
[2024-06-14T14:13:09.663+0000] {taskinstance.py:441} INFO - ::group::Post task execution logs
[2024-06-14T14:13:09.691+0000] {taskinstance.py:1206} INFO - Marking task as SUCCESS. dag_id=tutorial, task_id=print_date, run_id=scheduled__2024-06-13T00:00:00+00:00, execution_date=20240613T000000, start_date=20240614T141309, end_date=20240614T141309
[2024-06-14T14:13:09.724+0000] {local_task_job_runner.py:240} INFO - Task exited with return code 0
[2024-06-14T14:13:09.744+0000] {taskinstance.py:3498} INFO - 2 downstream tasks scheduled from follow-on schedule check
[2024-06-14T14:13:09.747+0000] {local_task_job_runner.py:222} INFO - ::endgroup::
