[2024-06-23T00:00:42.087+0000] {local_task_job_runner.py:120} INFO - ::group::Pre task execution logs
[2024-06-23T00:00:42.110+0000] {taskinstance.py:2076} INFO - Dependencies all met for dep_context=non-requeueable deps ti=<TaskInstance: simple_bash_operators.datetask manual__2024-06-23T00:00:40.233034+00:00 [queued]>
[2024-06-23T00:00:42.119+0000] {taskinstance.py:2076} INFO - Dependencies all met for dep_context=requeueable deps ti=<TaskInstance: simple_bash_operators.datetask manual__2024-06-23T00:00:40.233034+00:00 [queued]>
[2024-06-23T00:00:42.120+0000] {taskinstance.py:2306} INFO - Starting attempt 1 of 1
[2024-06-23T00:00:42.133+0000] {taskinstance.py:2330} INFO - Executing <Task(BashOperator): datetask> on 2024-06-23 00:00:40.233034+00:00
[2024-06-23T00:00:42.140+0000] {warnings.py:110} WARNING - /home/***/.local/lib/python3.12/site-packages/***/task/task_runner/standard_task_runner.py:61: DeprecationWarning: This process (pid=5359) is multi-threaded, use of fork() may lead to deadlocks in the child.
  pid = os.fork()

[2024-06-23T00:00:42.141+0000] {standard_task_runner.py:63} INFO - Started process 5360 to run task
[2024-06-23T00:00:42.142+0000] {standard_task_runner.py:90} INFO - Running: ['***', 'tasks', 'run', 'simple_bash_operators', 'datetask', 'manual__2024-06-23T00:00:40.233034+00:00', '--job-id', '69', '--raw', '--subdir', 'DAGS_FOLDER/bash_operators.py', '--cfg-path', '/tmp/tmpqnd300d3']
[2024-06-23T00:00:42.143+0000] {standard_task_runner.py:91} INFO - Job 69: Subtask datetask
[2024-06-23T00:00:42.189+0000] {task_command.py:426} INFO - Running <TaskInstance: simple_bash_operators.datetask manual__2024-06-23T00:00:40.233034+00:00 [running]> on host c357804a93ab
[2024-06-23T00:00:42.277+0000] {taskinstance.py:2648} INFO - Exporting env vars: AIRFLOW_CTX_DAG_OWNER='***' AIRFLOW_CTX_DAG_ID='simple_bash_operators' AIRFLOW_CTX_TASK_ID='datetask' AIRFLOW_CTX_EXECUTION_DATE='2024-06-23T00:00:40.233034+00:00' AIRFLOW_CTX_TRY_NUMBER='1' AIRFLOW_CTX_DAG_RUN_ID='manual__2024-06-23T00:00:40.233034+00:00'
[2024-06-23T00:00:42.277+0000] {taskinstance.py:430} INFO - ::endgroup::
[2024-06-23T00:00:42.293+0000] {subprocess.py:63} INFO - Tmp dir root location: /tmp
[2024-06-23T00:00:42.293+0000] {subprocess.py:75} INFO - Running command: ['/usr/bin/bash', '-c', 'date']
[2024-06-23T00:00:42.305+0000] {subprocess.py:86} INFO - Output:
[2024-06-23T00:00:42.308+0000] {subprocess.py:93} INFO - Sun Jun 23 00:00:42 UTC 2024
[2024-06-23T00:00:42.309+0000] {subprocess.py:97} INFO - Command exited with return code 0
[2024-06-23T00:00:42.309+0000] {taskinstance.py:441} INFO - ::group::Post task execution logs
[2024-06-23T00:00:42.339+0000] {taskinstance.py:1206} INFO - Marking task as SUCCESS. dag_id=simple_bash_operators, task_id=datetask, run_id=manual__2024-06-23T00:00:40.233034+00:00, execution_date=20240623T000040, start_date=20240623T000042, end_date=20240623T000042
[2024-06-23T00:00:42.395+0000] {local_task_job_runner.py:240} INFO - Task exited with return code 0
[2024-06-23T00:00:42.417+0000] {taskinstance.py:3498} INFO - 0 downstream tasks scheduled from follow-on schedule check
[2024-06-23T00:00:42.421+0000] {local_task_job_runner.py:222} INFO - ::endgroup::
