[2024-06-23T01:07:12.369+0000] {local_task_job_runner.py:120} INFO - ::group::Pre task execution logs
[2024-06-23T01:07:12.392+0000] {taskinstance.py:2076} INFO - Dependencies all met for dep_context=non-requeueable deps ti=<TaskInstance: pokemon_example.metricspokemonweights manual__2024-06-23T01:05:39.505161+00:00 [queued]>
[2024-06-23T01:07:12.399+0000] {taskinstance.py:2076} INFO - Dependencies all met for dep_context=requeueable deps ti=<TaskInstance: pokemon_example.metricspokemonweights manual__2024-06-23T01:05:39.505161+00:00 [queued]>
[2024-06-23T01:07:12.400+0000] {taskinstance.py:2306} INFO - Starting attempt 1 of 1
[2024-06-23T01:07:12.413+0000] {taskinstance.py:2330} INFO - Executing <Task(_PythonVirtualenvDecoratedOperator): metricspokemonweights> on 2024-06-23 01:05:39.505161+00:00
[2024-06-23T01:07:12.419+0000] {warnings.py:110} WARNING - /home/***/.local/lib/python3.12/site-packages/***/task/task_runner/standard_task_runner.py:61: DeprecationWarning: This process (pid=6957) is multi-threaded, use of fork() may lead to deadlocks in the child.
  pid = os.fork()

[2024-06-23T01:07:12.420+0000] {standard_task_runner.py:63} INFO - Started process 6958 to run task
[2024-06-23T01:07:12.421+0000] {standard_task_runner.py:90} INFO - Running: ['***', 'tasks', 'run', 'pokemon_example', 'metricspokemonweights', 'manual__2024-06-23T01:05:39.505161+00:00', '--job-id', '93', '--raw', '--subdir', 'DAGS_FOLDER/python_operators.py', '--cfg-path', '/tmp/tmpep9_7qjn']
[2024-06-23T01:07:12.422+0000] {standard_task_runner.py:91} INFO - Job 93: Subtask metricspokemonweights
[2024-06-23T01:07:12.461+0000] {task_command.py:426} INFO - Running <TaskInstance: pokemon_example.metricspokemonweights manual__2024-06-23T01:05:39.505161+00:00 [running]> on host c357804a93ab
[2024-06-23T01:07:12.566+0000] {taskinstance.py:2648} INFO - Exporting env vars: AIRFLOW_CTX_DAG_OWNER='***' AIRFLOW_CTX_DAG_ID='pokemon_example' AIRFLOW_CTX_TASK_ID='metricspokemonweights' AIRFLOW_CTX_EXECUTION_DATE='2024-06-23T01:05:39.505161+00:00' AIRFLOW_CTX_TRY_NUMBER='1' AIRFLOW_CTX_DAG_RUN_ID='manual__2024-06-23T01:05:39.505161+00:00'
[2024-06-23T01:07:12.567+0000] {taskinstance.py:430} INFO - ::endgroup::
[2024-06-23T01:07:12.568+0000] {process_utils.py:183} INFO - Executing cmd: /home/***/.local/bin/python -m virtualenv /tmp/venv_royc86n --system-site-packages --python=python
[2024-06-23T01:07:12.569+0000] {process_utils.py:187} INFO - Output:
[2024-06-23T01:07:13.278+0000] {process_utils.py:191} INFO - created virtual environment CPython3.12.3.final.0-64 in 231ms
[2024-06-23T01:07:13.279+0000] {process_utils.py:191} INFO -   creator CPython3Posix(dest=/tmp/venv_royc86n, clear=False, no_vcs_ignore=False, global=True)
[2024-06-23T01:07:13.279+0000] {process_utils.py:191} INFO -   seeder FromAppData(download=False, pip=bundle, via=copy, app_data_dir=/home/***/.local/share/virtualenv)
[2024-06-23T01:07:13.280+0000] {process_utils.py:191} INFO -     added seed packages: pip==24.0
[2024-06-23T01:07:13.280+0000] {process_utils.py:191} INFO -   activators BashActivator,CShellActivator,FishActivator,NushellActivator,PowerShellActivator,PythonActivator
[2024-06-23T01:07:13.301+0000] {process_utils.py:183} INFO - Executing cmd: /tmp/venv_royc86n/bin/pip install -r /tmp/venv_royc86n/requirements.txt
[2024-06-23T01:07:13.301+0000] {process_utils.py:187} INFO - Output:
[2024-06-23T01:07:18.124+0000] {process_utils.py:191} INFO - 
[2024-06-23T01:07:18.125+0000] {process_utils.py:191} INFO - [notice] A new release of pip is available: 24.0 -> 24.1
[2024-06-23T01:07:18.126+0000] {process_utils.py:191} INFO - [notice] To update, run: python -m pip install --upgrade pip
[2024-06-23T01:07:18.249+0000] {process_utils.py:183} INFO - Executing cmd: /tmp/venv_royc86n/bin/python /tmp/venv-call526ci2oo/script.py /tmp/venv-call526ci2oo/script.in /tmp/venv-call526ci2oo/script.out /tmp/venv-call526ci2oo/string_args.txt /tmp/venv-call526ci2oo/termination.log
[2024-06-23T01:07:18.250+0000] {process_utils.py:187} INFO - Output:
[2024-06-23T01:07:20.447+0000] {process_utils.py:191} INFO - ----------------------------------------------------------------------------------------------------
[2024-06-23T01:07:20.447+0000] {process_utils.py:191} INFO - raw data:
[2024-06-23T01:07:20.448+0000] {process_utils.py:191} INFO - name        url                                       weight    parent_cluster    parent_centroid    deviation_factor
[2024-06-23T01:07:20.449+0000] {process_utils.py:191} INFO - ----------  --------------------------------------  --------  ----------------  -----------------  ------------------
[2024-06-23T01:07:20.449+0000] {process_utils.py:191} INFO - bulbasaur   https://pokeapi.co/api/v2/pokemon/1/          69                 1            199.601          0.654311
[2024-06-23T01:07:20.450+0000] {process_utils.py:191} INFO - ivysaur     https://pokeapi.co/api/v2/pokemon/2/         130                 1            199.601          0.348702
[2024-06-23T01:07:20.450+0000] {process_utils.py:191} INFO - venusaur    https://pokeapi.co/api/v2/pokemon/3/        1000                 0            839.234          0.191562
[2024-06-23T01:07:20.451+0000] {process_utils.py:191} INFO - charmander  https://pokeapi.co/api/v2/pokemon/4/          85                 1            199.601          0.574151
[2024-06-23T01:07:20.451+0000] {process_utils.py:191} INFO - charmeleon  https://pokeapi.co/api/v2/pokemon/5/         190                 1            199.601          0.0481026
[2024-06-23T01:07:20.452+0000] {process_utils.py:191} INFO - charizard   https://pokeapi.co/api/v2/pokemon/6/         905                 0            839.234          0.0783638
[2024-06-23T01:07:20.452+0000] {process_utils.py:191} INFO - squirtle    https://pokeapi.co/api/v2/pokemon/7/          90                 1            199.601          0.549101
[2024-06-23T01:07:20.453+0000] {process_utils.py:191} INFO - wartortle   https://pokeapi.co/api/v2/pokemon/8/         225                 1            199.601          0.127247
[2024-06-23T01:07:20.453+0000] {process_utils.py:191} INFO - blastoise   https://pokeapi.co/api/v2/pokemon/9/         855                 0            839.234          0.0187857
[2024-06-23T01:07:20.454+0000] {process_utils.py:191} INFO - caterpie    https://pokeapi.co/api/v2/pokemon/10/         29                 1            199.601          0.85471
[2024-06-23T01:07:20.454+0000] {process_utils.py:191} INFO - metapod     https://pokeapi.co/api/v2/pokemon/11/         99                 1            199.601          0.504011
[2024-06-23T01:07:20.454+0000] {process_utils.py:191} INFO - butterfree  https://pokeapi.co/api/v2/pokemon/12/        320                 1            199.601          0.603196
[2024-06-23T01:07:20.455+0000] {process_utils.py:191} INFO - weedle      https://pokeapi.co/api/v2/pokemon/13/         32                 1            199.601          0.83968
[2024-06-23T01:07:20.455+0000] {process_utils.py:191} INFO - kakuna      https://pokeapi.co/api/v2/pokemon/14/        100                 1            199.601          0.499001
[2024-06-23T01:07:20.456+0000] {process_utils.py:191} INFO - beedrill    https://pokeapi.co/api/v2/pokemon/15/        295                 1            199.601          0.477946
[2024-06-23T01:07:20.456+0000] {process_utils.py:191} INFO - pidgey      https://pokeapi.co/api/v2/pokemon/16/         18                 1            199.601          0.90982
[2024-06-23T01:07:20.457+0000] {process_utils.py:191} INFO - pidgeotto   https://pokeapi.co/api/v2/pokemon/17/        300                 1            199.601          0.502996
[2024-06-23T01:07:20.457+0000] {process_utils.py:191} INFO - pidgeot     https://pokeapi.co/api/v2/pokemon/18/        395                 1            199.601          0.978945
[2024-06-23T01:07:20.458+0000] {process_utils.py:191} INFO - rattata     https://pokeapi.co/api/v2/pokemon/19/         35                 1            199.601          0.82465
[2024-06-23T01:07:20.458+0000] {process_utils.py:191} INFO - raticate    https://pokeapi.co/api/v2/pokemon/20/        185                 1            199.601          0.0731526
[2024-06-23T01:07:20.459+0000] {process_utils.py:191} INFO - spearow     https://pokeapi.co/api/v2/pokemon/21/         20                 1            199.601          0.8998
[2024-06-23T01:07:20.459+0000] {process_utils.py:191} INFO - fearow      https://pokeapi.co/api/v2/pokemon/22/        380                 1            199.601          0.903795
[2024-06-23T01:07:20.460+0000] {process_utils.py:191} INFO - ekans       https://pokeapi.co/api/v2/pokemon/23/         69                 1            199.601          0.654311
[2024-06-23T01:07:20.461+0000] {process_utils.py:191} INFO - arbok       https://pokeapi.co/api/v2/pokemon/24/        650                 0            839.234          0.225485
[2024-06-23T01:07:20.461+0000] {process_utils.py:191} INFO - pikachu     https://pokeapi.co/api/v2/pokemon/25/         60                 1            199.601          0.699401
[2024-06-23T01:07:20.462+0000] {process_utils.py:191} INFO - raichu      https://pokeapi.co/api/v2/pokemon/26/        300                 1            199.601          0.502996
[2024-06-23T01:07:20.462+0000] {process_utils.py:191} INFO - sandshrew   https://pokeapi.co/api/v2/pokemon/27/        120                 1            199.601          0.398802
[2024-06-23T01:07:20.463+0000] {process_utils.py:191} INFO - sandslash   https://pokeapi.co/api/v2/pokemon/28/        295                 1            199.601          0.477946
[2024-06-23T01:07:20.463+0000] {process_utils.py:191} INFO - nidoran-f   https://pokeapi.co/api/v2/pokemon/29/         70                 1            199.601          0.649301
[2024-06-23T01:07:20.464+0000] {process_utils.py:191} INFO - nidorina    https://pokeapi.co/api/v2/pokemon/30/        200                 1            199.601          0.00199722
[2024-06-23T01:07:20.464+0000] {process_utils.py:191} INFO - nidoqueen   https://pokeapi.co/api/v2/pokemon/31/        600                 0            839.234          0.285063
[2024-06-23T01:07:20.465+0000] {process_utils.py:191} INFO - nidoran-m   https://pokeapi.co/api/v2/pokemon/32/         90                 1            199.601          0.549101
[2024-06-23T01:07:20.465+0000] {process_utils.py:191} INFO - nidorino    https://pokeapi.co/api/v2/pokemon/33/        195                 1            199.601          0.0230527
[2024-06-23T01:07:20.466+0000] {process_utils.py:191} INFO - nidoking    https://pokeapi.co/api/v2/pokemon/34/        620                 0            839.234          0.261231
[2024-06-23T01:07:20.466+0000] {process_utils.py:191} INFO - clefairy    https://pokeapi.co/api/v2/pokemon/35/         75                 1            199.601          0.624251
[2024-06-23T01:07:20.467+0000] {process_utils.py:191} INFO - clefable    https://pokeapi.co/api/v2/pokemon/36/        400                 1            199.601          1.00399
[2024-06-23T01:07:20.468+0000] {process_utils.py:191} INFO - vulpix      https://pokeapi.co/api/v2/pokemon/37/         99                 1            199.601          0.504011
[2024-06-23T01:07:20.468+0000] {process_utils.py:191} INFO - ninetales   https://pokeapi.co/api/v2/pokemon/38/        199                 1            199.601          0.00301276
[2024-06-23T01:07:20.469+0000] {process_utils.py:191} INFO - jigglypuff  https://pokeapi.co/api/v2/pokemon/39/         55                 1            199.601          0.724451
[2024-06-23T01:07:20.469+0000] {process_utils.py:191} INFO - wigglytuff  https://pokeapi.co/api/v2/pokemon/40/        120                 1            199.601          0.398802
[2024-06-23T01:07:20.470+0000] {process_utils.py:191} INFO - zubat       https://pokeapi.co/api/v2/pokemon/41/         75                 1            199.601          0.624251
[2024-06-23T01:07:20.470+0000] {process_utils.py:191} INFO - golbat      https://pokeapi.co/api/v2/pokemon/42/        550                 0            839.234          0.344641
[2024-06-23T01:07:20.471+0000] {process_utils.py:191} INFO - oddish      https://pokeapi.co/api/v2/pokemon/43/         54                 1            199.601          0.729461
[2024-06-23T01:07:20.471+0000] {process_utils.py:191} INFO - gloom       https://pokeapi.co/api/v2/pokemon/44/         86                 1            199.601          0.569141
[2024-06-23T01:07:20.472+0000] {process_utils.py:191} INFO - vileplume   https://pokeapi.co/api/v2/pokemon/45/        186                 1            199.601          0.0681426
[2024-06-23T01:07:20.472+0000] {process_utils.py:191} INFO - paras       https://pokeapi.co/api/v2/pokemon/46/         54                 1            199.601          0.729461
[2024-06-23T01:07:20.473+0000] {process_utils.py:191} INFO - parasect    https://pokeapi.co/api/v2/pokemon/47/        295                 1            199.601          0.477946
[2024-06-23T01:07:20.473+0000] {process_utils.py:191} INFO - venonat     https://pokeapi.co/api/v2/pokemon/48/        300                 1            199.601          0.502996
[2024-06-23T01:07:20.474+0000] {process_utils.py:191} INFO - venomoth    https://pokeapi.co/api/v2/pokemon/49/        125                 1            199.601          0.373752
[2024-06-23T01:07:20.474+0000] {process_utils.py:191} INFO - diglett     https://pokeapi.co/api/v2/pokemon/50/          8                 1            199.601          0.95992
[2024-06-23T01:07:20.474+0000] {process_utils.py:191} INFO - dugtrio     https://pokeapi.co/api/v2/pokemon/51/        333                 1            199.601          0.668325
[2024-06-23T01:07:20.475+0000] {process_utils.py:191} INFO - meowth      https://pokeapi.co/api/v2/pokemon/52/         42                 1            199.601          0.789581
[2024-06-23T01:07:20.475+0000] {process_utils.py:191} INFO - persian     https://pokeapi.co/api/v2/pokemon/53/        320                 1            199.601          0.603196
[2024-06-23T01:07:20.476+0000] {process_utils.py:191} INFO - psyduck     https://pokeapi.co/api/v2/pokemon/54/        196                 1            199.601          0.0180427
[2024-06-23T01:07:20.476+0000] {process_utils.py:191} INFO - golduck     https://pokeapi.co/api/v2/pokemon/55/        766                 0            839.234          0.0872633
[2024-06-23T01:07:20.477+0000] {process_utils.py:191} INFO - mankey      https://pokeapi.co/api/v2/pokemon/56/        280                 1            199.601          0.402796
[2024-06-23T01:07:20.477+0000] {process_utils.py:191} INFO - primeape    https://pokeapi.co/api/v2/pokemon/57/        320                 1            199.601          0.603196
[2024-06-23T01:07:20.478+0000] {process_utils.py:191} INFO - growlithe   https://pokeapi.co/api/v2/pokemon/58/        190                 1            199.601          0.0481026
[2024-06-23T01:07:20.478+0000] {process_utils.py:191} INFO - arcanine    https://pokeapi.co/api/v2/pokemon/59/       1550                 0            839.234          0.846921
[2024-06-23T01:07:20.479+0000] {process_utils.py:191} INFO - poliwag     https://pokeapi.co/api/v2/pokemon/60/        124                 1            199.601          0.378762
[2024-06-23T01:07:20.479+0000] {process_utils.py:191} INFO - poliwhirl   https://pokeapi.co/api/v2/pokemon/61/        200                 1            199.601          0.00199722
[2024-06-23T01:07:20.480+0000] {process_utils.py:191} INFO - poliwrath   https://pokeapi.co/api/v2/pokemon/62/        540                 0            839.234          0.356556
[2024-06-23T01:07:20.480+0000] {process_utils.py:191} INFO - abra        https://pokeapi.co/api/v2/pokemon/63/        195                 1            199.601          0.0230527
[2024-06-23T01:07:20.481+0000] {process_utils.py:191} INFO - kadabra     https://pokeapi.co/api/v2/pokemon/64/        565                 0            839.234          0.326767
[2024-06-23T01:07:20.481+0000] {process_utils.py:191} INFO - alakazam    https://pokeapi.co/api/v2/pokemon/65/        480                 1            199.601          1.40479
[2024-06-23T01:07:20.482+0000] {process_utils.py:191} INFO - machop      https://pokeapi.co/api/v2/pokemon/66/        195                 1            199.601          0.0230527
[2024-06-23T01:07:20.482+0000] {process_utils.py:191} INFO - machoke     https://pokeapi.co/api/v2/pokemon/67/        705                 0            839.234          0.159949
[2024-06-23T01:07:20.483+0000] {process_utils.py:191} INFO - machamp     https://pokeapi.co/api/v2/pokemon/68/       1300                 0            839.234          0.549031
[2024-06-23T01:07:20.483+0000] {process_utils.py:191} INFO - bellsprout  https://pokeapi.co/api/v2/pokemon/69/         40                 1            199.601          0.799601
[2024-06-23T01:07:20.484+0000] {process_utils.py:191} INFO - weepinbell  https://pokeapi.co/api/v2/pokemon/70/         64                 1            199.601          0.679361
[2024-06-23T01:07:20.484+0000] {process_utils.py:191} INFO - victreebel  https://pokeapi.co/api/v2/pokemon/71/        155                 1            199.601          0.223452
[2024-06-23T01:07:20.485+0000] {process_utils.py:191} INFO - tentacool   https://pokeapi.co/api/v2/pokemon/72/        455                 1            199.601          1.27954
[2024-06-23T01:07:20.485+0000] {process_utils.py:191} INFO - tentacruel  https://pokeapi.co/api/v2/pokemon/73/        550                 0            839.234          0.344641
[2024-06-23T01:07:20.486+0000] {process_utils.py:191} INFO - geodude     https://pokeapi.co/api/v2/pokemon/74/        200                 1            199.601          0.00199722
[2024-06-23T01:07:20.486+0000] {process_utils.py:191} INFO - graveler    https://pokeapi.co/api/v2/pokemon/75/       1050                 0            839.234          0.25114
[2024-06-23T01:07:20.487+0000] {process_utils.py:191} INFO - golem       https://pokeapi.co/api/v2/pokemon/76/       3000                 2           2681.25           0.118881
[2024-06-23T01:07:20.487+0000] {process_utils.py:191} INFO - ponyta      https://pokeapi.co/api/v2/pokemon/77/        300                 1            199.601          0.502996
[2024-06-23T01:07:20.487+0000] {process_utils.py:191} INFO - rapidash    https://pokeapi.co/api/v2/pokemon/78/        950                 0            839.234          0.131984
[2024-06-23T01:07:20.488+0000] {process_utils.py:191} INFO - slowpoke    https://pokeapi.co/api/v2/pokemon/79/        360                 1            199.601          0.803595
[2024-06-23T01:07:20.489+0000] {process_utils.py:191} INFO - slowbro     https://pokeapi.co/api/v2/pokemon/80/        785                 0            839.234          0.0646236
[2024-06-23T01:07:20.489+0000] {process_utils.py:191} INFO - poliwhirl   https://pokeapi.co/api/v2/pokemon/61/        200                 1            199.601          0.00199722
[2024-06-23T01:07:20.489+0000] {process_utils.py:191} INFO - poliwrath   https://pokeapi.co/api/v2/pokemon/62/        540                 0            839.234          0.356556
[2024-06-23T01:07:20.490+0000] {process_utils.py:191} INFO - abra        https://pokeapi.co/api/v2/pokemon/63/        195                 1            199.601          0.0230527
[2024-06-23T01:07:20.490+0000] {process_utils.py:191} INFO - kadabra     https://pokeapi.co/api/v2/pokemon/64/        565                 0            839.234          0.326767
[2024-06-23T01:07:20.491+0000] {process_utils.py:191} INFO - alakazam    https://pokeapi.co/api/v2/pokemon/65/        480                 1            199.601          1.40479
[2024-06-23T01:07:20.491+0000] {process_utils.py:191} INFO - machop      https://pokeapi.co/api/v2/pokemon/66/        195                 1            199.601          0.0230527
[2024-06-23T01:07:20.492+0000] {process_utils.py:191} INFO - machoke     https://pokeapi.co/api/v2/pokemon/67/        705                 0            839.234          0.159949
[2024-06-23T01:07:20.492+0000] {process_utils.py:191} INFO - machamp     https://pokeapi.co/api/v2/pokemon/68/       1300                 0            839.234          0.549031
[2024-06-23T01:07:20.493+0000] {process_utils.py:191} INFO - bellsprout  https://pokeapi.co/api/v2/pokemon/69/         40                 1            199.601          0.799601
[2024-06-23T01:07:20.493+0000] {process_utils.py:191} INFO - weepinbell  https://pokeapi.co/api/v2/pokemon/70/         64                 1            199.601          0.679361
[2024-06-23T01:07:20.494+0000] {process_utils.py:191} INFO - victreebel  https://pokeapi.co/api/v2/pokemon/71/        155                 1            199.601          0.223452
[2024-06-23T01:07:20.494+0000] {process_utils.py:191} INFO - tentacool   https://pokeapi.co/api/v2/pokemon/72/        455                 1            199.601          1.27954
[2024-06-23T01:07:20.495+0000] {process_utils.py:191} INFO - tentacruel  https://pokeapi.co/api/v2/pokemon/73/        550                 0            839.234          0.344641
[2024-06-23T01:07:20.495+0000] {process_utils.py:191} INFO - geodude     https://pokeapi.co/api/v2/pokemon/74/        200                 1            199.601          0.00199722
[2024-06-23T01:07:20.496+0000] {process_utils.py:191} INFO - graveler    https://pokeapi.co/api/v2/pokemon/75/       1050                 0            839.234          0.25114
[2024-06-23T01:07:20.496+0000] {process_utils.py:191} INFO - golem       https://pokeapi.co/api/v2/pokemon/76/       3000                 2           2681.25           0.118881
[2024-06-23T01:07:20.497+0000] {process_utils.py:191} INFO - ponyta      https://pokeapi.co/api/v2/pokemon/77/        300                 1            199.601          0.502996
[2024-06-23T01:07:20.497+0000] {process_utils.py:191} INFO - rapidash    https://pokeapi.co/api/v2/pokemon/78/        950                 0            839.234          0.131984
[2024-06-23T01:07:20.498+0000] {process_utils.py:191} INFO - slowpoke    https://pokeapi.co/api/v2/pokemon/79/        360                 1            199.601          0.803595
[2024-06-23T01:07:20.498+0000] {process_utils.py:191} INFO - slowbro     https://pokeapi.co/api/v2/pokemon/80/        785                 0            839.234          0.0646236
[2024-06-23T01:07:20.499+0000] {process_utils.py:191} INFO - magnemite   https://pokeapi.co/api/v2/pokemon/81/         60                 1            199.601          0.699401
[2024-06-23T01:07:20.499+0000] {process_utils.py:191} INFO - magneton    https://pokeapi.co/api/v2/pokemon/82/        600                 0            839.234          0.285063
[2024-06-23T01:07:20.499+0000] {process_utils.py:191} INFO - farfetchd   https://pokeapi.co/api/v2/pokemon/83/        150                 1            199.601          0.248502
[2024-06-23T01:07:20.500+0000] {process_utils.py:191} INFO - doduo       https://pokeapi.co/api/v2/pokemon/84/        392                 1            199.601          0.963915
[2024-06-23T01:07:20.500+0000] {process_utils.py:191} INFO - dodrio      https://pokeapi.co/api/v2/pokemon/85/        852                 0            839.234          0.015211
[2024-06-23T01:07:20.501+0000] {process_utils.py:191} INFO - seel        https://pokeapi.co/api/v2/pokemon/86/        900                 0            839.234          0.072406
[2024-06-23T01:07:20.501+0000] {process_utils.py:191} INFO - dewgong     https://pokeapi.co/api/v2/pokemon/87/       1200                 0            839.234          0.429875
[2024-06-23T01:07:20.502+0000] {process_utils.py:191} INFO - grimer      https://pokeapi.co/api/v2/pokemon/88/        300                 1            199.601          0.502996
[2024-06-23T01:07:20.502+0000] {process_utils.py:191} INFO - muk         https://pokeapi.co/api/v2/pokemon/89/        300                 1            199.601          0.502996
[2024-06-23T01:07:20.503+0000] {process_utils.py:191} INFO - shellder    https://pokeapi.co/api/v2/pokemon/90/         40                 1            199.601          0.799601
[2024-06-23T01:07:20.503+0000] {process_utils.py:191} INFO - cloyster    https://pokeapi.co/api/v2/pokemon/91/       1325                 0            839.234          0.57882
[2024-06-23T01:07:20.504+0000] {process_utils.py:191} INFO - gastly      https://pokeapi.co/api/v2/pokemon/92/          1                 1            199.601          0.99499
[2024-06-23T01:07:20.505+0000] {process_utils.py:191} INFO - haunter     https://pokeapi.co/api/v2/pokemon/93/          1                 1            199.601          0.99499
[2024-06-23T01:07:20.505+0000] {process_utils.py:191} INFO - gengar      https://pokeapi.co/api/v2/pokemon/94/        405                 1            199.601          1.02904
[2024-06-23T01:07:20.506+0000] {process_utils.py:191} INFO - onix        https://pokeapi.co/api/v2/pokemon/95/       2100                 2           2681.25           0.216783
[2024-06-23T01:07:20.506+0000] {process_utils.py:191} INFO - drowzee     https://pokeapi.co/api/v2/pokemon/96/        324                 1            199.601          0.623236
[2024-06-23T01:07:20.507+0000] {process_utils.py:191} INFO - hypno       https://pokeapi.co/api/v2/pokemon/97/        756                 0            839.234          0.0991789
[2024-06-23T01:07:20.507+0000] {process_utils.py:191} INFO - krabby      https://pokeapi.co/api/v2/pokemon/98/         65                 1            199.601          0.674351
[2024-06-23T01:07:20.508+0000] {process_utils.py:191} INFO - kingler     https://pokeapi.co/api/v2/pokemon/99/        600                 0            839.234          0.285063
[2024-06-23T01:07:20.508+0000] {process_utils.py:191} INFO - voltorb     https://pokeapi.co/api/v2/pokemon/100/       104                 1            199.601          0.478961
[2024-06-23T01:07:20.509+0000] {process_utils.py:191} INFO - electrode   https://pokeapi.co/api/v2/pokemon/101/       666                 0            839.234          0.20642
[2024-06-23T01:07:20.509+0000] {process_utils.py:191} INFO - exeggcute   https://pokeapi.co/api/v2/pokemon/102/        25                 1            199.601          0.87475
[2024-06-23T01:07:20.510+0000] {process_utils.py:191} INFO - exeggutor   https://pokeapi.co/api/v2/pokemon/103/      1200                 0            839.234          0.429875
[2024-06-23T01:07:20.510+0000] {process_utils.py:191} INFO - cubone      https://pokeapi.co/api/v2/pokemon/104/        65                 1            199.601          0.674351
[2024-06-23T01:07:20.511+0000] {process_utils.py:191} INFO - marowak     https://pokeapi.co/api/v2/pokemon/105/       450                 1            199.601          1.25449
[2024-06-23T01:07:20.511+0000] {process_utils.py:191} INFO - hitmonlee   https://pokeapi.co/api/v2/pokemon/106/       498                 1            199.601          1.49497
[2024-06-23T01:07:20.512+0000] {process_utils.py:191} INFO - hitmonchan  https://pokeapi.co/api/v2/pokemon/107/       502                 1            199.601          1.51501
[2024-06-23T01:07:20.512+0000] {process_utils.py:191} INFO - lickitung   https://pokeapi.co/api/v2/pokemon/108/       655                 0            839.234          0.219527
[2024-06-23T01:07:20.513+0000] {process_utils.py:191} INFO - koffing     https://pokeapi.co/api/v2/pokemon/109/        10                 1            199.601          0.9499
[2024-06-23T01:07:20.513+0000] {process_utils.py:191} INFO - weezing     https://pokeapi.co/api/v2/pokemon/110/        95                 1            199.601          0.524051
[2024-06-23T01:07:20.514+0000] {process_utils.py:191} INFO - rhyhorn     https://pokeapi.co/api/v2/pokemon/111/      1150                 0            839.234          0.370297
[2024-06-23T01:07:20.514+0000] {process_utils.py:191} INFO - rhydon      https://pokeapi.co/api/v2/pokemon/112/      1200                 0            839.234          0.429875
[2024-06-23T01:07:20.515+0000] {process_utils.py:191} INFO - chansey     https://pokeapi.co/api/v2/pokemon/113/       346                 1            199.601          0.733455
[2024-06-23T01:07:20.515+0000] {process_utils.py:191} INFO - tangela     https://pokeapi.co/api/v2/pokemon/114/       350                 1            199.601          0.753495
[2024-06-23T01:07:20.516+0000] {process_utils.py:191} INFO - kangaskhan  https://pokeapi.co/api/v2/pokemon/115/       800                 0            839.234          0.0467502
[2024-06-23T01:07:20.516+0000] {process_utils.py:191} INFO - horsea      https://pokeapi.co/api/v2/pokemon/116/        80                 1            199.601          0.599201
[2024-06-23T01:07:20.517+0000] {process_utils.py:191} INFO - seadra      https://pokeapi.co/api/v2/pokemon/117/       250                 1            199.601          0.252497
[2024-06-23T01:07:20.517+0000] {process_utils.py:191} INFO - goldeen     https://pokeapi.co/api/v2/pokemon/118/       150                 1            199.601          0.248502
[2024-06-23T01:07:20.518+0000] {process_utils.py:191} INFO - seaking     https://pokeapi.co/api/v2/pokemon/119/       390                 1            199.601          0.953895
[2024-06-23T01:07:20.518+0000] {process_utils.py:191} INFO - staryu      https://pokeapi.co/api/v2/pokemon/120/       345                 1            199.601          0.728445
[2024-06-23T01:07:20.519+0000] {process_utils.py:191} INFO - magnemite   https://pokeapi.co/api/v2/pokemon/81/         60                 1            199.601          0.699401
[2024-06-23T01:07:20.519+0000] {process_utils.py:191} INFO - magneton    https://pokeapi.co/api/v2/pokemon/82/        600                 0            839.234          0.285063
[2024-06-23T01:07:20.520+0000] {process_utils.py:191} INFO - farfetchd   https://pokeapi.co/api/v2/pokemon/83/        150                 1            199.601          0.248502
[2024-06-23T01:07:20.521+0000] {process_utils.py:191} INFO - doduo       https://pokeapi.co/api/v2/pokemon/84/        392                 1            199.601          0.963915
[2024-06-23T01:07:20.521+0000] {process_utils.py:191} INFO - dodrio      https://pokeapi.co/api/v2/pokemon/85/        852                 0            839.234          0.015211
[2024-06-23T01:07:20.522+0000] {process_utils.py:191} INFO - seel        https://pokeapi.co/api/v2/pokemon/86/        900                 0            839.234          0.072406
[2024-06-23T01:07:20.522+0000] {process_utils.py:191} INFO - dewgong     https://pokeapi.co/api/v2/pokemon/87/       1200                 0            839.234          0.429875
[2024-06-23T01:07:20.523+0000] {process_utils.py:191} INFO - grimer      https://pokeapi.co/api/v2/pokemon/88/        300                 1            199.601          0.502996
[2024-06-23T01:07:20.523+0000] {process_utils.py:191} INFO - muk         https://pokeapi.co/api/v2/pokemon/89/        300                 1            199.601          0.502996
[2024-06-23T01:07:20.524+0000] {process_utils.py:191} INFO - shellder    https://pokeapi.co/api/v2/pokemon/90/         40                 1            199.601          0.799601
[2024-06-23T01:07:20.524+0000] {process_utils.py:191} INFO - cloyster    https://pokeapi.co/api/v2/pokemon/91/       1325                 0            839.234          0.57882
[2024-06-23T01:07:20.525+0000] {process_utils.py:191} INFO - gastly      https://pokeapi.co/api/v2/pokemon/92/          1                 1            199.601          0.99499
[2024-06-23T01:07:20.525+0000] {process_utils.py:191} INFO - haunter     https://pokeapi.co/api/v2/pokemon/93/          1                 1            199.601          0.99499
[2024-06-23T01:07:20.526+0000] {process_utils.py:191} INFO - gengar      https://pokeapi.co/api/v2/pokemon/94/        405                 1            199.601          1.02904
[2024-06-23T01:07:20.527+0000] {process_utils.py:191} INFO - onix        https://pokeapi.co/api/v2/pokemon/95/       2100                 2           2681.25           0.216783
[2024-06-23T01:07:20.527+0000] {process_utils.py:191} INFO - drowzee     https://pokeapi.co/api/v2/pokemon/96/        324                 1            199.601          0.623236
[2024-06-23T01:07:20.528+0000] {process_utils.py:191} INFO - hypno       https://pokeapi.co/api/v2/pokemon/97/        756                 0            839.234          0.0991789
[2024-06-23T01:07:20.528+0000] {process_utils.py:191} INFO - krabby      https://pokeapi.co/api/v2/pokemon/98/         65                 1            199.601          0.674351
[2024-06-23T01:07:20.529+0000] {process_utils.py:191} INFO - kingler     https://pokeapi.co/api/v2/pokemon/99/        600                 0            839.234          0.285063
[2024-06-23T01:07:20.529+0000] {process_utils.py:191} INFO - voltorb     https://pokeapi.co/api/v2/pokemon/100/       104                 1            199.601          0.478961
[2024-06-23T01:07:20.530+0000] {process_utils.py:191} INFO - electrode   https://pokeapi.co/api/v2/pokemon/101/       666                 0            839.234          0.20642
[2024-06-23T01:07:20.530+0000] {process_utils.py:191} INFO - exeggcute   https://pokeapi.co/api/v2/pokemon/102/        25                 1            199.601          0.87475
[2024-06-23T01:07:20.531+0000] {process_utils.py:191} INFO - exeggutor   https://pokeapi.co/api/v2/pokemon/103/      1200                 0            839.234          0.429875
[2024-06-23T01:07:20.531+0000] {process_utils.py:191} INFO - cubone      https://pokeapi.co/api/v2/pokemon/104/        65                 1            199.601          0.674351
[2024-06-23T01:07:20.532+0000] {process_utils.py:191} INFO - marowak     https://pokeapi.co/api/v2/pokemon/105/       450                 1            199.601          1.25449
[2024-06-23T01:07:20.533+0000] {process_utils.py:191} INFO - hitmonlee   https://pokeapi.co/api/v2/pokemon/106/       498                 1            199.601          1.49497
[2024-06-23T01:07:20.533+0000] {process_utils.py:191} INFO - hitmonchan  https://pokeapi.co/api/v2/pokemon/107/       502                 1            199.601          1.51501
[2024-06-23T01:07:20.534+0000] {process_utils.py:191} INFO - lickitung   https://pokeapi.co/api/v2/pokemon/108/       655                 0            839.234          0.219527
[2024-06-23T01:07:20.534+0000] {process_utils.py:191} INFO - koffing     https://pokeapi.co/api/v2/pokemon/109/        10                 1            199.601          0.9499
[2024-06-23T01:07:20.535+0000] {process_utils.py:191} INFO - weezing     https://pokeapi.co/api/v2/pokemon/110/        95                 1            199.601          0.524051
[2024-06-23T01:07:20.535+0000] {process_utils.py:191} INFO - rhyhorn     https://pokeapi.co/api/v2/pokemon/111/      1150                 0            839.234          0.370297
[2024-06-23T01:07:20.536+0000] {process_utils.py:191} INFO - rhydon      https://pokeapi.co/api/v2/pokemon/112/      1200                 0            839.234          0.429875
[2024-06-23T01:07:20.537+0000] {process_utils.py:191} INFO - chansey     https://pokeapi.co/api/v2/pokemon/113/       346                 1            199.601          0.733455
[2024-06-23T01:07:20.537+0000] {process_utils.py:191} INFO - tangela     https://pokeapi.co/api/v2/pokemon/114/       350                 1            199.601          0.753495
[2024-06-23T01:07:20.538+0000] {process_utils.py:191} INFO - kangaskhan  https://pokeapi.co/api/v2/pokemon/115/       800                 0            839.234          0.0467502
[2024-06-23T01:07:20.538+0000] {process_utils.py:191} INFO - horsea      https://pokeapi.co/api/v2/pokemon/116/        80                 1            199.601          0.599201
[2024-06-23T01:07:20.539+0000] {process_utils.py:191} INFO - seadra      https://pokeapi.co/api/v2/pokemon/117/       250                 1            199.601          0.252497
[2024-06-23T01:07:20.539+0000] {process_utils.py:191} INFO - goldeen     https://pokeapi.co/api/v2/pokemon/118/       150                 1            199.601          0.248502
[2024-06-23T01:07:20.539+0000] {process_utils.py:191} INFO - seaking     https://pokeapi.co/api/v2/pokemon/119/       390                 1            199.601          0.953895
[2024-06-23T01:07:20.540+0000] {process_utils.py:191} INFO - staryu      https://pokeapi.co/api/v2/pokemon/120/       345                 1            199.601          0.728445
[2024-06-23T01:07:20.541+0000] {process_utils.py:191} INFO - starmie     https://pokeapi.co/api/v2/pokemon/121/       800                 0            839.234          0.0467502
[2024-06-23T01:07:20.541+0000] {process_utils.py:191} INFO - mr-mime     https://pokeapi.co/api/v2/pokemon/122/       545                 0            839.234          0.350599
[2024-06-23T01:07:20.542+0000] {process_utils.py:191} INFO - scyther     https://pokeapi.co/api/v2/pokemon/123/       560                 0            839.234          0.332725
[2024-06-23T01:07:20.542+0000] {process_utils.py:191} INFO - jynx        https://pokeapi.co/api/v2/pokemon/124/       406                 1            199.601          1.03405
[2024-06-23T01:07:20.543+0000] {process_utils.py:191} INFO - electabuzz  https://pokeapi.co/api/v2/pokemon/125/       300                 1            199.601          0.502996
[2024-06-23T01:07:20.543+0000] {process_utils.py:191} INFO - magmar      https://pokeapi.co/api/v2/pokemon/126/       445                 1            199.601          1.22944
[2024-06-23T01:07:20.544+0000] {process_utils.py:191} INFO - pinsir      https://pokeapi.co/api/v2/pokemon/127/       550                 0            839.234          0.344641
[2024-06-23T01:07:20.544+0000] {process_utils.py:191} INFO - tauros      https://pokeapi.co/api/v2/pokemon/128/       884                 0            839.234          0.053341
[2024-06-23T01:07:20.545+0000] {process_utils.py:191} INFO - magikarp    https://pokeapi.co/api/v2/pokemon/129/       100                 1            199.601          0.499001
[2024-06-23T01:07:20.545+0000] {process_utils.py:191} INFO - gyarados    https://pokeapi.co/api/v2/pokemon/130/      2350                 2           2681.25           0.123543
[2024-06-23T01:07:20.546+0000] {process_utils.py:191} INFO - lapras      https://pokeapi.co/api/v2/pokemon/131/      2200                 2           2681.25           0.179487
[2024-06-23T01:07:20.546+0000] {process_utils.py:191} INFO - ditto       https://pokeapi.co/api/v2/pokemon/132/        40                 1            199.601          0.799601
[2024-06-23T01:07:20.547+0000] {process_utils.py:191} INFO - eevee       https://pokeapi.co/api/v2/pokemon/133/        65                 1            199.601          0.674351
[2024-06-23T01:07:20.547+0000] {process_utils.py:191} INFO - vaporeon    https://pokeapi.co/api/v2/pokemon/134/       290                 1            199.601          0.452896
[2024-06-23T01:07:20.548+0000] {process_utils.py:191} INFO - jolteon     https://pokeapi.co/api/v2/pokemon/135/       245                 1            199.601          0.227447
[2024-06-23T01:07:20.548+0000] {process_utils.py:191} INFO - flareon     https://pokeapi.co/api/v2/pokemon/136/       250                 1            199.601          0.252497
[2024-06-23T01:07:20.549+0000] {process_utils.py:191} INFO - porygon     https://pokeapi.co/api/v2/pokemon/137/       365                 1            199.601          0.828645
[2024-06-23T01:07:20.549+0000] {process_utils.py:191} INFO - omanyte     https://pokeapi.co/api/v2/pokemon/138/        75                 1            199.601          0.624251
[2024-06-23T01:07:20.550+0000] {process_utils.py:191} INFO - omastar     https://pokeapi.co/api/v2/pokemon/139/       350                 1            199.601          0.753495
[2024-06-23T01:07:20.550+0000] {process_utils.py:191} INFO - kabuto      https://pokeapi.co/api/v2/pokemon/140/       115                 1            199.601          0.423852
[2024-06-23T01:07:20.551+0000] {process_utils.py:191} INFO - kabutops    https://pokeapi.co/api/v2/pokemon/141/       405                 1            199.601          1.02904
[2024-06-23T01:07:20.551+0000] {process_utils.py:191} INFO - aerodactyl  https://pokeapi.co/api/v2/pokemon/142/       590                 0            839.234          0.296978
[2024-06-23T01:07:20.552+0000] {process_utils.py:191} INFO - snorlax     https://pokeapi.co/api/v2/pokemon/143/      4600                 2           2681.25           0.715618
[2024-06-23T01:07:20.552+0000] {process_utils.py:191} INFO - articuno    https://pokeapi.co/api/v2/pokemon/144/       554                 0            839.234          0.339875
[2024-06-23T01:07:20.553+0000] {process_utils.py:191} INFO - zapdos      https://pokeapi.co/api/v2/pokemon/145/       526                 0            839.234          0.373238
[2024-06-23T01:07:20.553+0000] {process_utils.py:191} INFO - moltres     https://pokeapi.co/api/v2/pokemon/146/       600                 0            839.234          0.285063
[2024-06-23T01:07:20.554+0000] {process_utils.py:191} INFO - dratini     https://pokeapi.co/api/v2/pokemon/147/        33                 1            199.601          0.83467
[2024-06-23T01:07:20.554+0000] {process_utils.py:191} INFO - dragonair   https://pokeapi.co/api/v2/pokemon/148/       165                 1            199.601          0.173352
[2024-06-23T01:07:20.555+0000] {process_utils.py:191} INFO - dragonite   https://pokeapi.co/api/v2/pokemon/149/      2100                 2           2681.25           0.216783
[2024-06-23T01:07:20.555+0000] {process_utils.py:191} INFO - mewtwo      https://pokeapi.co/api/v2/pokemon/150/      1220                 0            839.234          0.453706
[2024-06-23T01:07:20.556+0000] {process_utils.py:191} INFO - mew         https://pokeapi.co/api/v2/pokemon/151/        40                 1            199.601          0.799601
[2024-06-23T01:07:20.556+0000] {process_utils.py:191} INFO - chikorita   https://pokeapi.co/api/v2/pokemon/152/        64                 1            199.601          0.679361
[2024-06-23T01:07:20.557+0000] {process_utils.py:191} INFO - bayleef     https://pokeapi.co/api/v2/pokemon/153/       158                 1            199.601          0.208422
[2024-06-23T01:07:20.558+0000] {process_utils.py:191} INFO - meganium    https://pokeapi.co/api/v2/pokemon/154/      1005                 0            839.234          0.19752
[2024-06-23T01:07:20.558+0000] {process_utils.py:191} INFO - cyndaquil   https://pokeapi.co/api/v2/pokemon/155/        79                 1            199.601          0.604211
[2024-06-23T01:07:20.559+0000] {process_utils.py:191} INFO - quilava     https://pokeapi.co/api/v2/pokemon/156/       190                 1            199.601          0.0481026
[2024-06-23T01:07:20.559+0000] {process_utils.py:191} INFO - typhlosion  https://pokeapi.co/api/v2/pokemon/157/       795                 0            839.234          0.052708
[2024-06-23T01:07:20.560+0000] {process_utils.py:191} INFO - totodile    https://pokeapi.co/api/v2/pokemon/158/        95                 1            199.601          0.524051
[2024-06-23T01:07:20.560+0000] {process_utils.py:191} INFO - croconaw    https://pokeapi.co/api/v2/pokemon/159/       250                 1            199.601          0.252497
[2024-06-23T01:07:20.561+0000] {process_utils.py:191} INFO - feraligatr  https://pokeapi.co/api/v2/pokemon/160/       888                 0            839.234          0.0581073
[2024-06-23T01:07:20.561+0000] {process_utils.py:191} INFO - ----------------------------------------------------------------------------------------------------
[2024-06-23T01:07:20.561+0000] {process_utils.py:191} INFO - clusters detail:
[2024-06-23T01:07:20.562+0000] {process_utils.py:191} INFO - {
[2024-06-23T01:07:20.562+0000] {process_utils.py:191} INFO -     "n_clusters": 3,
[2024-06-23T01:07:20.562+0000] {process_utils.py:191} INFO -     "centroids": [
[2024-06-23T01:07:20.563+0000] {process_utils.py:191} INFO -         839.2343749999998,
[2024-06-23T01:07:20.563+0000] {process_utils.py:191} INFO -         199.60135135135096,
[2024-06-23T01:07:20.563+0000] {process_utils.py:191} INFO -         2681.25
[2024-06-23T01:07:20.563+0000] {process_utils.py:191} INFO -     ]
[2024-06-23T01:07:20.564+0000] {process_utils.py:191} INFO - }
[2024-06-23T01:07:20.564+0000] {process_utils.py:191} INFO - ----------------------------------------------------------------------------------------------------
[2024-06-23T01:07:20.564+0000] {process_utils.py:191} INFO - weight statistics:
[2024-06-23T01:07:20.565+0000] {process_utils.py:191} INFO - {
[2024-06-23T01:07:20.565+0000] {process_utils.py:191} INFO -     "max": 4600,
[2024-06-23T01:07:20.565+0000] {process_utils.py:191} INFO -     "min": 1,
[2024-06-23T01:07:20.566+0000] {process_utils.py:191} INFO -     "mean": 475.91818181818184,
[2024-06-23T01:07:20.566+0000] {process_utils.py:191} INFO -     "median": 310.0,
[2024-06-23T01:07:20.566+0000] {process_utils.py:191} INFO -     "stdev:": 570.662150557465
[2024-06-23T01:07:20.567+0000] {process_utils.py:191} INFO - }
[2024-06-23T01:07:20.567+0000] {process_utils.py:191} INFO - ----------------------------------------------------------------------------------------------------
[2024-06-23T01:07:20.567+0000] {process_utils.py:191} INFO - anonymized information:
[2024-06-23T01:07:20.568+0000] {process_utils.py:191} INFO -   index  name          parent cluster
[2024-06-23T01:07:20.568+0000] {process_utils.py:191} INFO - -------  ----------  ----------------
[2024-06-23T01:07:20.568+0000] {process_utils.py:191} INFO -       0  bulbasaur            199.601
[2024-06-23T01:07:20.569+0000] {process_utils.py:191} INFO -       1  ivysaur              199.601
[2024-06-23T01:07:20.569+0000] {process_utils.py:191} INFO -       2  venusaur             839.234
[2024-06-23T01:07:20.569+0000] {process_utils.py:191} INFO -       3  charmander           199.601
[2024-06-23T01:07:20.570+0000] {process_utils.py:191} INFO -       4  charmeleon           199.601
[2024-06-23T01:07:20.570+0000] {process_utils.py:191} INFO -       5  charizard            839.234
[2024-06-23T01:07:20.570+0000] {process_utils.py:191} INFO -       6  squirtle             199.601
[2024-06-23T01:07:20.571+0000] {process_utils.py:191} INFO -       7  wartortle            199.601
[2024-06-23T01:07:20.571+0000] {process_utils.py:191} INFO -       8  blastoise            839.234
[2024-06-23T01:07:20.571+0000] {process_utils.py:191} INFO -       9  caterpie             199.601
[2024-06-23T01:07:20.572+0000] {process_utils.py:191} INFO -      10  metapod              199.601
[2024-06-23T01:07:20.572+0000] {process_utils.py:191} INFO -      11  butterfree           199.601
[2024-06-23T01:07:20.572+0000] {process_utils.py:191} INFO -      12  weedle               199.601
[2024-06-23T01:07:20.573+0000] {process_utils.py:191} INFO -      13  kakuna               199.601
[2024-06-23T01:07:20.573+0000] {process_utils.py:191} INFO -      14  beedrill             199.601
[2024-06-23T01:07:20.574+0000] {process_utils.py:191} INFO -      15  pidgey               199.601
[2024-06-23T01:07:20.574+0000] {process_utils.py:191} INFO -      16  pidgeotto            199.601
[2024-06-23T01:07:20.574+0000] {process_utils.py:191} INFO -      17  pidgeot              199.601
[2024-06-23T01:07:20.575+0000] {process_utils.py:191} INFO -      18  rattata              199.601
[2024-06-23T01:07:20.575+0000] {process_utils.py:191} INFO -      19  raticate             199.601
[2024-06-23T01:07:20.575+0000] {process_utils.py:191} INFO -      20  spearow              199.601
[2024-06-23T01:07:20.576+0000] {process_utils.py:191} INFO -      21  fearow               199.601
[2024-06-23T01:07:20.576+0000] {process_utils.py:191} INFO -      22  ekans                199.601
[2024-06-23T01:07:20.576+0000] {process_utils.py:191} INFO -      23  arbok                839.234
[2024-06-23T01:07:20.577+0000] {process_utils.py:191} INFO -      24  pikachu              199.601
[2024-06-23T01:07:20.577+0000] {process_utils.py:191} INFO -      25  raichu               199.601
[2024-06-23T01:07:20.578+0000] {process_utils.py:191} INFO -      26  sandshrew            199.601
[2024-06-23T01:07:20.578+0000] {process_utils.py:191} INFO -      27  sandslash            199.601
[2024-06-23T01:07:20.578+0000] {process_utils.py:191} INFO -      28  nidoran-f            199.601
[2024-06-23T01:07:20.579+0000] {process_utils.py:191} INFO -      29  nidorina             199.601
[2024-06-23T01:07:20.579+0000] {process_utils.py:191} INFO -      30  nidoqueen            839.234
[2024-06-23T01:07:20.579+0000] {process_utils.py:191} INFO -      31  nidoran-m            199.601
[2024-06-23T01:07:20.580+0000] {process_utils.py:191} INFO -      32  nidorino             199.601
[2024-06-23T01:07:20.580+0000] {process_utils.py:191} INFO -      33  nidoking             839.234
[2024-06-23T01:07:20.581+0000] {process_utils.py:191} INFO -      34  clefairy             199.601
[2024-06-23T01:07:20.581+0000] {process_utils.py:191} INFO -      35  clefable             199.601
[2024-06-23T01:07:20.581+0000] {process_utils.py:191} INFO -      36  vulpix               199.601
[2024-06-23T01:07:20.582+0000] {process_utils.py:191} INFO -      37  ninetales            199.601
[2024-06-23T01:07:20.582+0000] {process_utils.py:191} INFO -      38  jigglypuff           199.601
[2024-06-23T01:07:20.582+0000] {process_utils.py:191} INFO -      39  wigglytuff           199.601
[2024-06-23T01:07:20.583+0000] {process_utils.py:191} INFO -      40  zubat                199.601
[2024-06-23T01:07:20.583+0000] {process_utils.py:191} INFO -      41  golbat               839.234
[2024-06-23T01:07:20.583+0000] {process_utils.py:191} INFO -      42  oddish               199.601
[2024-06-23T01:07:20.584+0000] {process_utils.py:191} INFO -      43  gloom                199.601
[2024-06-23T01:07:20.584+0000] {process_utils.py:191} INFO -      44  vileplume            199.601
[2024-06-23T01:07:20.585+0000] {process_utils.py:191} INFO -      45  paras                199.601
[2024-06-23T01:07:20.585+0000] {process_utils.py:191} INFO -      46  parasect             199.601
[2024-06-23T01:07:20.585+0000] {process_utils.py:191} INFO -      47  venonat              199.601
[2024-06-23T01:07:20.586+0000] {process_utils.py:191} INFO -      48  venomoth             199.601
[2024-06-23T01:07:20.586+0000] {process_utils.py:191} INFO -      49  diglett              199.601
[2024-06-23T01:07:20.586+0000] {process_utils.py:191} INFO -      50  dugtrio              199.601
[2024-06-23T01:07:20.587+0000] {process_utils.py:191} INFO -      51  meowth               199.601
[2024-06-23T01:07:20.587+0000] {process_utils.py:191} INFO -      52  persian              199.601
[2024-06-23T01:07:20.587+0000] {process_utils.py:191} INFO -      53  psyduck              199.601
[2024-06-23T01:07:20.588+0000] {process_utils.py:191} INFO -      54  golduck              839.234
[2024-06-23T01:07:20.588+0000] {process_utils.py:191} INFO -      55  mankey               199.601
[2024-06-23T01:07:20.588+0000] {process_utils.py:191} INFO -      56  primeape             199.601
[2024-06-23T01:07:20.589+0000] {process_utils.py:191} INFO -      57  growlithe            199.601
[2024-06-23T01:07:20.589+0000] {process_utils.py:191} INFO -      58  arcanine             839.234
[2024-06-23T01:07:20.589+0000] {process_utils.py:191} INFO -      59  poliwag              199.601
[2024-06-23T01:07:20.590+0000] {process_utils.py:191} INFO -      60  poliwhirl            199.601
[2024-06-23T01:07:20.590+0000] {process_utils.py:191} INFO -      61  poliwrath            839.234
[2024-06-23T01:07:20.591+0000] {process_utils.py:191} INFO -      62  abra                 199.601
[2024-06-23T01:07:20.591+0000] {process_utils.py:191} INFO -      63  kadabra              839.234
[2024-06-23T01:07:20.591+0000] {process_utils.py:191} INFO -      64  alakazam             199.601
[2024-06-23T01:07:20.592+0000] {process_utils.py:191} INFO -      65  machop               199.601
[2024-06-23T01:07:20.592+0000] {process_utils.py:191} INFO -      66  machoke              839.234
[2024-06-23T01:07:20.592+0000] {process_utils.py:191} INFO -      67  machamp              839.234
[2024-06-23T01:07:20.593+0000] {process_utils.py:191} INFO -      68  bellsprout           199.601
[2024-06-23T01:07:20.593+0000] {process_utils.py:191} INFO -      69  weepinbell           199.601
[2024-06-23T01:07:20.593+0000] {process_utils.py:191} INFO -      70  victreebel           199.601
[2024-06-23T01:07:20.594+0000] {process_utils.py:191} INFO -      71  tentacool            199.601
[2024-06-23T01:07:20.594+0000] {process_utils.py:191} INFO -      72  tentacruel           839.234
[2024-06-23T01:07:20.595+0000] {process_utils.py:191} INFO -      73  geodude              199.601
[2024-06-23T01:07:20.595+0000] {process_utils.py:191} INFO -      74  graveler             839.234
[2024-06-23T01:07:20.595+0000] {process_utils.py:191} INFO -      75  golem               2681.25
[2024-06-23T01:07:20.596+0000] {process_utils.py:191} INFO -      76  ponyta               199.601
[2024-06-23T01:07:20.596+0000] {process_utils.py:191} INFO -      77  rapidash             839.234
[2024-06-23T01:07:20.596+0000] {process_utils.py:191} INFO -      78  slowpoke             199.601
[2024-06-23T01:07:20.597+0000] {process_utils.py:191} INFO -      79  slowbro              839.234
[2024-06-23T01:07:20.597+0000] {process_utils.py:191} INFO -      80  poliwhirl            199.601
[2024-06-23T01:07:20.597+0000] {process_utils.py:191} INFO -      81  poliwrath            839.234
[2024-06-23T01:07:20.598+0000] {process_utils.py:191} INFO -      82  abra                 199.601
[2024-06-23T01:07:20.598+0000] {process_utils.py:191} INFO -      83  kadabra              839.234
[2024-06-23T01:07:20.598+0000] {process_utils.py:191} INFO -      84  alakazam             199.601
[2024-06-23T01:07:20.599+0000] {process_utils.py:191} INFO -      85  machop               199.601
[2024-06-23T01:07:20.599+0000] {process_utils.py:191} INFO -      86  machoke              839.234
[2024-06-23T01:07:20.600+0000] {process_utils.py:191} INFO -      87  machamp              839.234
[2024-06-23T01:07:20.600+0000] {process_utils.py:191} INFO -      88  bellsprout           199.601
[2024-06-23T01:07:20.600+0000] {process_utils.py:191} INFO -      89  weepinbell           199.601
[2024-06-23T01:07:20.601+0000] {process_utils.py:191} INFO -      90  victreebel           199.601
[2024-06-23T01:07:20.601+0000] {process_utils.py:191} INFO -      91  tentacool            199.601
[2024-06-23T01:07:20.602+0000] {process_utils.py:191} INFO -      92  tentacruel           839.234
[2024-06-23T01:07:20.602+0000] {process_utils.py:191} INFO -      93  geodude              199.601
[2024-06-23T01:07:20.602+0000] {process_utils.py:191} INFO -      94  graveler             839.234
[2024-06-23T01:07:20.602+0000] {process_utils.py:191} INFO -      95  golem               2681.25
[2024-06-23T01:07:20.603+0000] {process_utils.py:191} INFO -      96  ponyta               199.601
[2024-06-23T01:07:20.603+0000] {process_utils.py:191} INFO -      97  rapidash             839.234
[2024-06-23T01:07:20.603+0000] {process_utils.py:191} INFO -      98  slowpoke             199.601
[2024-06-23T01:07:20.604+0000] {process_utils.py:191} INFO -      99  slowbro              839.234
[2024-06-23T01:07:20.604+0000] {process_utils.py:191} INFO -     100  magnemite            199.601
[2024-06-23T01:07:20.605+0000] {process_utils.py:191} INFO -     101  magneton             839.234
[2024-06-23T01:07:20.605+0000] {process_utils.py:191} INFO -     102  farfetchd            199.601
[2024-06-23T01:07:20.605+0000] {process_utils.py:191} INFO -     103  doduo                199.601
[2024-06-23T01:07:20.605+0000] {process_utils.py:191} INFO -     104  dodrio               839.234
[2024-06-23T01:07:20.606+0000] {process_utils.py:191} INFO -     105  seel                 839.234
[2024-06-23T01:07:20.606+0000] {process_utils.py:191} INFO -     106  dewgong              839.234
[2024-06-23T01:07:20.606+0000] {process_utils.py:191} INFO -     107  grimer               199.601
[2024-06-23T01:07:20.607+0000] {process_utils.py:191} INFO -     108  muk                  199.601
[2024-06-23T01:07:20.607+0000] {process_utils.py:191} INFO -     109  shellder             199.601
[2024-06-23T01:07:20.607+0000] {process_utils.py:191} INFO -     110  cloyster             839.234
[2024-06-23T01:07:20.608+0000] {process_utils.py:191} INFO -     111  gastly               199.601
[2024-06-23T01:07:20.608+0000] {process_utils.py:191} INFO -     112  haunter              199.601
[2024-06-23T01:07:20.608+0000] {process_utils.py:191} INFO -     113  gengar               199.601
[2024-06-23T01:07:20.609+0000] {process_utils.py:191} INFO -     114  onix                2681.25
[2024-06-23T01:07:20.609+0000] {process_utils.py:191} INFO -     115  drowzee              199.601
[2024-06-23T01:07:20.610+0000] {process_utils.py:191} INFO -     116  hypno                839.234
[2024-06-23T01:07:20.610+0000] {process_utils.py:191} INFO -     117  krabby               199.601
[2024-06-23T01:07:20.610+0000] {process_utils.py:191} INFO -     118  kingler              839.234
[2024-06-23T01:07:20.611+0000] {process_utils.py:191} INFO -     119  voltorb              199.601
[2024-06-23T01:07:20.611+0000] {process_utils.py:191} INFO -     120  electrode            839.234
[2024-06-23T01:07:20.611+0000] {process_utils.py:191} INFO -     121  exeggcute            199.601
[2024-06-23T01:07:20.612+0000] {process_utils.py:191} INFO -     122  exeggutor            839.234
[2024-06-23T01:07:20.612+0000] {process_utils.py:191} INFO -     123  cubone               199.601
[2024-06-23T01:07:20.613+0000] {process_utils.py:191} INFO -     124  marowak              199.601
[2024-06-23T01:07:20.613+0000] {process_utils.py:191} INFO -     125  hitmonlee            199.601
[2024-06-23T01:07:20.613+0000] {process_utils.py:191} INFO -     126  hitmonchan           199.601
[2024-06-23T01:07:20.614+0000] {process_utils.py:191} INFO -     127  lickitung            839.234
[2024-06-23T01:07:20.614+0000] {process_utils.py:191} INFO -     128  koffing              199.601
[2024-06-23T01:07:20.614+0000] {process_utils.py:191} INFO -     129  weezing              199.601
[2024-06-23T01:07:20.615+0000] {process_utils.py:191} INFO -     130  rhyhorn              839.234
[2024-06-23T01:07:20.615+0000] {process_utils.py:191} INFO -     131  rhydon               839.234
[2024-06-23T01:07:20.615+0000] {process_utils.py:191} INFO -     132  chansey              199.601
[2024-06-23T01:07:20.616+0000] {process_utils.py:191} INFO -     133  tangela              199.601
[2024-06-23T01:07:20.616+0000] {process_utils.py:191} INFO -     134  kangaskhan           839.234
[2024-06-23T01:07:20.617+0000] {process_utils.py:191} INFO -     135  horsea               199.601
[2024-06-23T01:07:20.617+0000] {process_utils.py:191} INFO -     136  seadra               199.601
[2024-06-23T01:07:20.617+0000] {process_utils.py:191} INFO -     137  goldeen              199.601
[2024-06-23T01:07:20.618+0000] {process_utils.py:191} INFO -     138  seaking              199.601
[2024-06-23T01:07:20.618+0000] {process_utils.py:191} INFO -     139  staryu               199.601
[2024-06-23T01:07:20.618+0000] {process_utils.py:191} INFO -     140  magnemite            199.601
[2024-06-23T01:07:20.619+0000] {process_utils.py:191} INFO -     141  magneton             839.234
[2024-06-23T01:07:20.619+0000] {process_utils.py:191} INFO -     142  farfetchd            199.601
[2024-06-23T01:07:20.619+0000] {process_utils.py:191} INFO -     143  doduo                199.601
[2024-06-23T01:07:20.620+0000] {process_utils.py:191} INFO -     144  dodrio               839.234
[2024-06-23T01:07:20.620+0000] {process_utils.py:191} INFO -     145  seel                 839.234
[2024-06-23T01:07:20.620+0000] {process_utils.py:191} INFO -     146  dewgong              839.234
[2024-06-23T01:07:20.621+0000] {process_utils.py:191} INFO -     147  grimer               199.601
[2024-06-23T01:07:20.621+0000] {process_utils.py:191} INFO -     148  muk                  199.601
[2024-06-23T01:07:20.621+0000] {process_utils.py:191} INFO -     149  shellder             199.601
[2024-06-23T01:07:20.622+0000] {process_utils.py:191} INFO -     150  cloyster             839.234
[2024-06-23T01:07:20.622+0000] {process_utils.py:191} INFO -     151  gastly               199.601
[2024-06-23T01:07:20.622+0000] {process_utils.py:191} INFO -     152  haunter              199.601
[2024-06-23T01:07:20.623+0000] {process_utils.py:191} INFO -     153  gengar               199.601
[2024-06-23T01:07:20.623+0000] {process_utils.py:191} INFO -     154  onix                2681.25
[2024-06-23T01:07:20.624+0000] {process_utils.py:191} INFO -     155  drowzee              199.601
[2024-06-23T01:07:20.624+0000] {process_utils.py:191} INFO -     156  hypno                839.234
[2024-06-23T01:07:20.624+0000] {process_utils.py:191} INFO -     157  krabby               199.601
[2024-06-23T01:07:20.625+0000] {process_utils.py:191} INFO -     158  kingler              839.234
[2024-06-23T01:07:20.625+0000] {process_utils.py:191} INFO -     159  voltorb              199.601
[2024-06-23T01:07:20.625+0000] {process_utils.py:191} INFO -     160  electrode            839.234
[2024-06-23T01:07:20.626+0000] {process_utils.py:191} INFO -     161  exeggcute            199.601
[2024-06-23T01:07:20.626+0000] {process_utils.py:191} INFO -     162  exeggutor            839.234
[2024-06-23T01:07:20.626+0000] {process_utils.py:191} INFO -     163  cubone               199.601
[2024-06-23T01:07:20.627+0000] {process_utils.py:191} INFO -     164  marowak              199.601
[2024-06-23T01:07:20.627+0000] {process_utils.py:191} INFO -     165  hitmonlee            199.601
[2024-06-23T01:07:20.628+0000] {process_utils.py:191} INFO -     166  hitmonchan           199.601
[2024-06-23T01:07:20.628+0000] {process_utils.py:191} INFO -     167  lickitung            839.234
[2024-06-23T01:07:20.628+0000] {process_utils.py:191} INFO -     168  koffing              199.601
[2024-06-23T01:07:20.629+0000] {process_utils.py:191} INFO -     169  weezing              199.601
[2024-06-23T01:07:20.629+0000] {process_utils.py:191} INFO -     170  rhyhorn              839.234
[2024-06-23T01:07:20.629+0000] {process_utils.py:191} INFO -     171  rhydon               839.234
[2024-06-23T01:07:20.630+0000] {process_utils.py:191} INFO -     172  chansey              199.601
[2024-06-23T01:07:20.630+0000] {process_utils.py:191} INFO -     173  tangela              199.601
[2024-06-23T01:07:20.631+0000] {process_utils.py:191} INFO -     174  kangaskhan           839.234
[2024-06-23T01:07:20.631+0000] {process_utils.py:191} INFO -     175  horsea               199.601
[2024-06-23T01:07:20.631+0000] {process_utils.py:191} INFO -     176  seadra               199.601
[2024-06-23T01:07:20.632+0000] {process_utils.py:191} INFO -     177  goldeen              199.601
[2024-06-23T01:07:20.632+0000] {process_utils.py:191} INFO -     178  seaking              199.601
[2024-06-23T01:07:20.632+0000] {process_utils.py:191} INFO -     179  staryu               199.601
[2024-06-23T01:07:20.633+0000] {process_utils.py:191} INFO -     180  starmie              839.234
[2024-06-23T01:07:20.633+0000] {process_utils.py:191} INFO -     181  mr-mime              839.234
[2024-06-23T01:07:20.633+0000] {process_utils.py:191} INFO -     182  scyther              839.234
[2024-06-23T01:07:20.634+0000] {process_utils.py:191} INFO -     183  jynx                 199.601
[2024-06-23T01:07:20.634+0000] {process_utils.py:191} INFO -     184  electabuzz           199.601
[2024-06-23T01:07:20.634+0000] {process_utils.py:191} INFO -     185  magmar               199.601
[2024-06-23T01:07:20.635+0000] {process_utils.py:191} INFO -     186  pinsir               839.234
[2024-06-23T01:07:20.635+0000] {process_utils.py:191} INFO -     187  tauros               839.234
[2024-06-23T01:07:20.636+0000] {process_utils.py:191} INFO -     188  magikarp             199.601
[2024-06-23T01:07:20.636+0000] {process_utils.py:191} INFO -     189  gyarados            2681.25
[2024-06-23T01:07:20.636+0000] {process_utils.py:191} INFO -     190  lapras              2681.25
[2024-06-23T01:07:20.637+0000] {process_utils.py:191} INFO -     191  ditto                199.601
[2024-06-23T01:07:20.637+0000] {process_utils.py:191} INFO -     192  eevee                199.601
[2024-06-23T01:07:20.637+0000] {process_utils.py:191} INFO -     193  vaporeon             199.601
[2024-06-23T01:07:20.638+0000] {process_utils.py:191} INFO -     194  jolteon              199.601
[2024-06-23T01:07:20.638+0000] {process_utils.py:191} INFO -     195  flareon              199.601
[2024-06-23T01:07:20.638+0000] {process_utils.py:191} INFO -     196  porygon              199.601
[2024-06-23T01:07:20.639+0000] {process_utils.py:191} INFO -     197  omanyte              199.601
[2024-06-23T01:07:20.639+0000] {process_utils.py:191} INFO -     198  omastar              199.601
[2024-06-23T01:07:20.639+0000] {process_utils.py:191} INFO -     199  kabuto               199.601
[2024-06-23T01:07:20.640+0000] {process_utils.py:191} INFO -     200  kabutops             199.601
[2024-06-23T01:07:20.640+0000] {process_utils.py:191} INFO -     201  aerodactyl           839.234
[2024-06-23T01:07:20.641+0000] {process_utils.py:191} INFO -     202  snorlax             2681.25
[2024-06-23T01:07:20.641+0000] {process_utils.py:191} INFO -     203  articuno             839.234
[2024-06-23T01:07:20.641+0000] {process_utils.py:191} INFO -     204  zapdos               839.234
[2024-06-23T01:07:20.642+0000] {process_utils.py:191} INFO -     205  moltres              839.234
[2024-06-23T01:07:20.642+0000] {process_utils.py:191} INFO -     206  dratini              199.601
[2024-06-23T01:07:20.642+0000] {process_utils.py:191} INFO -     207  dragonair            199.601
[2024-06-23T01:07:20.643+0000] {process_utils.py:191} INFO -     208  dragonite           2681.25
[2024-06-23T01:07:20.643+0000] {process_utils.py:191} INFO -     209  mewtwo               839.234
[2024-06-23T01:07:20.643+0000] {process_utils.py:191} INFO -     210  mew                  199.601
[2024-06-23T01:07:20.644+0000] {process_utils.py:191} INFO -     211  chikorita            199.601
[2024-06-23T01:07:20.644+0000] {process_utils.py:191} INFO -     212  bayleef              199.601
[2024-06-23T01:07:20.645+0000] {process_utils.py:191} INFO -     213  meganium             839.234
[2024-06-23T01:07:20.645+0000] {process_utils.py:191} INFO -     214  cyndaquil            199.601
[2024-06-23T01:07:20.645+0000] {process_utils.py:191} INFO -     215  quilava              199.601
[2024-06-23T01:07:20.646+0000] {process_utils.py:191} INFO -     216  typhlosion           839.234
[2024-06-23T01:07:20.646+0000] {process_utils.py:191} INFO -     217  totodile             199.601
[2024-06-23T01:07:20.646+0000] {process_utils.py:191} INFO -     218  croconaw             199.601
[2024-06-23T01:07:20.647+0000] {process_utils.py:191} INFO -     219  feraligatr           839.234
[2024-06-23T01:07:20.769+0000] {python.py:237} INFO - Done. Returned value was: None
[2024-06-23T01:07:20.770+0000] {taskinstance.py:441} INFO - ::group::Post task execution logs
[2024-06-23T01:07:20.778+0000] {taskinstance.py:1206} INFO - Marking task as SUCCESS. dag_id=pokemon_example, task_id=metricspokemonweights, run_id=manual__2024-06-23T01:05:39.505161+00:00, execution_date=20240623T010539, start_date=20240623T010712, end_date=20240623T010720
[2024-06-23T01:07:20.820+0000] {local_task_job_runner.py:240} INFO - Task exited with return code 0
[2024-06-23T01:07:20.835+0000] {taskinstance.py:3498} INFO - 0 downstream tasks scheduled from follow-on schedule check
[2024-06-23T01:07:20.838+0000] {local_task_job_runner.py:222} INFO - ::endgroup::
