[2024-06-21T00:00:00.196+0000] {processor.py:161} INFO - Started process (PID=175812) to work on /home/airflow/.local/lib/python3.12/site-packages/airflow/example_dags/tutorial_dag.py
[2024-06-21T00:00:00.197+0000] {processor.py:830} INFO - Processing file /home/airflow/.local/lib/python3.12/site-packages/airflow/example_dags/tutorial_dag.py for tasks to queue
[2024-06-21T00:00:00.198+0000] {logging_mixin.py:188} INFO - [2024-06-21T00:00:00.198+0000] {dagbag.py:545} INFO - Filling up the DagBag from /home/airflow/.local/lib/python3.12/site-packages/airflow/example_dags/tutorial_dag.py
[2024-06-21T00:00:00.202+0000] {processor.py:840} INFO - DAG(s) 'tutorial_dag' retrieved from /home/airflow/.local/lib/python3.12/site-packages/airflow/example_dags/tutorial_dag.py
[2024-06-21T00:00:00.220+0000] {logging_mixin.py:188} INFO - [2024-06-21T00:00:00.220+0000] {dag.py:3096} INFO - Sync 1 DAGs
[2024-06-21T00:00:00.231+0000] {logging_mixin.py:188} INFO - [2024-06-21T00:00:00.231+0000] {dag.py:3954} INFO - Setting next_dagrun for tutorial_dag to None, run_after=None
[2024-06-21T00:00:00.251+0000] {processor.py:183} INFO - Processing /home/airflow/.local/lib/python3.12/site-packages/airflow/example_dags/tutorial_dag.py took 0.060 seconds
[2024-06-21T00:00:30.391+0000] {processor.py:161} INFO - Started process (PID=175871) to work on /home/airflow/.local/lib/python3.12/site-packages/airflow/example_dags/tutorial_dag.py
[2024-06-21T00:00:30.392+0000] {processor.py:830} INFO - Processing file /home/airflow/.local/lib/python3.12/site-packages/airflow/example_dags/tutorial_dag.py for tasks to queue
[2024-06-21T00:00:30.394+0000] {logging_mixin.py:188} INFO - [2024-06-21T00:00:30.394+0000] {dagbag.py:545} INFO - Filling up the DagBag from /home/airflow/.local/lib/python3.12/site-packages/airflow/example_dags/tutorial_dag.py
[2024-06-21T00:00:30.400+0000] {processor.py:840} INFO - DAG(s) 'tutorial_dag' retrieved from /home/airflow/.local/lib/python3.12/site-packages/airflow/example_dags/tutorial_dag.py
[2024-06-21T00:00:30.418+0000] {logging_mixin.py:188} INFO - [2024-06-21T00:00:30.418+0000] {dag.py:3096} INFO - Sync 1 DAGs
[2024-06-21T00:00:30.431+0000] {logging_mixin.py:188} INFO - [2024-06-21T00:00:30.431+0000] {dag.py:3954} INFO - Setting next_dagrun for tutorial_dag to None, run_after=None
[2024-06-21T00:00:30.447+0000] {processor.py:183} INFO - Processing /home/airflow/.local/lib/python3.12/site-packages/airflow/example_dags/tutorial_dag.py took 0.063 seconds
[2024-06-21T00:01:01.138+0000] {processor.py:161} INFO - Started process (PID=175931) to work on /home/airflow/.local/lib/python3.12/site-packages/airflow/example_dags/tutorial_dag.py
[2024-06-21T00:01:01.139+0000] {processor.py:830} INFO - Processing file /home/airflow/.local/lib/python3.12/site-packages/airflow/example_dags/tutorial_dag.py for tasks to queue
[2024-06-21T00:01:01.141+0000] {logging_mixin.py:188} INFO - [2024-06-21T00:01:01.141+0000] {dagbag.py:545} INFO - Filling up the DagBag from /home/airflow/.local/lib/python3.12/site-packages/airflow/example_dags/tutorial_dag.py
[2024-06-21T00:01:01.145+0000] {processor.py:840} INFO - DAG(s) 'tutorial_dag' retrieved from /home/airflow/.local/lib/python3.12/site-packages/airflow/example_dags/tutorial_dag.py
[2024-06-21T00:01:01.163+0000] {logging_mixin.py:188} INFO - [2024-06-21T00:01:01.163+0000] {dag.py:3096} INFO - Sync 1 DAGs
[2024-06-21T00:01:01.174+0000] {logging_mixin.py:188} INFO - [2024-06-21T00:01:01.174+0000] {dag.py:3954} INFO - Setting next_dagrun for tutorial_dag to None, run_after=None
[2024-06-21T00:01:01.192+0000] {processor.py:183} INFO - Processing /home/airflow/.local/lib/python3.12/site-packages/airflow/example_dags/tutorial_dag.py took 0.059 seconds
[2024-06-21T00:01:31.963+0000] {processor.py:161} INFO - Started process (PID=175990) to work on /home/airflow/.local/lib/python3.12/site-packages/airflow/example_dags/tutorial_dag.py
[2024-06-21T00:01:31.964+0000] {processor.py:830} INFO - Processing file /home/airflow/.local/lib/python3.12/site-packages/airflow/example_dags/tutorial_dag.py for tasks to queue
[2024-06-21T00:01:31.966+0000] {logging_mixin.py:188} INFO - [2024-06-21T00:01:31.965+0000] {dagbag.py:545} INFO - Filling up the DagBag from /home/airflow/.local/lib/python3.12/site-packages/airflow/example_dags/tutorial_dag.py
[2024-06-21T00:01:31.973+0000] {processor.py:840} INFO - DAG(s) 'tutorial_dag' retrieved from /home/airflow/.local/lib/python3.12/site-packages/airflow/example_dags/tutorial_dag.py
[2024-06-21T00:01:31.991+0000] {logging_mixin.py:188} INFO - [2024-06-21T00:01:31.991+0000] {dag.py:3096} INFO - Sync 1 DAGs
[2024-06-21T00:01:32.006+0000] {logging_mixin.py:188} INFO - [2024-06-21T00:01:32.006+0000] {dag.py:3954} INFO - Setting next_dagrun for tutorial_dag to None, run_after=None
[2024-06-21T00:01:32.029+0000] {processor.py:183} INFO - Processing /home/airflow/.local/lib/python3.12/site-packages/airflow/example_dags/tutorial_dag.py took 0.073 seconds
[2024-06-21T00:02:02.538+0000] {processor.py:161} INFO - Started process (PID=176050) to work on /home/airflow/.local/lib/python3.12/site-packages/airflow/example_dags/tutorial_dag.py
[2024-06-21T00:02:02.539+0000] {processor.py:830} INFO - Processing file /home/airflow/.local/lib/python3.12/site-packages/airflow/example_dags/tutorial_dag.py for tasks to queue
[2024-06-21T00:02:02.541+0000] {logging_mixin.py:188} INFO - [2024-06-21T00:02:02.540+0000] {dagbag.py:545} INFO - Filling up the DagBag from /home/airflow/.local/lib/python3.12/site-packages/airflow/example_dags/tutorial_dag.py
[2024-06-21T00:02:02.545+0000] {processor.py:840} INFO - DAG(s) 'tutorial_dag' retrieved from /home/airflow/.local/lib/python3.12/site-packages/airflow/example_dags/tutorial_dag.py
[2024-06-21T00:02:02.568+0000] {logging_mixin.py:188} INFO - [2024-06-21T00:02:02.567+0000] {dag.py:3096} INFO - Sync 1 DAGs
[2024-06-21T00:02:02.584+0000] {logging_mixin.py:188} INFO - [2024-06-21T00:02:02.584+0000] {dag.py:3954} INFO - Setting next_dagrun for tutorial_dag to None, run_after=None
[2024-06-21T00:02:02.610+0000] {processor.py:183} INFO - Processing /home/airflow/.local/lib/python3.12/site-packages/airflow/example_dags/tutorial_dag.py took 0.076 seconds
[2024-06-21T00:02:33.267+0000] {processor.py:161} INFO - Started process (PID=176109) to work on /home/airflow/.local/lib/python3.12/site-packages/airflow/example_dags/tutorial_dag.py
[2024-06-21T00:02:33.267+0000] {processor.py:830} INFO - Processing file /home/airflow/.local/lib/python3.12/site-packages/airflow/example_dags/tutorial_dag.py for tasks to queue
[2024-06-21T00:02:33.269+0000] {logging_mixin.py:188} INFO - [2024-06-21T00:02:33.269+0000] {dagbag.py:545} INFO - Filling up the DagBag from /home/airflow/.local/lib/python3.12/site-packages/airflow/example_dags/tutorial_dag.py
[2024-06-21T00:02:33.273+0000] {processor.py:840} INFO - DAG(s) 'tutorial_dag' retrieved from /home/airflow/.local/lib/python3.12/site-packages/airflow/example_dags/tutorial_dag.py
[2024-06-21T00:02:33.292+0000] {logging_mixin.py:188} INFO - [2024-06-21T00:02:33.292+0000] {dag.py:3096} INFO - Sync 1 DAGs
[2024-06-21T00:02:33.306+0000] {logging_mixin.py:188} INFO - [2024-06-21T00:02:33.306+0000] {dag.py:3954} INFO - Setting next_dagrun for tutorial_dag to None, run_after=None
[2024-06-21T00:02:33.331+0000] {processor.py:183} INFO - Processing /home/airflow/.local/lib/python3.12/site-packages/airflow/example_dags/tutorial_dag.py took 0.070 seconds
[2024-06-21T00:03:04.136+0000] {processor.py:161} INFO - Started process (PID=176169) to work on /home/airflow/.local/lib/python3.12/site-packages/airflow/example_dags/tutorial_dag.py
[2024-06-21T00:03:04.137+0000] {processor.py:830} INFO - Processing file /home/airflow/.local/lib/python3.12/site-packages/airflow/example_dags/tutorial_dag.py for tasks to queue
[2024-06-21T00:03:04.138+0000] {logging_mixin.py:188} INFO - [2024-06-21T00:03:04.138+0000] {dagbag.py:545} INFO - Filling up the DagBag from /home/airflow/.local/lib/python3.12/site-packages/airflow/example_dags/tutorial_dag.py
[2024-06-21T00:03:04.142+0000] {processor.py:840} INFO - DAG(s) 'tutorial_dag' retrieved from /home/airflow/.local/lib/python3.12/site-packages/airflow/example_dags/tutorial_dag.py
[2024-06-21T00:03:04.159+0000] {logging_mixin.py:188} INFO - [2024-06-21T00:03:04.159+0000] {dag.py:3096} INFO - Sync 1 DAGs
[2024-06-21T00:03:04.170+0000] {logging_mixin.py:188} INFO - [2024-06-21T00:03:04.170+0000] {dag.py:3954} INFO - Setting next_dagrun for tutorial_dag to None, run_after=None
[2024-06-21T00:03:04.189+0000] {processor.py:183} INFO - Processing /home/airflow/.local/lib/python3.12/site-packages/airflow/example_dags/tutorial_dag.py took 0.059 seconds
[2024-06-21T00:03:34.340+0000] {processor.py:161} INFO - Started process (PID=176229) to work on /home/airflow/.local/lib/python3.12/site-packages/airflow/example_dags/tutorial_dag.py
[2024-06-21T00:03:34.341+0000] {processor.py:830} INFO - Processing file /home/airflow/.local/lib/python3.12/site-packages/airflow/example_dags/tutorial_dag.py for tasks to queue
[2024-06-21T00:03:34.342+0000] {logging_mixin.py:188} INFO - [2024-06-21T00:03:34.342+0000] {dagbag.py:545} INFO - Filling up the DagBag from /home/airflow/.local/lib/python3.12/site-packages/airflow/example_dags/tutorial_dag.py
[2024-06-21T00:03:34.347+0000] {processor.py:840} INFO - DAG(s) 'tutorial_dag' retrieved from /home/airflow/.local/lib/python3.12/site-packages/airflow/example_dags/tutorial_dag.py
[2024-06-21T00:03:34.366+0000] {logging_mixin.py:188} INFO - [2024-06-21T00:03:34.366+0000] {dag.py:3096} INFO - Sync 1 DAGs
[2024-06-21T00:03:34.380+0000] {logging_mixin.py:188} INFO - [2024-06-21T00:03:34.380+0000] {dag.py:3954} INFO - Setting next_dagrun for tutorial_dag to None, run_after=None
[2024-06-21T00:03:34.400+0000] {processor.py:183} INFO - Processing /home/airflow/.local/lib/python3.12/site-packages/airflow/example_dags/tutorial_dag.py took 0.067 seconds
[2024-06-21T00:04:04.669+0000] {processor.py:161} INFO - Started process (PID=176288) to work on /home/airflow/.local/lib/python3.12/site-packages/airflow/example_dags/tutorial_dag.py
[2024-06-21T00:04:04.670+0000] {processor.py:830} INFO - Processing file /home/airflow/.local/lib/python3.12/site-packages/airflow/example_dags/tutorial_dag.py for tasks to queue
[2024-06-21T00:04:04.673+0000] {logging_mixin.py:188} INFO - [2024-06-21T00:04:04.672+0000] {dagbag.py:545} INFO - Filling up the DagBag from /home/airflow/.local/lib/python3.12/site-packages/airflow/example_dags/tutorial_dag.py
[2024-06-21T00:04:04.678+0000] {processor.py:840} INFO - DAG(s) 'tutorial_dag' retrieved from /home/airflow/.local/lib/python3.12/site-packages/airflow/example_dags/tutorial_dag.py
[2024-06-21T00:04:04.700+0000] {logging_mixin.py:188} INFO - [2024-06-21T00:04:04.699+0000] {dag.py:3096} INFO - Sync 1 DAGs
[2024-06-21T00:04:04.712+0000] {logging_mixin.py:188} INFO - [2024-06-21T00:04:04.712+0000] {dag.py:3954} INFO - Setting next_dagrun for tutorial_dag to None, run_after=None
[2024-06-21T00:04:04.735+0000] {processor.py:183} INFO - Processing /home/airflow/.local/lib/python3.12/site-packages/airflow/example_dags/tutorial_dag.py took 0.073 seconds
[2024-06-21T00:04:34.902+0000] {processor.py:161} INFO - Started process (PID=176348) to work on /home/airflow/.local/lib/python3.12/site-packages/airflow/example_dags/tutorial_dag.py
[2024-06-21T00:04:34.902+0000] {processor.py:830} INFO - Processing file /home/airflow/.local/lib/python3.12/site-packages/airflow/example_dags/tutorial_dag.py for tasks to queue
[2024-06-21T00:04:34.904+0000] {logging_mixin.py:188} INFO - [2024-06-21T00:04:34.904+0000] {dagbag.py:545} INFO - Filling up the DagBag from /home/airflow/.local/lib/python3.12/site-packages/airflow/example_dags/tutorial_dag.py
[2024-06-21T00:04:34.909+0000] {processor.py:840} INFO - DAG(s) 'tutorial_dag' retrieved from /home/airflow/.local/lib/python3.12/site-packages/airflow/example_dags/tutorial_dag.py
[2024-06-21T00:04:34.931+0000] {logging_mixin.py:188} INFO - [2024-06-21T00:04:34.931+0000] {dag.py:3096} INFO - Sync 1 DAGs
[2024-06-21T00:04:34.945+0000] {logging_mixin.py:188} INFO - [2024-06-21T00:04:34.945+0000] {dag.py:3954} INFO - Setting next_dagrun for tutorial_dag to None, run_after=None
[2024-06-21T00:04:34.968+0000] {processor.py:183} INFO - Processing /home/airflow/.local/lib/python3.12/site-packages/airflow/example_dags/tutorial_dag.py took 0.072 seconds
[2024-06-21T00:05:05.089+0000] {processor.py:161} INFO - Started process (PID=176408) to work on /home/airflow/.local/lib/python3.12/site-packages/airflow/example_dags/tutorial_dag.py
[2024-06-21T00:05:05.089+0000] {processor.py:830} INFO - Processing file /home/airflow/.local/lib/python3.12/site-packages/airflow/example_dags/tutorial_dag.py for tasks to queue
[2024-06-21T00:05:05.091+0000] {logging_mixin.py:188} INFO - [2024-06-21T00:05:05.091+0000] {dagbag.py:545} INFO - Filling up the DagBag from /home/airflow/.local/lib/python3.12/site-packages/airflow/example_dags/tutorial_dag.py
[2024-06-21T00:05:05.096+0000] {processor.py:840} INFO - DAG(s) 'tutorial_dag' retrieved from /home/airflow/.local/lib/python3.12/site-packages/airflow/example_dags/tutorial_dag.py
[2024-06-21T00:05:05.117+0000] {logging_mixin.py:188} INFO - [2024-06-21T00:05:05.117+0000] {dag.py:3096} INFO - Sync 1 DAGs
[2024-06-21T00:05:05.134+0000] {logging_mixin.py:188} INFO - [2024-06-21T00:05:05.134+0000] {dag.py:3954} INFO - Setting next_dagrun for tutorial_dag to None, run_after=None
[2024-06-21T00:05:05.153+0000] {processor.py:183} INFO - Processing /home/airflow/.local/lib/python3.12/site-packages/airflow/example_dags/tutorial_dag.py took 0.070 seconds
[2024-06-21T00:05:35.360+0000] {processor.py:161} INFO - Started process (PID=176468) to work on /home/airflow/.local/lib/python3.12/site-packages/airflow/example_dags/tutorial_dag.py
[2024-06-21T00:05:35.361+0000] {processor.py:830} INFO - Processing file /home/airflow/.local/lib/python3.12/site-packages/airflow/example_dags/tutorial_dag.py for tasks to queue
[2024-06-21T00:05:35.362+0000] {logging_mixin.py:188} INFO - [2024-06-21T00:05:35.362+0000] {dagbag.py:545} INFO - Filling up the DagBag from /home/airflow/.local/lib/python3.12/site-packages/airflow/example_dags/tutorial_dag.py
[2024-06-21T00:05:35.366+0000] {processor.py:840} INFO - DAG(s) 'tutorial_dag' retrieved from /home/airflow/.local/lib/python3.12/site-packages/airflow/example_dags/tutorial_dag.py
[2024-06-21T00:05:35.384+0000] {logging_mixin.py:188} INFO - [2024-06-21T00:05:35.384+0000] {dag.py:3096} INFO - Sync 1 DAGs
[2024-06-21T00:05:35.395+0000] {logging_mixin.py:188} INFO - [2024-06-21T00:05:35.395+0000] {dag.py:3954} INFO - Setting next_dagrun for tutorial_dag to None, run_after=None
[2024-06-21T00:05:35.417+0000] {processor.py:183} INFO - Processing /home/airflow/.local/lib/python3.12/site-packages/airflow/example_dags/tutorial_dag.py took 0.062 seconds
[2024-06-21T00:06:06.340+0000] {processor.py:161} INFO - Started process (PID=176527) to work on /home/airflow/.local/lib/python3.12/site-packages/airflow/example_dags/tutorial_dag.py
[2024-06-21T00:06:06.341+0000] {processor.py:830} INFO - Processing file /home/airflow/.local/lib/python3.12/site-packages/airflow/example_dags/tutorial_dag.py for tasks to queue
[2024-06-21T00:06:06.343+0000] {logging_mixin.py:188} INFO - [2024-06-21T00:06:06.342+0000] {dagbag.py:545} INFO - Filling up the DagBag from /home/airflow/.local/lib/python3.12/site-packages/airflow/example_dags/tutorial_dag.py
[2024-06-21T00:06:06.347+0000] {processor.py:840} INFO - DAG(s) 'tutorial_dag' retrieved from /home/airflow/.local/lib/python3.12/site-packages/airflow/example_dags/tutorial_dag.py
[2024-06-21T00:06:06.367+0000] {logging_mixin.py:188} INFO - [2024-06-21T00:06:06.366+0000] {dag.py:3096} INFO - Sync 1 DAGs
[2024-06-21T00:06:06.383+0000] {logging_mixin.py:188} INFO - [2024-06-21T00:06:06.383+0000] {dag.py:3954} INFO - Setting next_dagrun for tutorial_dag to None, run_after=None
[2024-06-21T00:06:06.407+0000] {processor.py:183} INFO - Processing /home/airflow/.local/lib/python3.12/site-packages/airflow/example_dags/tutorial_dag.py took 0.072 seconds
[2024-06-21T00:06:37.386+0000] {processor.py:161} INFO - Started process (PID=176587) to work on /home/airflow/.local/lib/python3.12/site-packages/airflow/example_dags/tutorial_dag.py
[2024-06-21T00:06:37.387+0000] {processor.py:830} INFO - Processing file /home/airflow/.local/lib/python3.12/site-packages/airflow/example_dags/tutorial_dag.py for tasks to queue
[2024-06-21T00:06:37.389+0000] {logging_mixin.py:188} INFO - [2024-06-21T00:06:37.388+0000] {dagbag.py:545} INFO - Filling up the DagBag from /home/airflow/.local/lib/python3.12/site-packages/airflow/example_dags/tutorial_dag.py
[2024-06-21T00:06:37.393+0000] {processor.py:840} INFO - DAG(s) 'tutorial_dag' retrieved from /home/airflow/.local/lib/python3.12/site-packages/airflow/example_dags/tutorial_dag.py
[2024-06-21T00:06:37.411+0000] {logging_mixin.py:188} INFO - [2024-06-21T00:06:37.411+0000] {dag.py:3096} INFO - Sync 1 DAGs
[2024-06-21T00:06:37.423+0000] {logging_mixin.py:188} INFO - [2024-06-21T00:06:37.423+0000] {dag.py:3954} INFO - Setting next_dagrun for tutorial_dag to None, run_after=None
[2024-06-21T00:06:37.442+0000] {processor.py:183} INFO - Processing /home/airflow/.local/lib/python3.12/site-packages/airflow/example_dags/tutorial_dag.py took 0.061 seconds
[2024-06-21T00:07:07.874+0000] {processor.py:161} INFO - Started process (PID=176647) to work on /home/airflow/.local/lib/python3.12/site-packages/airflow/example_dags/tutorial_dag.py
[2024-06-21T00:07:07.875+0000] {processor.py:830} INFO - Processing file /home/airflow/.local/lib/python3.12/site-packages/airflow/example_dags/tutorial_dag.py for tasks to queue
[2024-06-21T00:07:07.876+0000] {logging_mixin.py:188} INFO - [2024-06-21T00:07:07.876+0000] {dagbag.py:545} INFO - Filling up the DagBag from /home/airflow/.local/lib/python3.12/site-packages/airflow/example_dags/tutorial_dag.py
[2024-06-21T00:07:07.881+0000] {processor.py:840} INFO - DAG(s) 'tutorial_dag' retrieved from /home/airflow/.local/lib/python3.12/site-packages/airflow/example_dags/tutorial_dag.py
[2024-06-21T00:07:07.900+0000] {logging_mixin.py:188} INFO - [2024-06-21T00:07:07.900+0000] {dag.py:3096} INFO - Sync 1 DAGs
[2024-06-21T00:07:07.912+0000] {logging_mixin.py:188} INFO - [2024-06-21T00:07:07.912+0000] {dag.py:3954} INFO - Setting next_dagrun for tutorial_dag to None, run_after=None
[2024-06-21T00:07:07.931+0000] {processor.py:183} INFO - Processing /home/airflow/.local/lib/python3.12/site-packages/airflow/example_dags/tutorial_dag.py took 0.063 seconds
[2024-06-21T00:07:38.567+0000] {processor.py:161} INFO - Started process (PID=176706) to work on /home/airflow/.local/lib/python3.12/site-packages/airflow/example_dags/tutorial_dag.py
[2024-06-21T00:07:38.568+0000] {processor.py:830} INFO - Processing file /home/airflow/.local/lib/python3.12/site-packages/airflow/example_dags/tutorial_dag.py for tasks to queue
[2024-06-21T00:07:38.570+0000] {logging_mixin.py:188} INFO - [2024-06-21T00:07:38.569+0000] {dagbag.py:545} INFO - Filling up the DagBag from /home/airflow/.local/lib/python3.12/site-packages/airflow/example_dags/tutorial_dag.py
[2024-06-21T00:07:38.578+0000] {processor.py:840} INFO - DAG(s) 'tutorial_dag' retrieved from /home/airflow/.local/lib/python3.12/site-packages/airflow/example_dags/tutorial_dag.py
[2024-06-21T00:07:38.603+0000] {logging_mixin.py:188} INFO - [2024-06-21T00:07:38.602+0000] {dag.py:3096} INFO - Sync 1 DAGs
[2024-06-21T00:07:38.619+0000] {logging_mixin.py:188} INFO - [2024-06-21T00:07:38.619+0000] {dag.py:3954} INFO - Setting next_dagrun for tutorial_dag to None, run_after=None
[2024-06-21T00:07:38.641+0000] {processor.py:183} INFO - Processing /home/airflow/.local/lib/python3.12/site-packages/airflow/example_dags/tutorial_dag.py took 0.082 seconds
[2024-06-21T00:08:09.492+0000] {processor.py:161} INFO - Started process (PID=176765) to work on /home/airflow/.local/lib/python3.12/site-packages/airflow/example_dags/tutorial_dag.py
[2024-06-21T00:08:09.493+0000] {processor.py:830} INFO - Processing file /home/airflow/.local/lib/python3.12/site-packages/airflow/example_dags/tutorial_dag.py for tasks to queue
[2024-06-21T00:08:09.495+0000] {logging_mixin.py:188} INFO - [2024-06-21T00:08:09.494+0000] {dagbag.py:545} INFO - Filling up the DagBag from /home/airflow/.local/lib/python3.12/site-packages/airflow/example_dags/tutorial_dag.py
[2024-06-21T00:08:09.499+0000] {processor.py:840} INFO - DAG(s) 'tutorial_dag' retrieved from /home/airflow/.local/lib/python3.12/site-packages/airflow/example_dags/tutorial_dag.py
[2024-06-21T00:08:09.521+0000] {logging_mixin.py:188} INFO - [2024-06-21T00:08:09.520+0000] {dag.py:3096} INFO - Sync 1 DAGs
[2024-06-21T00:08:09.532+0000] {logging_mixin.py:188} INFO - [2024-06-21T00:08:09.532+0000] {dag.py:3954} INFO - Setting next_dagrun for tutorial_dag to None, run_after=None
[2024-06-21T00:08:09.554+0000] {processor.py:183} INFO - Processing /home/airflow/.local/lib/python3.12/site-packages/airflow/example_dags/tutorial_dag.py took 0.068 seconds
[2024-06-21T00:08:39.969+0000] {processor.py:161} INFO - Started process (PID=176825) to work on /home/airflow/.local/lib/python3.12/site-packages/airflow/example_dags/tutorial_dag.py
[2024-06-21T00:08:39.969+0000] {processor.py:830} INFO - Processing file /home/airflow/.local/lib/python3.12/site-packages/airflow/example_dags/tutorial_dag.py for tasks to queue
[2024-06-21T00:08:39.971+0000] {logging_mixin.py:188} INFO - [2024-06-21T00:08:39.971+0000] {dagbag.py:545} INFO - Filling up the DagBag from /home/airflow/.local/lib/python3.12/site-packages/airflow/example_dags/tutorial_dag.py
[2024-06-21T00:08:39.975+0000] {processor.py:840} INFO - DAG(s) 'tutorial_dag' retrieved from /home/airflow/.local/lib/python3.12/site-packages/airflow/example_dags/tutorial_dag.py
[2024-06-21T00:08:39.993+0000] {logging_mixin.py:188} INFO - [2024-06-21T00:08:39.992+0000] {dag.py:3096} INFO - Sync 1 DAGs
[2024-06-21T00:08:40.007+0000] {logging_mixin.py:188} INFO - [2024-06-21T00:08:40.007+0000] {dag.py:3954} INFO - Setting next_dagrun for tutorial_dag to None, run_after=None
[2024-06-21T00:08:40.026+0000] {processor.py:183} INFO - Processing /home/airflow/.local/lib/python3.12/site-packages/airflow/example_dags/tutorial_dag.py took 0.063 seconds
[2024-06-21T00:09:10.383+0000] {processor.py:161} INFO - Started process (PID=176885) to work on /home/airflow/.local/lib/python3.12/site-packages/airflow/example_dags/tutorial_dag.py
[2024-06-21T00:09:10.383+0000] {processor.py:830} INFO - Processing file /home/airflow/.local/lib/python3.12/site-packages/airflow/example_dags/tutorial_dag.py for tasks to queue
[2024-06-21T00:09:10.385+0000] {logging_mixin.py:188} INFO - [2024-06-21T00:09:10.385+0000] {dagbag.py:545} INFO - Filling up the DagBag from /home/airflow/.local/lib/python3.12/site-packages/airflow/example_dags/tutorial_dag.py
[2024-06-21T00:09:10.391+0000] {processor.py:840} INFO - DAG(s) 'tutorial_dag' retrieved from /home/airflow/.local/lib/python3.12/site-packages/airflow/example_dags/tutorial_dag.py
[2024-06-21T00:09:10.412+0000] {logging_mixin.py:188} INFO - [2024-06-21T00:09:10.411+0000] {dag.py:3096} INFO - Sync 1 DAGs
[2024-06-21T00:09:10.425+0000] {logging_mixin.py:188} INFO - [2024-06-21T00:09:10.424+0000] {dag.py:3954} INFO - Setting next_dagrun for tutorial_dag to None, run_after=None
[2024-06-21T00:09:10.446+0000] {processor.py:183} INFO - Processing /home/airflow/.local/lib/python3.12/site-packages/airflow/example_dags/tutorial_dag.py took 0.069 seconds
[2024-06-21T00:09:40.915+0000] {processor.py:161} INFO - Started process (PID=176944) to work on /home/airflow/.local/lib/python3.12/site-packages/airflow/example_dags/tutorial_dag.py
[2024-06-21T00:09:40.916+0000] {processor.py:830} INFO - Processing file /home/airflow/.local/lib/python3.12/site-packages/airflow/example_dags/tutorial_dag.py for tasks to queue
[2024-06-21T00:09:40.917+0000] {logging_mixin.py:188} INFO - [2024-06-21T00:09:40.917+0000] {dagbag.py:545} INFO - Filling up the DagBag from /home/airflow/.local/lib/python3.12/site-packages/airflow/example_dags/tutorial_dag.py
[2024-06-21T00:09:40.922+0000] {processor.py:840} INFO - DAG(s) 'tutorial_dag' retrieved from /home/airflow/.local/lib/python3.12/site-packages/airflow/example_dags/tutorial_dag.py
[2024-06-21T00:09:40.939+0000] {logging_mixin.py:188} INFO - [2024-06-21T00:09:40.939+0000] {dag.py:3096} INFO - Sync 1 DAGs
[2024-06-21T00:09:40.951+0000] {logging_mixin.py:188} INFO - [2024-06-21T00:09:40.951+0000] {dag.py:3954} INFO - Setting next_dagrun for tutorial_dag to None, run_after=None
[2024-06-21T00:09:40.969+0000] {processor.py:183} INFO - Processing /home/airflow/.local/lib/python3.12/site-packages/airflow/example_dags/tutorial_dag.py took 0.060 seconds
[2024-06-21T00:10:11.401+0000] {processor.py:161} INFO - Started process (PID=177004) to work on /home/airflow/.local/lib/python3.12/site-packages/airflow/example_dags/tutorial_dag.py
[2024-06-21T00:10:11.402+0000] {processor.py:830} INFO - Processing file /home/airflow/.local/lib/python3.12/site-packages/airflow/example_dags/tutorial_dag.py for tasks to queue
[2024-06-21T00:10:11.403+0000] {logging_mixin.py:188} INFO - [2024-06-21T00:10:11.403+0000] {dagbag.py:545} INFO - Filling up the DagBag from /home/airflow/.local/lib/python3.12/site-packages/airflow/example_dags/tutorial_dag.py
[2024-06-21T00:10:11.407+0000] {processor.py:840} INFO - DAG(s) 'tutorial_dag' retrieved from /home/airflow/.local/lib/python3.12/site-packages/airflow/example_dags/tutorial_dag.py
[2024-06-21T00:10:11.425+0000] {logging_mixin.py:188} INFO - [2024-06-21T00:10:11.425+0000] {dag.py:3096} INFO - Sync 1 DAGs
[2024-06-21T00:10:11.437+0000] {logging_mixin.py:188} INFO - [2024-06-21T00:10:11.437+0000] {dag.py:3954} INFO - Setting next_dagrun for tutorial_dag to None, run_after=None
[2024-06-21T00:10:11.464+0000] {processor.py:183} INFO - Processing /home/airflow/.local/lib/python3.12/site-packages/airflow/example_dags/tutorial_dag.py took 0.068 seconds
[2024-06-21T00:10:41.981+0000] {processor.py:161} INFO - Started process (PID=177064) to work on /home/airflow/.local/lib/python3.12/site-packages/airflow/example_dags/tutorial_dag.py
[2024-06-21T00:10:41.982+0000] {processor.py:830} INFO - Processing file /home/airflow/.local/lib/python3.12/site-packages/airflow/example_dags/tutorial_dag.py for tasks to queue
[2024-06-21T00:10:41.983+0000] {logging_mixin.py:188} INFO - [2024-06-21T00:10:41.983+0000] {dagbag.py:545} INFO - Filling up the DagBag from /home/airflow/.local/lib/python3.12/site-packages/airflow/example_dags/tutorial_dag.py
[2024-06-21T00:10:41.987+0000] {processor.py:840} INFO - DAG(s) 'tutorial_dag' retrieved from /home/airflow/.local/lib/python3.12/site-packages/airflow/example_dags/tutorial_dag.py
[2024-06-21T00:10:42.007+0000] {logging_mixin.py:188} INFO - [2024-06-21T00:10:42.007+0000] {dag.py:3096} INFO - Sync 1 DAGs
[2024-06-21T00:10:42.019+0000] {logging_mixin.py:188} INFO - [2024-06-21T00:10:42.018+0000] {dag.py:3954} INFO - Setting next_dagrun for tutorial_dag to None, run_after=None
[2024-06-21T00:10:42.040+0000] {processor.py:183} INFO - Processing /home/airflow/.local/lib/python3.12/site-packages/airflow/example_dags/tutorial_dag.py took 0.065 seconds
[2024-06-21T00:11:12.874+0000] {processor.py:161} INFO - Started process (PID=177125) to work on /home/airflow/.local/lib/python3.12/site-packages/airflow/example_dags/tutorial_dag.py
[2024-06-21T00:11:12.875+0000] {processor.py:830} INFO - Processing file /home/airflow/.local/lib/python3.12/site-packages/airflow/example_dags/tutorial_dag.py for tasks to queue
[2024-06-21T00:11:12.876+0000] {logging_mixin.py:188} INFO - [2024-06-21T00:11:12.876+0000] {dagbag.py:545} INFO - Filling up the DagBag from /home/airflow/.local/lib/python3.12/site-packages/airflow/example_dags/tutorial_dag.py
[2024-06-21T00:11:12.880+0000] {processor.py:840} INFO - DAG(s) 'tutorial_dag' retrieved from /home/airflow/.local/lib/python3.12/site-packages/airflow/example_dags/tutorial_dag.py
[2024-06-21T00:11:12.904+0000] {logging_mixin.py:188} INFO - [2024-06-21T00:11:12.904+0000] {dag.py:3096} INFO - Sync 1 DAGs
[2024-06-21T00:11:12.922+0000] {logging_mixin.py:188} INFO - [2024-06-21T00:11:12.922+0000] {dag.py:3954} INFO - Setting next_dagrun for tutorial_dag to None, run_after=None
[2024-06-21T00:11:12.942+0000] {processor.py:183} INFO - Processing /home/airflow/.local/lib/python3.12/site-packages/airflow/example_dags/tutorial_dag.py took 0.074 seconds
[2024-06-21T00:11:43.701+0000] {processor.py:161} INFO - Started process (PID=177186) to work on /home/airflow/.local/lib/python3.12/site-packages/airflow/example_dags/tutorial_dag.py
[2024-06-21T00:11:43.701+0000] {processor.py:830} INFO - Processing file /home/airflow/.local/lib/python3.12/site-packages/airflow/example_dags/tutorial_dag.py for tasks to queue
[2024-06-21T00:11:43.703+0000] {logging_mixin.py:188} INFO - [2024-06-21T00:11:43.703+0000] {dagbag.py:545} INFO - Filling up the DagBag from /home/airflow/.local/lib/python3.12/site-packages/airflow/example_dags/tutorial_dag.py
[2024-06-21T00:11:43.707+0000] {processor.py:840} INFO - DAG(s) 'tutorial_dag' retrieved from /home/airflow/.local/lib/python3.12/site-packages/airflow/example_dags/tutorial_dag.py
[2024-06-21T00:11:43.725+0000] {logging_mixin.py:188} INFO - [2024-06-21T00:11:43.725+0000] {dag.py:3096} INFO - Sync 1 DAGs
[2024-06-21T00:11:43.736+0000] {logging_mixin.py:188} INFO - [2024-06-21T00:11:43.736+0000] {dag.py:3954} INFO - Setting next_dagrun for tutorial_dag to None, run_after=None
[2024-06-21T00:11:43.754+0000] {processor.py:183} INFO - Processing /home/airflow/.local/lib/python3.12/site-packages/airflow/example_dags/tutorial_dag.py took 0.058 seconds
[2024-06-21T00:12:14.575+0000] {processor.py:161} INFO - Started process (PID=177246) to work on /home/airflow/.local/lib/python3.12/site-packages/airflow/example_dags/tutorial_dag.py
[2024-06-21T00:12:14.576+0000] {processor.py:830} INFO - Processing file /home/airflow/.local/lib/python3.12/site-packages/airflow/example_dags/tutorial_dag.py for tasks to queue
[2024-06-21T00:12:14.578+0000] {logging_mixin.py:188} INFO - [2024-06-21T00:12:14.577+0000] {dagbag.py:545} INFO - Filling up the DagBag from /home/airflow/.local/lib/python3.12/site-packages/airflow/example_dags/tutorial_dag.py
[2024-06-21T00:12:14.583+0000] {processor.py:840} INFO - DAG(s) 'tutorial_dag' retrieved from /home/airflow/.local/lib/python3.12/site-packages/airflow/example_dags/tutorial_dag.py
[2024-06-21T00:12:14.603+0000] {logging_mixin.py:188} INFO - [2024-06-21T00:12:14.603+0000] {dag.py:3096} INFO - Sync 1 DAGs
[2024-06-21T00:12:14.616+0000] {logging_mixin.py:188} INFO - [2024-06-21T00:12:14.616+0000] {dag.py:3954} INFO - Setting next_dagrun for tutorial_dag to None, run_after=None
[2024-06-21T00:12:14.638+0000] {processor.py:183} INFO - Processing /home/airflow/.local/lib/python3.12/site-packages/airflow/example_dags/tutorial_dag.py took 0.069 seconds
[2024-06-21T00:12:44.748+0000] {processor.py:161} INFO - Started process (PID=177307) to work on /home/airflow/.local/lib/python3.12/site-packages/airflow/example_dags/tutorial_dag.py
[2024-06-21T00:12:44.748+0000] {processor.py:830} INFO - Processing file /home/airflow/.local/lib/python3.12/site-packages/airflow/example_dags/tutorial_dag.py for tasks to queue
[2024-06-21T00:12:44.750+0000] {logging_mixin.py:188} INFO - [2024-06-21T00:12:44.750+0000] {dagbag.py:545} INFO - Filling up the DagBag from /home/airflow/.local/lib/python3.12/site-packages/airflow/example_dags/tutorial_dag.py
[2024-06-21T00:12:44.754+0000] {processor.py:840} INFO - DAG(s) 'tutorial_dag' retrieved from /home/airflow/.local/lib/python3.12/site-packages/airflow/example_dags/tutorial_dag.py
[2024-06-21T00:12:44.777+0000] {logging_mixin.py:188} INFO - [2024-06-21T00:12:44.777+0000] {dag.py:3096} INFO - Sync 1 DAGs
[2024-06-21T00:12:44.796+0000] {logging_mixin.py:188} INFO - [2024-06-21T00:12:44.796+0000] {dag.py:3954} INFO - Setting next_dagrun for tutorial_dag to None, run_after=None
[2024-06-21T00:12:44.819+0000] {processor.py:183} INFO - Processing /home/airflow/.local/lib/python3.12/site-packages/airflow/example_dags/tutorial_dag.py took 0.077 seconds
[2024-06-21T00:13:15.067+0000] {processor.py:161} INFO - Started process (PID=177368) to work on /home/airflow/.local/lib/python3.12/site-packages/airflow/example_dags/tutorial_dag.py
[2024-06-21T00:13:15.068+0000] {processor.py:830} INFO - Processing file /home/airflow/.local/lib/python3.12/site-packages/airflow/example_dags/tutorial_dag.py for tasks to queue
[2024-06-21T00:13:15.069+0000] {logging_mixin.py:188} INFO - [2024-06-21T00:13:15.069+0000] {dagbag.py:545} INFO - Filling up the DagBag from /home/airflow/.local/lib/python3.12/site-packages/airflow/example_dags/tutorial_dag.py
[2024-06-21T00:13:15.074+0000] {processor.py:840} INFO - DAG(s) 'tutorial_dag' retrieved from /home/airflow/.local/lib/python3.12/site-packages/airflow/example_dags/tutorial_dag.py
[2024-06-21T00:13:15.092+0000] {logging_mixin.py:188} INFO - [2024-06-21T00:13:15.092+0000] {dag.py:3096} INFO - Sync 1 DAGs
[2024-06-21T00:13:15.110+0000] {logging_mixin.py:188} INFO - [2024-06-21T00:13:15.109+0000] {dag.py:3954} INFO - Setting next_dagrun for tutorial_dag to None, run_after=None
[2024-06-21T00:13:15.133+0000] {processor.py:183} INFO - Processing /home/airflow/.local/lib/python3.12/site-packages/airflow/example_dags/tutorial_dag.py took 0.071 seconds
[2024-06-21T00:13:45.229+0000] {processor.py:161} INFO - Started process (PID=177430) to work on /home/airflow/.local/lib/python3.12/site-packages/airflow/example_dags/tutorial_dag.py
[2024-06-21T00:13:45.230+0000] {processor.py:830} INFO - Processing file /home/airflow/.local/lib/python3.12/site-packages/airflow/example_dags/tutorial_dag.py for tasks to queue
[2024-06-21T00:13:45.232+0000] {logging_mixin.py:188} INFO - [2024-06-21T00:13:45.231+0000] {dagbag.py:545} INFO - Filling up the DagBag from /home/airflow/.local/lib/python3.12/site-packages/airflow/example_dags/tutorial_dag.py
[2024-06-21T00:13:45.235+0000] {processor.py:840} INFO - DAG(s) 'tutorial_dag' retrieved from /home/airflow/.local/lib/python3.12/site-packages/airflow/example_dags/tutorial_dag.py
[2024-06-21T00:13:45.253+0000] {logging_mixin.py:188} INFO - [2024-06-21T00:13:45.253+0000] {dag.py:3096} INFO - Sync 1 DAGs
[2024-06-21T00:13:45.264+0000] {logging_mixin.py:188} INFO - [2024-06-21T00:13:45.264+0000] {dag.py:3954} INFO - Setting next_dagrun for tutorial_dag to None, run_after=None
[2024-06-21T00:13:45.290+0000] {processor.py:183} INFO - Processing /home/airflow/.local/lib/python3.12/site-packages/airflow/example_dags/tutorial_dag.py took 0.065 seconds
[2024-06-21T00:14:15.506+0000] {processor.py:161} INFO - Started process (PID=177491) to work on /home/airflow/.local/lib/python3.12/site-packages/airflow/example_dags/tutorial_dag.py
[2024-06-21T00:14:15.507+0000] {processor.py:830} INFO - Processing file /home/airflow/.local/lib/python3.12/site-packages/airflow/example_dags/tutorial_dag.py for tasks to queue
[2024-06-21T00:14:15.508+0000] {logging_mixin.py:188} INFO - [2024-06-21T00:14:15.508+0000] {dagbag.py:545} INFO - Filling up the DagBag from /home/airflow/.local/lib/python3.12/site-packages/airflow/example_dags/tutorial_dag.py
[2024-06-21T00:14:15.512+0000] {processor.py:840} INFO - DAG(s) 'tutorial_dag' retrieved from /home/airflow/.local/lib/python3.12/site-packages/airflow/example_dags/tutorial_dag.py
[2024-06-21T00:14:15.531+0000] {logging_mixin.py:188} INFO - [2024-06-21T00:14:15.531+0000] {dag.py:3096} INFO - Sync 1 DAGs
[2024-06-21T00:14:15.545+0000] {logging_mixin.py:188} INFO - [2024-06-21T00:14:15.545+0000] {dag.py:3954} INFO - Setting next_dagrun for tutorial_dag to None, run_after=None
[2024-06-21T00:14:15.567+0000] {processor.py:183} INFO - Processing /home/airflow/.local/lib/python3.12/site-packages/airflow/example_dags/tutorial_dag.py took 0.067 seconds
[2024-06-21T00:14:45.715+0000] {processor.py:161} INFO - Started process (PID=177551) to work on /home/airflow/.local/lib/python3.12/site-packages/airflow/example_dags/tutorial_dag.py
[2024-06-21T00:14:45.715+0000] {processor.py:830} INFO - Processing file /home/airflow/.local/lib/python3.12/site-packages/airflow/example_dags/tutorial_dag.py for tasks to queue
[2024-06-21T00:14:45.717+0000] {logging_mixin.py:188} INFO - [2024-06-21T00:14:45.717+0000] {dagbag.py:545} INFO - Filling up the DagBag from /home/airflow/.local/lib/python3.12/site-packages/airflow/example_dags/tutorial_dag.py
[2024-06-21T00:14:45.721+0000] {processor.py:840} INFO - DAG(s) 'tutorial_dag' retrieved from /home/airflow/.local/lib/python3.12/site-packages/airflow/example_dags/tutorial_dag.py
[2024-06-21T00:14:45.740+0000] {logging_mixin.py:188} INFO - [2024-06-21T00:14:45.739+0000] {dag.py:3096} INFO - Sync 1 DAGs
[2024-06-21T00:14:45.752+0000] {logging_mixin.py:188} INFO - [2024-06-21T00:14:45.751+0000] {dag.py:3954} INFO - Setting next_dagrun for tutorial_dag to None, run_after=None
[2024-06-21T00:14:45.772+0000] {processor.py:183} INFO - Processing /home/airflow/.local/lib/python3.12/site-packages/airflow/example_dags/tutorial_dag.py took 0.063 seconds
[2024-06-21T00:15:15.897+0000] {processor.py:161} INFO - Started process (PID=177611) to work on /home/airflow/.local/lib/python3.12/site-packages/airflow/example_dags/tutorial_dag.py
[2024-06-21T00:15:15.898+0000] {processor.py:830} INFO - Processing file /home/airflow/.local/lib/python3.12/site-packages/airflow/example_dags/tutorial_dag.py for tasks to queue
[2024-06-21T00:15:15.899+0000] {logging_mixin.py:188} INFO - [2024-06-21T00:15:15.899+0000] {dagbag.py:545} INFO - Filling up the DagBag from /home/airflow/.local/lib/python3.12/site-packages/airflow/example_dags/tutorial_dag.py
[2024-06-21T00:15:15.903+0000] {processor.py:840} INFO - DAG(s) 'tutorial_dag' retrieved from /home/airflow/.local/lib/python3.12/site-packages/airflow/example_dags/tutorial_dag.py
[2024-06-21T00:15:15.921+0000] {logging_mixin.py:188} INFO - [2024-06-21T00:15:15.921+0000] {dag.py:3096} INFO - Sync 1 DAGs
[2024-06-21T00:15:15.932+0000] {logging_mixin.py:188} INFO - [2024-06-21T00:15:15.932+0000] {dag.py:3954} INFO - Setting next_dagrun for tutorial_dag to None, run_after=None
[2024-06-21T00:15:15.955+0000] {processor.py:183} INFO - Processing /home/airflow/.local/lib/python3.12/site-packages/airflow/example_dags/tutorial_dag.py took 0.063 seconds
[2024-06-21T00:15:46.136+0000] {processor.py:161} INFO - Started process (PID=177671) to work on /home/airflow/.local/lib/python3.12/site-packages/airflow/example_dags/tutorial_dag.py
[2024-06-21T00:15:46.137+0000] {processor.py:830} INFO - Processing file /home/airflow/.local/lib/python3.12/site-packages/airflow/example_dags/tutorial_dag.py for tasks to queue
[2024-06-21T00:15:46.138+0000] {logging_mixin.py:188} INFO - [2024-06-21T00:15:46.138+0000] {dagbag.py:545} INFO - Filling up the DagBag from /home/airflow/.local/lib/python3.12/site-packages/airflow/example_dags/tutorial_dag.py
[2024-06-21T00:15:46.142+0000] {processor.py:840} INFO - DAG(s) 'tutorial_dag' retrieved from /home/airflow/.local/lib/python3.12/site-packages/airflow/example_dags/tutorial_dag.py
[2024-06-21T00:15:46.166+0000] {logging_mixin.py:188} INFO - [2024-06-21T00:15:46.165+0000] {dag.py:3096} INFO - Sync 1 DAGs
[2024-06-21T00:15:46.177+0000] {logging_mixin.py:188} INFO - [2024-06-21T00:15:46.177+0000] {dag.py:3954} INFO - Setting next_dagrun for tutorial_dag to None, run_after=None
[2024-06-21T00:15:46.197+0000] {processor.py:183} INFO - Processing /home/airflow/.local/lib/python3.12/site-packages/airflow/example_dags/tutorial_dag.py took 0.067 seconds
[2024-06-21T00:16:17.185+0000] {processor.py:161} INFO - Started process (PID=177731) to work on /home/airflow/.local/lib/python3.12/site-packages/airflow/example_dags/tutorial_dag.py
[2024-06-21T00:16:17.186+0000] {processor.py:830} INFO - Processing file /home/airflow/.local/lib/python3.12/site-packages/airflow/example_dags/tutorial_dag.py for tasks to queue
[2024-06-21T00:16:17.189+0000] {logging_mixin.py:188} INFO - [2024-06-21T00:16:17.188+0000] {dagbag.py:545} INFO - Filling up the DagBag from /home/airflow/.local/lib/python3.12/site-packages/airflow/example_dags/tutorial_dag.py
[2024-06-21T00:16:17.194+0000] {processor.py:840} INFO - DAG(s) 'tutorial_dag' retrieved from /home/airflow/.local/lib/python3.12/site-packages/airflow/example_dags/tutorial_dag.py
[2024-06-21T00:16:17.220+0000] {logging_mixin.py:188} INFO - [2024-06-21T00:16:17.220+0000] {dag.py:3096} INFO - Sync 1 DAGs
[2024-06-21T00:16:17.237+0000] {logging_mixin.py:188} INFO - [2024-06-21T00:16:17.237+0000] {dag.py:3954} INFO - Setting next_dagrun for tutorial_dag to None, run_after=None
[2024-06-21T00:16:17.256+0000] {processor.py:183} INFO - Processing /home/airflow/.local/lib/python3.12/site-packages/airflow/example_dags/tutorial_dag.py took 0.078 seconds
[2024-06-21T00:16:47.368+0000] {processor.py:161} INFO - Started process (PID=177791) to work on /home/airflow/.local/lib/python3.12/site-packages/airflow/example_dags/tutorial_dag.py
[2024-06-21T00:16:47.369+0000] {processor.py:830} INFO - Processing file /home/airflow/.local/lib/python3.12/site-packages/airflow/example_dags/tutorial_dag.py for tasks to queue
[2024-06-21T00:16:47.370+0000] {logging_mixin.py:188} INFO - [2024-06-21T00:16:47.370+0000] {dagbag.py:545} INFO - Filling up the DagBag from /home/airflow/.local/lib/python3.12/site-packages/airflow/example_dags/tutorial_dag.py
[2024-06-21T00:16:47.374+0000] {processor.py:840} INFO - DAG(s) 'tutorial_dag' retrieved from /home/airflow/.local/lib/python3.12/site-packages/airflow/example_dags/tutorial_dag.py
[2024-06-21T00:16:47.392+0000] {logging_mixin.py:188} INFO - [2024-06-21T00:16:47.392+0000] {dag.py:3096} INFO - Sync 1 DAGs
[2024-06-21T00:16:47.406+0000] {logging_mixin.py:188} INFO - [2024-06-21T00:16:47.406+0000] {dag.py:3954} INFO - Setting next_dagrun for tutorial_dag to None, run_after=None
[2024-06-21T00:16:47.428+0000] {processor.py:183} INFO - Processing /home/airflow/.local/lib/python3.12/site-packages/airflow/example_dags/tutorial_dag.py took 0.066 seconds
[2024-06-21T00:17:17.607+0000] {processor.py:161} INFO - Started process (PID=177851) to work on /home/airflow/.local/lib/python3.12/site-packages/airflow/example_dags/tutorial_dag.py
[2024-06-21T00:17:17.607+0000] {processor.py:830} INFO - Processing file /home/airflow/.local/lib/python3.12/site-packages/airflow/example_dags/tutorial_dag.py for tasks to queue
[2024-06-21T00:17:17.609+0000] {logging_mixin.py:188} INFO - [2024-06-21T00:17:17.609+0000] {dagbag.py:545} INFO - Filling up the DagBag from /home/airflow/.local/lib/python3.12/site-packages/airflow/example_dags/tutorial_dag.py
[2024-06-21T00:17:17.613+0000] {processor.py:840} INFO - DAG(s) 'tutorial_dag' retrieved from /home/airflow/.local/lib/python3.12/site-packages/airflow/example_dags/tutorial_dag.py
[2024-06-21T00:17:17.632+0000] {logging_mixin.py:188} INFO - [2024-06-21T00:17:17.632+0000] {dag.py:3096} INFO - Sync 1 DAGs
[2024-06-21T00:17:17.644+0000] {logging_mixin.py:188} INFO - [2024-06-21T00:17:17.643+0000] {dag.py:3954} INFO - Setting next_dagrun for tutorial_dag to None, run_after=None
[2024-06-21T00:17:17.662+0000] {processor.py:183} INFO - Processing /home/airflow/.local/lib/python3.12/site-packages/airflow/example_dags/tutorial_dag.py took 0.060 seconds
[2024-06-21T00:17:48.370+0000] {processor.py:161} INFO - Started process (PID=177911) to work on /home/airflow/.local/lib/python3.12/site-packages/airflow/example_dags/tutorial_dag.py
[2024-06-21T00:17:48.371+0000] {processor.py:830} INFO - Processing file /home/airflow/.local/lib/python3.12/site-packages/airflow/example_dags/tutorial_dag.py for tasks to queue
[2024-06-21T00:17:48.373+0000] {logging_mixin.py:188} INFO - [2024-06-21T00:17:48.373+0000] {dagbag.py:545} INFO - Filling up the DagBag from /home/airflow/.local/lib/python3.12/site-packages/airflow/example_dags/tutorial_dag.py
[2024-06-21T00:17:48.377+0000] {processor.py:840} INFO - DAG(s) 'tutorial_dag' retrieved from /home/airflow/.local/lib/python3.12/site-packages/airflow/example_dags/tutorial_dag.py
[2024-06-21T00:17:48.396+0000] {logging_mixin.py:188} INFO - [2024-06-21T00:17:48.396+0000] {dag.py:3096} INFO - Sync 1 DAGs
[2024-06-21T00:17:48.411+0000] {logging_mixin.py:188} INFO - [2024-06-21T00:17:48.411+0000] {dag.py:3954} INFO - Setting next_dagrun for tutorial_dag to None, run_after=None
[2024-06-21T00:17:48.432+0000] {processor.py:183} INFO - Processing /home/airflow/.local/lib/python3.12/site-packages/airflow/example_dags/tutorial_dag.py took 0.067 seconds
[2024-06-21T00:18:18.995+0000] {processor.py:161} INFO - Started process (PID=177971) to work on /home/airflow/.local/lib/python3.12/site-packages/airflow/example_dags/tutorial_dag.py
[2024-06-21T00:18:18.997+0000] {processor.py:830} INFO - Processing file /home/airflow/.local/lib/python3.12/site-packages/airflow/example_dags/tutorial_dag.py for tasks to queue
[2024-06-21T00:18:18.998+0000] {logging_mixin.py:188} INFO - [2024-06-21T00:18:18.998+0000] {dagbag.py:545} INFO - Filling up the DagBag from /home/airflow/.local/lib/python3.12/site-packages/airflow/example_dags/tutorial_dag.py
[2024-06-21T00:18:19.004+0000] {processor.py:840} INFO - DAG(s) 'tutorial_dag' retrieved from /home/airflow/.local/lib/python3.12/site-packages/airflow/example_dags/tutorial_dag.py
[2024-06-21T00:18:19.032+0000] {logging_mixin.py:188} INFO - [2024-06-21T00:18:19.032+0000] {dag.py:3096} INFO - Sync 1 DAGs
[2024-06-21T00:18:19.046+0000] {logging_mixin.py:188} INFO - [2024-06-21T00:18:19.046+0000] {dag.py:3954} INFO - Setting next_dagrun for tutorial_dag to None, run_after=None
[2024-06-21T00:18:19.068+0000] {processor.py:183} INFO - Processing /home/airflow/.local/lib/python3.12/site-packages/airflow/example_dags/tutorial_dag.py took 0.079 seconds
[2024-06-21T00:18:49.171+0000] {processor.py:161} INFO - Started process (PID=178031) to work on /home/airflow/.local/lib/python3.12/site-packages/airflow/example_dags/tutorial_dag.py
[2024-06-21T00:18:49.172+0000] {processor.py:830} INFO - Processing file /home/airflow/.local/lib/python3.12/site-packages/airflow/example_dags/tutorial_dag.py for tasks to queue
[2024-06-21T00:18:49.175+0000] {logging_mixin.py:188} INFO - [2024-06-21T00:18:49.174+0000] {dagbag.py:545} INFO - Filling up the DagBag from /home/airflow/.local/lib/python3.12/site-packages/airflow/example_dags/tutorial_dag.py
[2024-06-21T00:18:49.181+0000] {processor.py:840} INFO - DAG(s) 'tutorial_dag' retrieved from /home/airflow/.local/lib/python3.12/site-packages/airflow/example_dags/tutorial_dag.py
[2024-06-21T00:18:49.199+0000] {logging_mixin.py:188} INFO - [2024-06-21T00:18:49.199+0000] {dag.py:3096} INFO - Sync 1 DAGs
[2024-06-21T00:18:49.211+0000] {logging_mixin.py:188} INFO - [2024-06-21T00:18:49.210+0000] {dag.py:3954} INFO - Setting next_dagrun for tutorial_dag to None, run_after=None
[2024-06-21T00:18:49.229+0000] {processor.py:183} INFO - Processing /home/airflow/.local/lib/python3.12/site-packages/airflow/example_dags/tutorial_dag.py took 0.065 seconds
[2024-06-21T00:19:19.422+0000] {processor.py:161} INFO - Started process (PID=178091) to work on /home/airflow/.local/lib/python3.12/site-packages/airflow/example_dags/tutorial_dag.py
[2024-06-21T00:19:19.423+0000] {processor.py:830} INFO - Processing file /home/airflow/.local/lib/python3.12/site-packages/airflow/example_dags/tutorial_dag.py for tasks to queue
[2024-06-21T00:19:19.425+0000] {logging_mixin.py:188} INFO - [2024-06-21T00:19:19.424+0000] {dagbag.py:545} INFO - Filling up the DagBag from /home/airflow/.local/lib/python3.12/site-packages/airflow/example_dags/tutorial_dag.py
[2024-06-21T00:19:19.429+0000] {processor.py:840} INFO - DAG(s) 'tutorial_dag' retrieved from /home/airflow/.local/lib/python3.12/site-packages/airflow/example_dags/tutorial_dag.py
[2024-06-21T00:19:19.446+0000] {logging_mixin.py:188} INFO - [2024-06-21T00:19:19.446+0000] {dag.py:3096} INFO - Sync 1 DAGs
[2024-06-21T00:19:19.462+0000] {logging_mixin.py:188} INFO - [2024-06-21T00:19:19.462+0000] {dag.py:3954} INFO - Setting next_dagrun for tutorial_dag to None, run_after=None
[2024-06-21T00:19:19.485+0000] {processor.py:183} INFO - Processing /home/airflow/.local/lib/python3.12/site-packages/airflow/example_dags/tutorial_dag.py took 0.067 seconds
[2024-06-21T00:19:49.677+0000] {processor.py:161} INFO - Started process (PID=178151) to work on /home/airflow/.local/lib/python3.12/site-packages/airflow/example_dags/tutorial_dag.py
[2024-06-21T00:19:49.678+0000] {processor.py:830} INFO - Processing file /home/airflow/.local/lib/python3.12/site-packages/airflow/example_dags/tutorial_dag.py for tasks to queue
[2024-06-21T00:19:49.680+0000] {logging_mixin.py:188} INFO - [2024-06-21T00:19:49.679+0000] {dagbag.py:545} INFO - Filling up the DagBag from /home/airflow/.local/lib/python3.12/site-packages/airflow/example_dags/tutorial_dag.py
[2024-06-21T00:19:49.684+0000] {processor.py:840} INFO - DAG(s) 'tutorial_dag' retrieved from /home/airflow/.local/lib/python3.12/site-packages/airflow/example_dags/tutorial_dag.py
[2024-06-21T00:19:49.708+0000] {logging_mixin.py:188} INFO - [2024-06-21T00:19:49.708+0000] {dag.py:3096} INFO - Sync 1 DAGs
[2024-06-21T00:19:49.720+0000] {logging_mixin.py:188} INFO - [2024-06-21T00:19:49.720+0000] {dag.py:3954} INFO - Setting next_dagrun for tutorial_dag to None, run_after=None
[2024-06-21T00:19:49.743+0000] {processor.py:183} INFO - Processing /home/airflow/.local/lib/python3.12/site-packages/airflow/example_dags/tutorial_dag.py took 0.071 seconds
[2024-06-21T00:20:19.945+0000] {processor.py:161} INFO - Started process (PID=178211) to work on /home/airflow/.local/lib/python3.12/site-packages/airflow/example_dags/tutorial_dag.py
[2024-06-21T00:20:19.946+0000] {processor.py:830} INFO - Processing file /home/airflow/.local/lib/python3.12/site-packages/airflow/example_dags/tutorial_dag.py for tasks to queue
[2024-06-21T00:20:19.947+0000] {logging_mixin.py:188} INFO - [2024-06-21T00:20:19.947+0000] {dagbag.py:545} INFO - Filling up the DagBag from /home/airflow/.local/lib/python3.12/site-packages/airflow/example_dags/tutorial_dag.py
[2024-06-21T00:20:19.952+0000] {processor.py:840} INFO - DAG(s) 'tutorial_dag' retrieved from /home/airflow/.local/lib/python3.12/site-packages/airflow/example_dags/tutorial_dag.py
[2024-06-21T00:20:19.970+0000] {logging_mixin.py:188} INFO - [2024-06-21T00:20:19.970+0000] {dag.py:3096} INFO - Sync 1 DAGs
[2024-06-21T00:20:19.985+0000] {logging_mixin.py:188} INFO - [2024-06-21T00:20:19.984+0000] {dag.py:3954} INFO - Setting next_dagrun for tutorial_dag to None, run_after=None
[2024-06-21T00:20:20.007+0000] {processor.py:183} INFO - Processing /home/airflow/.local/lib/python3.12/site-packages/airflow/example_dags/tutorial_dag.py took 0.067 seconds
[2024-06-21T00:20:50.332+0000] {processor.py:161} INFO - Started process (PID=178271) to work on /home/airflow/.local/lib/python3.12/site-packages/airflow/example_dags/tutorial_dag.py
[2024-06-21T00:20:50.333+0000] {processor.py:830} INFO - Processing file /home/airflow/.local/lib/python3.12/site-packages/airflow/example_dags/tutorial_dag.py for tasks to queue
[2024-06-21T00:20:50.334+0000] {logging_mixin.py:188} INFO - [2024-06-21T00:20:50.334+0000] {dagbag.py:545} INFO - Filling up the DagBag from /home/airflow/.local/lib/python3.12/site-packages/airflow/example_dags/tutorial_dag.py
[2024-06-21T00:20:50.338+0000] {processor.py:840} INFO - DAG(s) 'tutorial_dag' retrieved from /home/airflow/.local/lib/python3.12/site-packages/airflow/example_dags/tutorial_dag.py
[2024-06-21T00:20:50.356+0000] {logging_mixin.py:188} INFO - [2024-06-21T00:20:50.356+0000] {dag.py:3096} INFO - Sync 1 DAGs
[2024-06-21T00:20:50.367+0000] {logging_mixin.py:188} INFO - [2024-06-21T00:20:50.367+0000] {dag.py:3954} INFO - Setting next_dagrun for tutorial_dag to None, run_after=None
[2024-06-21T00:20:50.385+0000] {processor.py:183} INFO - Processing /home/airflow/.local/lib/python3.12/site-packages/airflow/example_dags/tutorial_dag.py took 0.058 seconds
[2024-06-21T00:21:21.071+0000] {processor.py:161} INFO - Started process (PID=178331) to work on /home/airflow/.local/lib/python3.12/site-packages/airflow/example_dags/tutorial_dag.py
[2024-06-21T00:21:21.072+0000] {processor.py:830} INFO - Processing file /home/airflow/.local/lib/python3.12/site-packages/airflow/example_dags/tutorial_dag.py for tasks to queue
[2024-06-21T00:21:21.073+0000] {logging_mixin.py:188} INFO - [2024-06-21T00:21:21.073+0000] {dagbag.py:545} INFO - Filling up the DagBag from /home/airflow/.local/lib/python3.12/site-packages/airflow/example_dags/tutorial_dag.py
[2024-06-21T00:21:21.077+0000] {processor.py:840} INFO - DAG(s) 'tutorial_dag' retrieved from /home/airflow/.local/lib/python3.12/site-packages/airflow/example_dags/tutorial_dag.py
[2024-06-21T00:21:21.095+0000] {logging_mixin.py:188} INFO - [2024-06-21T00:21:21.094+0000] {dag.py:3096} INFO - Sync 1 DAGs
[2024-06-21T00:21:21.105+0000] {logging_mixin.py:188} INFO - [2024-06-21T00:21:21.105+0000] {dag.py:3954} INFO - Setting next_dagrun for tutorial_dag to None, run_after=None
[2024-06-21T00:21:21.123+0000] {processor.py:183} INFO - Processing /home/airflow/.local/lib/python3.12/site-packages/airflow/example_dags/tutorial_dag.py took 0.057 seconds
[2024-06-21T00:21:51.259+0000] {processor.py:161} INFO - Started process (PID=178392) to work on /home/airflow/.local/lib/python3.12/site-packages/airflow/example_dags/tutorial_dag.py
[2024-06-21T00:21:51.259+0000] {processor.py:830} INFO - Processing file /home/airflow/.local/lib/python3.12/site-packages/airflow/example_dags/tutorial_dag.py for tasks to queue
[2024-06-21T00:21:51.261+0000] {logging_mixin.py:188} INFO - [2024-06-21T00:21:51.260+0000] {dagbag.py:545} INFO - Filling up the DagBag from /home/airflow/.local/lib/python3.12/site-packages/airflow/example_dags/tutorial_dag.py
[2024-06-21T00:21:51.265+0000] {processor.py:840} INFO - DAG(s) 'tutorial_dag' retrieved from /home/airflow/.local/lib/python3.12/site-packages/airflow/example_dags/tutorial_dag.py
[2024-06-21T00:21:51.283+0000] {logging_mixin.py:188} INFO - [2024-06-21T00:21:51.283+0000] {dag.py:3096} INFO - Sync 1 DAGs
[2024-06-21T00:21:51.294+0000] {logging_mixin.py:188} INFO - [2024-06-21T00:21:51.294+0000] {dag.py:3954} INFO - Setting next_dagrun for tutorial_dag to None, run_after=None
[2024-06-21T00:21:51.312+0000] {processor.py:183} INFO - Processing /home/airflow/.local/lib/python3.12/site-packages/airflow/example_dags/tutorial_dag.py took 0.059 seconds
[2024-06-21T00:22:21.739+0000] {processor.py:161} INFO - Started process (PID=178459) to work on /home/airflow/.local/lib/python3.12/site-packages/airflow/example_dags/tutorial_dag.py
[2024-06-21T00:22:21.740+0000] {processor.py:830} INFO - Processing file /home/airflow/.local/lib/python3.12/site-packages/airflow/example_dags/tutorial_dag.py for tasks to queue
[2024-06-21T00:22:21.741+0000] {logging_mixin.py:188} INFO - [2024-06-21T00:22:21.741+0000] {dagbag.py:545} INFO - Filling up the DagBag from /home/airflow/.local/lib/python3.12/site-packages/airflow/example_dags/tutorial_dag.py
[2024-06-21T00:22:21.746+0000] {processor.py:840} INFO - DAG(s) 'tutorial_dag' retrieved from /home/airflow/.local/lib/python3.12/site-packages/airflow/example_dags/tutorial_dag.py
[2024-06-21T00:22:21.768+0000] {logging_mixin.py:188} INFO - [2024-06-21T00:22:21.768+0000] {dag.py:3096} INFO - Sync 1 DAGs
[2024-06-21T00:22:21.785+0000] {logging_mixin.py:188} INFO - [2024-06-21T00:22:21.785+0000] {dag.py:3954} INFO - Setting next_dagrun for tutorial_dag to None, run_after=None
[2024-06-21T00:22:21.809+0000] {processor.py:183} INFO - Processing /home/airflow/.local/lib/python3.12/site-packages/airflow/example_dags/tutorial_dag.py took 0.076 seconds
[2024-06-21T00:22:52.478+0000] {processor.py:161} INFO - Started process (PID=178519) to work on /home/airflow/.local/lib/python3.12/site-packages/airflow/example_dags/tutorial_dag.py
[2024-06-21T00:22:52.478+0000] {processor.py:830} INFO - Processing file /home/airflow/.local/lib/python3.12/site-packages/airflow/example_dags/tutorial_dag.py for tasks to queue
[2024-06-21T00:22:52.480+0000] {logging_mixin.py:188} INFO - [2024-06-21T00:22:52.479+0000] {dagbag.py:545} INFO - Filling up the DagBag from /home/airflow/.local/lib/python3.12/site-packages/airflow/example_dags/tutorial_dag.py
[2024-06-21T00:22:52.484+0000] {processor.py:840} INFO - DAG(s) 'tutorial_dag' retrieved from /home/airflow/.local/lib/python3.12/site-packages/airflow/example_dags/tutorial_dag.py
[2024-06-21T00:22:52.505+0000] {logging_mixin.py:188} INFO - [2024-06-21T00:22:52.505+0000] {dag.py:3096} INFO - Sync 1 DAGs
[2024-06-21T00:22:52.516+0000] {logging_mixin.py:188} INFO - [2024-06-21T00:22:52.516+0000] {dag.py:3954} INFO - Setting next_dagrun for tutorial_dag to None, run_after=None
[2024-06-21T00:22:52.541+0000] {processor.py:183} INFO - Processing /home/airflow/.local/lib/python3.12/site-packages/airflow/example_dags/tutorial_dag.py took 0.068 seconds
[2024-06-21T00:23:22.856+0000] {processor.py:161} INFO - Started process (PID=178579) to work on /home/airflow/.local/lib/python3.12/site-packages/airflow/example_dags/tutorial_dag.py
[2024-06-21T00:23:22.857+0000] {processor.py:830} INFO - Processing file /home/airflow/.local/lib/python3.12/site-packages/airflow/example_dags/tutorial_dag.py for tasks to queue
[2024-06-21T00:23:22.860+0000] {logging_mixin.py:188} INFO - [2024-06-21T00:23:22.859+0000] {dagbag.py:545} INFO - Filling up the DagBag from /home/airflow/.local/lib/python3.12/site-packages/airflow/example_dags/tutorial_dag.py
[2024-06-21T00:23:22.867+0000] {processor.py:840} INFO - DAG(s) 'tutorial_dag' retrieved from /home/airflow/.local/lib/python3.12/site-packages/airflow/example_dags/tutorial_dag.py
[2024-06-21T00:23:22.891+0000] {logging_mixin.py:188} INFO - [2024-06-21T00:23:22.890+0000] {dag.py:3096} INFO - Sync 1 DAGs
[2024-06-21T00:23:22.907+0000] {logging_mixin.py:188} INFO - [2024-06-21T00:23:22.907+0000] {dag.py:3954} INFO - Setting next_dagrun for tutorial_dag to None, run_after=None
[2024-06-21T00:23:22.931+0000] {processor.py:183} INFO - Processing /home/airflow/.local/lib/python3.12/site-packages/airflow/example_dags/tutorial_dag.py took 0.081 seconds
[2024-06-21T00:23:52.978+0000] {processor.py:161} INFO - Started process (PID=178637) to work on /home/airflow/.local/lib/python3.12/site-packages/airflow/example_dags/tutorial_dag.py
[2024-06-21T00:23:52.979+0000] {processor.py:830} INFO - Processing file /home/airflow/.local/lib/python3.12/site-packages/airflow/example_dags/tutorial_dag.py for tasks to queue
[2024-06-21T00:23:52.980+0000] {logging_mixin.py:188} INFO - [2024-06-21T00:23:52.980+0000] {dagbag.py:545} INFO - Filling up the DagBag from /home/airflow/.local/lib/python3.12/site-packages/airflow/example_dags/tutorial_dag.py
[2024-06-21T00:23:52.984+0000] {processor.py:840} INFO - DAG(s) 'tutorial_dag' retrieved from /home/airflow/.local/lib/python3.12/site-packages/airflow/example_dags/tutorial_dag.py
[2024-06-21T00:23:53.002+0000] {logging_mixin.py:188} INFO - [2024-06-21T00:23:53.001+0000] {dag.py:3096} INFO - Sync 1 DAGs
[2024-06-21T00:23:53.013+0000] {logging_mixin.py:188} INFO - [2024-06-21T00:23:53.013+0000] {dag.py:3954} INFO - Setting next_dagrun for tutorial_dag to None, run_after=None
[2024-06-21T00:23:53.031+0000] {processor.py:183} INFO - Processing /home/airflow/.local/lib/python3.12/site-packages/airflow/example_dags/tutorial_dag.py took 0.058 seconds
[2024-06-21T00:24:23.324+0000] {processor.py:161} INFO - Started process (PID=178697) to work on /home/airflow/.local/lib/python3.12/site-packages/airflow/example_dags/tutorial_dag.py
[2024-06-21T00:24:23.325+0000] {processor.py:830} INFO - Processing file /home/airflow/.local/lib/python3.12/site-packages/airflow/example_dags/tutorial_dag.py for tasks to queue
[2024-06-21T00:24:23.326+0000] {logging_mixin.py:188} INFO - [2024-06-21T00:24:23.326+0000] {dagbag.py:545} INFO - Filling up the DagBag from /home/airflow/.local/lib/python3.12/site-packages/airflow/example_dags/tutorial_dag.py
[2024-06-21T00:24:23.330+0000] {processor.py:840} INFO - DAG(s) 'tutorial_dag' retrieved from /home/airflow/.local/lib/python3.12/site-packages/airflow/example_dags/tutorial_dag.py
[2024-06-21T00:24:23.348+0000] {logging_mixin.py:188} INFO - [2024-06-21T00:24:23.347+0000] {dag.py:3096} INFO - Sync 1 DAGs
[2024-06-21T00:24:23.359+0000] {logging_mixin.py:188} INFO - [2024-06-21T00:24:23.358+0000] {dag.py:3954} INFO - Setting next_dagrun for tutorial_dag to None, run_after=None
[2024-06-21T00:24:23.378+0000] {processor.py:183} INFO - Processing /home/airflow/.local/lib/python3.12/site-packages/airflow/example_dags/tutorial_dag.py took 0.059 seconds
[2024-06-21T00:24:53.713+0000] {processor.py:161} INFO - Started process (PID=178757) to work on /home/airflow/.local/lib/python3.12/site-packages/airflow/example_dags/tutorial_dag.py
[2024-06-21T00:24:53.714+0000] {processor.py:830} INFO - Processing file /home/airflow/.local/lib/python3.12/site-packages/airflow/example_dags/tutorial_dag.py for tasks to queue
[2024-06-21T00:24:53.717+0000] {logging_mixin.py:188} INFO - [2024-06-21T00:24:53.716+0000] {dagbag.py:545} INFO - Filling up the DagBag from /home/airflow/.local/lib/python3.12/site-packages/airflow/example_dags/tutorial_dag.py
[2024-06-21T00:24:53.723+0000] {processor.py:840} INFO - DAG(s) 'tutorial_dag' retrieved from /home/airflow/.local/lib/python3.12/site-packages/airflow/example_dags/tutorial_dag.py
[2024-06-21T00:24:53.744+0000] {logging_mixin.py:188} INFO - [2024-06-21T00:24:53.744+0000] {dag.py:3096} INFO - Sync 1 DAGs
[2024-06-21T00:24:53.759+0000] {logging_mixin.py:188} INFO - [2024-06-21T00:24:53.759+0000] {dag.py:3954} INFO - Setting next_dagrun for tutorial_dag to None, run_after=None
[2024-06-21T00:24:53.777+0000] {processor.py:183} INFO - Processing /home/airflow/.local/lib/python3.12/site-packages/airflow/example_dags/tutorial_dag.py took 0.069 seconds
[2024-06-21T00:25:24.226+0000] {processor.py:161} INFO - Started process (PID=178817) to work on /home/airflow/.local/lib/python3.12/site-packages/airflow/example_dags/tutorial_dag.py
[2024-06-21T00:25:24.227+0000] {processor.py:830} INFO - Processing file /home/airflow/.local/lib/python3.12/site-packages/airflow/example_dags/tutorial_dag.py for tasks to queue
[2024-06-21T00:25:24.228+0000] {logging_mixin.py:188} INFO - [2024-06-21T00:25:24.228+0000] {dagbag.py:545} INFO - Filling up the DagBag from /home/airflow/.local/lib/python3.12/site-packages/airflow/example_dags/tutorial_dag.py
[2024-06-21T00:25:24.232+0000] {processor.py:840} INFO - DAG(s) 'tutorial_dag' retrieved from /home/airflow/.local/lib/python3.12/site-packages/airflow/example_dags/tutorial_dag.py
[2024-06-21T00:25:24.251+0000] {logging_mixin.py:188} INFO - [2024-06-21T00:25:24.251+0000] {dag.py:3096} INFO - Sync 1 DAGs
[2024-06-21T00:25:24.266+0000] {logging_mixin.py:188} INFO - [2024-06-21T00:25:24.265+0000] {dag.py:3954} INFO - Setting next_dagrun for tutorial_dag to None, run_after=None
[2024-06-21T00:25:24.288+0000] {processor.py:183} INFO - Processing /home/airflow/.local/lib/python3.12/site-packages/airflow/example_dags/tutorial_dag.py took 0.068 seconds
[2024-06-21T00:25:54.505+0000] {processor.py:161} INFO - Started process (PID=178877) to work on /home/airflow/.local/lib/python3.12/site-packages/airflow/example_dags/tutorial_dag.py
[2024-06-21T00:25:54.506+0000] {processor.py:830} INFO - Processing file /home/airflow/.local/lib/python3.12/site-packages/airflow/example_dags/tutorial_dag.py for tasks to queue
[2024-06-21T00:25:54.508+0000] {logging_mixin.py:188} INFO - [2024-06-21T00:25:54.508+0000] {dagbag.py:545} INFO - Filling up the DagBag from /home/airflow/.local/lib/python3.12/site-packages/airflow/example_dags/tutorial_dag.py
[2024-06-21T00:25:54.513+0000] {processor.py:840} INFO - DAG(s) 'tutorial_dag' retrieved from /home/airflow/.local/lib/python3.12/site-packages/airflow/example_dags/tutorial_dag.py
[2024-06-21T00:25:54.532+0000] {logging_mixin.py:188} INFO - [2024-06-21T00:25:54.531+0000] {dag.py:3096} INFO - Sync 1 DAGs
[2024-06-21T00:25:54.543+0000] {logging_mixin.py:188} INFO - [2024-06-21T00:25:54.543+0000] {dag.py:3954} INFO - Setting next_dagrun for tutorial_dag to None, run_after=None
[2024-06-21T00:25:54.563+0000] {processor.py:183} INFO - Processing /home/airflow/.local/lib/python3.12/site-packages/airflow/example_dags/tutorial_dag.py took 0.064 seconds
[2024-06-21T00:26:25.167+0000] {processor.py:161} INFO - Started process (PID=178938) to work on /home/airflow/.local/lib/python3.12/site-packages/airflow/example_dags/tutorial_dag.py
[2024-06-21T00:26:25.168+0000] {processor.py:830} INFO - Processing file /home/airflow/.local/lib/python3.12/site-packages/airflow/example_dags/tutorial_dag.py for tasks to queue
[2024-06-21T00:26:25.170+0000] {logging_mixin.py:188} INFO - [2024-06-21T00:26:25.169+0000] {dagbag.py:545} INFO - Filling up the DagBag from /home/airflow/.local/lib/python3.12/site-packages/airflow/example_dags/tutorial_dag.py
[2024-06-21T00:26:25.174+0000] {processor.py:840} INFO - DAG(s) 'tutorial_dag' retrieved from /home/airflow/.local/lib/python3.12/site-packages/airflow/example_dags/tutorial_dag.py
[2024-06-21T00:26:25.191+0000] {logging_mixin.py:188} INFO - [2024-06-21T00:26:25.191+0000] {dag.py:3096} INFO - Sync 1 DAGs
[2024-06-21T00:26:25.207+0000] {logging_mixin.py:188} INFO - [2024-06-21T00:26:25.206+0000] {dag.py:3954} INFO - Setting next_dagrun for tutorial_dag to None, run_after=None
[2024-06-21T00:26:25.232+0000] {processor.py:183} INFO - Processing /home/airflow/.local/lib/python3.12/site-packages/airflow/example_dags/tutorial_dag.py took 0.073 seconds
[2024-06-21T00:26:55.475+0000] {processor.py:161} INFO - Started process (PID=178998) to work on /home/airflow/.local/lib/python3.12/site-packages/airflow/example_dags/tutorial_dag.py
[2024-06-21T00:26:55.475+0000] {processor.py:830} INFO - Processing file /home/airflow/.local/lib/python3.12/site-packages/airflow/example_dags/tutorial_dag.py for tasks to queue
[2024-06-21T00:26:55.478+0000] {logging_mixin.py:188} INFO - [2024-06-21T00:26:55.477+0000] {dagbag.py:545} INFO - Filling up the DagBag from /home/airflow/.local/lib/python3.12/site-packages/airflow/example_dags/tutorial_dag.py
[2024-06-21T00:26:55.484+0000] {processor.py:840} INFO - DAG(s) 'tutorial_dag' retrieved from /home/airflow/.local/lib/python3.12/site-packages/airflow/example_dags/tutorial_dag.py
[2024-06-21T00:26:55.506+0000] {logging_mixin.py:188} INFO - [2024-06-21T00:26:55.506+0000] {dag.py:3096} INFO - Sync 1 DAGs
[2024-06-21T00:26:55.525+0000] {logging_mixin.py:188} INFO - [2024-06-21T00:26:55.525+0000] {dag.py:3954} INFO - Setting next_dagrun for tutorial_dag to None, run_after=None
[2024-06-21T00:26:55.552+0000] {processor.py:183} INFO - Processing /home/airflow/.local/lib/python3.12/site-packages/airflow/example_dags/tutorial_dag.py took 0.085 seconds
[2024-06-21T00:27:25.666+0000] {processor.py:161} INFO - Started process (PID=179058) to work on /home/airflow/.local/lib/python3.12/site-packages/airflow/example_dags/tutorial_dag.py
[2024-06-21T00:27:25.667+0000] {processor.py:830} INFO - Processing file /home/airflow/.local/lib/python3.12/site-packages/airflow/example_dags/tutorial_dag.py for tasks to queue
[2024-06-21T00:27:25.668+0000] {logging_mixin.py:188} INFO - [2024-06-21T00:27:25.668+0000] {dagbag.py:545} INFO - Filling up the DagBag from /home/airflow/.local/lib/python3.12/site-packages/airflow/example_dags/tutorial_dag.py
[2024-06-21T00:27:25.672+0000] {processor.py:840} INFO - DAG(s) 'tutorial_dag' retrieved from /home/airflow/.local/lib/python3.12/site-packages/airflow/example_dags/tutorial_dag.py
[2024-06-21T00:27:25.691+0000] {logging_mixin.py:188} INFO - [2024-06-21T00:27:25.690+0000] {dag.py:3096} INFO - Sync 1 DAGs
[2024-06-21T00:27:25.702+0000] {logging_mixin.py:188} INFO - [2024-06-21T00:27:25.702+0000] {dag.py:3954} INFO - Setting next_dagrun for tutorial_dag to None, run_after=None
[2024-06-21T00:27:25.725+0000] {processor.py:183} INFO - Processing /home/airflow/.local/lib/python3.12/site-packages/airflow/example_dags/tutorial_dag.py took 0.065 seconds
[2024-06-21T00:27:56.122+0000] {processor.py:161} INFO - Started process (PID=179118) to work on /home/airflow/.local/lib/python3.12/site-packages/airflow/example_dags/tutorial_dag.py
[2024-06-21T00:27:56.123+0000] {processor.py:830} INFO - Processing file /home/airflow/.local/lib/python3.12/site-packages/airflow/example_dags/tutorial_dag.py for tasks to queue
[2024-06-21T00:27:56.125+0000] {logging_mixin.py:188} INFO - [2024-06-21T00:27:56.125+0000] {dagbag.py:545} INFO - Filling up the DagBag from /home/airflow/.local/lib/python3.12/site-packages/airflow/example_dags/tutorial_dag.py
[2024-06-21T00:27:56.129+0000] {processor.py:840} INFO - DAG(s) 'tutorial_dag' retrieved from /home/airflow/.local/lib/python3.12/site-packages/airflow/example_dags/tutorial_dag.py
[2024-06-21T00:27:56.150+0000] {logging_mixin.py:188} INFO - [2024-06-21T00:27:56.149+0000] {dag.py:3096} INFO - Sync 1 DAGs
[2024-06-21T00:27:56.166+0000] {logging_mixin.py:188} INFO - [2024-06-21T00:27:56.165+0000] {dag.py:3954} INFO - Setting next_dagrun for tutorial_dag to None, run_after=None
[2024-06-21T00:27:56.187+0000] {processor.py:183} INFO - Processing /home/airflow/.local/lib/python3.12/site-packages/airflow/example_dags/tutorial_dag.py took 0.071 seconds
[2024-06-21T00:28:26.697+0000] {processor.py:161} INFO - Started process (PID=179178) to work on /home/airflow/.local/lib/python3.12/site-packages/airflow/example_dags/tutorial_dag.py
[2024-06-21T00:28:26.698+0000] {processor.py:830} INFO - Processing file /home/airflow/.local/lib/python3.12/site-packages/airflow/example_dags/tutorial_dag.py for tasks to queue
[2024-06-21T00:28:26.700+0000] {logging_mixin.py:188} INFO - [2024-06-21T00:28:26.700+0000] {dagbag.py:545} INFO - Filling up the DagBag from /home/airflow/.local/lib/python3.12/site-packages/airflow/example_dags/tutorial_dag.py
[2024-06-21T00:28:26.705+0000] {processor.py:840} INFO - DAG(s) 'tutorial_dag' retrieved from /home/airflow/.local/lib/python3.12/site-packages/airflow/example_dags/tutorial_dag.py
[2024-06-21T00:28:26.730+0000] {logging_mixin.py:188} INFO - [2024-06-21T00:28:26.730+0000] {dag.py:3096} INFO - Sync 1 DAGs
[2024-06-21T00:28:26.746+0000] {logging_mixin.py:188} INFO - [2024-06-21T00:28:26.746+0000] {dag.py:3954} INFO - Setting next_dagrun for tutorial_dag to None, run_after=None
[2024-06-21T00:28:26.771+0000] {processor.py:183} INFO - Processing /home/airflow/.local/lib/python3.12/site-packages/airflow/example_dags/tutorial_dag.py took 0.082 seconds
[2024-06-21T00:28:57.007+0000] {processor.py:161} INFO - Started process (PID=179239) to work on /home/airflow/.local/lib/python3.12/site-packages/airflow/example_dags/tutorial_dag.py
[2024-06-21T00:28:57.008+0000] {processor.py:830} INFO - Processing file /home/airflow/.local/lib/python3.12/site-packages/airflow/example_dags/tutorial_dag.py for tasks to queue
[2024-06-21T00:28:57.010+0000] {logging_mixin.py:188} INFO - [2024-06-21T00:28:57.009+0000] {dagbag.py:545} INFO - Filling up the DagBag from /home/airflow/.local/lib/python3.12/site-packages/airflow/example_dags/tutorial_dag.py
[2024-06-21T00:28:57.014+0000] {processor.py:840} INFO - DAG(s) 'tutorial_dag' retrieved from /home/airflow/.local/lib/python3.12/site-packages/airflow/example_dags/tutorial_dag.py
[2024-06-21T00:28:57.036+0000] {logging_mixin.py:188} INFO - [2024-06-21T00:28:57.036+0000] {dag.py:3096} INFO - Sync 1 DAGs
[2024-06-21T00:28:57.051+0000] {logging_mixin.py:188} INFO - [2024-06-21T00:28:57.051+0000] {dag.py:3954} INFO - Setting next_dagrun for tutorial_dag to None, run_after=None
[2024-06-21T00:28:57.074+0000] {processor.py:183} INFO - Processing /home/airflow/.local/lib/python3.12/site-packages/airflow/example_dags/tutorial_dag.py took 0.073 seconds
[2024-06-21T00:29:27.493+0000] {processor.py:161} INFO - Started process (PID=179299) to work on /home/airflow/.local/lib/python3.12/site-packages/airflow/example_dags/tutorial_dag.py
[2024-06-21T00:29:27.494+0000] {processor.py:830} INFO - Processing file /home/airflow/.local/lib/python3.12/site-packages/airflow/example_dags/tutorial_dag.py for tasks to queue
[2024-06-21T00:29:27.497+0000] {logging_mixin.py:188} INFO - [2024-06-21T00:29:27.496+0000] {dagbag.py:545} INFO - Filling up the DagBag from /home/airflow/.local/lib/python3.12/site-packages/airflow/example_dags/tutorial_dag.py
[2024-06-21T00:29:27.503+0000] {processor.py:840} INFO - DAG(s) 'tutorial_dag' retrieved from /home/airflow/.local/lib/python3.12/site-packages/airflow/example_dags/tutorial_dag.py
[2024-06-21T00:29:27.527+0000] {logging_mixin.py:188} INFO - [2024-06-21T00:29:27.527+0000] {dag.py:3096} INFO - Sync 1 DAGs
[2024-06-21T00:29:27.549+0000] {logging_mixin.py:188} INFO - [2024-06-21T00:29:27.548+0000] {dag.py:3954} INFO - Setting next_dagrun for tutorial_dag to None, run_after=None
[2024-06-21T00:29:27.575+0000] {processor.py:183} INFO - Processing /home/airflow/.local/lib/python3.12/site-packages/airflow/example_dags/tutorial_dag.py took 0.089 seconds
[2024-06-21T00:29:57.627+0000] {processor.py:161} INFO - Started process (PID=179359) to work on /home/airflow/.local/lib/python3.12/site-packages/airflow/example_dags/tutorial_dag.py
[2024-06-21T00:29:57.629+0000] {processor.py:830} INFO - Processing file /home/airflow/.local/lib/python3.12/site-packages/airflow/example_dags/tutorial_dag.py for tasks to queue
[2024-06-21T00:29:57.631+0000] {logging_mixin.py:188} INFO - [2024-06-21T00:29:57.630+0000] {dagbag.py:545} INFO - Filling up the DagBag from /home/airflow/.local/lib/python3.12/site-packages/airflow/example_dags/tutorial_dag.py
[2024-06-21T00:29:57.637+0000] {processor.py:840} INFO - DAG(s) 'tutorial_dag' retrieved from /home/airflow/.local/lib/python3.12/site-packages/airflow/example_dags/tutorial_dag.py
[2024-06-21T00:29:57.661+0000] {logging_mixin.py:188} INFO - [2024-06-21T00:29:57.661+0000] {dag.py:3096} INFO - Sync 1 DAGs
[2024-06-21T00:29:57.679+0000] {logging_mixin.py:188} INFO - [2024-06-21T00:29:57.679+0000] {dag.py:3954} INFO - Setting next_dagrun for tutorial_dag to None, run_after=None
[2024-06-21T00:29:57.704+0000] {processor.py:183} INFO - Processing /home/airflow/.local/lib/python3.12/site-packages/airflow/example_dags/tutorial_dag.py took 0.085 seconds
[2024-06-21T00:30:28.164+0000] {processor.py:161} INFO - Started process (PID=179420) to work on /home/airflow/.local/lib/python3.12/site-packages/airflow/example_dags/tutorial_dag.py
[2024-06-21T00:30:28.165+0000] {processor.py:830} INFO - Processing file /home/airflow/.local/lib/python3.12/site-packages/airflow/example_dags/tutorial_dag.py for tasks to queue
[2024-06-21T00:30:28.167+0000] {logging_mixin.py:188} INFO - [2024-06-21T00:30:28.167+0000] {dagbag.py:545} INFO - Filling up the DagBag from /home/airflow/.local/lib/python3.12/site-packages/airflow/example_dags/tutorial_dag.py
[2024-06-21T00:30:28.173+0000] {processor.py:840} INFO - DAG(s) 'tutorial_dag' retrieved from /home/airflow/.local/lib/python3.12/site-packages/airflow/example_dags/tutorial_dag.py
[2024-06-21T00:30:28.193+0000] {logging_mixin.py:188} INFO - [2024-06-21T00:30:28.193+0000] {dag.py:3096} INFO - Sync 1 DAGs
[2024-06-21T00:30:28.207+0000] {logging_mixin.py:188} INFO - [2024-06-21T00:30:28.206+0000] {dag.py:3954} INFO - Setting next_dagrun for tutorial_dag to None, run_after=None
[2024-06-21T00:30:28.227+0000] {processor.py:183} INFO - Processing /home/airflow/.local/lib/python3.12/site-packages/airflow/example_dags/tutorial_dag.py took 0.068 seconds
[2024-06-21T00:30:58.370+0000] {processor.py:161} INFO - Started process (PID=179480) to work on /home/airflow/.local/lib/python3.12/site-packages/airflow/example_dags/tutorial_dag.py
[2024-06-21T00:30:58.371+0000] {processor.py:830} INFO - Processing file /home/airflow/.local/lib/python3.12/site-packages/airflow/example_dags/tutorial_dag.py for tasks to queue
[2024-06-21T00:30:58.373+0000] {logging_mixin.py:188} INFO - [2024-06-21T00:30:58.373+0000] {dagbag.py:545} INFO - Filling up the DagBag from /home/airflow/.local/lib/python3.12/site-packages/airflow/example_dags/tutorial_dag.py
[2024-06-21T00:30:58.378+0000] {processor.py:840} INFO - DAG(s) 'tutorial_dag' retrieved from /home/airflow/.local/lib/python3.12/site-packages/airflow/example_dags/tutorial_dag.py
[2024-06-21T00:30:58.399+0000] {logging_mixin.py:188} INFO - [2024-06-21T00:30:58.398+0000] {dag.py:3096} INFO - Sync 1 DAGs
[2024-06-21T00:30:58.415+0000] {logging_mixin.py:188} INFO - [2024-06-21T00:30:58.415+0000] {dag.py:3954} INFO - Setting next_dagrun for tutorial_dag to None, run_after=None
[2024-06-21T00:30:58.433+0000] {processor.py:183} INFO - Processing /home/airflow/.local/lib/python3.12/site-packages/airflow/example_dags/tutorial_dag.py took 0.070 seconds
[2024-06-21T00:31:28.882+0000] {processor.py:161} INFO - Started process (PID=179540) to work on /home/airflow/.local/lib/python3.12/site-packages/airflow/example_dags/tutorial_dag.py
[2024-06-21T00:31:28.883+0000] {processor.py:830} INFO - Processing file /home/airflow/.local/lib/python3.12/site-packages/airflow/example_dags/tutorial_dag.py for tasks to queue
[2024-06-21T00:31:28.884+0000] {logging_mixin.py:188} INFO - [2024-06-21T00:31:28.884+0000] {dagbag.py:545} INFO - Filling up the DagBag from /home/airflow/.local/lib/python3.12/site-packages/airflow/example_dags/tutorial_dag.py
[2024-06-21T00:31:28.891+0000] {processor.py:840} INFO - DAG(s) 'tutorial_dag' retrieved from /home/airflow/.local/lib/python3.12/site-packages/airflow/example_dags/tutorial_dag.py
[2024-06-21T00:31:28.916+0000] {logging_mixin.py:188} INFO - [2024-06-21T00:31:28.915+0000] {dag.py:3096} INFO - Sync 1 DAGs
[2024-06-21T00:31:28.931+0000] {logging_mixin.py:188} INFO - [2024-06-21T00:31:28.931+0000] {dag.py:3954} INFO - Setting next_dagrun for tutorial_dag to None, run_after=None
[2024-06-21T00:31:28.954+0000] {processor.py:183} INFO - Processing /home/airflow/.local/lib/python3.12/site-packages/airflow/example_dags/tutorial_dag.py took 0.080 seconds
[2024-06-21T00:31:59.362+0000] {processor.py:161} INFO - Started process (PID=179600) to work on /home/airflow/.local/lib/python3.12/site-packages/airflow/example_dags/tutorial_dag.py
[2024-06-21T00:31:59.363+0000] {processor.py:830} INFO - Processing file /home/airflow/.local/lib/python3.12/site-packages/airflow/example_dags/tutorial_dag.py for tasks to queue
[2024-06-21T00:31:59.365+0000] {logging_mixin.py:188} INFO - [2024-06-21T00:31:59.365+0000] {dagbag.py:545} INFO - Filling up the DagBag from /home/airflow/.local/lib/python3.12/site-packages/airflow/example_dags/tutorial_dag.py
[2024-06-21T00:31:59.371+0000] {processor.py:840} INFO - DAG(s) 'tutorial_dag' retrieved from /home/airflow/.local/lib/python3.12/site-packages/airflow/example_dags/tutorial_dag.py
[2024-06-21T00:31:59.391+0000] {logging_mixin.py:188} INFO - [2024-06-21T00:31:59.391+0000] {dag.py:3096} INFO - Sync 1 DAGs
[2024-06-21T00:31:59.403+0000] {logging_mixin.py:188} INFO - [2024-06-21T00:31:59.403+0000] {dag.py:3954} INFO - Setting next_dagrun for tutorial_dag to None, run_after=None
[2024-06-21T00:31:59.427+0000] {processor.py:183} INFO - Processing /home/airflow/.local/lib/python3.12/site-packages/airflow/example_dags/tutorial_dag.py took 0.071 seconds
[2024-06-21T00:32:29.705+0000] {processor.py:161} INFO - Started process (PID=179660) to work on /home/airflow/.local/lib/python3.12/site-packages/airflow/example_dags/tutorial_dag.py
[2024-06-21T00:32:29.706+0000] {processor.py:830} INFO - Processing file /home/airflow/.local/lib/python3.12/site-packages/airflow/example_dags/tutorial_dag.py for tasks to queue
[2024-06-21T00:32:29.708+0000] {logging_mixin.py:188} INFO - [2024-06-21T00:32:29.708+0000] {dagbag.py:545} INFO - Filling up the DagBag from /home/airflow/.local/lib/python3.12/site-packages/airflow/example_dags/tutorial_dag.py
[2024-06-21T00:32:29.715+0000] {processor.py:840} INFO - DAG(s) 'tutorial_dag' retrieved from /home/airflow/.local/lib/python3.12/site-packages/airflow/example_dags/tutorial_dag.py
[2024-06-21T00:32:29.737+0000] {logging_mixin.py:188} INFO - [2024-06-21T00:32:29.737+0000] {dag.py:3096} INFO - Sync 1 DAGs
[2024-06-21T00:32:29.749+0000] {logging_mixin.py:188} INFO - [2024-06-21T00:32:29.749+0000] {dag.py:3954} INFO - Setting next_dagrun for tutorial_dag to None, run_after=None
[2024-06-21T00:32:29.767+0000] {processor.py:183} INFO - Processing /home/airflow/.local/lib/python3.12/site-packages/airflow/example_dags/tutorial_dag.py took 0.068 seconds
[2024-06-21T00:32:59.979+0000] {processor.py:161} INFO - Started process (PID=179720) to work on /home/airflow/.local/lib/python3.12/site-packages/airflow/example_dags/tutorial_dag.py
[2024-06-21T00:32:59.980+0000] {processor.py:830} INFO - Processing file /home/airflow/.local/lib/python3.12/site-packages/airflow/example_dags/tutorial_dag.py for tasks to queue
[2024-06-21T00:32:59.982+0000] {logging_mixin.py:188} INFO - [2024-06-21T00:32:59.981+0000] {dagbag.py:545} INFO - Filling up the DagBag from /home/airflow/.local/lib/python3.12/site-packages/airflow/example_dags/tutorial_dag.py
[2024-06-21T00:32:59.988+0000] {processor.py:840} INFO - DAG(s) 'tutorial_dag' retrieved from /home/airflow/.local/lib/python3.12/site-packages/airflow/example_dags/tutorial_dag.py
[2024-06-21T00:33:00.018+0000] {logging_mixin.py:188} INFO - [2024-06-21T00:33:00.017+0000] {dag.py:3096} INFO - Sync 1 DAGs
[2024-06-21T00:33:00.032+0000] {logging_mixin.py:188} INFO - [2024-06-21T00:33:00.032+0000] {dag.py:3954} INFO - Setting next_dagrun for tutorial_dag to None, run_after=None
[2024-06-21T00:33:00.053+0000] {processor.py:183} INFO - Processing /home/airflow/.local/lib/python3.12/site-packages/airflow/example_dags/tutorial_dag.py took 0.079 seconds
[2024-06-21T00:33:30.297+0000] {processor.py:161} INFO - Started process (PID=179780) to work on /home/airflow/.local/lib/python3.12/site-packages/airflow/example_dags/tutorial_dag.py
[2024-06-21T00:33:30.298+0000] {processor.py:830} INFO - Processing file /home/airflow/.local/lib/python3.12/site-packages/airflow/example_dags/tutorial_dag.py for tasks to queue
[2024-06-21T00:33:30.299+0000] {logging_mixin.py:188} INFO - [2024-06-21T00:33:30.299+0000] {dagbag.py:545} INFO - Filling up the DagBag from /home/airflow/.local/lib/python3.12/site-packages/airflow/example_dags/tutorial_dag.py
[2024-06-21T00:33:30.304+0000] {processor.py:840} INFO - DAG(s) 'tutorial_dag' retrieved from /home/airflow/.local/lib/python3.12/site-packages/airflow/example_dags/tutorial_dag.py
[2024-06-21T00:33:30.320+0000] {logging_mixin.py:188} INFO - [2024-06-21T00:33:30.320+0000] {dag.py:3096} INFO - Sync 1 DAGs
[2024-06-21T00:33:30.330+0000] {logging_mixin.py:188} INFO - [2024-06-21T00:33:30.330+0000] {dag.py:3954} INFO - Setting next_dagrun for tutorial_dag to None, run_after=None
[2024-06-21T00:33:30.346+0000] {processor.py:183} INFO - Processing /home/airflow/.local/lib/python3.12/site-packages/airflow/example_dags/tutorial_dag.py took 0.054 seconds
[2024-06-21T00:35:04.870+0000] {processor.py:161} INFO - Started process (PID=47) to work on /home/airflow/.local/lib/python3.12/site-packages/airflow/example_dags/tutorial_dag.py
[2024-06-21T00:35:04.871+0000] {processor.py:830} INFO - Processing file /home/airflow/.local/lib/python3.12/site-packages/airflow/example_dags/tutorial_dag.py for tasks to queue
[2024-06-21T00:35:04.874+0000] {logging_mixin.py:188} INFO - [2024-06-21T00:35:04.873+0000] {dagbag.py:545} INFO - Filling up the DagBag from /home/airflow/.local/lib/python3.12/site-packages/airflow/example_dags/tutorial_dag.py
[2024-06-21T00:35:04.889+0000] {processor.py:840} INFO - DAG(s) 'tutorial_dag' retrieved from /home/airflow/.local/lib/python3.12/site-packages/airflow/example_dags/tutorial_dag.py
[2024-06-21T00:35:04.902+0000] {logging_mixin.py:188} INFO - [2024-06-21T00:35:04.902+0000] {dag.py:3096} INFO - Sync 1 DAGs
[2024-06-21T00:35:04.920+0000] {logging_mixin.py:188} INFO - [2024-06-21T00:35:04.920+0000] {dag.py:3954} INFO - Setting next_dagrun for tutorial_dag to None, run_after=None
[2024-06-21T00:35:04.944+0000] {processor.py:183} INFO - Processing /home/airflow/.local/lib/python3.12/site-packages/airflow/example_dags/tutorial_dag.py took 0.083 seconds
[2024-06-21T00:36:53.747+0000] {processor.py:161} INFO - Started process (PID=63) to work on /home/airflow/.local/lib/python3.12/site-packages/airflow/example_dags/tutorial_dag.py
[2024-06-21T00:36:53.748+0000] {processor.py:830} INFO - Processing file /home/airflow/.local/lib/python3.12/site-packages/airflow/example_dags/tutorial_dag.py for tasks to queue
[2024-06-21T00:36:53.750+0000] {logging_mixin.py:188} INFO - [2024-06-21T00:36:53.750+0000] {dagbag.py:545} INFO - Filling up the DagBag from /home/airflow/.local/lib/python3.12/site-packages/airflow/example_dags/tutorial_dag.py
[2024-06-21T00:36:53.760+0000] {processor.py:840} INFO - DAG(s) 'tutorial_dag' retrieved from /home/airflow/.local/lib/python3.12/site-packages/airflow/example_dags/tutorial_dag.py
[2024-06-21T00:36:53.953+0000] {logging_mixin.py:188} INFO - [2024-06-21T00:36:53.953+0000] {dag.py:3096} INFO - Sync 1 DAGs
[2024-06-21T00:36:53.970+0000] {logging_mixin.py:188} INFO - [2024-06-21T00:36:53.969+0000] {dag.py:3954} INFO - Setting next_dagrun for tutorial_dag to None, run_after=None
[2024-06-21T00:36:53.998+0000] {processor.py:183} INFO - Processing /home/airflow/.local/lib/python3.12/site-packages/airflow/example_dags/tutorial_dag.py took 0.257 seconds
[2024-06-21T00:37:24.585+0000] {processor.py:161} INFO - Started process (PID=122) to work on /home/airflow/.local/lib/python3.12/site-packages/airflow/example_dags/tutorial_dag.py
[2024-06-21T00:37:24.586+0000] {processor.py:830} INFO - Processing file /home/airflow/.local/lib/python3.12/site-packages/airflow/example_dags/tutorial_dag.py for tasks to queue
[2024-06-21T00:37:24.587+0000] {logging_mixin.py:188} INFO - [2024-06-21T00:37:24.587+0000] {dagbag.py:545} INFO - Filling up the DagBag from /home/airflow/.local/lib/python3.12/site-packages/airflow/example_dags/tutorial_dag.py
[2024-06-21T00:37:24.594+0000] {processor.py:840} INFO - DAG(s) 'tutorial_dag' retrieved from /home/airflow/.local/lib/python3.12/site-packages/airflow/example_dags/tutorial_dag.py
[2024-06-21T00:37:24.616+0000] {logging_mixin.py:188} INFO - [2024-06-21T00:37:24.615+0000] {dag.py:3096} INFO - Sync 1 DAGs
[2024-06-21T00:37:24.634+0000] {logging_mixin.py:188} INFO - [2024-06-21T00:37:24.633+0000] {dag.py:3954} INFO - Setting next_dagrun for tutorial_dag to None, run_after=None
[2024-06-21T00:37:24.654+0000] {processor.py:183} INFO - Processing /home/airflow/.local/lib/python3.12/site-packages/airflow/example_dags/tutorial_dag.py took 0.074 seconds
[2024-06-21T00:37:55.330+0000] {processor.py:161} INFO - Started process (PID=182) to work on /home/airflow/.local/lib/python3.12/site-packages/airflow/example_dags/tutorial_dag.py
[2024-06-21T00:37:55.332+0000] {processor.py:830} INFO - Processing file /home/airflow/.local/lib/python3.12/site-packages/airflow/example_dags/tutorial_dag.py for tasks to queue
[2024-06-21T00:37:55.334+0000] {logging_mixin.py:188} INFO - [2024-06-21T00:37:55.334+0000] {dagbag.py:545} INFO - Filling up the DagBag from /home/airflow/.local/lib/python3.12/site-packages/airflow/example_dags/tutorial_dag.py
[2024-06-21T00:37:55.339+0000] {processor.py:840} INFO - DAG(s) 'tutorial_dag' retrieved from /home/airflow/.local/lib/python3.12/site-packages/airflow/example_dags/tutorial_dag.py
[2024-06-21T00:37:55.359+0000] {logging_mixin.py:188} INFO - [2024-06-21T00:37:55.359+0000] {dag.py:3096} INFO - Sync 1 DAGs
[2024-06-21T00:37:55.373+0000] {logging_mixin.py:188} INFO - [2024-06-21T00:37:55.373+0000] {dag.py:3954} INFO - Setting next_dagrun for tutorial_dag to None, run_after=None
[2024-06-21T00:37:55.397+0000] {processor.py:183} INFO - Processing /home/airflow/.local/lib/python3.12/site-packages/airflow/example_dags/tutorial_dag.py took 0.074 seconds
[2024-06-21T00:38:25.699+0000] {processor.py:161} INFO - Started process (PID=242) to work on /home/airflow/.local/lib/python3.12/site-packages/airflow/example_dags/tutorial_dag.py
[2024-06-21T00:38:25.700+0000] {processor.py:830} INFO - Processing file /home/airflow/.local/lib/python3.12/site-packages/airflow/example_dags/tutorial_dag.py for tasks to queue
[2024-06-21T00:38:25.702+0000] {logging_mixin.py:188} INFO - [2024-06-21T00:38:25.701+0000] {dagbag.py:545} INFO - Filling up the DagBag from /home/airflow/.local/lib/python3.12/site-packages/airflow/example_dags/tutorial_dag.py
[2024-06-21T00:38:25.707+0000] {processor.py:840} INFO - DAG(s) 'tutorial_dag' retrieved from /home/airflow/.local/lib/python3.12/site-packages/airflow/example_dags/tutorial_dag.py
[2024-06-21T00:38:25.725+0000] {logging_mixin.py:188} INFO - [2024-06-21T00:38:25.725+0000] {dag.py:3096} INFO - Sync 1 DAGs
[2024-06-21T00:38:25.737+0000] {logging_mixin.py:188} INFO - [2024-06-21T00:38:25.737+0000] {dag.py:3954} INFO - Setting next_dagrun for tutorial_dag to None, run_after=None
[2024-06-21T00:38:25.757+0000] {processor.py:183} INFO - Processing /home/airflow/.local/lib/python3.12/site-packages/airflow/example_dags/tutorial_dag.py took 0.066 seconds
[2024-06-21T00:38:56.205+0000] {processor.py:161} INFO - Started process (PID=308) to work on /home/airflow/.local/lib/python3.12/site-packages/airflow/example_dags/tutorial_dag.py
[2024-06-21T00:38:56.206+0000] {processor.py:830} INFO - Processing file /home/airflow/.local/lib/python3.12/site-packages/airflow/example_dags/tutorial_dag.py for tasks to queue
[2024-06-21T00:38:56.208+0000] {logging_mixin.py:188} INFO - [2024-06-21T00:38:56.208+0000] {dagbag.py:545} INFO - Filling up the DagBag from /home/airflow/.local/lib/python3.12/site-packages/airflow/example_dags/tutorial_dag.py
[2024-06-21T00:38:56.213+0000] {processor.py:840} INFO - DAG(s) 'tutorial_dag' retrieved from /home/airflow/.local/lib/python3.12/site-packages/airflow/example_dags/tutorial_dag.py
[2024-06-21T00:38:56.231+0000] {logging_mixin.py:188} INFO - [2024-06-21T00:38:56.230+0000] {dag.py:3096} INFO - Sync 1 DAGs
[2024-06-21T00:38:56.243+0000] {logging_mixin.py:188} INFO - [2024-06-21T00:38:56.243+0000] {dag.py:3954} INFO - Setting next_dagrun for tutorial_dag to None, run_after=None
[2024-06-21T00:38:56.267+0000] {processor.py:183} INFO - Processing /home/airflow/.local/lib/python3.12/site-packages/airflow/example_dags/tutorial_dag.py took 0.067 seconds
[2024-06-21T00:39:26.368+0000] {processor.py:161} INFO - Started process (PID=368) to work on /home/airflow/.local/lib/python3.12/site-packages/airflow/example_dags/tutorial_dag.py
[2024-06-21T00:39:26.369+0000] {processor.py:830} INFO - Processing file /home/airflow/.local/lib/python3.12/site-packages/airflow/example_dags/tutorial_dag.py for tasks to queue
[2024-06-21T00:39:26.371+0000] {logging_mixin.py:188} INFO - [2024-06-21T00:39:26.370+0000] {dagbag.py:545} INFO - Filling up the DagBag from /home/airflow/.local/lib/python3.12/site-packages/airflow/example_dags/tutorial_dag.py
[2024-06-21T00:39:26.376+0000] {processor.py:840} INFO - DAG(s) 'tutorial_dag' retrieved from /home/airflow/.local/lib/python3.12/site-packages/airflow/example_dags/tutorial_dag.py
[2024-06-21T00:39:26.395+0000] {logging_mixin.py:188} INFO - [2024-06-21T00:39:26.394+0000] {dag.py:3096} INFO - Sync 1 DAGs
[2024-06-21T00:39:26.406+0000] {logging_mixin.py:188} INFO - [2024-06-21T00:39:26.406+0000] {dag.py:3954} INFO - Setting next_dagrun for tutorial_dag to None, run_after=None
[2024-06-21T00:39:26.425+0000] {processor.py:183} INFO - Processing /home/airflow/.local/lib/python3.12/site-packages/airflow/example_dags/tutorial_dag.py took 0.062 seconds
[2024-06-21T00:39:56.874+0000] {processor.py:161} INFO - Started process (PID=428) to work on /home/airflow/.local/lib/python3.12/site-packages/airflow/example_dags/tutorial_dag.py
[2024-06-21T00:39:56.875+0000] {processor.py:830} INFO - Processing file /home/airflow/.local/lib/python3.12/site-packages/airflow/example_dags/tutorial_dag.py for tasks to queue
[2024-06-21T00:39:56.876+0000] {logging_mixin.py:188} INFO - [2024-06-21T00:39:56.876+0000] {dagbag.py:545} INFO - Filling up the DagBag from /home/airflow/.local/lib/python3.12/site-packages/airflow/example_dags/tutorial_dag.py
[2024-06-21T00:39:56.884+0000] {processor.py:840} INFO - DAG(s) 'tutorial_dag' retrieved from /home/airflow/.local/lib/python3.12/site-packages/airflow/example_dags/tutorial_dag.py
[2024-06-21T00:39:56.910+0000] {logging_mixin.py:188} INFO - [2024-06-21T00:39:56.910+0000] {dag.py:3096} INFO - Sync 1 DAGs
[2024-06-21T00:39:56.929+0000] {logging_mixin.py:188} INFO - [2024-06-21T00:39:56.929+0000] {dag.py:3954} INFO - Setting next_dagrun for tutorial_dag to None, run_after=None
[2024-06-21T00:39:56.953+0000] {processor.py:183} INFO - Processing /home/airflow/.local/lib/python3.12/site-packages/airflow/example_dags/tutorial_dag.py took 0.084 seconds
[2024-06-21T00:40:27.270+0000] {processor.py:161} INFO - Started process (PID=488) to work on /home/airflow/.local/lib/python3.12/site-packages/airflow/example_dags/tutorial_dag.py
[2024-06-21T00:40:27.271+0000] {processor.py:830} INFO - Processing file /home/airflow/.local/lib/python3.12/site-packages/airflow/example_dags/tutorial_dag.py for tasks to queue
[2024-06-21T00:40:27.273+0000] {logging_mixin.py:188} INFO - [2024-06-21T00:40:27.272+0000] {dagbag.py:545} INFO - Filling up the DagBag from /home/airflow/.local/lib/python3.12/site-packages/airflow/example_dags/tutorial_dag.py
[2024-06-21T00:40:27.277+0000] {processor.py:840} INFO - DAG(s) 'tutorial_dag' retrieved from /home/airflow/.local/lib/python3.12/site-packages/airflow/example_dags/tutorial_dag.py
[2024-06-21T00:40:27.297+0000] {logging_mixin.py:188} INFO - [2024-06-21T00:40:27.296+0000] {dag.py:3096} INFO - Sync 1 DAGs
[2024-06-21T00:40:27.310+0000] {logging_mixin.py:188} INFO - [2024-06-21T00:40:27.310+0000] {dag.py:3954} INFO - Setting next_dagrun for tutorial_dag to None, run_after=None
[2024-06-21T00:40:27.329+0000] {processor.py:183} INFO - Processing /home/airflow/.local/lib/python3.12/site-packages/airflow/example_dags/tutorial_dag.py took 0.065 seconds
[2024-06-21T00:40:57.837+0000] {processor.py:161} INFO - Started process (PID=547) to work on /home/airflow/.local/lib/python3.12/site-packages/airflow/example_dags/tutorial_dag.py
[2024-06-21T00:40:57.839+0000] {processor.py:830} INFO - Processing file /home/airflow/.local/lib/python3.12/site-packages/airflow/example_dags/tutorial_dag.py for tasks to queue
[2024-06-21T00:40:57.843+0000] {logging_mixin.py:188} INFO - [2024-06-21T00:40:57.842+0000] {dagbag.py:545} INFO - Filling up the DagBag from /home/airflow/.local/lib/python3.12/site-packages/airflow/example_dags/tutorial_dag.py
[2024-06-21T00:40:57.855+0000] {processor.py:840} INFO - DAG(s) 'tutorial_dag' retrieved from /home/airflow/.local/lib/python3.12/site-packages/airflow/example_dags/tutorial_dag.py
[2024-06-21T00:40:57.908+0000] {logging_mixin.py:188} INFO - [2024-06-21T00:40:57.908+0000] {dag.py:3096} INFO - Sync 1 DAGs
[2024-06-21T00:40:57.943+0000] {logging_mixin.py:188} INFO - [2024-06-21T00:40:57.943+0000] {dag.py:3954} INFO - Setting next_dagrun for tutorial_dag to None, run_after=None
[2024-06-21T00:40:57.974+0000] {processor.py:183} INFO - Processing /home/airflow/.local/lib/python3.12/site-packages/airflow/example_dags/tutorial_dag.py took 0.152 seconds
[2024-06-21T00:41:28.014+0000] {processor.py:161} INFO - Started process (PID=607) to work on /home/airflow/.local/lib/python3.12/site-packages/airflow/example_dags/tutorial_dag.py
[2024-06-21T00:41:28.015+0000] {processor.py:830} INFO - Processing file /home/airflow/.local/lib/python3.12/site-packages/airflow/example_dags/tutorial_dag.py for tasks to queue
[2024-06-21T00:41:28.017+0000] {logging_mixin.py:188} INFO - [2024-06-21T00:41:28.016+0000] {dagbag.py:545} INFO - Filling up the DagBag from /home/airflow/.local/lib/python3.12/site-packages/airflow/example_dags/tutorial_dag.py
[2024-06-21T00:41:28.021+0000] {processor.py:840} INFO - DAG(s) 'tutorial_dag' retrieved from /home/airflow/.local/lib/python3.12/site-packages/airflow/example_dags/tutorial_dag.py
[2024-06-21T00:41:28.039+0000] {logging_mixin.py:188} INFO - [2024-06-21T00:41:28.039+0000] {dag.py:3096} INFO - Sync 1 DAGs
[2024-06-21T00:41:28.051+0000] {logging_mixin.py:188} INFO - [2024-06-21T00:41:28.050+0000] {dag.py:3954} INFO - Setting next_dagrun for tutorial_dag to None, run_after=None
[2024-06-21T00:41:28.068+0000] {processor.py:183} INFO - Processing /home/airflow/.local/lib/python3.12/site-packages/airflow/example_dags/tutorial_dag.py took 0.059 seconds
[2024-06-21T00:41:58.323+0000] {processor.py:161} INFO - Started process (PID=667) to work on /home/airflow/.local/lib/python3.12/site-packages/airflow/example_dags/tutorial_dag.py
[2024-06-21T00:41:58.324+0000] {processor.py:830} INFO - Processing file /home/airflow/.local/lib/python3.12/site-packages/airflow/example_dags/tutorial_dag.py for tasks to queue
[2024-06-21T00:41:58.326+0000] {logging_mixin.py:188} INFO - [2024-06-21T00:41:58.326+0000] {dagbag.py:545} INFO - Filling up the DagBag from /home/airflow/.local/lib/python3.12/site-packages/airflow/example_dags/tutorial_dag.py
[2024-06-21T00:41:58.331+0000] {processor.py:840} INFO - DAG(s) 'tutorial_dag' retrieved from /home/airflow/.local/lib/python3.12/site-packages/airflow/example_dags/tutorial_dag.py
[2024-06-21T00:41:58.350+0000] {logging_mixin.py:188} INFO - [2024-06-21T00:41:58.350+0000] {dag.py:3096} INFO - Sync 1 DAGs
[2024-06-21T00:41:58.363+0000] {logging_mixin.py:188} INFO - [2024-06-21T00:41:58.362+0000] {dag.py:3954} INFO - Setting next_dagrun for tutorial_dag to None, run_after=None
[2024-06-21T00:41:58.381+0000] {processor.py:183} INFO - Processing /home/airflow/.local/lib/python3.12/site-packages/airflow/example_dags/tutorial_dag.py took 0.062 seconds
[2024-06-21T00:42:28.923+0000] {processor.py:161} INFO - Started process (PID=727) to work on /home/airflow/.local/lib/python3.12/site-packages/airflow/example_dags/tutorial_dag.py
[2024-06-21T00:42:28.924+0000] {processor.py:830} INFO - Processing file /home/airflow/.local/lib/python3.12/site-packages/airflow/example_dags/tutorial_dag.py for tasks to queue
[2024-06-21T00:42:28.926+0000] {logging_mixin.py:188} INFO - [2024-06-21T00:42:28.926+0000] {dagbag.py:545} INFO - Filling up the DagBag from /home/airflow/.local/lib/python3.12/site-packages/airflow/example_dags/tutorial_dag.py
[2024-06-21T00:42:28.933+0000] {processor.py:840} INFO - DAG(s) 'tutorial_dag' retrieved from /home/airflow/.local/lib/python3.12/site-packages/airflow/example_dags/tutorial_dag.py
[2024-06-21T00:42:28.960+0000] {logging_mixin.py:188} INFO - [2024-06-21T00:42:28.959+0000] {dag.py:3096} INFO - Sync 1 DAGs
[2024-06-21T00:42:28.977+0000] {logging_mixin.py:188} INFO - [2024-06-21T00:42:28.977+0000] {dag.py:3954} INFO - Setting next_dagrun for tutorial_dag to None, run_after=None
[2024-06-21T00:42:29.002+0000] {processor.py:183} INFO - Processing /home/airflow/.local/lib/python3.12/site-packages/airflow/example_dags/tutorial_dag.py took 0.085 seconds
