[2024-06-21T00:00:20.427+0000] {processor.py:161} INFO - Started process (PID=175855) to work on /home/airflow/.local/lib/python3.12/site-packages/airflow/example_dags/tutorial.py
[2024-06-21T00:00:20.428+0000] {processor.py:830} INFO - Processing file /home/airflow/.local/lib/python3.12/site-packages/airflow/example_dags/tutorial.py for tasks to queue
[2024-06-21T00:00:20.430+0000] {logging_mixin.py:188} INFO - [2024-06-21T00:00:20.430+0000] {dagbag.py:545} INFO - Filling up the DagBag from /home/airflow/.local/lib/python3.12/site-packages/airflow/example_dags/tutorial.py
[2024-06-21T00:00:20.435+0000] {processor.py:840} INFO - DAG(s) 'tutorial' retrieved from /home/airflow/.local/lib/python3.12/site-packages/airflow/example_dags/tutorial.py
[2024-06-21T00:00:20.459+0000] {logging_mixin.py:188} INFO - [2024-06-21T00:00:20.458+0000] {dag.py:3096} INFO - Sync 1 DAGs
[2024-06-21T00:00:20.493+0000] {logging_mixin.py:188} INFO - [2024-06-21T00:00:20.493+0000] {dag.py:3954} INFO - Setting next_dagrun for tutorial to 2024-06-20 00:00:00+00:00, run_after=2024-06-21 00:00:00+00:00
[2024-06-21T00:00:20.518+0000] {processor.py:183} INFO - Processing /home/airflow/.local/lib/python3.12/site-packages/airflow/example_dags/tutorial.py took 0.100 seconds
[2024-06-21T00:00:51.224+0000] {processor.py:161} INFO - Started process (PID=175915) to work on /home/airflow/.local/lib/python3.12/site-packages/airflow/example_dags/tutorial.py
[2024-06-21T00:00:51.233+0000] {processor.py:830} INFO - Processing file /home/airflow/.local/lib/python3.12/site-packages/airflow/example_dags/tutorial.py for tasks to queue
[2024-06-21T00:00:51.235+0000] {logging_mixin.py:188} INFO - [2024-06-21T00:00:51.235+0000] {dagbag.py:545} INFO - Filling up the DagBag from /home/airflow/.local/lib/python3.12/site-packages/airflow/example_dags/tutorial.py
[2024-06-21T00:00:51.240+0000] {processor.py:840} INFO - DAG(s) 'tutorial' retrieved from /home/airflow/.local/lib/python3.12/site-packages/airflow/example_dags/tutorial.py
[2024-06-21T00:00:51.260+0000] {logging_mixin.py:188} INFO - [2024-06-21T00:00:51.260+0000] {dag.py:3096} INFO - Sync 1 DAGs
[2024-06-21T00:00:51.286+0000] {logging_mixin.py:188} INFO - [2024-06-21T00:00:51.286+0000] {dag.py:3954} INFO - Setting next_dagrun for tutorial to 2024-06-20 00:00:00+00:00, run_after=2024-06-21 00:00:00+00:00
[2024-06-21T00:00:51.304+0000] {processor.py:183} INFO - Processing /home/airflow/.local/lib/python3.12/site-packages/airflow/example_dags/tutorial.py took 0.085 seconds
[2024-06-21T00:01:21.980+0000] {processor.py:161} INFO - Started process (PID=175974) to work on /home/airflow/.local/lib/python3.12/site-packages/airflow/example_dags/tutorial.py
[2024-06-21T00:01:21.989+0000] {processor.py:830} INFO - Processing file /home/airflow/.local/lib/python3.12/site-packages/airflow/example_dags/tutorial.py for tasks to queue
[2024-06-21T00:01:21.991+0000] {logging_mixin.py:188} INFO - [2024-06-21T00:01:21.990+0000] {dagbag.py:545} INFO - Filling up the DagBag from /home/airflow/.local/lib/python3.12/site-packages/airflow/example_dags/tutorial.py
[2024-06-21T00:01:21.995+0000] {processor.py:840} INFO - DAG(s) 'tutorial' retrieved from /home/airflow/.local/lib/python3.12/site-packages/airflow/example_dags/tutorial.py
[2024-06-21T00:01:22.015+0000] {logging_mixin.py:188} INFO - [2024-06-21T00:01:22.015+0000] {dag.py:3096} INFO - Sync 1 DAGs
[2024-06-21T00:01:22.034+0000] {logging_mixin.py:188} INFO - [2024-06-21T00:01:22.034+0000] {dag.py:3954} INFO - Setting next_dagrun for tutorial to 2024-06-20 00:00:00+00:00, run_after=2024-06-21 00:00:00+00:00
[2024-06-21T00:01:22.052+0000] {processor.py:183} INFO - Processing /home/airflow/.local/lib/python3.12/site-packages/airflow/example_dags/tutorial.py took 0.077 seconds
[2024-06-21T00:01:52.796+0000] {processor.py:161} INFO - Started process (PID=176034) to work on /home/airflow/.local/lib/python3.12/site-packages/airflow/example_dags/tutorial.py
[2024-06-21T00:01:52.798+0000] {processor.py:830} INFO - Processing file /home/airflow/.local/lib/python3.12/site-packages/airflow/example_dags/tutorial.py for tasks to queue
[2024-06-21T00:01:52.800+0000] {logging_mixin.py:188} INFO - [2024-06-21T00:01:52.800+0000] {dagbag.py:545} INFO - Filling up the DagBag from /home/airflow/.local/lib/python3.12/site-packages/airflow/example_dags/tutorial.py
[2024-06-21T00:01:52.807+0000] {processor.py:840} INFO - DAG(s) 'tutorial' retrieved from /home/airflow/.local/lib/python3.12/site-packages/airflow/example_dags/tutorial.py
[2024-06-21T00:01:52.828+0000] {logging_mixin.py:188} INFO - [2024-06-21T00:01:52.828+0000] {dag.py:3096} INFO - Sync 1 DAGs
[2024-06-21T00:01:52.847+0000] {logging_mixin.py:188} INFO - [2024-06-21T00:01:52.847+0000] {dag.py:3954} INFO - Setting next_dagrun for tutorial to 2024-06-20 00:00:00+00:00, run_after=2024-06-21 00:00:00+00:00
[2024-06-21T00:01:52.864+0000] {processor.py:183} INFO - Processing /home/airflow/.local/lib/python3.12/site-packages/airflow/example_dags/tutorial.py took 0.077 seconds
[2024-06-21T00:02:23.414+0000] {processor.py:161} INFO - Started process (PID=176093) to work on /home/airflow/.local/lib/python3.12/site-packages/airflow/example_dags/tutorial.py
[2024-06-21T00:02:23.424+0000] {processor.py:830} INFO - Processing file /home/airflow/.local/lib/python3.12/site-packages/airflow/example_dags/tutorial.py for tasks to queue
[2024-06-21T00:02:23.427+0000] {logging_mixin.py:188} INFO - [2024-06-21T00:02:23.427+0000] {dagbag.py:545} INFO - Filling up the DagBag from /home/airflow/.local/lib/python3.12/site-packages/airflow/example_dags/tutorial.py
[2024-06-21T00:02:23.436+0000] {processor.py:840} INFO - DAG(s) 'tutorial' retrieved from /home/airflow/.local/lib/python3.12/site-packages/airflow/example_dags/tutorial.py
[2024-06-21T00:02:23.462+0000] {logging_mixin.py:188} INFO - [2024-06-21T00:02:23.462+0000] {dag.py:3096} INFO - Sync 1 DAGs
[2024-06-21T00:02:23.480+0000] {logging_mixin.py:188} INFO - [2024-06-21T00:02:23.480+0000] {dag.py:3954} INFO - Setting next_dagrun for tutorial to 2024-06-20 00:00:00+00:00, run_after=2024-06-21 00:00:00+00:00
[2024-06-21T00:02:23.498+0000] {processor.py:183} INFO - Processing /home/airflow/.local/lib/python3.12/site-packages/airflow/example_dags/tutorial.py took 0.095 seconds
[2024-06-21T00:02:54.158+0000] {processor.py:161} INFO - Started process (PID=176153) to work on /home/airflow/.local/lib/python3.12/site-packages/airflow/example_dags/tutorial.py
[2024-06-21T00:02:54.167+0000] {processor.py:830} INFO - Processing file /home/airflow/.local/lib/python3.12/site-packages/airflow/example_dags/tutorial.py for tasks to queue
[2024-06-21T00:02:54.168+0000] {logging_mixin.py:188} INFO - [2024-06-21T00:02:54.168+0000] {dagbag.py:545} INFO - Filling up the DagBag from /home/airflow/.local/lib/python3.12/site-packages/airflow/example_dags/tutorial.py
[2024-06-21T00:02:54.174+0000] {processor.py:840} INFO - DAG(s) 'tutorial' retrieved from /home/airflow/.local/lib/python3.12/site-packages/airflow/example_dags/tutorial.py
[2024-06-21T00:02:54.198+0000] {logging_mixin.py:188} INFO - [2024-06-21T00:02:54.197+0000] {dag.py:3096} INFO - Sync 1 DAGs
[2024-06-21T00:02:54.223+0000] {logging_mixin.py:188} INFO - [2024-06-21T00:02:54.223+0000] {dag.py:3954} INFO - Setting next_dagrun for tutorial to 2024-06-20 00:00:00+00:00, run_after=2024-06-21 00:00:00+00:00
[2024-06-21T00:02:54.242+0000] {processor.py:183} INFO - Processing /home/airflow/.local/lib/python3.12/site-packages/airflow/example_dags/tutorial.py took 0.090 seconds
[2024-06-21T00:03:24.330+0000] {processor.py:161} INFO - Started process (PID=176213) to work on /home/airflow/.local/lib/python3.12/site-packages/airflow/example_dags/tutorial.py
[2024-06-21T00:03:24.340+0000] {processor.py:830} INFO - Processing file /home/airflow/.local/lib/python3.12/site-packages/airflow/example_dags/tutorial.py for tasks to queue
[2024-06-21T00:03:24.342+0000] {logging_mixin.py:188} INFO - [2024-06-21T00:03:24.342+0000] {dagbag.py:545} INFO - Filling up the DagBag from /home/airflow/.local/lib/python3.12/site-packages/airflow/example_dags/tutorial.py
[2024-06-21T00:03:24.348+0000] {processor.py:840} INFO - DAG(s) 'tutorial' retrieved from /home/airflow/.local/lib/python3.12/site-packages/airflow/example_dags/tutorial.py
[2024-06-21T00:03:24.370+0000] {logging_mixin.py:188} INFO - [2024-06-21T00:03:24.370+0000] {dag.py:3096} INFO - Sync 1 DAGs
[2024-06-21T00:03:24.391+0000] {logging_mixin.py:188} INFO - [2024-06-21T00:03:24.390+0000] {dag.py:3954} INFO - Setting next_dagrun for tutorial to 2024-06-20 00:00:00+00:00, run_after=2024-06-21 00:00:00+00:00
[2024-06-21T00:03:24.410+0000] {processor.py:183} INFO - Processing /home/airflow/.local/lib/python3.12/site-packages/airflow/example_dags/tutorial.py took 0.105 seconds
[2024-06-21T00:03:54.526+0000] {processor.py:161} INFO - Started process (PID=176272) to work on /home/airflow/.local/lib/python3.12/site-packages/airflow/example_dags/tutorial.py
[2024-06-21T00:03:54.536+0000] {processor.py:830} INFO - Processing file /home/airflow/.local/lib/python3.12/site-packages/airflow/example_dags/tutorial.py for tasks to queue
[2024-06-21T00:03:54.539+0000] {logging_mixin.py:188} INFO - [2024-06-21T00:03:54.538+0000] {dagbag.py:545} INFO - Filling up the DagBag from /home/airflow/.local/lib/python3.12/site-packages/airflow/example_dags/tutorial.py
[2024-06-21T00:03:54.544+0000] {processor.py:840} INFO - DAG(s) 'tutorial' retrieved from /home/airflow/.local/lib/python3.12/site-packages/airflow/example_dags/tutorial.py
[2024-06-21T00:03:54.562+0000] {logging_mixin.py:188} INFO - [2024-06-21T00:03:54.561+0000] {dag.py:3096} INFO - Sync 1 DAGs
[2024-06-21T00:03:54.581+0000] {logging_mixin.py:188} INFO - [2024-06-21T00:03:54.581+0000] {dag.py:3954} INFO - Setting next_dagrun for tutorial to 2024-06-20 00:00:00+00:00, run_after=2024-06-21 00:00:00+00:00
[2024-06-21T00:03:54.597+0000] {processor.py:183} INFO - Processing /home/airflow/.local/lib/python3.12/site-packages/airflow/example_dags/tutorial.py took 0.077 seconds
[2024-06-21T00:04:24.850+0000] {processor.py:161} INFO - Started process (PID=176332) to work on /home/airflow/.local/lib/python3.12/site-packages/airflow/example_dags/tutorial.py
[2024-06-21T00:04:24.859+0000] {processor.py:830} INFO - Processing file /home/airflow/.local/lib/python3.12/site-packages/airflow/example_dags/tutorial.py for tasks to queue
[2024-06-21T00:04:24.863+0000] {logging_mixin.py:188} INFO - [2024-06-21T00:04:24.862+0000] {dagbag.py:545} INFO - Filling up the DagBag from /home/airflow/.local/lib/python3.12/site-packages/airflow/example_dags/tutorial.py
[2024-06-21T00:04:24.868+0000] {processor.py:840} INFO - DAG(s) 'tutorial' retrieved from /home/airflow/.local/lib/python3.12/site-packages/airflow/example_dags/tutorial.py
[2024-06-21T00:04:24.886+0000] {logging_mixin.py:188} INFO - [2024-06-21T00:04:24.886+0000] {dag.py:3096} INFO - Sync 1 DAGs
[2024-06-21T00:04:24.905+0000] {logging_mixin.py:188} INFO - [2024-06-21T00:04:24.905+0000] {dag.py:3954} INFO - Setting next_dagrun for tutorial to 2024-06-20 00:00:00+00:00, run_after=2024-06-21 00:00:00+00:00
[2024-06-21T00:04:24.922+0000] {processor.py:183} INFO - Processing /home/airflow/.local/lib/python3.12/site-packages/airflow/example_dags/tutorial.py took 0.077 seconds
[2024-06-21T00:04:54.962+0000] {processor.py:161} INFO - Started process (PID=176392) to work on /home/airflow/.local/lib/python3.12/site-packages/airflow/example_dags/tutorial.py
[2024-06-21T00:04:54.972+0000] {processor.py:830} INFO - Processing file /home/airflow/.local/lib/python3.12/site-packages/airflow/example_dags/tutorial.py for tasks to queue
[2024-06-21T00:04:54.973+0000] {logging_mixin.py:188} INFO - [2024-06-21T00:04:54.973+0000] {dagbag.py:545} INFO - Filling up the DagBag from /home/airflow/.local/lib/python3.12/site-packages/airflow/example_dags/tutorial.py
[2024-06-21T00:04:54.978+0000] {processor.py:840} INFO - DAG(s) 'tutorial' retrieved from /home/airflow/.local/lib/python3.12/site-packages/airflow/example_dags/tutorial.py
[2024-06-21T00:04:54.996+0000] {logging_mixin.py:188} INFO - [2024-06-21T00:04:54.996+0000] {dag.py:3096} INFO - Sync 1 DAGs
[2024-06-21T00:04:55.020+0000] {logging_mixin.py:188} INFO - [2024-06-21T00:04:55.019+0000] {dag.py:3954} INFO - Setting next_dagrun for tutorial to 2024-06-20 00:00:00+00:00, run_after=2024-06-21 00:00:00+00:00
[2024-06-21T00:04:55.042+0000] {processor.py:183} INFO - Processing /home/airflow/.local/lib/python3.12/site-packages/airflow/example_dags/tutorial.py took 0.085 seconds
[2024-06-21T00:05:25.142+0000] {processor.py:161} INFO - Started process (PID=176452) to work on /home/airflow/.local/lib/python3.12/site-packages/airflow/example_dags/tutorial.py
[2024-06-21T00:05:25.151+0000] {processor.py:830} INFO - Processing file /home/airflow/.local/lib/python3.12/site-packages/airflow/example_dags/tutorial.py for tasks to queue
[2024-06-21T00:05:25.153+0000] {logging_mixin.py:188} INFO - [2024-06-21T00:05:25.152+0000] {dagbag.py:545} INFO - Filling up the DagBag from /home/airflow/.local/lib/python3.12/site-packages/airflow/example_dags/tutorial.py
[2024-06-21T00:05:25.159+0000] {processor.py:840} INFO - DAG(s) 'tutorial' retrieved from /home/airflow/.local/lib/python3.12/site-packages/airflow/example_dags/tutorial.py
[2024-06-21T00:05:25.181+0000] {logging_mixin.py:188} INFO - [2024-06-21T00:05:25.181+0000] {dag.py:3096} INFO - Sync 1 DAGs
[2024-06-21T00:05:25.199+0000] {logging_mixin.py:188} INFO - [2024-06-21T00:05:25.199+0000] {dag.py:3954} INFO - Setting next_dagrun for tutorial to 2024-06-20 00:00:00+00:00, run_after=2024-06-21 00:00:00+00:00
[2024-06-21T00:05:25.216+0000] {processor.py:183} INFO - Processing /home/airflow/.local/lib/python3.12/site-packages/airflow/example_dags/tutorial.py took 0.080 seconds
[2024-06-21T00:05:55.360+0000] {processor.py:161} INFO - Started process (PID=176512) to work on /home/airflow/.local/lib/python3.12/site-packages/airflow/example_dags/tutorial.py
[2024-06-21T00:05:55.369+0000] {processor.py:830} INFO - Processing file /home/airflow/.local/lib/python3.12/site-packages/airflow/example_dags/tutorial.py for tasks to queue
[2024-06-21T00:05:55.371+0000] {logging_mixin.py:188} INFO - [2024-06-21T00:05:55.371+0000] {dagbag.py:545} INFO - Filling up the DagBag from /home/airflow/.local/lib/python3.12/site-packages/airflow/example_dags/tutorial.py
[2024-06-21T00:05:55.376+0000] {processor.py:840} INFO - DAG(s) 'tutorial' retrieved from /home/airflow/.local/lib/python3.12/site-packages/airflow/example_dags/tutorial.py
[2024-06-21T00:05:55.393+0000] {logging_mixin.py:188} INFO - [2024-06-21T00:05:55.393+0000] {dag.py:3096} INFO - Sync 1 DAGs
[2024-06-21T00:05:55.411+0000] {logging_mixin.py:188} INFO - [2024-06-21T00:05:55.411+0000] {dag.py:3954} INFO - Setting next_dagrun for tutorial to 2024-06-20 00:00:00+00:00, run_after=2024-06-21 00:00:00+00:00
[2024-06-21T00:05:55.429+0000] {processor.py:183} INFO - Processing /home/airflow/.local/lib/python3.12/site-packages/airflow/example_dags/tutorial.py took 0.074 seconds
[2024-06-21T00:06:25.550+0000] {processor.py:161} INFO - Started process (PID=176572) to work on /home/airflow/.local/lib/python3.12/site-packages/airflow/example_dags/tutorial.py
[2024-06-21T00:06:25.550+0000] {processor.py:830} INFO - Processing file /home/airflow/.local/lib/python3.12/site-packages/airflow/example_dags/tutorial.py for tasks to queue
[2024-06-21T00:06:25.552+0000] {logging_mixin.py:188} INFO - [2024-06-21T00:06:25.552+0000] {dagbag.py:545} INFO - Filling up the DagBag from /home/airflow/.local/lib/python3.12/site-packages/airflow/example_dags/tutorial.py
[2024-06-21T00:06:25.557+0000] {processor.py:840} INFO - DAG(s) 'tutorial' retrieved from /home/airflow/.local/lib/python3.12/site-packages/airflow/example_dags/tutorial.py
[2024-06-21T00:06:25.575+0000] {logging_mixin.py:188} INFO - [2024-06-21T00:06:25.574+0000] {dag.py:3096} INFO - Sync 1 DAGs
[2024-06-21T00:06:25.593+0000] {logging_mixin.py:188} INFO - [2024-06-21T00:06:25.593+0000] {dag.py:3954} INFO - Setting next_dagrun for tutorial to 2024-06-20 00:00:00+00:00, run_after=2024-06-21 00:00:00+00:00
[2024-06-21T00:06:25.613+0000] {processor.py:183} INFO - Processing /home/airflow/.local/lib/python3.12/site-packages/airflow/example_dags/tutorial.py took 0.068 seconds
[2024-06-21T00:06:56.180+0000] {processor.py:161} INFO - Started process (PID=176632) to work on /home/airflow/.local/lib/python3.12/site-packages/airflow/example_dags/tutorial.py
[2024-06-21T00:06:56.189+0000] {processor.py:830} INFO - Processing file /home/airflow/.local/lib/python3.12/site-packages/airflow/example_dags/tutorial.py for tasks to queue
[2024-06-21T00:06:56.191+0000] {logging_mixin.py:188} INFO - [2024-06-21T00:06:56.191+0000] {dagbag.py:545} INFO - Filling up the DagBag from /home/airflow/.local/lib/python3.12/site-packages/airflow/example_dags/tutorial.py
[2024-06-21T00:06:56.196+0000] {processor.py:840} INFO - DAG(s) 'tutorial' retrieved from /home/airflow/.local/lib/python3.12/site-packages/airflow/example_dags/tutorial.py
[2024-06-21T00:06:56.213+0000] {logging_mixin.py:188} INFO - [2024-06-21T00:06:56.213+0000] {dag.py:3096} INFO - Sync 1 DAGs
[2024-06-21T00:06:56.232+0000] {logging_mixin.py:188} INFO - [2024-06-21T00:06:56.232+0000] {dag.py:3954} INFO - Setting next_dagrun for tutorial to 2024-06-20 00:00:00+00:00, run_after=2024-06-21 00:00:00+00:00
[2024-06-21T00:06:56.249+0000] {processor.py:183} INFO - Processing /home/airflow/.local/lib/python3.12/site-packages/airflow/example_dags/tutorial.py took 0.074 seconds
[2024-06-21T00:07:26.767+0000] {processor.py:161} INFO - Started process (PID=176691) to work on /home/airflow/.local/lib/python3.12/site-packages/airflow/example_dags/tutorial.py
[2024-06-21T00:07:26.777+0000] {processor.py:830} INFO - Processing file /home/airflow/.local/lib/python3.12/site-packages/airflow/example_dags/tutorial.py for tasks to queue
[2024-06-21T00:07:26.779+0000] {logging_mixin.py:188} INFO - [2024-06-21T00:07:26.779+0000] {dagbag.py:545} INFO - Filling up the DagBag from /home/airflow/.local/lib/python3.12/site-packages/airflow/example_dags/tutorial.py
[2024-06-21T00:07:26.788+0000] {processor.py:840} INFO - DAG(s) 'tutorial' retrieved from /home/airflow/.local/lib/python3.12/site-packages/airflow/example_dags/tutorial.py
[2024-06-21T00:07:26.826+0000] {logging_mixin.py:188} INFO - [2024-06-21T00:07:26.825+0000] {dag.py:3096} INFO - Sync 1 DAGs
[2024-06-21T00:07:26.869+0000] {logging_mixin.py:188} INFO - [2024-06-21T00:07:26.868+0000] {dag.py:3954} INFO - Setting next_dagrun for tutorial to 2024-06-20 00:00:00+00:00, run_after=2024-06-21 00:00:00+00:00
[2024-06-21T00:07:26.900+0000] {processor.py:183} INFO - Processing /home/airflow/.local/lib/python3.12/site-packages/airflow/example_dags/tutorial.py took 0.140 seconds
[2024-06-21T00:07:57.676+0000] {processor.py:161} INFO - Started process (PID=176750) to work on /home/airflow/.local/lib/python3.12/site-packages/airflow/example_dags/tutorial.py
[2024-06-21T00:07:57.685+0000] {processor.py:830} INFO - Processing file /home/airflow/.local/lib/python3.12/site-packages/airflow/example_dags/tutorial.py for tasks to queue
[2024-06-21T00:07:57.687+0000] {logging_mixin.py:188} INFO - [2024-06-21T00:07:57.687+0000] {dagbag.py:545} INFO - Filling up the DagBag from /home/airflow/.local/lib/python3.12/site-packages/airflow/example_dags/tutorial.py
[2024-06-21T00:07:57.692+0000] {processor.py:840} INFO - DAG(s) 'tutorial' retrieved from /home/airflow/.local/lib/python3.12/site-packages/airflow/example_dags/tutorial.py
[2024-06-21T00:07:57.709+0000] {logging_mixin.py:188} INFO - [2024-06-21T00:07:57.709+0000] {dag.py:3096} INFO - Sync 1 DAGs
[2024-06-21T00:07:57.727+0000] {logging_mixin.py:188} INFO - [2024-06-21T00:07:57.726+0000] {dag.py:3954} INFO - Setting next_dagrun for tutorial to 2024-06-20 00:00:00+00:00, run_after=2024-06-21 00:00:00+00:00
[2024-06-21T00:07:57.743+0000] {processor.py:183} INFO - Processing /home/airflow/.local/lib/python3.12/site-packages/airflow/example_dags/tutorial.py took 0.072 seconds
[2024-06-21T00:08:28.268+0000] {processor.py:161} INFO - Started process (PID=176810) to work on /home/airflow/.local/lib/python3.12/site-packages/airflow/example_dags/tutorial.py
[2024-06-21T00:08:28.279+0000] {processor.py:830} INFO - Processing file /home/airflow/.local/lib/python3.12/site-packages/airflow/example_dags/tutorial.py for tasks to queue
[2024-06-21T00:08:28.284+0000] {logging_mixin.py:188} INFO - [2024-06-21T00:08:28.283+0000] {dagbag.py:545} INFO - Filling up the DagBag from /home/airflow/.local/lib/python3.12/site-packages/airflow/example_dags/tutorial.py
[2024-06-21T00:08:28.302+0000] {processor.py:840} INFO - DAG(s) 'tutorial' retrieved from /home/airflow/.local/lib/python3.12/site-packages/airflow/example_dags/tutorial.py
[2024-06-21T00:08:28.330+0000] {logging_mixin.py:188} INFO - [2024-06-21T00:08:28.330+0000] {dag.py:3096} INFO - Sync 1 DAGs
[2024-06-21T00:08:28.349+0000] {logging_mixin.py:188} INFO - [2024-06-21T00:08:28.349+0000] {dag.py:3954} INFO - Setting next_dagrun for tutorial to 2024-06-20 00:00:00+00:00, run_after=2024-06-21 00:00:00+00:00
[2024-06-21T00:08:28.367+0000] {processor.py:183} INFO - Processing /home/airflow/.local/lib/python3.12/site-packages/airflow/example_dags/tutorial.py took 0.104 seconds
[2024-06-21T00:08:58.671+0000] {processor.py:161} INFO - Started process (PID=176870) to work on /home/airflow/.local/lib/python3.12/site-packages/airflow/example_dags/tutorial.py
[2024-06-21T00:08:58.680+0000] {processor.py:830} INFO - Processing file /home/airflow/.local/lib/python3.12/site-packages/airflow/example_dags/tutorial.py for tasks to queue
[2024-06-21T00:08:58.682+0000] {logging_mixin.py:188} INFO - [2024-06-21T00:08:58.682+0000] {dagbag.py:545} INFO - Filling up the DagBag from /home/airflow/.local/lib/python3.12/site-packages/airflow/example_dags/tutorial.py
[2024-06-21T00:08:58.687+0000] {processor.py:840} INFO - DAG(s) 'tutorial' retrieved from /home/airflow/.local/lib/python3.12/site-packages/airflow/example_dags/tutorial.py
[2024-06-21T00:08:58.705+0000] {logging_mixin.py:188} INFO - [2024-06-21T00:08:58.705+0000] {dag.py:3096} INFO - Sync 1 DAGs
[2024-06-21T00:08:58.724+0000] {logging_mixin.py:188} INFO - [2024-06-21T00:08:58.724+0000] {dag.py:3954} INFO - Setting next_dagrun for tutorial to 2024-06-20 00:00:00+00:00, run_after=2024-06-21 00:00:00+00:00
[2024-06-21T00:08:58.740+0000] {processor.py:183} INFO - Processing /home/airflow/.local/lib/python3.12/site-packages/airflow/example_dags/tutorial.py took 0.075 seconds
[2024-06-21T00:09:29.162+0000] {processor.py:161} INFO - Started process (PID=176929) to work on /home/airflow/.local/lib/python3.12/site-packages/airflow/example_dags/tutorial.py
[2024-06-21T00:09:29.163+0000] {processor.py:830} INFO - Processing file /home/airflow/.local/lib/python3.12/site-packages/airflow/example_dags/tutorial.py for tasks to queue
[2024-06-21T00:09:29.164+0000] {logging_mixin.py:188} INFO - [2024-06-21T00:09:29.164+0000] {dagbag.py:545} INFO - Filling up the DagBag from /home/airflow/.local/lib/python3.12/site-packages/airflow/example_dags/tutorial.py
[2024-06-21T00:09:29.169+0000] {processor.py:840} INFO - DAG(s) 'tutorial' retrieved from /home/airflow/.local/lib/python3.12/site-packages/airflow/example_dags/tutorial.py
[2024-06-21T00:09:29.185+0000] {logging_mixin.py:188} INFO - [2024-06-21T00:09:29.185+0000] {dag.py:3096} INFO - Sync 1 DAGs
[2024-06-21T00:09:29.202+0000] {logging_mixin.py:188} INFO - [2024-06-21T00:09:29.201+0000] {dag.py:3954} INFO - Setting next_dagrun for tutorial to 2024-06-20 00:00:00+00:00, run_after=2024-06-21 00:00:00+00:00
[2024-06-21T00:09:29.218+0000] {processor.py:183} INFO - Processing /home/airflow/.local/lib/python3.12/site-packages/airflow/example_dags/tutorial.py took 0.060 seconds
[2024-06-21T00:09:59.657+0000] {processor.py:161} INFO - Started process (PID=176989) to work on /home/airflow/.local/lib/python3.12/site-packages/airflow/example_dags/tutorial.py
[2024-06-21T00:09:59.666+0000] {processor.py:830} INFO - Processing file /home/airflow/.local/lib/python3.12/site-packages/airflow/example_dags/tutorial.py for tasks to queue
[2024-06-21T00:09:59.668+0000] {logging_mixin.py:188} INFO - [2024-06-21T00:09:59.668+0000] {dagbag.py:545} INFO - Filling up the DagBag from /home/airflow/.local/lib/python3.12/site-packages/airflow/example_dags/tutorial.py
[2024-06-21T00:09:59.673+0000] {processor.py:840} INFO - DAG(s) 'tutorial' retrieved from /home/airflow/.local/lib/python3.12/site-packages/airflow/example_dags/tutorial.py
[2024-06-21T00:09:59.689+0000] {logging_mixin.py:188} INFO - [2024-06-21T00:09:59.689+0000] {dag.py:3096} INFO - Sync 1 DAGs
[2024-06-21T00:09:59.706+0000] {logging_mixin.py:188} INFO - [2024-06-21T00:09:59.706+0000] {dag.py:3954} INFO - Setting next_dagrun for tutorial to 2024-06-20 00:00:00+00:00, run_after=2024-06-21 00:00:00+00:00
[2024-06-21T00:09:59.723+0000] {processor.py:183} INFO - Processing /home/airflow/.local/lib/python3.12/site-packages/airflow/example_dags/tutorial.py took 0.071 seconds
[2024-06-21T00:10:30.175+0000] {processor.py:161} INFO - Started process (PID=177049) to work on /home/airflow/.local/lib/python3.12/site-packages/airflow/example_dags/tutorial.py
[2024-06-21T00:10:30.184+0000] {processor.py:830} INFO - Processing file /home/airflow/.local/lib/python3.12/site-packages/airflow/example_dags/tutorial.py for tasks to queue
[2024-06-21T00:10:30.186+0000] {logging_mixin.py:188} INFO - [2024-06-21T00:10:30.186+0000] {dagbag.py:545} INFO - Filling up the DagBag from /home/airflow/.local/lib/python3.12/site-packages/airflow/example_dags/tutorial.py
[2024-06-21T00:10:30.191+0000] {processor.py:840} INFO - DAG(s) 'tutorial' retrieved from /home/airflow/.local/lib/python3.12/site-packages/airflow/example_dags/tutorial.py
[2024-06-21T00:10:30.210+0000] {logging_mixin.py:188} INFO - [2024-06-21T00:10:30.210+0000] {dag.py:3096} INFO - Sync 1 DAGs
[2024-06-21T00:10:30.233+0000] {logging_mixin.py:188} INFO - [2024-06-21T00:10:30.232+0000] {dag.py:3954} INFO - Setting next_dagrun for tutorial to 2024-06-20 00:00:00+00:00, run_after=2024-06-21 00:00:00+00:00
[2024-06-21T00:10:30.249+0000] {processor.py:183} INFO - Processing /home/airflow/.local/lib/python3.12/site-packages/airflow/example_dags/tutorial.py took 0.079 seconds
[2024-06-21T00:11:01.014+0000] {processor.py:161} INFO - Started process (PID=177109) to work on /home/airflow/.local/lib/python3.12/site-packages/airflow/example_dags/tutorial.py
[2024-06-21T00:11:01.025+0000] {processor.py:830} INFO - Processing file /home/airflow/.local/lib/python3.12/site-packages/airflow/example_dags/tutorial.py for tasks to queue
[2024-06-21T00:11:01.029+0000] {logging_mixin.py:188} INFO - [2024-06-21T00:11:01.028+0000] {dagbag.py:545} INFO - Filling up the DagBag from /home/airflow/.local/lib/python3.12/site-packages/airflow/example_dags/tutorial.py
[2024-06-21T00:11:01.040+0000] {processor.py:840} INFO - DAG(s) 'tutorial' retrieved from /home/airflow/.local/lib/python3.12/site-packages/airflow/example_dags/tutorial.py
[2024-06-21T00:11:01.063+0000] {logging_mixin.py:188} INFO - [2024-06-21T00:11:01.063+0000] {dag.py:3096} INFO - Sync 1 DAGs
[2024-06-21T00:11:01.088+0000] {logging_mixin.py:188} INFO - [2024-06-21T00:11:01.088+0000] {dag.py:3954} INFO - Setting next_dagrun for tutorial to 2024-06-20 00:00:00+00:00, run_after=2024-06-21 00:00:00+00:00
[2024-06-21T00:11:01.104+0000] {processor.py:183} INFO - Processing /home/airflow/.local/lib/python3.12/site-packages/airflow/example_dags/tutorial.py took 0.111 seconds
[2024-06-21T00:11:31.852+0000] {processor.py:161} INFO - Started process (PID=177170) to work on /home/airflow/.local/lib/python3.12/site-packages/airflow/example_dags/tutorial.py
[2024-06-21T00:11:31.860+0000] {processor.py:830} INFO - Processing file /home/airflow/.local/lib/python3.12/site-packages/airflow/example_dags/tutorial.py for tasks to queue
[2024-06-21T00:11:31.866+0000] {logging_mixin.py:188} INFO - [2024-06-21T00:11:31.865+0000] {dagbag.py:545} INFO - Filling up the DagBag from /home/airflow/.local/lib/python3.12/site-packages/airflow/example_dags/tutorial.py
[2024-06-21T00:11:31.873+0000] {processor.py:840} INFO - DAG(s) 'tutorial' retrieved from /home/airflow/.local/lib/python3.12/site-packages/airflow/example_dags/tutorial.py
[2024-06-21T00:11:31.889+0000] {logging_mixin.py:188} INFO - [2024-06-21T00:11:31.889+0000] {dag.py:3096} INFO - Sync 1 DAGs
[2024-06-21T00:11:31.907+0000] {logging_mixin.py:188} INFO - [2024-06-21T00:11:31.906+0000] {dag.py:3954} INFO - Setting next_dagrun for tutorial to 2024-06-20 00:00:00+00:00, run_after=2024-06-21 00:00:00+00:00
[2024-06-21T00:11:31.924+0000] {processor.py:183} INFO - Processing /home/airflow/.local/lib/python3.12/site-packages/airflow/example_dags/tutorial.py took 0.078 seconds
[2024-06-21T00:12:02.713+0000] {processor.py:161} INFO - Started process (PID=177231) to work on /home/airflow/.local/lib/python3.12/site-packages/airflow/example_dags/tutorial.py
[2024-06-21T00:12:02.723+0000] {processor.py:830} INFO - Processing file /home/airflow/.local/lib/python3.12/site-packages/airflow/example_dags/tutorial.py for tasks to queue
[2024-06-21T00:12:02.728+0000] {logging_mixin.py:188} INFO - [2024-06-21T00:12:02.727+0000] {dagbag.py:545} INFO - Filling up the DagBag from /home/airflow/.local/lib/python3.12/site-packages/airflow/example_dags/tutorial.py
[2024-06-21T00:12:02.742+0000] {processor.py:840} INFO - DAG(s) 'tutorial' retrieved from /home/airflow/.local/lib/python3.12/site-packages/airflow/example_dags/tutorial.py
[2024-06-21T00:12:02.766+0000] {logging_mixin.py:188} INFO - [2024-06-21T00:12:02.766+0000] {dag.py:3096} INFO - Sync 1 DAGs
[2024-06-21T00:12:02.784+0000] {logging_mixin.py:188} INFO - [2024-06-21T00:12:02.784+0000] {dag.py:3954} INFO - Setting next_dagrun for tutorial to 2024-06-20 00:00:00+00:00, run_after=2024-06-21 00:00:00+00:00
[2024-06-21T00:12:02.801+0000] {processor.py:183} INFO - Processing /home/airflow/.local/lib/python3.12/site-packages/airflow/example_dags/tutorial.py took 0.107 seconds
[2024-06-21T00:12:33.753+0000] {processor.py:161} INFO - Started process (PID=177291) to work on /home/airflow/.local/lib/python3.12/site-packages/airflow/example_dags/tutorial.py
[2024-06-21T00:12:33.763+0000] {processor.py:830} INFO - Processing file /home/airflow/.local/lib/python3.12/site-packages/airflow/example_dags/tutorial.py for tasks to queue
[2024-06-21T00:12:33.764+0000] {logging_mixin.py:188} INFO - [2024-06-21T00:12:33.764+0000] {dagbag.py:545} INFO - Filling up the DagBag from /home/airflow/.local/lib/python3.12/site-packages/airflow/example_dags/tutorial.py
[2024-06-21T00:12:33.769+0000] {processor.py:840} INFO - DAG(s) 'tutorial' retrieved from /home/airflow/.local/lib/python3.12/site-packages/airflow/example_dags/tutorial.py
[2024-06-21T00:12:33.786+0000] {logging_mixin.py:188} INFO - [2024-06-21T00:12:33.786+0000] {dag.py:3096} INFO - Sync 1 DAGs
[2024-06-21T00:12:33.804+0000] {logging_mixin.py:188} INFO - [2024-06-21T00:12:33.804+0000] {dag.py:3954} INFO - Setting next_dagrun for tutorial to 2024-06-20 00:00:00+00:00, run_after=2024-06-21 00:00:00+00:00
[2024-06-21T00:12:33.822+0000] {processor.py:183} INFO - Processing /home/airflow/.local/lib/python3.12/site-packages/airflow/example_dags/tutorial.py took 0.073 seconds
[2024-06-21T00:13:03.996+0000] {processor.py:161} INFO - Started process (PID=177353) to work on /home/airflow/.local/lib/python3.12/site-packages/airflow/example_dags/tutorial.py
[2024-06-21T00:13:03.998+0000] {processor.py:830} INFO - Processing file /home/airflow/.local/lib/python3.12/site-packages/airflow/example_dags/tutorial.py for tasks to queue
[2024-06-21T00:13:04.001+0000] {logging_mixin.py:188} INFO - [2024-06-21T00:13:04.000+0000] {dagbag.py:545} INFO - Filling up the DagBag from /home/airflow/.local/lib/python3.12/site-packages/airflow/example_dags/tutorial.py
[2024-06-21T00:13:04.009+0000] {processor.py:840} INFO - DAG(s) 'tutorial' retrieved from /home/airflow/.local/lib/python3.12/site-packages/airflow/example_dags/tutorial.py
[2024-06-21T00:13:04.028+0000] {logging_mixin.py:188} INFO - [2024-06-21T00:13:04.028+0000] {dag.py:3096} INFO - Sync 1 DAGs
[2024-06-21T00:13:04.047+0000] {logging_mixin.py:188} INFO - [2024-06-21T00:13:04.047+0000] {dag.py:3954} INFO - Setting next_dagrun for tutorial to 2024-06-20 00:00:00+00:00, run_after=2024-06-21 00:00:00+00:00
[2024-06-21T00:13:04.065+0000] {processor.py:183} INFO - Processing /home/airflow/.local/lib/python3.12/site-packages/airflow/example_dags/tutorial.py took 0.087 seconds
[2024-06-21T00:13:34.144+0000] {processor.py:161} INFO - Started process (PID=177413) to work on /home/airflow/.local/lib/python3.12/site-packages/airflow/example_dags/tutorial.py
[2024-06-21T00:13:34.145+0000] {processor.py:830} INFO - Processing file /home/airflow/.local/lib/python3.12/site-packages/airflow/example_dags/tutorial.py for tasks to queue
[2024-06-21T00:13:34.147+0000] {logging_mixin.py:188} INFO - [2024-06-21T00:13:34.146+0000] {dagbag.py:545} INFO - Filling up the DagBag from /home/airflow/.local/lib/python3.12/site-packages/airflow/example_dags/tutorial.py
[2024-06-21T00:13:34.151+0000] {processor.py:840} INFO - DAG(s) 'tutorial' retrieved from /home/airflow/.local/lib/python3.12/site-packages/airflow/example_dags/tutorial.py
[2024-06-21T00:13:34.168+0000] {logging_mixin.py:188} INFO - [2024-06-21T00:13:34.168+0000] {dag.py:3096} INFO - Sync 1 DAGs
[2024-06-21T00:13:34.188+0000] {logging_mixin.py:188} INFO - [2024-06-21T00:13:34.188+0000] {dag.py:3954} INFO - Setting next_dagrun for tutorial to 2024-06-20 00:00:00+00:00, run_after=2024-06-21 00:00:00+00:00
[2024-06-21T00:13:34.206+0000] {processor.py:183} INFO - Processing /home/airflow/.local/lib/python3.12/site-packages/airflow/example_dags/tutorial.py took 0.067 seconds
[2024-06-21T00:14:04.338+0000] {processor.py:161} INFO - Started process (PID=177475) to work on /home/airflow/.local/lib/python3.12/site-packages/airflow/example_dags/tutorial.py
[2024-06-21T00:14:04.348+0000] {processor.py:830} INFO - Processing file /home/airflow/.local/lib/python3.12/site-packages/airflow/example_dags/tutorial.py for tasks to queue
[2024-06-21T00:14:04.351+0000] {logging_mixin.py:188} INFO - [2024-06-21T00:14:04.351+0000] {dagbag.py:545} INFO - Filling up the DagBag from /home/airflow/.local/lib/python3.12/site-packages/airflow/example_dags/tutorial.py
[2024-06-21T00:14:04.358+0000] {processor.py:840} INFO - DAG(s) 'tutorial' retrieved from /home/airflow/.local/lib/python3.12/site-packages/airflow/example_dags/tutorial.py
[2024-06-21T00:14:04.377+0000] {logging_mixin.py:188} INFO - [2024-06-21T00:14:04.377+0000] {dag.py:3096} INFO - Sync 1 DAGs
[2024-06-21T00:14:04.400+0000] {logging_mixin.py:188} INFO - [2024-06-21T00:14:04.400+0000] {dag.py:3954} INFO - Setting next_dagrun for tutorial to 2024-06-20 00:00:00+00:00, run_after=2024-06-21 00:00:00+00:00
[2024-06-21T00:14:04.423+0000] {processor.py:183} INFO - Processing /home/airflow/.local/lib/python3.12/site-packages/airflow/example_dags/tutorial.py took 0.104 seconds
[2024-06-21T00:14:34.762+0000] {processor.py:161} INFO - Started process (PID=177535) to work on /home/airflow/.local/lib/python3.12/site-packages/airflow/example_dags/tutorial.py
[2024-06-21T00:14:34.773+0000] {processor.py:830} INFO - Processing file /home/airflow/.local/lib/python3.12/site-packages/airflow/example_dags/tutorial.py for tasks to queue
[2024-06-21T00:14:34.776+0000] {logging_mixin.py:188} INFO - [2024-06-21T00:14:34.775+0000] {dagbag.py:545} INFO - Filling up the DagBag from /home/airflow/.local/lib/python3.12/site-packages/airflow/example_dags/tutorial.py
[2024-06-21T00:14:34.784+0000] {processor.py:840} INFO - DAG(s) 'tutorial' retrieved from /home/airflow/.local/lib/python3.12/site-packages/airflow/example_dags/tutorial.py
[2024-06-21T00:14:34.810+0000] {logging_mixin.py:188} INFO - [2024-06-21T00:14:34.809+0000] {dag.py:3096} INFO - Sync 1 DAGs
[2024-06-21T00:14:34.832+0000] {logging_mixin.py:188} INFO - [2024-06-21T00:14:34.832+0000] {dag.py:3954} INFO - Setting next_dagrun for tutorial to 2024-06-20 00:00:00+00:00, run_after=2024-06-21 00:00:00+00:00
[2024-06-21T00:14:34.853+0000] {processor.py:183} INFO - Processing /home/airflow/.local/lib/python3.12/site-packages/airflow/example_dags/tutorial.py took 0.109 seconds
[2024-06-21T00:15:04.977+0000] {processor.py:161} INFO - Started process (PID=177595) to work on /home/airflow/.local/lib/python3.12/site-packages/airflow/example_dags/tutorial.py
[2024-06-21T00:15:04.987+0000] {processor.py:830} INFO - Processing file /home/airflow/.local/lib/python3.12/site-packages/airflow/example_dags/tutorial.py for tasks to queue
[2024-06-21T00:15:04.988+0000] {logging_mixin.py:188} INFO - [2024-06-21T00:15:04.988+0000] {dagbag.py:545} INFO - Filling up the DagBag from /home/airflow/.local/lib/python3.12/site-packages/airflow/example_dags/tutorial.py
[2024-06-21T00:15:04.993+0000] {processor.py:840} INFO - DAG(s) 'tutorial' retrieved from /home/airflow/.local/lib/python3.12/site-packages/airflow/example_dags/tutorial.py
[2024-06-21T00:15:05.016+0000] {logging_mixin.py:188} INFO - [2024-06-21T00:15:05.016+0000] {dag.py:3096} INFO - Sync 1 DAGs
[2024-06-21T00:15:05.035+0000] {logging_mixin.py:188} INFO - [2024-06-21T00:15:05.035+0000] {dag.py:3954} INFO - Setting next_dagrun for tutorial to 2024-06-20 00:00:00+00:00, run_after=2024-06-21 00:00:00+00:00
[2024-06-21T00:15:05.053+0000] {processor.py:183} INFO - Processing /home/airflow/.local/lib/python3.12/site-packages/airflow/example_dags/tutorial.py took 0.080 seconds
[2024-06-21T00:15:35.251+0000] {processor.py:161} INFO - Started process (PID=177655) to work on /home/airflow/.local/lib/python3.12/site-packages/airflow/example_dags/tutorial.py
[2024-06-21T00:15:35.260+0000] {processor.py:830} INFO - Processing file /home/airflow/.local/lib/python3.12/site-packages/airflow/example_dags/tutorial.py for tasks to queue
[2024-06-21T00:15:35.261+0000] {logging_mixin.py:188} INFO - [2024-06-21T00:15:35.261+0000] {dagbag.py:545} INFO - Filling up the DagBag from /home/airflow/.local/lib/python3.12/site-packages/airflow/example_dags/tutorial.py
[2024-06-21T00:15:35.266+0000] {processor.py:840} INFO - DAG(s) 'tutorial' retrieved from /home/airflow/.local/lib/python3.12/site-packages/airflow/example_dags/tutorial.py
[2024-06-21T00:15:35.282+0000] {logging_mixin.py:188} INFO - [2024-06-21T00:15:35.282+0000] {dag.py:3096} INFO - Sync 1 DAGs
[2024-06-21T00:15:35.299+0000] {logging_mixin.py:188} INFO - [2024-06-21T00:15:35.299+0000] {dag.py:3954} INFO - Setting next_dagrun for tutorial to 2024-06-20 00:00:00+00:00, run_after=2024-06-21 00:00:00+00:00
[2024-06-21T00:15:35.316+0000] {processor.py:183} INFO - Processing /home/airflow/.local/lib/python3.12/site-packages/airflow/example_dags/tutorial.py took 0.070 seconds
[2024-06-21T00:16:06.139+0000] {processor.py:161} INFO - Started process (PID=177713) to work on /home/airflow/.local/lib/python3.12/site-packages/airflow/example_dags/tutorial.py
[2024-06-21T00:16:06.140+0000] {processor.py:830} INFO - Processing file /home/airflow/.local/lib/python3.12/site-packages/airflow/example_dags/tutorial.py for tasks to queue
[2024-06-21T00:16:06.142+0000] {logging_mixin.py:188} INFO - [2024-06-21T00:16:06.142+0000] {dagbag.py:545} INFO - Filling up the DagBag from /home/airflow/.local/lib/python3.12/site-packages/airflow/example_dags/tutorial.py
[2024-06-21T00:16:06.149+0000] {processor.py:840} INFO - DAG(s) 'tutorial' retrieved from /home/airflow/.local/lib/python3.12/site-packages/airflow/example_dags/tutorial.py
[2024-06-21T00:16:06.167+0000] {logging_mixin.py:188} INFO - [2024-06-21T00:16:06.167+0000] {dag.py:3096} INFO - Sync 1 DAGs
[2024-06-21T00:16:06.186+0000] {logging_mixin.py:188} INFO - [2024-06-21T00:16:06.186+0000] {dag.py:3954} INFO - Setting next_dagrun for tutorial to 2024-06-20 00:00:00+00:00, run_after=2024-06-21 00:00:00+00:00
[2024-06-21T00:16:06.203+0000] {processor.py:183} INFO - Processing /home/airflow/.local/lib/python3.12/site-packages/airflow/example_dags/tutorial.py took 0.076 seconds
[2024-06-21T00:16:36.254+0000] {processor.py:161} INFO - Started process (PID=177773) to work on /home/airflow/.local/lib/python3.12/site-packages/airflow/example_dags/tutorial.py
[2024-06-21T00:16:36.264+0000] {processor.py:830} INFO - Processing file /home/airflow/.local/lib/python3.12/site-packages/airflow/example_dags/tutorial.py for tasks to queue
[2024-06-21T00:16:36.267+0000] {logging_mixin.py:188} INFO - [2024-06-21T00:16:36.267+0000] {dagbag.py:545} INFO - Filling up the DagBag from /home/airflow/.local/lib/python3.12/site-packages/airflow/example_dags/tutorial.py
[2024-06-21T00:16:36.279+0000] {processor.py:840} INFO - DAG(s) 'tutorial' retrieved from /home/airflow/.local/lib/python3.12/site-packages/airflow/example_dags/tutorial.py
[2024-06-21T00:16:36.306+0000] {logging_mixin.py:188} INFO - [2024-06-21T00:16:36.306+0000] {dag.py:3096} INFO - Sync 1 DAGs
[2024-06-21T00:16:36.325+0000] {logging_mixin.py:188} INFO - [2024-06-21T00:16:36.325+0000] {dag.py:3954} INFO - Setting next_dagrun for tutorial to 2024-06-20 00:00:00+00:00, run_after=2024-06-21 00:00:00+00:00
[2024-06-21T00:16:36.342+0000] {processor.py:183} INFO - Processing /home/airflow/.local/lib/python3.12/site-packages/airflow/example_dags/tutorial.py took 0.099 seconds
[2024-06-21T00:17:06.544+0000] {processor.py:161} INFO - Started process (PID=177833) to work on /home/airflow/.local/lib/python3.12/site-packages/airflow/example_dags/tutorial.py
[2024-06-21T00:17:06.554+0000] {processor.py:830} INFO - Processing file /home/airflow/.local/lib/python3.12/site-packages/airflow/example_dags/tutorial.py for tasks to queue
[2024-06-21T00:17:06.559+0000] {logging_mixin.py:188} INFO - [2024-06-21T00:17:06.558+0000] {dagbag.py:545} INFO - Filling up the DagBag from /home/airflow/.local/lib/python3.12/site-packages/airflow/example_dags/tutorial.py
[2024-06-21T00:17:06.575+0000] {processor.py:840} INFO - DAG(s) 'tutorial' retrieved from /home/airflow/.local/lib/python3.12/site-packages/airflow/example_dags/tutorial.py
[2024-06-21T00:17:06.598+0000] {logging_mixin.py:188} INFO - [2024-06-21T00:17:06.598+0000] {dag.py:3096} INFO - Sync 1 DAGs
[2024-06-21T00:17:06.616+0000] {logging_mixin.py:188} INFO - [2024-06-21T00:17:06.616+0000] {dag.py:3954} INFO - Setting next_dagrun for tutorial to 2024-06-20 00:00:00+00:00, run_after=2024-06-21 00:00:00+00:00
[2024-06-21T00:17:06.631+0000] {processor.py:183} INFO - Processing /home/airflow/.local/lib/python3.12/site-packages/airflow/example_dags/tutorial.py took 0.098 seconds
[2024-06-21T00:17:37.507+0000] {processor.py:161} INFO - Started process (PID=177893) to work on /home/airflow/.local/lib/python3.12/site-packages/airflow/example_dags/tutorial.py
[2024-06-21T00:17:37.516+0000] {processor.py:830} INFO - Processing file /home/airflow/.local/lib/python3.12/site-packages/airflow/example_dags/tutorial.py for tasks to queue
[2024-06-21T00:17:37.518+0000] {logging_mixin.py:188} INFO - [2024-06-21T00:17:37.517+0000] {dagbag.py:545} INFO - Filling up the DagBag from /home/airflow/.local/lib/python3.12/site-packages/airflow/example_dags/tutorial.py
[2024-06-21T00:17:37.522+0000] {processor.py:840} INFO - DAG(s) 'tutorial' retrieved from /home/airflow/.local/lib/python3.12/site-packages/airflow/example_dags/tutorial.py
[2024-06-21T00:17:37.539+0000] {logging_mixin.py:188} INFO - [2024-06-21T00:17:37.539+0000] {dag.py:3096} INFO - Sync 1 DAGs
[2024-06-21T00:17:37.558+0000] {logging_mixin.py:188} INFO - [2024-06-21T00:17:37.557+0000] {dag.py:3954} INFO - Setting next_dagrun for tutorial to 2024-06-20 00:00:00+00:00, run_after=2024-06-21 00:00:00+00:00
[2024-06-21T00:17:37.574+0000] {processor.py:183} INFO - Processing /home/airflow/.local/lib/python3.12/site-packages/airflow/example_dags/tutorial.py took 0.073 seconds
[2024-06-21T00:18:08.155+0000] {processor.py:161} INFO - Started process (PID=177953) to work on /home/airflow/.local/lib/python3.12/site-packages/airflow/example_dags/tutorial.py
[2024-06-21T00:18:08.160+0000] {processor.py:830} INFO - Processing file /home/airflow/.local/lib/python3.12/site-packages/airflow/example_dags/tutorial.py for tasks to queue
[2024-06-21T00:18:08.163+0000] {logging_mixin.py:188} INFO - [2024-06-21T00:18:08.163+0000] {dagbag.py:545} INFO - Filling up the DagBag from /home/airflow/.local/lib/python3.12/site-packages/airflow/example_dags/tutorial.py
[2024-06-21T00:18:08.171+0000] {processor.py:840} INFO - DAG(s) 'tutorial' retrieved from /home/airflow/.local/lib/python3.12/site-packages/airflow/example_dags/tutorial.py
[2024-06-21T00:18:08.197+0000] {logging_mixin.py:188} INFO - [2024-06-21T00:18:08.196+0000] {dag.py:3096} INFO - Sync 1 DAGs
[2024-06-21T00:18:08.223+0000] {logging_mixin.py:188} INFO - [2024-06-21T00:18:08.223+0000] {dag.py:3954} INFO - Setting next_dagrun for tutorial to 2024-06-20 00:00:00+00:00, run_after=2024-06-21 00:00:00+00:00
[2024-06-21T00:18:08.240+0000] {processor.py:183} INFO - Processing /home/airflow/.local/lib/python3.12/site-packages/airflow/example_dags/tutorial.py took 0.094 seconds
[2024-06-21T00:18:38.951+0000] {processor.py:161} INFO - Started process (PID=178013) to work on /home/airflow/.local/lib/python3.12/site-packages/airflow/example_dags/tutorial.py
[2024-06-21T00:18:38.961+0000] {processor.py:830} INFO - Processing file /home/airflow/.local/lib/python3.12/site-packages/airflow/example_dags/tutorial.py for tasks to queue
[2024-06-21T00:18:38.962+0000] {logging_mixin.py:188} INFO - [2024-06-21T00:18:38.962+0000] {dagbag.py:545} INFO - Filling up the DagBag from /home/airflow/.local/lib/python3.12/site-packages/airflow/example_dags/tutorial.py
[2024-06-21T00:18:38.966+0000] {processor.py:840} INFO - DAG(s) 'tutorial' retrieved from /home/airflow/.local/lib/python3.12/site-packages/airflow/example_dags/tutorial.py
[2024-06-21T00:18:38.985+0000] {logging_mixin.py:188} INFO - [2024-06-21T00:18:38.984+0000] {dag.py:3096} INFO - Sync 1 DAGs
[2024-06-21T00:18:39.005+0000] {logging_mixin.py:188} INFO - [2024-06-21T00:18:39.005+0000] {dag.py:3954} INFO - Setting next_dagrun for tutorial to 2024-06-20 00:00:00+00:00, run_after=2024-06-21 00:00:00+00:00
[2024-06-21T00:18:39.022+0000] {processor.py:183} INFO - Processing /home/airflow/.local/lib/python3.12/site-packages/airflow/example_dags/tutorial.py took 0.075 seconds
[2024-06-21T00:19:09.131+0000] {processor.py:161} INFO - Started process (PID=178073) to work on /home/airflow/.local/lib/python3.12/site-packages/airflow/example_dags/tutorial.py
[2024-06-21T00:19:09.140+0000] {processor.py:830} INFO - Processing file /home/airflow/.local/lib/python3.12/site-packages/airflow/example_dags/tutorial.py for tasks to queue
[2024-06-21T00:19:09.142+0000] {logging_mixin.py:188} INFO - [2024-06-21T00:19:09.142+0000] {dagbag.py:545} INFO - Filling up the DagBag from /home/airflow/.local/lib/python3.12/site-packages/airflow/example_dags/tutorial.py
[2024-06-21T00:19:09.147+0000] {processor.py:840} INFO - DAG(s) 'tutorial' retrieved from /home/airflow/.local/lib/python3.12/site-packages/airflow/example_dags/tutorial.py
[2024-06-21T00:19:09.164+0000] {logging_mixin.py:188} INFO - [2024-06-21T00:19:09.164+0000] {dag.py:3096} INFO - Sync 1 DAGs
[2024-06-21T00:19:09.185+0000] {logging_mixin.py:188} INFO - [2024-06-21T00:19:09.185+0000] {dag.py:3954} INFO - Setting next_dagrun for tutorial to 2024-06-20 00:00:00+00:00, run_after=2024-06-21 00:00:00+00:00
[2024-06-21T00:19:09.203+0000] {processor.py:183} INFO - Processing /home/airflow/.local/lib/python3.12/site-packages/airflow/example_dags/tutorial.py took 0.077 seconds
[2024-06-21T00:19:39.340+0000] {processor.py:161} INFO - Started process (PID=178133) to work on /home/airflow/.local/lib/python3.12/site-packages/airflow/example_dags/tutorial.py
[2024-06-21T00:19:39.349+0000] {processor.py:830} INFO - Processing file /home/airflow/.local/lib/python3.12/site-packages/airflow/example_dags/tutorial.py for tasks to queue
[2024-06-21T00:19:39.351+0000] {logging_mixin.py:188} INFO - [2024-06-21T00:19:39.351+0000] {dagbag.py:545} INFO - Filling up the DagBag from /home/airflow/.local/lib/python3.12/site-packages/airflow/example_dags/tutorial.py
[2024-06-21T00:19:39.356+0000] {processor.py:840} INFO - DAG(s) 'tutorial' retrieved from /home/airflow/.local/lib/python3.12/site-packages/airflow/example_dags/tutorial.py
[2024-06-21T00:19:39.374+0000] {logging_mixin.py:188} INFO - [2024-06-21T00:19:39.374+0000] {dag.py:3096} INFO - Sync 1 DAGs
[2024-06-21T00:19:39.393+0000] {logging_mixin.py:188} INFO - [2024-06-21T00:19:39.392+0000] {dag.py:3954} INFO - Setting next_dagrun for tutorial to 2024-06-20 00:00:00+00:00, run_after=2024-06-21 00:00:00+00:00
[2024-06-21T00:19:39.409+0000] {processor.py:183} INFO - Processing /home/airflow/.local/lib/python3.12/site-packages/airflow/example_dags/tutorial.py took 0.074 seconds
[2024-06-21T00:20:09.743+0000] {processor.py:161} INFO - Started process (PID=178193) to work on /home/airflow/.local/lib/python3.12/site-packages/airflow/example_dags/tutorial.py
[2024-06-21T00:20:09.752+0000] {processor.py:830} INFO - Processing file /home/airflow/.local/lib/python3.12/site-packages/airflow/example_dags/tutorial.py for tasks to queue
[2024-06-21T00:20:09.754+0000] {logging_mixin.py:188} INFO - [2024-06-21T00:20:09.753+0000] {dagbag.py:545} INFO - Filling up the DagBag from /home/airflow/.local/lib/python3.12/site-packages/airflow/example_dags/tutorial.py
[2024-06-21T00:20:09.758+0000] {processor.py:840} INFO - DAG(s) 'tutorial' retrieved from /home/airflow/.local/lib/python3.12/site-packages/airflow/example_dags/tutorial.py
[2024-06-21T00:20:09.775+0000] {logging_mixin.py:188} INFO - [2024-06-21T00:20:09.774+0000] {dag.py:3096} INFO - Sync 1 DAGs
[2024-06-21T00:20:09.793+0000] {logging_mixin.py:188} INFO - [2024-06-21T00:20:09.793+0000] {dag.py:3954} INFO - Setting next_dagrun for tutorial to 2024-06-20 00:00:00+00:00, run_after=2024-06-21 00:00:00+00:00
[2024-06-21T00:20:09.809+0000] {processor.py:183} INFO - Processing /home/airflow/.local/lib/python3.12/site-packages/airflow/example_dags/tutorial.py took 0.075 seconds
[2024-06-21T00:20:39.846+0000] {processor.py:161} INFO - Started process (PID=178253) to work on /home/airflow/.local/lib/python3.12/site-packages/airflow/example_dags/tutorial.py
[2024-06-21T00:20:39.846+0000] {processor.py:830} INFO - Processing file /home/airflow/.local/lib/python3.12/site-packages/airflow/example_dags/tutorial.py for tasks to queue
[2024-06-21T00:20:39.848+0000] {logging_mixin.py:188} INFO - [2024-06-21T00:20:39.848+0000] {dagbag.py:545} INFO - Filling up the DagBag from /home/airflow/.local/lib/python3.12/site-packages/airflow/example_dags/tutorial.py
[2024-06-21T00:20:39.852+0000] {processor.py:840} INFO - DAG(s) 'tutorial' retrieved from /home/airflow/.local/lib/python3.12/site-packages/airflow/example_dags/tutorial.py
[2024-06-21T00:20:39.869+0000] {logging_mixin.py:188} INFO - [2024-06-21T00:20:39.869+0000] {dag.py:3096} INFO - Sync 1 DAGs
[2024-06-21T00:20:39.889+0000] {logging_mixin.py:188} INFO - [2024-06-21T00:20:39.889+0000] {dag.py:3954} INFO - Setting next_dagrun for tutorial to 2024-06-20 00:00:00+00:00, run_after=2024-06-21 00:00:00+00:00
[2024-06-21T00:20:39.905+0000] {processor.py:183} INFO - Processing /home/airflow/.local/lib/python3.12/site-packages/airflow/example_dags/tutorial.py took 0.064 seconds
[2024-06-21T00:21:10.156+0000] {processor.py:161} INFO - Started process (PID=178313) to work on /home/airflow/.local/lib/python3.12/site-packages/airflow/example_dags/tutorial.py
[2024-06-21T00:21:10.165+0000] {processor.py:830} INFO - Processing file /home/airflow/.local/lib/python3.12/site-packages/airflow/example_dags/tutorial.py for tasks to queue
[2024-06-21T00:21:10.167+0000] {logging_mixin.py:188} INFO - [2024-06-21T00:21:10.167+0000] {dagbag.py:545} INFO - Filling up the DagBag from /home/airflow/.local/lib/python3.12/site-packages/airflow/example_dags/tutorial.py
[2024-06-21T00:21:10.172+0000] {processor.py:840} INFO - DAG(s) 'tutorial' retrieved from /home/airflow/.local/lib/python3.12/site-packages/airflow/example_dags/tutorial.py
[2024-06-21T00:21:10.188+0000] {logging_mixin.py:188} INFO - [2024-06-21T00:21:10.188+0000] {dag.py:3096} INFO - Sync 1 DAGs
[2024-06-21T00:21:10.208+0000] {logging_mixin.py:188} INFO - [2024-06-21T00:21:10.208+0000] {dag.py:3954} INFO - Setting next_dagrun for tutorial to 2024-06-20 00:00:00+00:00, run_after=2024-06-21 00:00:00+00:00
[2024-06-21T00:21:10.224+0000] {processor.py:183} INFO - Processing /home/airflow/.local/lib/python3.12/site-packages/airflow/example_dags/tutorial.py took 0.073 seconds
[2024-06-21T00:21:40.920+0000] {processor.py:161} INFO - Started process (PID=178373) to work on /home/airflow/.local/lib/python3.12/site-packages/airflow/example_dags/tutorial.py
[2024-06-21T00:21:40.930+0000] {processor.py:830} INFO - Processing file /home/airflow/.local/lib/python3.12/site-packages/airflow/example_dags/tutorial.py for tasks to queue
[2024-06-21T00:21:40.933+0000] {logging_mixin.py:188} INFO - [2024-06-21T00:21:40.933+0000] {dagbag.py:545} INFO - Filling up the DagBag from /home/airflow/.local/lib/python3.12/site-packages/airflow/example_dags/tutorial.py
[2024-06-21T00:21:40.942+0000] {processor.py:840} INFO - DAG(s) 'tutorial' retrieved from /home/airflow/.local/lib/python3.12/site-packages/airflow/example_dags/tutorial.py
[2024-06-21T00:21:40.968+0000] {logging_mixin.py:188} INFO - [2024-06-21T00:21:40.967+0000] {dag.py:3096} INFO - Sync 1 DAGs
[2024-06-21T00:21:40.987+0000] {logging_mixin.py:188} INFO - [2024-06-21T00:21:40.987+0000] {dag.py:3954} INFO - Setting next_dagrun for tutorial to 2024-06-20 00:00:00+00:00, run_after=2024-06-21 00:00:00+00:00
[2024-06-21T00:21:41.008+0000] {processor.py:183} INFO - Processing /home/airflow/.local/lib/python3.12/site-packages/airflow/example_dags/tutorial.py took 0.100 seconds
[2024-06-21T00:22:11.228+0000] {processor.py:161} INFO - Started process (PID=178435) to work on /home/airflow/.local/lib/python3.12/site-packages/airflow/example_dags/tutorial.py
[2024-06-21T00:22:11.229+0000] {processor.py:830} INFO - Processing file /home/airflow/.local/lib/python3.12/site-packages/airflow/example_dags/tutorial.py for tasks to queue
[2024-06-21T00:22:11.232+0000] {logging_mixin.py:188} INFO - [2024-06-21T00:22:11.231+0000] {dagbag.py:545} INFO - Filling up the DagBag from /home/airflow/.local/lib/python3.12/site-packages/airflow/example_dags/tutorial.py
[2024-06-21T00:22:11.239+0000] {processor.py:840} INFO - DAG(s) 'tutorial' retrieved from /home/airflow/.local/lib/python3.12/site-packages/airflow/example_dags/tutorial.py
[2024-06-21T00:22:11.262+0000] {logging_mixin.py:188} INFO - [2024-06-21T00:22:11.262+0000] {dag.py:3096} INFO - Sync 1 DAGs
[2024-06-21T00:22:11.283+0000] {logging_mixin.py:188} INFO - [2024-06-21T00:22:11.283+0000] {dag.py:3954} INFO - Setting next_dagrun for tutorial to 2024-06-20 00:00:00+00:00, run_after=2024-06-21 00:00:00+00:00
[2024-06-21T00:22:11.303+0000] {processor.py:183} INFO - Processing /home/airflow/.local/lib/python3.12/site-packages/airflow/example_dags/tutorial.py took 0.085 seconds
[2024-06-21T00:22:41.627+0000] {processor.py:161} INFO - Started process (PID=178496) to work on /home/airflow/.local/lib/python3.12/site-packages/airflow/example_dags/tutorial.py
[2024-06-21T00:22:41.636+0000] {processor.py:830} INFO - Processing file /home/airflow/.local/lib/python3.12/site-packages/airflow/example_dags/tutorial.py for tasks to queue
[2024-06-21T00:22:41.637+0000] {logging_mixin.py:188} INFO - [2024-06-21T00:22:41.637+0000] {dagbag.py:545} INFO - Filling up the DagBag from /home/airflow/.local/lib/python3.12/site-packages/airflow/example_dags/tutorial.py
[2024-06-21T00:22:41.642+0000] {processor.py:840} INFO - DAG(s) 'tutorial' retrieved from /home/airflow/.local/lib/python3.12/site-packages/airflow/example_dags/tutorial.py
[2024-06-21T00:22:41.660+0000] {logging_mixin.py:188} INFO - [2024-06-21T00:22:41.659+0000] {dag.py:3096} INFO - Sync 1 DAGs
[2024-06-21T00:22:41.678+0000] {logging_mixin.py:188} INFO - [2024-06-21T00:22:41.678+0000] {dag.py:3954} INFO - Setting next_dagrun for tutorial to 2024-06-20 00:00:00+00:00, run_after=2024-06-21 00:00:00+00:00
[2024-06-21T00:22:41.699+0000] {processor.py:183} INFO - Processing /home/airflow/.local/lib/python3.12/site-packages/airflow/example_dags/tutorial.py took 0.077 seconds
[2024-06-21T00:23:11.776+0000] {processor.py:161} INFO - Started process (PID=178556) to work on /home/airflow/.local/lib/python3.12/site-packages/airflow/example_dags/tutorial.py
[2024-06-21T00:23:11.786+0000] {processor.py:830} INFO - Processing file /home/airflow/.local/lib/python3.12/site-packages/airflow/example_dags/tutorial.py for tasks to queue
[2024-06-21T00:23:11.787+0000] {logging_mixin.py:188} INFO - [2024-06-21T00:23:11.787+0000] {dagbag.py:545} INFO - Filling up the DagBag from /home/airflow/.local/lib/python3.12/site-packages/airflow/example_dags/tutorial.py
[2024-06-21T00:23:11.792+0000] {processor.py:840} INFO - DAG(s) 'tutorial' retrieved from /home/airflow/.local/lib/python3.12/site-packages/airflow/example_dags/tutorial.py
[2024-06-21T00:23:11.809+0000] {logging_mixin.py:188} INFO - [2024-06-21T00:23:11.809+0000] {dag.py:3096} INFO - Sync 1 DAGs
[2024-06-21T00:23:11.830+0000] {logging_mixin.py:188} INFO - [2024-06-21T00:23:11.829+0000] {dag.py:3954} INFO - Setting next_dagrun for tutorial to 2024-06-20 00:00:00+00:00, run_after=2024-06-21 00:00:00+00:00
[2024-06-21T00:23:11.849+0000] {processor.py:183} INFO - Processing /home/airflow/.local/lib/python3.12/site-packages/airflow/example_dags/tutorial.py took 0.078 seconds
[2024-06-21T00:23:41.955+0000] {processor.py:161} INFO - Started process (PID=178616) to work on /home/airflow/.local/lib/python3.12/site-packages/airflow/example_dags/tutorial.py
[2024-06-21T00:23:41.964+0000] {processor.py:830} INFO - Processing file /home/airflow/.local/lib/python3.12/site-packages/airflow/example_dags/tutorial.py for tasks to queue
[2024-06-21T00:23:41.966+0000] {logging_mixin.py:188} INFO - [2024-06-21T00:23:41.966+0000] {dagbag.py:545} INFO - Filling up the DagBag from /home/airflow/.local/lib/python3.12/site-packages/airflow/example_dags/tutorial.py
[2024-06-21T00:23:41.971+0000] {processor.py:840} INFO - DAG(s) 'tutorial' retrieved from /home/airflow/.local/lib/python3.12/site-packages/airflow/example_dags/tutorial.py
[2024-06-21T00:23:41.989+0000] {logging_mixin.py:188} INFO - [2024-06-21T00:23:41.989+0000] {dag.py:3096} INFO - Sync 1 DAGs
[2024-06-21T00:23:42.009+0000] {logging_mixin.py:188} INFO - [2024-06-21T00:23:42.008+0000] {dag.py:3954} INFO - Setting next_dagrun for tutorial to 2024-06-20 00:00:00+00:00, run_after=2024-06-21 00:00:00+00:00
[2024-06-21T00:23:42.025+0000] {processor.py:183} INFO - Processing /home/airflow/.local/lib/python3.12/site-packages/airflow/example_dags/tutorial.py took 0.075 seconds
[2024-06-21T00:24:12.462+0000] {processor.py:161} INFO - Started process (PID=178676) to work on /home/airflow/.local/lib/python3.12/site-packages/airflow/example_dags/tutorial.py
[2024-06-21T00:24:12.471+0000] {processor.py:830} INFO - Processing file /home/airflow/.local/lib/python3.12/site-packages/airflow/example_dags/tutorial.py for tasks to queue
[2024-06-21T00:24:12.473+0000] {logging_mixin.py:188} INFO - [2024-06-21T00:24:12.473+0000] {dagbag.py:545} INFO - Filling up the DagBag from /home/airflow/.local/lib/python3.12/site-packages/airflow/example_dags/tutorial.py
[2024-06-21T00:24:12.479+0000] {processor.py:840} INFO - DAG(s) 'tutorial' retrieved from /home/airflow/.local/lib/python3.12/site-packages/airflow/example_dags/tutorial.py
[2024-06-21T00:24:12.501+0000] {logging_mixin.py:188} INFO - [2024-06-21T00:24:12.501+0000] {dag.py:3096} INFO - Sync 1 DAGs
[2024-06-21T00:24:12.522+0000] {logging_mixin.py:188} INFO - [2024-06-21T00:24:12.521+0000] {dag.py:3954} INFO - Setting next_dagrun for tutorial to 2024-06-20 00:00:00+00:00, run_after=2024-06-21 00:00:00+00:00
[2024-06-21T00:24:12.538+0000] {processor.py:183} INFO - Processing /home/airflow/.local/lib/python3.12/site-packages/airflow/example_dags/tutorial.py took 0.086 seconds
[2024-06-21T00:24:42.828+0000] {processor.py:161} INFO - Started process (PID=178736) to work on /home/airflow/.local/lib/python3.12/site-packages/airflow/example_dags/tutorial.py
[2024-06-21T00:24:42.838+0000] {processor.py:830} INFO - Processing file /home/airflow/.local/lib/python3.12/site-packages/airflow/example_dags/tutorial.py for tasks to queue
[2024-06-21T00:24:42.841+0000] {logging_mixin.py:188} INFO - [2024-06-21T00:24:42.840+0000] {dagbag.py:545} INFO - Filling up the DagBag from /home/airflow/.local/lib/python3.12/site-packages/airflow/example_dags/tutorial.py
[2024-06-21T00:24:42.848+0000] {processor.py:840} INFO - DAG(s) 'tutorial' retrieved from /home/airflow/.local/lib/python3.12/site-packages/airflow/example_dags/tutorial.py
[2024-06-21T00:24:42.868+0000] {logging_mixin.py:188} INFO - [2024-06-21T00:24:42.868+0000] {dag.py:3096} INFO - Sync 1 DAGs
[2024-06-21T00:24:42.892+0000] {logging_mixin.py:188} INFO - [2024-06-21T00:24:42.892+0000] {dag.py:3954} INFO - Setting next_dagrun for tutorial to 2024-06-20 00:00:00+00:00, run_after=2024-06-21 00:00:00+00:00
[2024-06-21T00:24:42.912+0000] {processor.py:183} INFO - Processing /home/airflow/.local/lib/python3.12/site-packages/airflow/example_dags/tutorial.py took 0.100 seconds
[2024-06-21T00:25:13.248+0000] {processor.py:161} INFO - Started process (PID=178796) to work on /home/airflow/.local/lib/python3.12/site-packages/airflow/example_dags/tutorial.py
[2024-06-21T00:25:13.258+0000] {processor.py:830} INFO - Processing file /home/airflow/.local/lib/python3.12/site-packages/airflow/example_dags/tutorial.py for tasks to queue
[2024-06-21T00:25:13.260+0000] {logging_mixin.py:188} INFO - [2024-06-21T00:25:13.259+0000] {dagbag.py:545} INFO - Filling up the DagBag from /home/airflow/.local/lib/python3.12/site-packages/airflow/example_dags/tutorial.py
[2024-06-21T00:25:13.264+0000] {processor.py:840} INFO - DAG(s) 'tutorial' retrieved from /home/airflow/.local/lib/python3.12/site-packages/airflow/example_dags/tutorial.py
[2024-06-21T00:25:13.288+0000] {logging_mixin.py:188} INFO - [2024-06-21T00:25:13.288+0000] {dag.py:3096} INFO - Sync 1 DAGs
[2024-06-21T00:25:13.314+0000] {logging_mixin.py:188} INFO - [2024-06-21T00:25:13.314+0000] {dag.py:3954} INFO - Setting next_dagrun for tutorial to 2024-06-20 00:00:00+00:00, run_after=2024-06-21 00:00:00+00:00
[2024-06-21T00:25:13.345+0000] {processor.py:183} INFO - Processing /home/airflow/.local/lib/python3.12/site-packages/airflow/example_dags/tutorial.py took 0.101 seconds
[2024-06-21T00:25:43.781+0000] {processor.py:161} INFO - Started process (PID=178856) to work on /home/airflow/.local/lib/python3.12/site-packages/airflow/example_dags/tutorial.py
[2024-06-21T00:25:43.782+0000] {processor.py:830} INFO - Processing file /home/airflow/.local/lib/python3.12/site-packages/airflow/example_dags/tutorial.py for tasks to queue
[2024-06-21T00:25:43.783+0000] {logging_mixin.py:188} INFO - [2024-06-21T00:25:43.783+0000] {dagbag.py:545} INFO - Filling up the DagBag from /home/airflow/.local/lib/python3.12/site-packages/airflow/example_dags/tutorial.py
[2024-06-21T00:25:43.788+0000] {processor.py:840} INFO - DAG(s) 'tutorial' retrieved from /home/airflow/.local/lib/python3.12/site-packages/airflow/example_dags/tutorial.py
[2024-06-21T00:25:43.804+0000] {logging_mixin.py:188} INFO - [2024-06-21T00:25:43.804+0000] {dag.py:3096} INFO - Sync 1 DAGs
[2024-06-21T00:25:43.821+0000] {logging_mixin.py:188} INFO - [2024-06-21T00:25:43.821+0000] {dag.py:3954} INFO - Setting next_dagrun for tutorial to 2024-06-20 00:00:00+00:00, run_after=2024-06-21 00:00:00+00:00
[2024-06-21T00:25:43.837+0000] {processor.py:183} INFO - Processing /home/airflow/.local/lib/python3.12/site-packages/airflow/example_dags/tutorial.py took 0.061 seconds
[2024-06-21T00:26:14.227+0000] {processor.py:161} INFO - Started process (PID=178917) to work on /home/airflow/.local/lib/python3.12/site-packages/airflow/example_dags/tutorial.py
[2024-06-21T00:26:14.228+0000] {processor.py:830} INFO - Processing file /home/airflow/.local/lib/python3.12/site-packages/airflow/example_dags/tutorial.py for tasks to queue
[2024-06-21T00:26:14.231+0000] {logging_mixin.py:188} INFO - [2024-06-21T00:26:14.230+0000] {dagbag.py:545} INFO - Filling up the DagBag from /home/airflow/.local/lib/python3.12/site-packages/airflow/example_dags/tutorial.py
[2024-06-21T00:26:14.238+0000] {processor.py:840} INFO - DAG(s) 'tutorial' retrieved from /home/airflow/.local/lib/python3.12/site-packages/airflow/example_dags/tutorial.py
[2024-06-21T00:26:14.266+0000] {logging_mixin.py:188} INFO - [2024-06-21T00:26:14.266+0000] {dag.py:3096} INFO - Sync 1 DAGs
[2024-06-21T00:26:14.299+0000] {logging_mixin.py:188} INFO - [2024-06-21T00:26:14.299+0000] {dag.py:3954} INFO - Setting next_dagrun for tutorial to 2024-06-20 00:00:00+00:00, run_after=2024-06-21 00:00:00+00:00
[2024-06-21T00:26:14.329+0000] {processor.py:183} INFO - Processing /home/airflow/.local/lib/python3.12/site-packages/airflow/example_dags/tutorial.py took 0.108 seconds
[2024-06-21T00:26:44.632+0000] {processor.py:161} INFO - Started process (PID=178977) to work on /home/airflow/.local/lib/python3.12/site-packages/airflow/example_dags/tutorial.py
[2024-06-21T00:26:44.642+0000] {processor.py:830} INFO - Processing file /home/airflow/.local/lib/python3.12/site-packages/airflow/example_dags/tutorial.py for tasks to queue
[2024-06-21T00:26:44.644+0000] {logging_mixin.py:188} INFO - [2024-06-21T00:26:44.643+0000] {dagbag.py:545} INFO - Filling up the DagBag from /home/airflow/.local/lib/python3.12/site-packages/airflow/example_dags/tutorial.py
[2024-06-21T00:26:44.649+0000] {processor.py:840} INFO - DAG(s) 'tutorial' retrieved from /home/airflow/.local/lib/python3.12/site-packages/airflow/example_dags/tutorial.py
[2024-06-21T00:26:44.669+0000] {logging_mixin.py:188} INFO - [2024-06-21T00:26:44.669+0000] {dag.py:3096} INFO - Sync 1 DAGs
[2024-06-21T00:26:44.690+0000] {logging_mixin.py:188} INFO - [2024-06-21T00:26:44.690+0000] {dag.py:3954} INFO - Setting next_dagrun for tutorial to 2024-06-20 00:00:00+00:00, run_after=2024-06-21 00:00:00+00:00
[2024-06-21T00:26:44.710+0000] {processor.py:183} INFO - Processing /home/airflow/.local/lib/python3.12/site-packages/airflow/example_dags/tutorial.py took 0.084 seconds
[2024-06-21T00:27:14.805+0000] {processor.py:161} INFO - Started process (PID=179037) to work on /home/airflow/.local/lib/python3.12/site-packages/airflow/example_dags/tutorial.py
[2024-06-21T00:27:14.815+0000] {processor.py:830} INFO - Processing file /home/airflow/.local/lib/python3.12/site-packages/airflow/example_dags/tutorial.py for tasks to queue
[2024-06-21T00:27:14.817+0000] {logging_mixin.py:188} INFO - [2024-06-21T00:27:14.817+0000] {dagbag.py:545} INFO - Filling up the DagBag from /home/airflow/.local/lib/python3.12/site-packages/airflow/example_dags/tutorial.py
[2024-06-21T00:27:14.825+0000] {processor.py:840} INFO - DAG(s) 'tutorial' retrieved from /home/airflow/.local/lib/python3.12/site-packages/airflow/example_dags/tutorial.py
[2024-06-21T00:27:14.854+0000] {logging_mixin.py:188} INFO - [2024-06-21T00:27:14.854+0000] {dag.py:3096} INFO - Sync 1 DAGs
[2024-06-21T00:27:14.879+0000] {logging_mixin.py:188} INFO - [2024-06-21T00:27:14.879+0000] {dag.py:3954} INFO - Setting next_dagrun for tutorial to 2024-06-20 00:00:00+00:00, run_after=2024-06-21 00:00:00+00:00
[2024-06-21T00:27:14.898+0000] {processor.py:183} INFO - Processing /home/airflow/.local/lib/python3.12/site-packages/airflow/example_dags/tutorial.py took 0.106 seconds
[2024-06-21T00:27:45.154+0000] {processor.py:161} INFO - Started process (PID=179097) to work on /home/airflow/.local/lib/python3.12/site-packages/airflow/example_dags/tutorial.py
[2024-06-21T00:27:45.164+0000] {processor.py:830} INFO - Processing file /home/airflow/.local/lib/python3.12/site-packages/airflow/example_dags/tutorial.py for tasks to queue
[2024-06-21T00:27:45.166+0000] {logging_mixin.py:188} INFO - [2024-06-21T00:27:45.165+0000] {dagbag.py:545} INFO - Filling up the DagBag from /home/airflow/.local/lib/python3.12/site-packages/airflow/example_dags/tutorial.py
[2024-06-21T00:27:45.172+0000] {processor.py:840} INFO - DAG(s) 'tutorial' retrieved from /home/airflow/.local/lib/python3.12/site-packages/airflow/example_dags/tutorial.py
[2024-06-21T00:27:45.192+0000] {logging_mixin.py:188} INFO - [2024-06-21T00:27:45.191+0000] {dag.py:3096} INFO - Sync 1 DAGs
[2024-06-21T00:27:45.218+0000] {logging_mixin.py:188} INFO - [2024-06-21T00:27:45.218+0000] {dag.py:3954} INFO - Setting next_dagrun for tutorial to 2024-06-20 00:00:00+00:00, run_after=2024-06-21 00:00:00+00:00
[2024-06-21T00:27:45.241+0000] {processor.py:183} INFO - Processing /home/airflow/.local/lib/python3.12/site-packages/airflow/example_dags/tutorial.py took 0.093 seconds
[2024-06-21T00:28:15.706+0000] {processor.py:161} INFO - Started process (PID=179157) to work on /home/airflow/.local/lib/python3.12/site-packages/airflow/example_dags/tutorial.py
[2024-06-21T00:28:15.711+0000] {processor.py:830} INFO - Processing file /home/airflow/.local/lib/python3.12/site-packages/airflow/example_dags/tutorial.py for tasks to queue
[2024-06-21T00:28:15.716+0000] {logging_mixin.py:188} INFO - [2024-06-21T00:28:15.715+0000] {dagbag.py:545} INFO - Filling up the DagBag from /home/airflow/.local/lib/python3.12/site-packages/airflow/example_dags/tutorial.py
[2024-06-21T00:28:15.724+0000] {processor.py:840} INFO - DAG(s) 'tutorial' retrieved from /home/airflow/.local/lib/python3.12/site-packages/airflow/example_dags/tutorial.py
[2024-06-21T00:28:15.745+0000] {logging_mixin.py:188} INFO - [2024-06-21T00:28:15.745+0000] {dag.py:3096} INFO - Sync 1 DAGs
[2024-06-21T00:28:15.767+0000] {logging_mixin.py:188} INFO - [2024-06-21T00:28:15.766+0000] {dag.py:3954} INFO - Setting next_dagrun for tutorial to 2024-06-20 00:00:00+00:00, run_after=2024-06-21 00:00:00+00:00
[2024-06-21T00:28:15.787+0000] {processor.py:183} INFO - Processing /home/airflow/.local/lib/python3.12/site-packages/airflow/example_dags/tutorial.py took 0.087 seconds
[2024-06-21T00:28:45.994+0000] {processor.py:161} INFO - Started process (PID=179219) to work on /home/airflow/.local/lib/python3.12/site-packages/airflow/example_dags/tutorial.py
[2024-06-21T00:28:45.999+0000] {processor.py:830} INFO - Processing file /home/airflow/.local/lib/python3.12/site-packages/airflow/example_dags/tutorial.py for tasks to queue
[2024-06-21T00:28:46.002+0000] {logging_mixin.py:188} INFO - [2024-06-21T00:28:46.001+0000] {dagbag.py:545} INFO - Filling up the DagBag from /home/airflow/.local/lib/python3.12/site-packages/airflow/example_dags/tutorial.py
[2024-06-21T00:28:46.008+0000] {processor.py:840} INFO - DAG(s) 'tutorial' retrieved from /home/airflow/.local/lib/python3.12/site-packages/airflow/example_dags/tutorial.py
[2024-06-21T00:28:46.024+0000] {logging_mixin.py:188} INFO - [2024-06-21T00:28:46.024+0000] {dag.py:3096} INFO - Sync 1 DAGs
[2024-06-21T00:28:46.044+0000] {logging_mixin.py:188} INFO - [2024-06-21T00:28:46.044+0000] {dag.py:3954} INFO - Setting next_dagrun for tutorial to 2024-06-20 00:00:00+00:00, run_after=2024-06-21 00:00:00+00:00
[2024-06-21T00:28:46.061+0000] {processor.py:183} INFO - Processing /home/airflow/.local/lib/python3.12/site-packages/airflow/example_dags/tutorial.py took 0.074 seconds
[2024-06-21T00:29:16.377+0000] {processor.py:161} INFO - Started process (PID=179278) to work on /home/airflow/.local/lib/python3.12/site-packages/airflow/example_dags/tutorial.py
[2024-06-21T00:29:16.379+0000] {processor.py:830} INFO - Processing file /home/airflow/.local/lib/python3.12/site-packages/airflow/example_dags/tutorial.py for tasks to queue
[2024-06-21T00:29:16.381+0000] {logging_mixin.py:188} INFO - [2024-06-21T00:29:16.381+0000] {dagbag.py:545} INFO - Filling up the DagBag from /home/airflow/.local/lib/python3.12/site-packages/airflow/example_dags/tutorial.py
[2024-06-21T00:29:16.389+0000] {processor.py:840} INFO - DAG(s) 'tutorial' retrieved from /home/airflow/.local/lib/python3.12/site-packages/airflow/example_dags/tutorial.py
[2024-06-21T00:29:16.412+0000] {logging_mixin.py:188} INFO - [2024-06-21T00:29:16.412+0000] {dag.py:3096} INFO - Sync 1 DAGs
[2024-06-21T00:29:16.431+0000] {logging_mixin.py:188} INFO - [2024-06-21T00:29:16.430+0000] {dag.py:3954} INFO - Setting next_dagrun for tutorial to 2024-06-20 00:00:00+00:00, run_after=2024-06-21 00:00:00+00:00
[2024-06-21T00:29:16.447+0000] {processor.py:183} INFO - Processing /home/airflow/.local/lib/python3.12/site-packages/airflow/example_dags/tutorial.py took 0.079 seconds
[2024-06-21T00:29:46.640+0000] {processor.py:161} INFO - Started process (PID=179338) to work on /home/airflow/.local/lib/python3.12/site-packages/airflow/example_dags/tutorial.py
[2024-06-21T00:29:46.649+0000] {processor.py:830} INFO - Processing file /home/airflow/.local/lib/python3.12/site-packages/airflow/example_dags/tutorial.py for tasks to queue
[2024-06-21T00:29:46.652+0000] {logging_mixin.py:188} INFO - [2024-06-21T00:29:46.652+0000] {dagbag.py:545} INFO - Filling up the DagBag from /home/airflow/.local/lib/python3.12/site-packages/airflow/example_dags/tutorial.py
[2024-06-21T00:29:46.663+0000] {processor.py:840} INFO - DAG(s) 'tutorial' retrieved from /home/airflow/.local/lib/python3.12/site-packages/airflow/example_dags/tutorial.py
[2024-06-21T00:29:46.689+0000] {logging_mixin.py:188} INFO - [2024-06-21T00:29:46.688+0000] {dag.py:3096} INFO - Sync 1 DAGs
[2024-06-21T00:29:46.713+0000] {logging_mixin.py:188} INFO - [2024-06-21T00:29:46.712+0000] {dag.py:3954} INFO - Setting next_dagrun for tutorial to 2024-06-20 00:00:00+00:00, run_after=2024-06-21 00:00:00+00:00
[2024-06-21T00:29:46.733+0000] {processor.py:183} INFO - Processing /home/airflow/.local/lib/python3.12/site-packages/airflow/example_dags/tutorial.py took 0.104 seconds
[2024-06-21T00:30:16.999+0000] {processor.py:161} INFO - Started process (PID=179398) to work on /home/airflow/.local/lib/python3.12/site-packages/airflow/example_dags/tutorial.py
[2024-06-21T00:30:17.009+0000] {processor.py:830} INFO - Processing file /home/airflow/.local/lib/python3.12/site-packages/airflow/example_dags/tutorial.py for tasks to queue
[2024-06-21T00:30:17.011+0000] {logging_mixin.py:188} INFO - [2024-06-21T00:30:17.010+0000] {dagbag.py:545} INFO - Filling up the DagBag from /home/airflow/.local/lib/python3.12/site-packages/airflow/example_dags/tutorial.py
[2024-06-21T00:30:17.016+0000] {processor.py:840} INFO - DAG(s) 'tutorial' retrieved from /home/airflow/.local/lib/python3.12/site-packages/airflow/example_dags/tutorial.py
[2024-06-21T00:30:17.036+0000] {logging_mixin.py:188} INFO - [2024-06-21T00:30:17.036+0000] {dag.py:3096} INFO - Sync 1 DAGs
[2024-06-21T00:30:17.059+0000] {logging_mixin.py:188} INFO - [2024-06-21T00:30:17.059+0000] {dag.py:3954} INFO - Setting next_dagrun for tutorial to 2024-06-20 00:00:00+00:00, run_after=2024-06-21 00:00:00+00:00
[2024-06-21T00:30:17.079+0000] {processor.py:183} INFO - Processing /home/airflow/.local/lib/python3.12/site-packages/airflow/example_dags/tutorial.py took 0.085 seconds
[2024-06-21T00:30:47.440+0000] {processor.py:161} INFO - Started process (PID=179458) to work on /home/airflow/.local/lib/python3.12/site-packages/airflow/example_dags/tutorial.py
[2024-06-21T00:30:47.442+0000] {processor.py:830} INFO - Processing file /home/airflow/.local/lib/python3.12/site-packages/airflow/example_dags/tutorial.py for tasks to queue
[2024-06-21T00:30:47.443+0000] {logging_mixin.py:188} INFO - [2024-06-21T00:30:47.443+0000] {dagbag.py:545} INFO - Filling up the DagBag from /home/airflow/.local/lib/python3.12/site-packages/airflow/example_dags/tutorial.py
[2024-06-21T00:30:47.449+0000] {processor.py:840} INFO - DAG(s) 'tutorial' retrieved from /home/airflow/.local/lib/python3.12/site-packages/airflow/example_dags/tutorial.py
[2024-06-21T00:30:47.466+0000] {logging_mixin.py:188} INFO - [2024-06-21T00:30:47.466+0000] {dag.py:3096} INFO - Sync 1 DAGs
[2024-06-21T00:30:47.488+0000] {logging_mixin.py:188} INFO - [2024-06-21T00:30:47.488+0000] {dag.py:3954} INFO - Setting next_dagrun for tutorial to 2024-06-20 00:00:00+00:00, run_after=2024-06-21 00:00:00+00:00
[2024-06-21T00:30:47.508+0000] {processor.py:183} INFO - Processing /home/airflow/.local/lib/python3.12/site-packages/airflow/example_dags/tutorial.py took 0.074 seconds
[2024-06-21T00:31:17.778+0000] {processor.py:161} INFO - Started process (PID=179518) to work on /home/airflow/.local/lib/python3.12/site-packages/airflow/example_dags/tutorial.py
[2024-06-21T00:31:17.788+0000] {processor.py:830} INFO - Processing file /home/airflow/.local/lib/python3.12/site-packages/airflow/example_dags/tutorial.py for tasks to queue
[2024-06-21T00:31:17.793+0000] {logging_mixin.py:188} INFO - [2024-06-21T00:31:17.792+0000] {dagbag.py:545} INFO - Filling up the DagBag from /home/airflow/.local/lib/python3.12/site-packages/airflow/example_dags/tutorial.py
[2024-06-21T00:31:17.802+0000] {processor.py:840} INFO - DAG(s) 'tutorial' retrieved from /home/airflow/.local/lib/python3.12/site-packages/airflow/example_dags/tutorial.py
[2024-06-21T00:31:17.829+0000] {logging_mixin.py:188} INFO - [2024-06-21T00:31:17.829+0000] {dag.py:3096} INFO - Sync 1 DAGs
[2024-06-21T00:31:17.853+0000] {logging_mixin.py:188} INFO - [2024-06-21T00:31:17.853+0000] {dag.py:3954} INFO - Setting next_dagrun for tutorial to 2024-06-20 00:00:00+00:00, run_after=2024-06-21 00:00:00+00:00
[2024-06-21T00:31:17.879+0000] {processor.py:183} INFO - Processing /home/airflow/.local/lib/python3.12/site-packages/airflow/example_dags/tutorial.py took 0.111 seconds
[2024-06-21T00:31:48.487+0000] {processor.py:161} INFO - Started process (PID=179578) to work on /home/airflow/.local/lib/python3.12/site-packages/airflow/example_dags/tutorial.py
[2024-06-21T00:31:48.497+0000] {processor.py:830} INFO - Processing file /home/airflow/.local/lib/python3.12/site-packages/airflow/example_dags/tutorial.py for tasks to queue
[2024-06-21T00:31:48.502+0000] {logging_mixin.py:188} INFO - [2024-06-21T00:31:48.501+0000] {dagbag.py:545} INFO - Filling up the DagBag from /home/airflow/.local/lib/python3.12/site-packages/airflow/example_dags/tutorial.py
[2024-06-21T00:31:48.511+0000] {processor.py:840} INFO - DAG(s) 'tutorial' retrieved from /home/airflow/.local/lib/python3.12/site-packages/airflow/example_dags/tutorial.py
[2024-06-21T00:31:48.545+0000] {logging_mixin.py:188} INFO - [2024-06-21T00:31:48.545+0000] {dag.py:3096} INFO - Sync 1 DAGs
[2024-06-21T00:31:48.569+0000] {logging_mixin.py:188} INFO - [2024-06-21T00:31:48.569+0000] {dag.py:3954} INFO - Setting next_dagrun for tutorial to 2024-06-20 00:00:00+00:00, run_after=2024-06-21 00:00:00+00:00
[2024-06-21T00:31:48.587+0000] {processor.py:183} INFO - Processing /home/airflow/.local/lib/python3.12/site-packages/airflow/example_dags/tutorial.py took 0.111 seconds
[2024-06-21T00:32:18.830+0000] {processor.py:161} INFO - Started process (PID=179638) to work on /home/airflow/.local/lib/python3.12/site-packages/airflow/example_dags/tutorial.py
[2024-06-21T00:32:18.840+0000] {processor.py:830} INFO - Processing file /home/airflow/.local/lib/python3.12/site-packages/airflow/example_dags/tutorial.py for tasks to queue
[2024-06-21T00:32:18.842+0000] {logging_mixin.py:188} INFO - [2024-06-21T00:32:18.842+0000] {dagbag.py:545} INFO - Filling up the DagBag from /home/airflow/.local/lib/python3.12/site-packages/airflow/example_dags/tutorial.py
[2024-06-21T00:32:18.848+0000] {processor.py:840} INFO - DAG(s) 'tutorial' retrieved from /home/airflow/.local/lib/python3.12/site-packages/airflow/example_dags/tutorial.py
[2024-06-21T00:32:18.868+0000] {logging_mixin.py:188} INFO - [2024-06-21T00:32:18.868+0000] {dag.py:3096} INFO - Sync 1 DAGs
[2024-06-21T00:32:18.892+0000] {logging_mixin.py:188} INFO - [2024-06-21T00:32:18.892+0000] {dag.py:3954} INFO - Setting next_dagrun for tutorial to 2024-06-20 00:00:00+00:00, run_after=2024-06-21 00:00:00+00:00
[2024-06-21T00:32:18.912+0000] {processor.py:183} INFO - Processing /home/airflow/.local/lib/python3.12/site-packages/airflow/example_dags/tutorial.py took 0.089 seconds
[2024-06-21T00:32:49.024+0000] {processor.py:161} INFO - Started process (PID=179698) to work on /home/airflow/.local/lib/python3.12/site-packages/airflow/example_dags/tutorial.py
[2024-06-21T00:32:49.025+0000] {processor.py:830} INFO - Processing file /home/airflow/.local/lib/python3.12/site-packages/airflow/example_dags/tutorial.py for tasks to queue
[2024-06-21T00:32:49.027+0000] {logging_mixin.py:188} INFO - [2024-06-21T00:32:49.027+0000] {dagbag.py:545} INFO - Filling up the DagBag from /home/airflow/.local/lib/python3.12/site-packages/airflow/example_dags/tutorial.py
[2024-06-21T00:32:49.035+0000] {processor.py:840} INFO - DAG(s) 'tutorial' retrieved from /home/airflow/.local/lib/python3.12/site-packages/airflow/example_dags/tutorial.py
[2024-06-21T00:32:49.056+0000] {logging_mixin.py:188} INFO - [2024-06-21T00:32:49.056+0000] {dag.py:3096} INFO - Sync 1 DAGs
[2024-06-21T00:32:49.086+0000] {logging_mixin.py:188} INFO - [2024-06-21T00:32:49.086+0000] {dag.py:3954} INFO - Setting next_dagrun for tutorial to 2024-06-20 00:00:00+00:00, run_after=2024-06-21 00:00:00+00:00
[2024-06-21T00:32:49.105+0000] {processor.py:183} INFO - Processing /home/airflow/.local/lib/python3.12/site-packages/airflow/example_dags/tutorial.py took 0.096 seconds
[2024-06-21T00:33:19.298+0000] {processor.py:161} INFO - Started process (PID=179758) to work on /home/airflow/.local/lib/python3.12/site-packages/airflow/example_dags/tutorial.py
[2024-06-21T00:33:19.308+0000] {processor.py:830} INFO - Processing file /home/airflow/.local/lib/python3.12/site-packages/airflow/example_dags/tutorial.py for tasks to queue
[2024-06-21T00:33:19.314+0000] {logging_mixin.py:188} INFO - [2024-06-21T00:33:19.312+0000] {dagbag.py:545} INFO - Filling up the DagBag from /home/airflow/.local/lib/python3.12/site-packages/airflow/example_dags/tutorial.py
[2024-06-21T00:33:19.325+0000] {processor.py:840} INFO - DAG(s) 'tutorial' retrieved from /home/airflow/.local/lib/python3.12/site-packages/airflow/example_dags/tutorial.py
[2024-06-21T00:33:19.350+0000] {logging_mixin.py:188} INFO - [2024-06-21T00:33:19.349+0000] {dag.py:3096} INFO - Sync 1 DAGs
[2024-06-21T00:33:19.379+0000] {logging_mixin.py:188} INFO - [2024-06-21T00:33:19.379+0000] {dag.py:3954} INFO - Setting next_dagrun for tutorial to 2024-06-20 00:00:00+00:00, run_after=2024-06-21 00:00:00+00:00
[2024-06-21T00:33:19.395+0000] {processor.py:183} INFO - Processing /home/airflow/.local/lib/python3.12/site-packages/airflow/example_dags/tutorial.py took 0.114 seconds
[2024-06-21T00:35:03.743+0000] {processor.py:161} INFO - Started process (PID=33) to work on /home/airflow/.local/lib/python3.12/site-packages/airflow/example_dags/tutorial.py
[2024-06-21T00:35:03.744+0000] {processor.py:830} INFO - Processing file /home/airflow/.local/lib/python3.12/site-packages/airflow/example_dags/tutorial.py for tasks to queue
[2024-06-21T00:35:03.746+0000] {logging_mixin.py:188} INFO - [2024-06-21T00:35:03.745+0000] {dagbag.py:545} INFO - Filling up the DagBag from /home/airflow/.local/lib/python3.12/site-packages/airflow/example_dags/tutorial.py
[2024-06-21T00:35:03.755+0000] {processor.py:840} INFO - DAG(s) 'tutorial' retrieved from /home/airflow/.local/lib/python3.12/site-packages/airflow/example_dags/tutorial.py
[2024-06-21T00:35:03.767+0000] {logging_mixin.py:188} INFO - [2024-06-21T00:35:03.766+0000] {dag.py:3096} INFO - Sync 1 DAGs
[2024-06-21T00:35:03.797+0000] {logging_mixin.py:188} INFO - [2024-06-21T00:35:03.797+0000] {dag.py:3954} INFO - Setting next_dagrun for tutorial to 2024-06-20 00:00:00+00:00, run_after=2024-06-21 00:00:00+00:00
[2024-06-21T00:35:03.824+0000] {processor.py:183} INFO - Processing /home/airflow/.local/lib/python3.12/site-packages/airflow/example_dags/tutorial.py took 0.086 seconds
[2024-06-21T00:36:51.516+0000] {processor.py:161} INFO - Started process (PID=49) to work on /home/airflow/.local/lib/python3.12/site-packages/airflow/example_dags/tutorial.py
[2024-06-21T00:36:51.517+0000] {processor.py:830} INFO - Processing file /home/airflow/.local/lib/python3.12/site-packages/airflow/example_dags/tutorial.py for tasks to queue
[2024-06-21T00:36:51.519+0000] {logging_mixin.py:188} INFO - [2024-06-21T00:36:51.518+0000] {dagbag.py:545} INFO - Filling up the DagBag from /home/airflow/.local/lib/python3.12/site-packages/airflow/example_dags/tutorial.py
[2024-06-21T00:36:51.527+0000] {processor.py:840} INFO - DAG(s) 'tutorial' retrieved from /home/airflow/.local/lib/python3.12/site-packages/airflow/example_dags/tutorial.py
[2024-06-21T00:36:51.661+0000] {logging_mixin.py:188} INFO - [2024-06-21T00:36:51.660+0000] {dag.py:3096} INFO - Sync 1 DAGs
[2024-06-21T00:36:51.690+0000] {logging_mixin.py:188} INFO - [2024-06-21T00:36:51.690+0000] {dag.py:3954} INFO - Setting next_dagrun for tutorial to 2024-06-20 00:00:00+00:00, run_after=2024-06-21 00:00:00+00:00
[2024-06-21T00:36:51.720+0000] {processor.py:183} INFO - Processing /home/airflow/.local/lib/python3.12/site-packages/airflow/example_dags/tutorial.py took 0.210 seconds
[2024-06-21T00:37:21.743+0000] {processor.py:161} INFO - Started process (PID=108) to work on /home/airflow/.local/lib/python3.12/site-packages/airflow/example_dags/tutorial.py
[2024-06-21T00:37:21.744+0000] {processor.py:830} INFO - Processing file /home/airflow/.local/lib/python3.12/site-packages/airflow/example_dags/tutorial.py for tasks to queue
[2024-06-21T00:37:21.745+0000] {logging_mixin.py:188} INFO - [2024-06-21T00:37:21.745+0000] {dagbag.py:545} INFO - Filling up the DagBag from /home/airflow/.local/lib/python3.12/site-packages/airflow/example_dags/tutorial.py
[2024-06-21T00:37:21.750+0000] {processor.py:840} INFO - DAG(s) 'tutorial' retrieved from /home/airflow/.local/lib/python3.12/site-packages/airflow/example_dags/tutorial.py
[2024-06-21T00:37:21.770+0000] {logging_mixin.py:188} INFO - [2024-06-21T00:37:21.770+0000] {dag.py:3096} INFO - Sync 1 DAGs
[2024-06-21T00:37:21.795+0000] {logging_mixin.py:188} INFO - [2024-06-21T00:37:21.795+0000] {dag.py:3954} INFO - Setting next_dagrun for tutorial to 2024-06-20 00:00:00+00:00, run_after=2024-06-21 00:00:00+00:00
[2024-06-21T00:37:21.816+0000] {processor.py:183} INFO - Processing /home/airflow/.local/lib/python3.12/site-packages/airflow/example_dags/tutorial.py took 0.079 seconds
[2024-06-21T00:37:52.526+0000] {processor.py:161} INFO - Started process (PID=168) to work on /home/airflow/.local/lib/python3.12/site-packages/airflow/example_dags/tutorial.py
[2024-06-21T00:37:52.527+0000] {processor.py:830} INFO - Processing file /home/airflow/.local/lib/python3.12/site-packages/airflow/example_dags/tutorial.py for tasks to queue
[2024-06-21T00:37:52.529+0000] {logging_mixin.py:188} INFO - [2024-06-21T00:37:52.529+0000] {dagbag.py:545} INFO - Filling up the DagBag from /home/airflow/.local/lib/python3.12/site-packages/airflow/example_dags/tutorial.py
[2024-06-21T00:37:52.533+0000] {processor.py:840} INFO - DAG(s) 'tutorial' retrieved from /home/airflow/.local/lib/python3.12/site-packages/airflow/example_dags/tutorial.py
[2024-06-21T00:37:52.550+0000] {logging_mixin.py:188} INFO - [2024-06-21T00:37:52.550+0000] {dag.py:3096} INFO - Sync 1 DAGs
[2024-06-21T00:37:52.570+0000] {logging_mixin.py:188} INFO - [2024-06-21T00:37:52.570+0000] {dag.py:3954} INFO - Setting next_dagrun for tutorial to 2024-06-20 00:00:00+00:00, run_after=2024-06-21 00:00:00+00:00
[2024-06-21T00:37:52.588+0000] {processor.py:183} INFO - Processing /home/airflow/.local/lib/python3.12/site-packages/airflow/example_dags/tutorial.py took 0.068 seconds
[2024-06-21T00:38:22.977+0000] {processor.py:161} INFO - Started process (PID=228) to work on /home/airflow/.local/lib/python3.12/site-packages/airflow/example_dags/tutorial.py
[2024-06-21T00:38:22.978+0000] {processor.py:830} INFO - Processing file /home/airflow/.local/lib/python3.12/site-packages/airflow/example_dags/tutorial.py for tasks to queue
[2024-06-21T00:38:22.980+0000] {logging_mixin.py:188} INFO - [2024-06-21T00:38:22.979+0000] {dagbag.py:545} INFO - Filling up the DagBag from /home/airflow/.local/lib/python3.12/site-packages/airflow/example_dags/tutorial.py
[2024-06-21T00:38:22.985+0000] {processor.py:840} INFO - DAG(s) 'tutorial' retrieved from /home/airflow/.local/lib/python3.12/site-packages/airflow/example_dags/tutorial.py
[2024-06-21T00:38:23.005+0000] {logging_mixin.py:188} INFO - [2024-06-21T00:38:23.005+0000] {dag.py:3096} INFO - Sync 1 DAGs
[2024-06-21T00:38:23.026+0000] {logging_mixin.py:188} INFO - [2024-06-21T00:38:23.026+0000] {dag.py:3954} INFO - Setting next_dagrun for tutorial to 2024-06-20 00:00:00+00:00, run_after=2024-06-21 00:00:00+00:00
[2024-06-21T00:38:23.045+0000] {processor.py:183} INFO - Processing /home/airflow/.local/lib/python3.12/site-packages/airflow/example_dags/tutorial.py took 0.072 seconds
[2024-06-21T00:38:53.465+0000] {processor.py:161} INFO - Started process (PID=288) to work on /home/airflow/.local/lib/python3.12/site-packages/airflow/example_dags/tutorial.py
[2024-06-21T00:38:53.466+0000] {processor.py:830} INFO - Processing file /home/airflow/.local/lib/python3.12/site-packages/airflow/example_dags/tutorial.py for tasks to queue
[2024-06-21T00:38:53.469+0000] {logging_mixin.py:188} INFO - [2024-06-21T00:38:53.468+0000] {dagbag.py:545} INFO - Filling up the DagBag from /home/airflow/.local/lib/python3.12/site-packages/airflow/example_dags/tutorial.py
[2024-06-21T00:38:53.474+0000] {processor.py:840} INFO - DAG(s) 'tutorial' retrieved from /home/airflow/.local/lib/python3.12/site-packages/airflow/example_dags/tutorial.py
[2024-06-21T00:38:53.493+0000] {logging_mixin.py:188} INFO - [2024-06-21T00:38:53.492+0000] {dag.py:3096} INFO - Sync 1 DAGs
[2024-06-21T00:38:53.515+0000] {logging_mixin.py:188} INFO - [2024-06-21T00:38:53.515+0000] {dag.py:3954} INFO - Setting next_dagrun for tutorial to 2024-06-20 00:00:00+00:00, run_after=2024-06-21 00:00:00+00:00
[2024-06-21T00:38:53.533+0000] {processor.py:183} INFO - Processing /home/airflow/.local/lib/python3.12/site-packages/airflow/example_dags/tutorial.py took 0.074 seconds
[2024-06-21T00:39:23.658+0000] {processor.py:161} INFO - Started process (PID=348) to work on /home/airflow/.local/lib/python3.12/site-packages/airflow/example_dags/tutorial.py
[2024-06-21T00:39:23.659+0000] {processor.py:830} INFO - Processing file /home/airflow/.local/lib/python3.12/site-packages/airflow/example_dags/tutorial.py for tasks to queue
[2024-06-21T00:39:23.660+0000] {logging_mixin.py:188} INFO - [2024-06-21T00:39:23.660+0000] {dagbag.py:545} INFO - Filling up the DagBag from /home/airflow/.local/lib/python3.12/site-packages/airflow/example_dags/tutorial.py
[2024-06-21T00:39:23.665+0000] {processor.py:840} INFO - DAG(s) 'tutorial' retrieved from /home/airflow/.local/lib/python3.12/site-packages/airflow/example_dags/tutorial.py
[2024-06-21T00:39:23.684+0000] {logging_mixin.py:188} INFO - [2024-06-21T00:39:23.684+0000] {dag.py:3096} INFO - Sync 1 DAGs
[2024-06-21T00:39:23.704+0000] {logging_mixin.py:188} INFO - [2024-06-21T00:39:23.704+0000] {dag.py:3954} INFO - Setting next_dagrun for tutorial to 2024-06-20 00:00:00+00:00, run_after=2024-06-21 00:00:00+00:00
[2024-06-21T00:39:23.722+0000] {processor.py:183} INFO - Processing /home/airflow/.local/lib/python3.12/site-packages/airflow/example_dags/tutorial.py took 0.069 seconds
[2024-06-21T00:39:54.047+0000] {processor.py:161} INFO - Started process (PID=408) to work on /home/airflow/.local/lib/python3.12/site-packages/airflow/example_dags/tutorial.py
[2024-06-21T00:39:54.048+0000] {processor.py:830} INFO - Processing file /home/airflow/.local/lib/python3.12/site-packages/airflow/example_dags/tutorial.py for tasks to queue
[2024-06-21T00:39:54.049+0000] {logging_mixin.py:188} INFO - [2024-06-21T00:39:54.049+0000] {dagbag.py:545} INFO - Filling up the DagBag from /home/airflow/.local/lib/python3.12/site-packages/airflow/example_dags/tutorial.py
[2024-06-21T00:39:54.054+0000] {processor.py:840} INFO - DAG(s) 'tutorial' retrieved from /home/airflow/.local/lib/python3.12/site-packages/airflow/example_dags/tutorial.py
[2024-06-21T00:39:54.072+0000] {logging_mixin.py:188} INFO - [2024-06-21T00:39:54.072+0000] {dag.py:3096} INFO - Sync 1 DAGs
[2024-06-21T00:39:54.092+0000] {logging_mixin.py:188} INFO - [2024-06-21T00:39:54.092+0000] {dag.py:3954} INFO - Setting next_dagrun for tutorial to 2024-06-20 00:00:00+00:00, run_after=2024-06-21 00:00:00+00:00
[2024-06-21T00:39:54.111+0000] {processor.py:183} INFO - Processing /home/airflow/.local/lib/python3.12/site-packages/airflow/example_dags/tutorial.py took 0.070 seconds
[2024-06-21T00:40:24.482+0000] {processor.py:161} INFO - Started process (PID=468) to work on /home/airflow/.local/lib/python3.12/site-packages/airflow/example_dags/tutorial.py
[2024-06-21T00:40:24.483+0000] {processor.py:830} INFO - Processing file /home/airflow/.local/lib/python3.12/site-packages/airflow/example_dags/tutorial.py for tasks to queue
[2024-06-21T00:40:24.485+0000] {logging_mixin.py:188} INFO - [2024-06-21T00:40:24.485+0000] {dagbag.py:545} INFO - Filling up the DagBag from /home/airflow/.local/lib/python3.12/site-packages/airflow/example_dags/tutorial.py
[2024-06-21T00:40:24.490+0000] {processor.py:840} INFO - DAG(s) 'tutorial' retrieved from /home/airflow/.local/lib/python3.12/site-packages/airflow/example_dags/tutorial.py
[2024-06-21T00:40:24.513+0000] {logging_mixin.py:188} INFO - [2024-06-21T00:40:24.513+0000] {dag.py:3096} INFO - Sync 1 DAGs
[2024-06-21T00:40:24.538+0000] {logging_mixin.py:188} INFO - [2024-06-21T00:40:24.538+0000] {dag.py:3954} INFO - Setting next_dagrun for tutorial to 2024-06-20 00:00:00+00:00, run_after=2024-06-21 00:00:00+00:00
[2024-06-21T00:40:24.559+0000] {processor.py:183} INFO - Processing /home/airflow/.local/lib/python3.12/site-packages/airflow/example_dags/tutorial.py took 0.084 seconds
[2024-06-21T00:40:54.905+0000] {processor.py:161} INFO - Started process (PID=528) to work on /home/airflow/.local/lib/python3.12/site-packages/airflow/example_dags/tutorial.py
[2024-06-21T00:40:54.905+0000] {processor.py:830} INFO - Processing file /home/airflow/.local/lib/python3.12/site-packages/airflow/example_dags/tutorial.py for tasks to queue
[2024-06-21T00:40:54.907+0000] {logging_mixin.py:188} INFO - [2024-06-21T00:40:54.907+0000] {dagbag.py:545} INFO - Filling up the DagBag from /home/airflow/.local/lib/python3.12/site-packages/airflow/example_dags/tutorial.py
[2024-06-21T00:40:54.912+0000] {processor.py:840} INFO - DAG(s) 'tutorial' retrieved from /home/airflow/.local/lib/python3.12/site-packages/airflow/example_dags/tutorial.py
[2024-06-21T00:40:54.931+0000] {logging_mixin.py:188} INFO - [2024-06-21T00:40:54.931+0000] {dag.py:3096} INFO - Sync 1 DAGs
[2024-06-21T00:40:54.954+0000] {logging_mixin.py:188} INFO - [2024-06-21T00:40:54.954+0000] {dag.py:3954} INFO - Setting next_dagrun for tutorial to 2024-06-20 00:00:00+00:00, run_after=2024-06-21 00:00:00+00:00
[2024-06-21T00:40:54.973+0000] {processor.py:183} INFO - Processing /home/airflow/.local/lib/python3.12/site-packages/airflow/example_dags/tutorial.py took 0.073 seconds
[2024-06-21T00:41:25.166+0000] {processor.py:161} INFO - Started process (PID=587) to work on /home/airflow/.local/lib/python3.12/site-packages/airflow/example_dags/tutorial.py
[2024-06-21T00:41:25.167+0000] {processor.py:830} INFO - Processing file /home/airflow/.local/lib/python3.12/site-packages/airflow/example_dags/tutorial.py for tasks to queue
[2024-06-21T00:41:25.168+0000] {logging_mixin.py:188} INFO - [2024-06-21T00:41:25.168+0000] {dagbag.py:545} INFO - Filling up the DagBag from /home/airflow/.local/lib/python3.12/site-packages/airflow/example_dags/tutorial.py
[2024-06-21T00:41:25.172+0000] {processor.py:840} INFO - DAG(s) 'tutorial' retrieved from /home/airflow/.local/lib/python3.12/site-packages/airflow/example_dags/tutorial.py
[2024-06-21T00:41:25.189+0000] {logging_mixin.py:188} INFO - [2024-06-21T00:41:25.189+0000] {dag.py:3096} INFO - Sync 1 DAGs
[2024-06-21T00:41:25.212+0000] {logging_mixin.py:188} INFO - [2024-06-21T00:41:25.211+0000] {dag.py:3954} INFO - Setting next_dagrun for tutorial to 2024-06-20 00:00:00+00:00, run_after=2024-06-21 00:00:00+00:00
[2024-06-21T00:41:25.230+0000] {processor.py:183} INFO - Processing /home/airflow/.local/lib/python3.12/site-packages/airflow/example_dags/tutorial.py took 0.071 seconds
[2024-06-21T00:41:55.499+0000] {processor.py:161} INFO - Started process (PID=647) to work on /home/airflow/.local/lib/python3.12/site-packages/airflow/example_dags/tutorial.py
[2024-06-21T00:41:55.499+0000] {processor.py:830} INFO - Processing file /home/airflow/.local/lib/python3.12/site-packages/airflow/example_dags/tutorial.py for tasks to queue
[2024-06-21T00:41:55.501+0000] {logging_mixin.py:188} INFO - [2024-06-21T00:41:55.501+0000] {dagbag.py:545} INFO - Filling up the DagBag from /home/airflow/.local/lib/python3.12/site-packages/airflow/example_dags/tutorial.py
[2024-06-21T00:41:55.506+0000] {processor.py:840} INFO - DAG(s) 'tutorial' retrieved from /home/airflow/.local/lib/python3.12/site-packages/airflow/example_dags/tutorial.py
[2024-06-21T00:41:55.525+0000] {logging_mixin.py:188} INFO - [2024-06-21T00:41:55.525+0000] {dag.py:3096} INFO - Sync 1 DAGs
[2024-06-21T00:41:55.551+0000] {logging_mixin.py:188} INFO - [2024-06-21T00:41:55.551+0000] {dag.py:3954} INFO - Setting next_dagrun for tutorial to 2024-06-20 00:00:00+00:00, run_after=2024-06-21 00:00:00+00:00
[2024-06-21T00:41:55.575+0000] {processor.py:183} INFO - Processing /home/airflow/.local/lib/python3.12/site-packages/airflow/example_dags/tutorial.py took 0.082 seconds
[2024-06-21T00:42:25.997+0000] {processor.py:161} INFO - Started process (PID=707) to work on /home/airflow/.local/lib/python3.12/site-packages/airflow/example_dags/tutorial.py
[2024-06-21T00:42:25.999+0000] {processor.py:830} INFO - Processing file /home/airflow/.local/lib/python3.12/site-packages/airflow/example_dags/tutorial.py for tasks to queue
[2024-06-21T00:42:26.002+0000] {logging_mixin.py:188} INFO - [2024-06-21T00:42:26.001+0000] {dagbag.py:545} INFO - Filling up the DagBag from /home/airflow/.local/lib/python3.12/site-packages/airflow/example_dags/tutorial.py
[2024-06-21T00:42:26.010+0000] {processor.py:840} INFO - DAG(s) 'tutorial' retrieved from /home/airflow/.local/lib/python3.12/site-packages/airflow/example_dags/tutorial.py
[2024-06-21T00:42:26.041+0000] {logging_mixin.py:188} INFO - [2024-06-21T00:42:26.040+0000] {dag.py:3096} INFO - Sync 1 DAGs
[2024-06-21T00:42:26.064+0000] {logging_mixin.py:188} INFO - [2024-06-21T00:42:26.064+0000] {dag.py:3954} INFO - Setting next_dagrun for tutorial to 2024-06-20 00:00:00+00:00, run_after=2024-06-21 00:00:00+00:00
[2024-06-21T00:42:26.086+0000] {processor.py:183} INFO - Processing /home/airflow/.local/lib/python3.12/site-packages/airflow/example_dags/tutorial.py took 0.096 seconds
