[2024-06-14T14:13:05.148+0000] {processor.py:161} INFO - Started process (PID=65) to work on /home/airflow/.local/lib/python3.12/site-packages/airflow/example_dags/example_external_task_marker_dag.py
[2024-06-14T14:13:05.149+0000] {processor.py:830} INFO - Processing file /home/airflow/.local/lib/python3.12/site-packages/airflow/example_dags/example_external_task_marker_dag.py for tasks to queue
[2024-06-14T14:13:05.151+0000] {logging_mixin.py:188} INFO - [2024-06-14T14:13:05.150+0000] {dagbag.py:545} INFO - Filling up the DagBag from /home/airflow/.local/lib/python3.12/site-packages/airflow/example_dags/example_external_task_marker_dag.py
[2024-06-14T14:13:05.159+0000] {processor.py:840} INFO - DAG(s) 'example_external_task_marker_child', 'example_external_task_marker_parent' retrieved from /home/airflow/.local/lib/python3.12/site-packages/airflow/example_dags/example_external_task_marker_dag.py
[2024-06-14T14:13:05.172+0000] {logging_mixin.py:188} INFO - [2024-06-14T14:13:05.172+0000] {dag.py:3096} INFO - Sync 2 DAGs
[2024-06-14T14:13:05.195+0000] {logging_mixin.py:188} INFO - [2024-06-14T14:13:05.194+0000] {dag.py:3954} INFO - Setting next_dagrun for example_external_task_marker_child to None, run_after=None
[2024-06-14T14:13:05.200+0000] {logging_mixin.py:188} INFO - [2024-06-14T14:13:05.200+0000] {dag.py:3954} INFO - Setting next_dagrun for example_external_task_marker_parent to None, run_after=None
[2024-06-14T14:13:05.235+0000] {processor.py:183} INFO - Processing /home/airflow/.local/lib/python3.12/site-packages/airflow/example_dags/example_external_task_marker_dag.py took 0.093 seconds
[2024-06-14T14:13:35.993+0000] {processor.py:161} INFO - Started process (PID=128) to work on /home/airflow/.local/lib/python3.12/site-packages/airflow/example_dags/example_external_task_marker_dag.py
[2024-06-14T14:13:35.995+0000] {processor.py:830} INFO - Processing file /home/airflow/.local/lib/python3.12/site-packages/airflow/example_dags/example_external_task_marker_dag.py for tasks to queue
[2024-06-14T14:13:35.996+0000] {logging_mixin.py:188} INFO - [2024-06-14T14:13:35.996+0000] {dagbag.py:545} INFO - Filling up the DagBag from /home/airflow/.local/lib/python3.12/site-packages/airflow/example_dags/example_external_task_marker_dag.py
[2024-06-14T14:13:36.002+0000] {processor.py:840} INFO - DAG(s) 'example_external_task_marker_parent', 'example_external_task_marker_child' retrieved from /home/airflow/.local/lib/python3.12/site-packages/airflow/example_dags/example_external_task_marker_dag.py
[2024-06-14T14:13:36.106+0000] {logging_mixin.py:188} INFO - [2024-06-14T14:13:36.106+0000] {dag.py:3096} INFO - Sync 2 DAGs
[2024-06-14T14:13:36.118+0000] {logging_mixin.py:188} INFO - [2024-06-14T14:13:36.117+0000] {dag.py:3954} INFO - Setting next_dagrun for example_external_task_marker_child to None, run_after=None
[2024-06-14T14:13:36.120+0000] {logging_mixin.py:188} INFO - [2024-06-14T14:13:36.120+0000] {dag.py:3954} INFO - Setting next_dagrun for example_external_task_marker_parent to None, run_after=None
[2024-06-14T14:13:36.139+0000] {processor.py:183} INFO - Processing /home/airflow/.local/lib/python3.12/site-packages/airflow/example_dags/example_external_task_marker_dag.py took 0.151 seconds
[2024-06-14T14:14:06.272+0000] {processor.py:161} INFO - Started process (PID=187) to work on /home/airflow/.local/lib/python3.12/site-packages/airflow/example_dags/example_external_task_marker_dag.py
[2024-06-14T14:14:06.273+0000] {processor.py:830} INFO - Processing file /home/airflow/.local/lib/python3.12/site-packages/airflow/example_dags/example_external_task_marker_dag.py for tasks to queue
[2024-06-14T14:14:06.275+0000] {logging_mixin.py:188} INFO - [2024-06-14T14:14:06.274+0000] {dagbag.py:545} INFO - Filling up the DagBag from /home/airflow/.local/lib/python3.12/site-packages/airflow/example_dags/example_external_task_marker_dag.py
[2024-06-14T14:14:06.280+0000] {processor.py:840} INFO - DAG(s) 'example_external_task_marker_child', 'example_external_task_marker_parent' retrieved from /home/airflow/.local/lib/python3.12/site-packages/airflow/example_dags/example_external_task_marker_dag.py
[2024-06-14T14:14:06.300+0000] {logging_mixin.py:188} INFO - [2024-06-14T14:14:06.299+0000] {dag.py:3096} INFO - Sync 2 DAGs
[2024-06-14T14:14:06.311+0000] {logging_mixin.py:188} INFO - [2024-06-14T14:14:06.311+0000] {dag.py:3954} INFO - Setting next_dagrun for example_external_task_marker_child to None, run_after=None
[2024-06-14T14:14:06.315+0000] {logging_mixin.py:188} INFO - [2024-06-14T14:14:06.314+0000] {dag.py:3954} INFO - Setting next_dagrun for example_external_task_marker_parent to None, run_after=None
[2024-06-14T14:14:06.328+0000] {processor.py:183} INFO - Processing /home/airflow/.local/lib/python3.12/site-packages/airflow/example_dags/example_external_task_marker_dag.py took 0.061 seconds
[2024-06-14T14:14:37.308+0000] {processor.py:161} INFO - Started process (PID=246) to work on /home/airflow/.local/lib/python3.12/site-packages/airflow/example_dags/example_external_task_marker_dag.py
[2024-06-14T14:14:37.308+0000] {processor.py:830} INFO - Processing file /home/airflow/.local/lib/python3.12/site-packages/airflow/example_dags/example_external_task_marker_dag.py for tasks to queue
[2024-06-14T14:14:37.310+0000] {logging_mixin.py:188} INFO - [2024-06-14T14:14:37.310+0000] {dagbag.py:545} INFO - Filling up the DagBag from /home/airflow/.local/lib/python3.12/site-packages/airflow/example_dags/example_external_task_marker_dag.py
[2024-06-14T14:14:37.316+0000] {processor.py:840} INFO - DAG(s) 'example_external_task_marker_parent', 'example_external_task_marker_child' retrieved from /home/airflow/.local/lib/python3.12/site-packages/airflow/example_dags/example_external_task_marker_dag.py
[2024-06-14T14:14:37.337+0000] {logging_mixin.py:188} INFO - [2024-06-14T14:14:37.337+0000] {dag.py:3096} INFO - Sync 2 DAGs
[2024-06-14T14:14:37.349+0000] {logging_mixin.py:188} INFO - [2024-06-14T14:14:37.348+0000] {dag.py:3954} INFO - Setting next_dagrun for example_external_task_marker_child to None, run_after=None
[2024-06-14T14:14:37.352+0000] {logging_mixin.py:188} INFO - [2024-06-14T14:14:37.352+0000] {dag.py:3954} INFO - Setting next_dagrun for example_external_task_marker_parent to None, run_after=None
[2024-06-14T14:14:37.368+0000] {processor.py:183} INFO - Processing /home/airflow/.local/lib/python3.12/site-packages/airflow/example_dags/example_external_task_marker_dag.py took 0.066 seconds
[2024-06-14T14:15:07.467+0000] {processor.py:161} INFO - Started process (PID=305) to work on /home/airflow/.local/lib/python3.12/site-packages/airflow/example_dags/example_external_task_marker_dag.py
[2024-06-14T14:15:07.468+0000] {processor.py:830} INFO - Processing file /home/airflow/.local/lib/python3.12/site-packages/airflow/example_dags/example_external_task_marker_dag.py for tasks to queue
[2024-06-14T14:15:07.469+0000] {logging_mixin.py:188} INFO - [2024-06-14T14:15:07.469+0000] {dagbag.py:545} INFO - Filling up the DagBag from /home/airflow/.local/lib/python3.12/site-packages/airflow/example_dags/example_external_task_marker_dag.py
[2024-06-14T14:15:07.474+0000] {processor.py:840} INFO - DAG(s) 'example_external_task_marker_child', 'example_external_task_marker_parent' retrieved from /home/airflow/.local/lib/python3.12/site-packages/airflow/example_dags/example_external_task_marker_dag.py
[2024-06-14T14:15:07.496+0000] {logging_mixin.py:188} INFO - [2024-06-14T14:15:07.495+0000] {dag.py:3096} INFO - Sync 2 DAGs
[2024-06-14T14:15:07.508+0000] {logging_mixin.py:188} INFO - [2024-06-14T14:15:07.507+0000] {dag.py:3954} INFO - Setting next_dagrun for example_external_task_marker_child to None, run_after=None
[2024-06-14T14:15:07.512+0000] {logging_mixin.py:188} INFO - [2024-06-14T14:15:07.511+0000] {dag.py:3954} INFO - Setting next_dagrun for example_external_task_marker_parent to None, run_after=None
[2024-06-14T14:15:07.527+0000] {processor.py:183} INFO - Processing /home/airflow/.local/lib/python3.12/site-packages/airflow/example_dags/example_external_task_marker_dag.py took 0.065 seconds
[2024-06-14T14:15:37.732+0000] {processor.py:161} INFO - Started process (PID=364) to work on /home/airflow/.local/lib/python3.12/site-packages/airflow/example_dags/example_external_task_marker_dag.py
[2024-06-14T14:15:37.732+0000] {processor.py:830} INFO - Processing file /home/airflow/.local/lib/python3.12/site-packages/airflow/example_dags/example_external_task_marker_dag.py for tasks to queue
[2024-06-14T14:15:37.734+0000] {logging_mixin.py:188} INFO - [2024-06-14T14:15:37.734+0000] {dagbag.py:545} INFO - Filling up the DagBag from /home/airflow/.local/lib/python3.12/site-packages/airflow/example_dags/example_external_task_marker_dag.py
[2024-06-14T14:15:37.739+0000] {processor.py:840} INFO - DAG(s) 'example_external_task_marker_child', 'example_external_task_marker_parent' retrieved from /home/airflow/.local/lib/python3.12/site-packages/airflow/example_dags/example_external_task_marker_dag.py
[2024-06-14T14:15:37.763+0000] {logging_mixin.py:188} INFO - [2024-06-14T14:15:37.763+0000] {dag.py:3096} INFO - Sync 2 DAGs
[2024-06-14T14:15:37.774+0000] {logging_mixin.py:188} INFO - [2024-06-14T14:15:37.773+0000] {dag.py:3954} INFO - Setting next_dagrun for example_external_task_marker_child to None, run_after=None
[2024-06-14T14:15:37.777+0000] {logging_mixin.py:188} INFO - [2024-06-14T14:15:37.777+0000] {dag.py:3954} INFO - Setting next_dagrun for example_external_task_marker_parent to None, run_after=None
[2024-06-14T14:15:37.793+0000] {processor.py:183} INFO - Processing /home/airflow/.local/lib/python3.12/site-packages/airflow/example_dags/example_external_task_marker_dag.py took 0.066 seconds
[2024-06-14T14:16:08.274+0000] {processor.py:161} INFO - Started process (PID=423) to work on /home/airflow/.local/lib/python3.12/site-packages/airflow/example_dags/example_external_task_marker_dag.py
[2024-06-14T14:16:08.275+0000] {processor.py:830} INFO - Processing file /home/airflow/.local/lib/python3.12/site-packages/airflow/example_dags/example_external_task_marker_dag.py for tasks to queue
[2024-06-14T14:16:08.277+0000] {logging_mixin.py:188} INFO - [2024-06-14T14:16:08.277+0000] {dagbag.py:545} INFO - Filling up the DagBag from /home/airflow/.local/lib/python3.12/site-packages/airflow/example_dags/example_external_task_marker_dag.py
[2024-06-14T14:16:08.282+0000] {processor.py:840} INFO - DAG(s) 'example_external_task_marker_child', 'example_external_task_marker_parent' retrieved from /home/airflow/.local/lib/python3.12/site-packages/airflow/example_dags/example_external_task_marker_dag.py
[2024-06-14T14:16:08.302+0000] {logging_mixin.py:188} INFO - [2024-06-14T14:16:08.302+0000] {dag.py:3096} INFO - Sync 2 DAGs
[2024-06-14T14:16:08.314+0000] {logging_mixin.py:188} INFO - [2024-06-14T14:16:08.314+0000] {dag.py:3954} INFO - Setting next_dagrun for example_external_task_marker_child to None, run_after=None
[2024-06-14T14:16:08.318+0000] {logging_mixin.py:188} INFO - [2024-06-14T14:16:08.318+0000] {dag.py:3954} INFO - Setting next_dagrun for example_external_task_marker_parent to None, run_after=None
[2024-06-14T14:16:08.336+0000] {processor.py:183} INFO - Processing /home/airflow/.local/lib/python3.12/site-packages/airflow/example_dags/example_external_task_marker_dag.py took 0.067 seconds
[2024-06-14T14:16:38.435+0000] {processor.py:161} INFO - Started process (PID=482) to work on /home/airflow/.local/lib/python3.12/site-packages/airflow/example_dags/example_external_task_marker_dag.py
[2024-06-14T14:16:38.436+0000] {processor.py:830} INFO - Processing file /home/airflow/.local/lib/python3.12/site-packages/airflow/example_dags/example_external_task_marker_dag.py for tasks to queue
[2024-06-14T14:16:38.438+0000] {logging_mixin.py:188} INFO - [2024-06-14T14:16:38.437+0000] {dagbag.py:545} INFO - Filling up the DagBag from /home/airflow/.local/lib/python3.12/site-packages/airflow/example_dags/example_external_task_marker_dag.py
[2024-06-14T14:16:38.443+0000] {processor.py:840} INFO - DAG(s) 'example_external_task_marker_parent', 'example_external_task_marker_child' retrieved from /home/airflow/.local/lib/python3.12/site-packages/airflow/example_dags/example_external_task_marker_dag.py
[2024-06-14T14:16:38.462+0000] {logging_mixin.py:188} INFO - [2024-06-14T14:16:38.462+0000] {dag.py:3096} INFO - Sync 2 DAGs
[2024-06-14T14:16:38.475+0000] {logging_mixin.py:188} INFO - [2024-06-14T14:16:38.474+0000] {dag.py:3954} INFO - Setting next_dagrun for example_external_task_marker_child to None, run_after=None
[2024-06-14T14:16:38.479+0000] {logging_mixin.py:188} INFO - [2024-06-14T14:16:38.478+0000] {dag.py:3954} INFO - Setting next_dagrun for example_external_task_marker_parent to None, run_after=None
[2024-06-14T14:16:38.499+0000] {processor.py:183} INFO - Processing /home/airflow/.local/lib/python3.12/site-packages/airflow/example_dags/example_external_task_marker_dag.py took 0.068 seconds
[2024-06-14T14:17:08.526+0000] {processor.py:161} INFO - Started process (PID=541) to work on /home/airflow/.local/lib/python3.12/site-packages/airflow/example_dags/example_external_task_marker_dag.py
[2024-06-14T14:17:08.527+0000] {processor.py:830} INFO - Processing file /home/airflow/.local/lib/python3.12/site-packages/airflow/example_dags/example_external_task_marker_dag.py for tasks to queue
[2024-06-14T14:17:08.529+0000] {logging_mixin.py:188} INFO - [2024-06-14T14:17:08.529+0000] {dagbag.py:545} INFO - Filling up the DagBag from /home/airflow/.local/lib/python3.12/site-packages/airflow/example_dags/example_external_task_marker_dag.py
[2024-06-14T14:17:08.534+0000] {processor.py:840} INFO - DAG(s) 'example_external_task_marker_child', 'example_external_task_marker_parent' retrieved from /home/airflow/.local/lib/python3.12/site-packages/airflow/example_dags/example_external_task_marker_dag.py
[2024-06-14T14:17:08.555+0000] {logging_mixin.py:188} INFO - [2024-06-14T14:17:08.555+0000] {dag.py:3096} INFO - Sync 2 DAGs
[2024-06-14T14:17:08.566+0000] {logging_mixin.py:188} INFO - [2024-06-14T14:17:08.566+0000] {dag.py:3954} INFO - Setting next_dagrun for example_external_task_marker_child to None, run_after=None
[2024-06-14T14:17:08.569+0000] {logging_mixin.py:188} INFO - [2024-06-14T14:17:08.569+0000] {dag.py:3954} INFO - Setting next_dagrun for example_external_task_marker_parent to None, run_after=None
[2024-06-14T14:17:08.586+0000] {processor.py:183} INFO - Processing /home/airflow/.local/lib/python3.12/site-packages/airflow/example_dags/example_external_task_marker_dag.py took 0.065 seconds
[2024-06-14T14:17:38.985+0000] {processor.py:161} INFO - Started process (PID=599) to work on /home/airflow/.local/lib/python3.12/site-packages/airflow/example_dags/example_external_task_marker_dag.py
[2024-06-14T14:17:38.986+0000] {processor.py:830} INFO - Processing file /home/airflow/.local/lib/python3.12/site-packages/airflow/example_dags/example_external_task_marker_dag.py for tasks to queue
[2024-06-14T14:17:38.987+0000] {logging_mixin.py:188} INFO - [2024-06-14T14:17:38.987+0000] {dagbag.py:545} INFO - Filling up the DagBag from /home/airflow/.local/lib/python3.12/site-packages/airflow/example_dags/example_external_task_marker_dag.py
[2024-06-14T14:17:38.992+0000] {processor.py:840} INFO - DAG(s) 'example_external_task_marker_parent', 'example_external_task_marker_child' retrieved from /home/airflow/.local/lib/python3.12/site-packages/airflow/example_dags/example_external_task_marker_dag.py
[2024-06-14T14:17:39.017+0000] {logging_mixin.py:188} INFO - [2024-06-14T14:17:39.016+0000] {dag.py:3096} INFO - Sync 2 DAGs
[2024-06-14T14:17:39.030+0000] {logging_mixin.py:188} INFO - [2024-06-14T14:17:39.030+0000] {dag.py:3954} INFO - Setting next_dagrun for example_external_task_marker_child to None, run_after=None
[2024-06-14T14:17:39.035+0000] {logging_mixin.py:188} INFO - [2024-06-14T14:17:39.035+0000] {dag.py:3954} INFO - Setting next_dagrun for example_external_task_marker_parent to None, run_after=None
[2024-06-14T14:17:39.056+0000] {processor.py:183} INFO - Processing /home/airflow/.local/lib/python3.12/site-packages/airflow/example_dags/example_external_task_marker_dag.py took 0.077 seconds
[2024-06-14T14:18:09.156+0000] {processor.py:161} INFO - Started process (PID=658) to work on /home/airflow/.local/lib/python3.12/site-packages/airflow/example_dags/example_external_task_marker_dag.py
[2024-06-14T14:18:09.157+0000] {processor.py:830} INFO - Processing file /home/airflow/.local/lib/python3.12/site-packages/airflow/example_dags/example_external_task_marker_dag.py for tasks to queue
[2024-06-14T14:18:09.159+0000] {logging_mixin.py:188} INFO - [2024-06-14T14:18:09.158+0000] {dagbag.py:545} INFO - Filling up the DagBag from /home/airflow/.local/lib/python3.12/site-packages/airflow/example_dags/example_external_task_marker_dag.py
[2024-06-14T14:18:09.163+0000] {processor.py:840} INFO - DAG(s) 'example_external_task_marker_parent', 'example_external_task_marker_child' retrieved from /home/airflow/.local/lib/python3.12/site-packages/airflow/example_dags/example_external_task_marker_dag.py
[2024-06-14T14:18:09.182+0000] {logging_mixin.py:188} INFO - [2024-06-14T14:18:09.182+0000] {dag.py:3096} INFO - Sync 2 DAGs
[2024-06-14T14:18:09.193+0000] {logging_mixin.py:188} INFO - [2024-06-14T14:18:09.193+0000] {dag.py:3954} INFO - Setting next_dagrun for example_external_task_marker_child to None, run_after=None
[2024-06-14T14:18:09.196+0000] {logging_mixin.py:188} INFO - [2024-06-14T14:18:09.196+0000] {dag.py:3954} INFO - Setting next_dagrun for example_external_task_marker_parent to None, run_after=None
[2024-06-14T14:18:09.210+0000] {processor.py:183} INFO - Processing /home/airflow/.local/lib/python3.12/site-packages/airflow/example_dags/example_external_task_marker_dag.py took 0.058 seconds
[2024-06-14T14:18:39.423+0000] {processor.py:161} INFO - Started process (PID=717) to work on /home/airflow/.local/lib/python3.12/site-packages/airflow/example_dags/example_external_task_marker_dag.py
[2024-06-14T14:18:39.424+0000] {processor.py:830} INFO - Processing file /home/airflow/.local/lib/python3.12/site-packages/airflow/example_dags/example_external_task_marker_dag.py for tasks to queue
[2024-06-14T14:18:39.425+0000] {logging_mixin.py:188} INFO - [2024-06-14T14:18:39.425+0000] {dagbag.py:545} INFO - Filling up the DagBag from /home/airflow/.local/lib/python3.12/site-packages/airflow/example_dags/example_external_task_marker_dag.py
[2024-06-14T14:18:39.431+0000] {processor.py:840} INFO - DAG(s) 'example_external_task_marker_child', 'example_external_task_marker_parent' retrieved from /home/airflow/.local/lib/python3.12/site-packages/airflow/example_dags/example_external_task_marker_dag.py
[2024-06-14T14:18:39.451+0000] {logging_mixin.py:188} INFO - [2024-06-14T14:18:39.451+0000] {dag.py:3096} INFO - Sync 2 DAGs
[2024-06-14T14:18:39.462+0000] {logging_mixin.py:188} INFO - [2024-06-14T14:18:39.462+0000] {dag.py:3954} INFO - Setting next_dagrun for example_external_task_marker_child to None, run_after=None
[2024-06-14T14:18:39.466+0000] {logging_mixin.py:188} INFO - [2024-06-14T14:18:39.466+0000] {dag.py:3954} INFO - Setting next_dagrun for example_external_task_marker_parent to None, run_after=None
[2024-06-14T14:18:39.482+0000] {processor.py:183} INFO - Processing /home/airflow/.local/lib/python3.12/site-packages/airflow/example_dags/example_external_task_marker_dag.py took 0.064 seconds
[2024-06-14T14:19:09.625+0000] {processor.py:161} INFO - Started process (PID=776) to work on /home/airflow/.local/lib/python3.12/site-packages/airflow/example_dags/example_external_task_marker_dag.py
[2024-06-14T14:19:09.626+0000] {processor.py:830} INFO - Processing file /home/airflow/.local/lib/python3.12/site-packages/airflow/example_dags/example_external_task_marker_dag.py for tasks to queue
[2024-06-14T14:19:09.627+0000] {logging_mixin.py:188} INFO - [2024-06-14T14:19:09.627+0000] {dagbag.py:545} INFO - Filling up the DagBag from /home/airflow/.local/lib/python3.12/site-packages/airflow/example_dags/example_external_task_marker_dag.py
[2024-06-14T14:19:09.632+0000] {processor.py:840} INFO - DAG(s) 'example_external_task_marker_parent', 'example_external_task_marker_child' retrieved from /home/airflow/.local/lib/python3.12/site-packages/airflow/example_dags/example_external_task_marker_dag.py
[2024-06-14T14:19:09.652+0000] {logging_mixin.py:188} INFO - [2024-06-14T14:19:09.652+0000] {dag.py:3096} INFO - Sync 2 DAGs
[2024-06-14T14:19:09.664+0000] {logging_mixin.py:188} INFO - [2024-06-14T14:19:09.664+0000] {dag.py:3954} INFO - Setting next_dagrun for example_external_task_marker_child to None, run_after=None
[2024-06-14T14:19:09.667+0000] {logging_mixin.py:188} INFO - [2024-06-14T14:19:09.667+0000] {dag.py:3954} INFO - Setting next_dagrun for example_external_task_marker_parent to None, run_after=None
[2024-06-14T14:19:09.683+0000] {processor.py:183} INFO - Processing /home/airflow/.local/lib/python3.12/site-packages/airflow/example_dags/example_external_task_marker_dag.py took 0.062 seconds
