[2024-06-14T14:13:04.763+0000] {processor.py:161} INFO - Started process (PID=57) to work on /home/airflow/.local/lib/python3.12/site-packages/airflow/example_dags/example_sla_dag.py
[2024-06-14T14:13:04.764+0000] {processor.py:830} INFO - Processing file /home/airflow/.local/lib/python3.12/site-packages/airflow/example_dags/example_sla_dag.py for tasks to queue
[2024-06-14T14:13:04.766+0000] {logging_mixin.py:188} INFO - [2024-06-14T14:13:04.766+0000] {dagbag.py:545} INFO - Filling up the DagBag from /home/airflow/.local/lib/python3.12/site-packages/airflow/example_dags/example_sla_dag.py
[2024-06-14T14:13:04.777+0000] {processor.py:840} INFO - DAG(s) 'example_sla_dag' retrieved from /home/airflow/.local/lib/python3.12/site-packages/airflow/example_dags/example_sla_dag.py
[2024-06-14T14:13:04.788+0000] {logging_mixin.py:188} INFO - [2024-06-14T14:13:04.787+0000] {dag.py:3096} INFO - Sync 1 DAGs
[2024-06-14T14:13:04.818+0000] {logging_mixin.py:188} INFO - [2024-06-14T14:13:04.817+0000] {dag.py:3954} INFO - Setting next_dagrun for example_sla_dag to 2024-06-14 14:10:00+00:00, run_after=2024-06-14 14:12:00+00:00
[2024-06-14T14:13:04.843+0000] {processor.py:183} INFO - Processing /home/airflow/.local/lib/python3.12/site-packages/airflow/example_dags/example_sla_dag.py took 0.086 seconds
[2024-06-14T14:13:35.348+0000] {processor.py:161} INFO - Started process (PID=120) to work on /home/airflow/.local/lib/python3.12/site-packages/airflow/example_dags/example_sla_dag.py
[2024-06-14T14:13:35.349+0000] {processor.py:830} INFO - Processing file /home/airflow/.local/lib/python3.12/site-packages/airflow/example_dags/example_sla_dag.py for tasks to queue
[2024-06-14T14:13:35.350+0000] {logging_mixin.py:188} INFO - [2024-06-14T14:13:35.350+0000] {dagbag.py:545} INFO - Filling up the DagBag from /home/airflow/.local/lib/python3.12/site-packages/airflow/example_dags/example_sla_dag.py
[2024-06-14T14:13:35.357+0000] {processor.py:840} INFO - DAG(s) 'example_sla_dag' retrieved from /home/airflow/.local/lib/python3.12/site-packages/airflow/example_dags/example_sla_dag.py
[2024-06-14T14:13:35.452+0000] {logging_mixin.py:188} INFO - [2024-06-14T14:13:35.452+0000] {dag.py:3096} INFO - Sync 1 DAGs
[2024-06-14T14:13:35.471+0000] {logging_mixin.py:188} INFO - [2024-06-14T14:13:35.471+0000] {dag.py:3954} INFO - Setting next_dagrun for example_sla_dag to 2024-06-14 14:10:00+00:00, run_after=2024-06-14 14:12:00+00:00
[2024-06-14T14:13:35.488+0000] {processor.py:183} INFO - Processing /home/airflow/.local/lib/python3.12/site-packages/airflow/example_dags/example_sla_dag.py took 0.145 seconds
[2024-06-14T14:14:05.849+0000] {processor.py:161} INFO - Started process (PID=179) to work on /home/airflow/.local/lib/python3.12/site-packages/airflow/example_dags/example_sla_dag.py
[2024-06-14T14:14:05.850+0000] {processor.py:830} INFO - Processing file /home/airflow/.local/lib/python3.12/site-packages/airflow/example_dags/example_sla_dag.py for tasks to queue
[2024-06-14T14:14:05.851+0000] {logging_mixin.py:188} INFO - [2024-06-14T14:14:05.851+0000] {dagbag.py:545} INFO - Filling up the DagBag from /home/airflow/.local/lib/python3.12/site-packages/airflow/example_dags/example_sla_dag.py
[2024-06-14T14:14:05.859+0000] {processor.py:840} INFO - DAG(s) 'example_sla_dag' retrieved from /home/airflow/.local/lib/python3.12/site-packages/airflow/example_dags/example_sla_dag.py
[2024-06-14T14:14:05.875+0000] {logging_mixin.py:188} INFO - [2024-06-14T14:14:05.875+0000] {dag.py:3096} INFO - Sync 1 DAGs
[2024-06-14T14:14:05.898+0000] {logging_mixin.py:188} INFO - [2024-06-14T14:14:05.897+0000] {dag.py:3954} INFO - Setting next_dagrun for example_sla_dag to 2024-06-14 14:12:00+00:00, run_after=2024-06-14 14:14:00+00:00
[2024-06-14T14:14:05.915+0000] {processor.py:183} INFO - Processing /home/airflow/.local/lib/python3.12/site-packages/airflow/example_dags/example_sla_dag.py took 0.071 seconds
[2024-06-14T14:14:36.972+0000] {processor.py:161} INFO - Started process (PID=238) to work on /home/airflow/.local/lib/python3.12/site-packages/airflow/example_dags/example_sla_dag.py
[2024-06-14T14:14:36.973+0000] {processor.py:830} INFO - Processing file /home/airflow/.local/lib/python3.12/site-packages/airflow/example_dags/example_sla_dag.py for tasks to queue
[2024-06-14T14:14:36.975+0000] {logging_mixin.py:188} INFO - [2024-06-14T14:14:36.974+0000] {dagbag.py:545} INFO - Filling up the DagBag from /home/airflow/.local/lib/python3.12/site-packages/airflow/example_dags/example_sla_dag.py
[2024-06-14T14:14:36.982+0000] {processor.py:840} INFO - DAG(s) 'example_sla_dag' retrieved from /home/airflow/.local/lib/python3.12/site-packages/airflow/example_dags/example_sla_dag.py
[2024-06-14T14:14:36.999+0000] {logging_mixin.py:188} INFO - [2024-06-14T14:14:36.998+0000] {dag.py:3096} INFO - Sync 1 DAGs
[2024-06-14T14:14:37.022+0000] {logging_mixin.py:188} INFO - [2024-06-14T14:14:37.022+0000] {dag.py:3954} INFO - Setting next_dagrun for example_sla_dag to 2024-06-14 14:12:00+00:00, run_after=2024-06-14 14:14:00+00:00
[2024-06-14T14:14:37.039+0000] {processor.py:183} INFO - Processing /home/airflow/.local/lib/python3.12/site-packages/airflow/example_dags/example_sla_dag.py took 0.072 seconds
[2024-06-14T14:15:07.139+0000] {processor.py:161} INFO - Started process (PID=297) to work on /home/airflow/.local/lib/python3.12/site-packages/airflow/example_dags/example_sla_dag.py
[2024-06-14T14:15:07.139+0000] {processor.py:830} INFO - Processing file /home/airflow/.local/lib/python3.12/site-packages/airflow/example_dags/example_sla_dag.py for tasks to queue
[2024-06-14T14:15:07.141+0000] {logging_mixin.py:188} INFO - [2024-06-14T14:15:07.141+0000] {dagbag.py:545} INFO - Filling up the DagBag from /home/airflow/.local/lib/python3.12/site-packages/airflow/example_dags/example_sla_dag.py
[2024-06-14T14:15:07.149+0000] {processor.py:840} INFO - DAG(s) 'example_sla_dag' retrieved from /home/airflow/.local/lib/python3.12/site-packages/airflow/example_dags/example_sla_dag.py
[2024-06-14T14:15:07.166+0000] {logging_mixin.py:188} INFO - [2024-06-14T14:15:07.166+0000] {dag.py:3096} INFO - Sync 1 DAGs
[2024-06-14T14:15:07.188+0000] {logging_mixin.py:188} INFO - [2024-06-14T14:15:07.188+0000] {dag.py:3954} INFO - Setting next_dagrun for example_sla_dag to 2024-06-14 14:12:00+00:00, run_after=2024-06-14 14:14:00+00:00
[2024-06-14T14:15:07.209+0000] {processor.py:183} INFO - Processing /home/airflow/.local/lib/python3.12/site-packages/airflow/example_dags/example_sla_dag.py took 0.075 seconds
[2024-06-14T14:15:37.327+0000] {processor.py:161} INFO - Started process (PID=356) to work on /home/airflow/.local/lib/python3.12/site-packages/airflow/example_dags/example_sla_dag.py
[2024-06-14T14:15:37.328+0000] {processor.py:830} INFO - Processing file /home/airflow/.local/lib/python3.12/site-packages/airflow/example_dags/example_sla_dag.py for tasks to queue
[2024-06-14T14:15:37.329+0000] {logging_mixin.py:188} INFO - [2024-06-14T14:15:37.329+0000] {dagbag.py:545} INFO - Filling up the DagBag from /home/airflow/.local/lib/python3.12/site-packages/airflow/example_dags/example_sla_dag.py
[2024-06-14T14:15:37.337+0000] {processor.py:840} INFO - DAG(s) 'example_sla_dag' retrieved from /home/airflow/.local/lib/python3.12/site-packages/airflow/example_dags/example_sla_dag.py
[2024-06-14T14:15:37.356+0000] {logging_mixin.py:188} INFO - [2024-06-14T14:15:37.356+0000] {dag.py:3096} INFO - Sync 1 DAGs
[2024-06-14T14:15:37.383+0000] {logging_mixin.py:188} INFO - [2024-06-14T14:15:37.382+0000] {dag.py:3954} INFO - Setting next_dagrun for example_sla_dag to 2024-06-14 14:12:00+00:00, run_after=2024-06-14 14:14:00+00:00
[2024-06-14T14:15:37.400+0000] {processor.py:183} INFO - Processing /home/airflow/.local/lib/python3.12/site-packages/airflow/example_dags/example_sla_dag.py took 0.078 seconds
[2024-06-14T14:16:07.684+0000] {processor.py:161} INFO - Started process (PID=415) to work on /home/airflow/.local/lib/python3.12/site-packages/airflow/example_dags/example_sla_dag.py
[2024-06-14T14:16:07.685+0000] {processor.py:830} INFO - Processing file /home/airflow/.local/lib/python3.12/site-packages/airflow/example_dags/example_sla_dag.py for tasks to queue
[2024-06-14T14:16:07.687+0000] {logging_mixin.py:188} INFO - [2024-06-14T14:16:07.686+0000] {dagbag.py:545} INFO - Filling up the DagBag from /home/airflow/.local/lib/python3.12/site-packages/airflow/example_dags/example_sla_dag.py
[2024-06-14T14:16:07.698+0000] {processor.py:840} INFO - DAG(s) 'example_sla_dag' retrieved from /home/airflow/.local/lib/python3.12/site-packages/airflow/example_dags/example_sla_dag.py
[2024-06-14T14:16:07.721+0000] {logging_mixin.py:188} INFO - [2024-06-14T14:16:07.721+0000] {dag.py:3096} INFO - Sync 1 DAGs
[2024-06-14T14:16:07.753+0000] {logging_mixin.py:188} INFO - [2024-06-14T14:16:07.753+0000] {dag.py:3954} INFO - Setting next_dagrun for example_sla_dag to 2024-06-14 14:14:00+00:00, run_after=2024-06-14 14:16:00+00:00
[2024-06-14T14:16:07.784+0000] {processor.py:183} INFO - Processing /home/airflow/.local/lib/python3.12/site-packages/airflow/example_dags/example_sla_dag.py took 0.108 seconds
[2024-06-14T14:16:37.938+0000] {processor.py:161} INFO - Started process (PID=474) to work on /home/airflow/.local/lib/python3.12/site-packages/airflow/example_dags/example_sla_dag.py
[2024-06-14T14:16:37.939+0000] {processor.py:830} INFO - Processing file /home/airflow/.local/lib/python3.12/site-packages/airflow/example_dags/example_sla_dag.py for tasks to queue
[2024-06-14T14:16:37.940+0000] {logging_mixin.py:188} INFO - [2024-06-14T14:16:37.940+0000] {dagbag.py:545} INFO - Filling up the DagBag from /home/airflow/.local/lib/python3.12/site-packages/airflow/example_dags/example_sla_dag.py
[2024-06-14T14:16:37.951+0000] {processor.py:840} INFO - DAG(s) 'example_sla_dag' retrieved from /home/airflow/.local/lib/python3.12/site-packages/airflow/example_dags/example_sla_dag.py
[2024-06-14T14:16:37.972+0000] {logging_mixin.py:188} INFO - [2024-06-14T14:16:37.972+0000] {dag.py:3096} INFO - Sync 1 DAGs
[2024-06-14T14:16:38.006+0000] {logging_mixin.py:188} INFO - [2024-06-14T14:16:38.006+0000] {dag.py:3954} INFO - Setting next_dagrun for example_sla_dag to 2024-06-14 14:14:00+00:00, run_after=2024-06-14 14:16:00+00:00
[2024-06-14T14:16:38.032+0000] {processor.py:183} INFO - Processing /home/airflow/.local/lib/python3.12/site-packages/airflow/example_dags/example_sla_dag.py took 0.099 seconds
[2024-06-14T14:17:08.178+0000] {processor.py:161} INFO - Started process (PID=533) to work on /home/airflow/.local/lib/python3.12/site-packages/airflow/example_dags/example_sla_dag.py
[2024-06-14T14:17:08.178+0000] {processor.py:830} INFO - Processing file /home/airflow/.local/lib/python3.12/site-packages/airflow/example_dags/example_sla_dag.py for tasks to queue
[2024-06-14T14:17:08.180+0000] {logging_mixin.py:188} INFO - [2024-06-14T14:17:08.179+0000] {dagbag.py:545} INFO - Filling up the DagBag from /home/airflow/.local/lib/python3.12/site-packages/airflow/example_dags/example_sla_dag.py
[2024-06-14T14:17:08.186+0000] {processor.py:840} INFO - DAG(s) 'example_sla_dag' retrieved from /home/airflow/.local/lib/python3.12/site-packages/airflow/example_dags/example_sla_dag.py
[2024-06-14T14:17:08.203+0000] {logging_mixin.py:188} INFO - [2024-06-14T14:17:08.203+0000] {dag.py:3096} INFO - Sync 1 DAGs
[2024-06-14T14:17:08.223+0000] {logging_mixin.py:188} INFO - [2024-06-14T14:17:08.222+0000] {dag.py:3954} INFO - Setting next_dagrun for example_sla_dag to 2024-06-14 14:14:00+00:00, run_after=2024-06-14 14:16:00+00:00
[2024-06-14T14:17:08.238+0000] {processor.py:183} INFO - Processing /home/airflow/.local/lib/python3.12/site-packages/airflow/example_dags/example_sla_dag.py took 0.065 seconds
[2024-06-14T14:17:38.543+0000] {processor.py:161} INFO - Started process (PID=591) to work on /home/airflow/.local/lib/python3.12/site-packages/airflow/example_dags/example_sla_dag.py
[2024-06-14T14:17:38.543+0000] {processor.py:830} INFO - Processing file /home/airflow/.local/lib/python3.12/site-packages/airflow/example_dags/example_sla_dag.py for tasks to queue
[2024-06-14T14:17:38.545+0000] {logging_mixin.py:188} INFO - [2024-06-14T14:17:38.545+0000] {dagbag.py:545} INFO - Filling up the DagBag from /home/airflow/.local/lib/python3.12/site-packages/airflow/example_dags/example_sla_dag.py
[2024-06-14T14:17:38.552+0000] {processor.py:840} INFO - DAG(s) 'example_sla_dag' retrieved from /home/airflow/.local/lib/python3.12/site-packages/airflow/example_dags/example_sla_dag.py
[2024-06-14T14:17:38.569+0000] {logging_mixin.py:188} INFO - [2024-06-14T14:17:38.568+0000] {dag.py:3096} INFO - Sync 1 DAGs
[2024-06-14T14:17:38.590+0000] {logging_mixin.py:188} INFO - [2024-06-14T14:17:38.590+0000] {dag.py:3954} INFO - Setting next_dagrun for example_sla_dag to 2024-06-14 14:14:00+00:00, run_after=2024-06-14 14:16:00+00:00
[2024-06-14T14:17:38.607+0000] {processor.py:183} INFO - Processing /home/airflow/.local/lib/python3.12/site-packages/airflow/example_dags/example_sla_dag.py took 0.069 seconds
[2024-06-14T14:18:08.744+0000] {processor.py:161} INFO - Started process (PID=650) to work on /home/airflow/.local/lib/python3.12/site-packages/airflow/example_dags/example_sla_dag.py
[2024-06-14T14:18:08.745+0000] {processor.py:830} INFO - Processing file /home/airflow/.local/lib/python3.12/site-packages/airflow/example_dags/example_sla_dag.py for tasks to queue
[2024-06-14T14:18:08.747+0000] {logging_mixin.py:188} INFO - [2024-06-14T14:18:08.746+0000] {dagbag.py:545} INFO - Filling up the DagBag from /home/airflow/.local/lib/python3.12/site-packages/airflow/example_dags/example_sla_dag.py
[2024-06-14T14:18:08.757+0000] {processor.py:840} INFO - DAG(s) 'example_sla_dag' retrieved from /home/airflow/.local/lib/python3.12/site-packages/airflow/example_dags/example_sla_dag.py
[2024-06-14T14:18:08.775+0000] {logging_mixin.py:188} INFO - [2024-06-14T14:18:08.775+0000] {dag.py:3096} INFO - Sync 1 DAGs
[2024-06-14T14:18:08.799+0000] {logging_mixin.py:188} INFO - [2024-06-14T14:18:08.799+0000] {dag.py:3954} INFO - Setting next_dagrun for example_sla_dag to 2024-06-14 14:16:00+00:00, run_after=2024-06-14 14:18:00+00:00
[2024-06-14T14:18:08.817+0000] {processor.py:183} INFO - Processing /home/airflow/.local/lib/python3.12/site-packages/airflow/example_dags/example_sla_dag.py took 0.079 seconds
[2024-06-14T14:18:39.091+0000] {processor.py:161} INFO - Started process (PID=709) to work on /home/airflow/.local/lib/python3.12/site-packages/airflow/example_dags/example_sla_dag.py
[2024-06-14T14:18:39.092+0000] {processor.py:830} INFO - Processing file /home/airflow/.local/lib/python3.12/site-packages/airflow/example_dags/example_sla_dag.py for tasks to queue
[2024-06-14T14:18:39.093+0000] {logging_mixin.py:188} INFO - [2024-06-14T14:18:39.093+0000] {dagbag.py:545} INFO - Filling up the DagBag from /home/airflow/.local/lib/python3.12/site-packages/airflow/example_dags/example_sla_dag.py
[2024-06-14T14:18:39.100+0000] {processor.py:840} INFO - DAG(s) 'example_sla_dag' retrieved from /home/airflow/.local/lib/python3.12/site-packages/airflow/example_dags/example_sla_dag.py
[2024-06-14T14:18:39.116+0000] {logging_mixin.py:188} INFO - [2024-06-14T14:18:39.116+0000] {dag.py:3096} INFO - Sync 1 DAGs
[2024-06-14T14:18:39.137+0000] {logging_mixin.py:188} INFO - [2024-06-14T14:18:39.137+0000] {dag.py:3954} INFO - Setting next_dagrun for example_sla_dag to 2024-06-14 14:16:00+00:00, run_after=2024-06-14 14:18:00+00:00
[2024-06-14T14:18:39.157+0000] {processor.py:183} INFO - Processing /home/airflow/.local/lib/python3.12/site-packages/airflow/example_dags/example_sla_dag.py took 0.071 seconds
[2024-06-14T14:19:09.201+0000] {processor.py:161} INFO - Started process (PID=768) to work on /home/airflow/.local/lib/python3.12/site-packages/airflow/example_dags/example_sla_dag.py
[2024-06-14T14:19:09.202+0000] {processor.py:830} INFO - Processing file /home/airflow/.local/lib/python3.12/site-packages/airflow/example_dags/example_sla_dag.py for tasks to queue
[2024-06-14T14:19:09.203+0000] {logging_mixin.py:188} INFO - [2024-06-14T14:19:09.203+0000] {dagbag.py:545} INFO - Filling up the DagBag from /home/airflow/.local/lib/python3.12/site-packages/airflow/example_dags/example_sla_dag.py
[2024-06-14T14:19:09.211+0000] {processor.py:840} INFO - DAG(s) 'example_sla_dag' retrieved from /home/airflow/.local/lib/python3.12/site-packages/airflow/example_dags/example_sla_dag.py
[2024-06-14T14:19:09.227+0000] {logging_mixin.py:188} INFO - [2024-06-14T14:19:09.227+0000] {dag.py:3096} INFO - Sync 1 DAGs
[2024-06-14T14:19:09.249+0000] {logging_mixin.py:188} INFO - [2024-06-14T14:19:09.249+0000] {dag.py:3954} INFO - Setting next_dagrun for example_sla_dag to 2024-06-14 14:16:00+00:00, run_after=2024-06-14 14:18:00+00:00
[2024-06-14T14:19:09.268+0000] {processor.py:183} INFO - Processing /home/airflow/.local/lib/python3.12/site-packages/airflow/example_dags/example_sla_dag.py took 0.072 seconds
