[2024-06-14T14:13:06.094+0000] {processor.py:161} INFO - Started process (PID=76) to work on /home/airflow/.local/lib/python3.12/site-packages/airflow/example_dags/example_trigger_target_dag.py
[2024-06-14T14:13:06.095+0000] {processor.py:830} INFO - Processing file /home/airflow/.local/lib/python3.12/site-packages/airflow/example_dags/example_trigger_target_dag.py for tasks to queue
[2024-06-14T14:13:06.096+0000] {logging_mixin.py:188} INFO - [2024-06-14T14:13:06.096+0000] {dagbag.py:545} INFO - Filling up the DagBag from /home/airflow/.local/lib/python3.12/site-packages/airflow/example_dags/example_trigger_target_dag.py
[2024-06-14T14:13:06.102+0000] {processor.py:840} INFO - DAG(s) 'example_trigger_target_dag' retrieved from /home/airflow/.local/lib/python3.12/site-packages/airflow/example_dags/example_trigger_target_dag.py
[2024-06-14T14:13:06.112+0000] {logging_mixin.py:188} INFO - [2024-06-14T14:13:06.112+0000] {dag.py:3096} INFO - Sync 1 DAGs
[2024-06-14T14:13:06.125+0000] {logging_mixin.py:188} INFO - [2024-06-14T14:13:06.125+0000] {dag.py:3954} INFO - Setting next_dagrun for example_trigger_target_dag to None, run_after=None
[2024-06-14T14:13:06.144+0000] {processor.py:183} INFO - Processing /home/airflow/.local/lib/python3.12/site-packages/airflow/example_dags/example_trigger_target_dag.py took 0.055 seconds
[2024-06-14T14:13:36.926+0000] {processor.py:161} INFO - Started process (PID=139) to work on /home/airflow/.local/lib/python3.12/site-packages/airflow/example_dags/example_trigger_target_dag.py
[2024-06-14T14:13:36.927+0000] {processor.py:830} INFO - Processing file /home/airflow/.local/lib/python3.12/site-packages/airflow/example_dags/example_trigger_target_dag.py for tasks to queue
[2024-06-14T14:13:36.928+0000] {logging_mixin.py:188} INFO - [2024-06-14T14:13:36.928+0000] {dagbag.py:545} INFO - Filling up the DagBag from /home/airflow/.local/lib/python3.12/site-packages/airflow/example_dags/example_trigger_target_dag.py
[2024-06-14T14:13:36.933+0000] {processor.py:840} INFO - DAG(s) 'example_trigger_target_dag' retrieved from /home/airflow/.local/lib/python3.12/site-packages/airflow/example_dags/example_trigger_target_dag.py
[2024-06-14T14:13:37.030+0000] {logging_mixin.py:188} INFO - [2024-06-14T14:13:37.030+0000] {dag.py:3096} INFO - Sync 1 DAGs
[2024-06-14T14:13:37.039+0000] {logging_mixin.py:188} INFO - [2024-06-14T14:13:37.039+0000] {dag.py:3954} INFO - Setting next_dagrun for example_trigger_target_dag to None, run_after=None
[2024-06-14T14:13:37.056+0000] {processor.py:183} INFO - Processing /home/airflow/.local/lib/python3.12/site-packages/airflow/example_dags/example_trigger_target_dag.py took 0.136 seconds
[2024-06-14T14:14:07.850+0000] {processor.py:161} INFO - Started process (PID=198) to work on /home/airflow/.local/lib/python3.12/site-packages/airflow/example_dags/example_trigger_target_dag.py
[2024-06-14T14:14:07.851+0000] {processor.py:830} INFO - Processing file /home/airflow/.local/lib/python3.12/site-packages/airflow/example_dags/example_trigger_target_dag.py for tasks to queue
[2024-06-14T14:14:07.852+0000] {logging_mixin.py:188} INFO - [2024-06-14T14:14:07.852+0000] {dagbag.py:545} INFO - Filling up the DagBag from /home/airflow/.local/lib/python3.12/site-packages/airflow/example_dags/example_trigger_target_dag.py
[2024-06-14T14:14:07.857+0000] {processor.py:840} INFO - DAG(s) 'example_trigger_target_dag' retrieved from /home/airflow/.local/lib/python3.12/site-packages/airflow/example_dags/example_trigger_target_dag.py
[2024-06-14T14:14:07.874+0000] {logging_mixin.py:188} INFO - [2024-06-14T14:14:07.874+0000] {dag.py:3096} INFO - Sync 1 DAGs
[2024-06-14T14:14:07.884+0000] {logging_mixin.py:188} INFO - [2024-06-14T14:14:07.884+0000] {dag.py:3954} INFO - Setting next_dagrun for example_trigger_target_dag to None, run_after=None
[2024-06-14T14:14:07.900+0000] {processor.py:183} INFO - Processing /home/airflow/.local/lib/python3.12/site-packages/airflow/example_dags/example_trigger_target_dag.py took 0.055 seconds
[2024-06-14T14:14:38.914+0000] {processor.py:161} INFO - Started process (PID=257) to work on /home/airflow/.local/lib/python3.12/site-packages/airflow/example_dags/example_trigger_target_dag.py
[2024-06-14T14:14:38.915+0000] {processor.py:830} INFO - Processing file /home/airflow/.local/lib/python3.12/site-packages/airflow/example_dags/example_trigger_target_dag.py for tasks to queue
[2024-06-14T14:14:38.916+0000] {logging_mixin.py:188} INFO - [2024-06-14T14:14:38.916+0000] {dagbag.py:545} INFO - Filling up the DagBag from /home/airflow/.local/lib/python3.12/site-packages/airflow/example_dags/example_trigger_target_dag.py
[2024-06-14T14:14:38.922+0000] {processor.py:840} INFO - DAG(s) 'example_trigger_target_dag' retrieved from /home/airflow/.local/lib/python3.12/site-packages/airflow/example_dags/example_trigger_target_dag.py
[2024-06-14T14:14:38.939+0000] {logging_mixin.py:188} INFO - [2024-06-14T14:14:38.939+0000] {dag.py:3096} INFO - Sync 1 DAGs
[2024-06-14T14:14:38.952+0000] {logging_mixin.py:188} INFO - [2024-06-14T14:14:38.952+0000] {dag.py:3954} INFO - Setting next_dagrun for example_trigger_target_dag to None, run_after=None
[2024-06-14T14:14:38.969+0000] {processor.py:183} INFO - Processing /home/airflow/.local/lib/python3.12/site-packages/airflow/example_dags/example_trigger_target_dag.py took 0.061 seconds
[2024-06-14T14:15:09.081+0000] {processor.py:161} INFO - Started process (PID=316) to work on /home/airflow/.local/lib/python3.12/site-packages/airflow/example_dags/example_trigger_target_dag.py
[2024-06-14T14:15:09.082+0000] {processor.py:830} INFO - Processing file /home/airflow/.local/lib/python3.12/site-packages/airflow/example_dags/example_trigger_target_dag.py for tasks to queue
[2024-06-14T14:15:09.083+0000] {logging_mixin.py:188} INFO - [2024-06-14T14:15:09.083+0000] {dagbag.py:545} INFO - Filling up the DagBag from /home/airflow/.local/lib/python3.12/site-packages/airflow/example_dags/example_trigger_target_dag.py
[2024-06-14T14:15:09.088+0000] {processor.py:840} INFO - DAG(s) 'example_trigger_target_dag' retrieved from /home/airflow/.local/lib/python3.12/site-packages/airflow/example_dags/example_trigger_target_dag.py
[2024-06-14T14:15:09.105+0000] {logging_mixin.py:188} INFO - [2024-06-14T14:15:09.105+0000] {dag.py:3096} INFO - Sync 1 DAGs
[2024-06-14T14:15:09.115+0000] {logging_mixin.py:188} INFO - [2024-06-14T14:15:09.115+0000] {dag.py:3954} INFO - Setting next_dagrun for example_trigger_target_dag to None, run_after=None
[2024-06-14T14:15:09.133+0000] {processor.py:183} INFO - Processing /home/airflow/.local/lib/python3.12/site-packages/airflow/example_dags/example_trigger_target_dag.py took 0.057 seconds
[2024-06-14T14:15:39.325+0000] {processor.py:161} INFO - Started process (PID=375) to work on /home/airflow/.local/lib/python3.12/site-packages/airflow/example_dags/example_trigger_target_dag.py
[2024-06-14T14:15:39.326+0000] {processor.py:830} INFO - Processing file /home/airflow/.local/lib/python3.12/site-packages/airflow/example_dags/example_trigger_target_dag.py for tasks to queue
[2024-06-14T14:15:39.327+0000] {logging_mixin.py:188} INFO - [2024-06-14T14:15:39.327+0000] {dagbag.py:545} INFO - Filling up the DagBag from /home/airflow/.local/lib/python3.12/site-packages/airflow/example_dags/example_trigger_target_dag.py
[2024-06-14T14:15:39.331+0000] {processor.py:840} INFO - DAG(s) 'example_trigger_target_dag' retrieved from /home/airflow/.local/lib/python3.12/site-packages/airflow/example_dags/example_trigger_target_dag.py
[2024-06-14T14:15:39.349+0000] {logging_mixin.py:188} INFO - [2024-06-14T14:15:39.349+0000] {dag.py:3096} INFO - Sync 1 DAGs
[2024-06-14T14:15:39.361+0000] {logging_mixin.py:188} INFO - [2024-06-14T14:15:39.361+0000] {dag.py:3954} INFO - Setting next_dagrun for example_trigger_target_dag to None, run_after=None
[2024-06-14T14:15:39.380+0000] {processor.py:183} INFO - Processing /home/airflow/.local/lib/python3.12/site-packages/airflow/example_dags/example_trigger_target_dag.py took 0.060 seconds
[2024-06-14T14:16:09.903+0000] {processor.py:161} INFO - Started process (PID=433) to work on /home/airflow/.local/lib/python3.12/site-packages/airflow/example_dags/example_trigger_target_dag.py
[2024-06-14T14:16:09.904+0000] {processor.py:830} INFO - Processing file /home/airflow/.local/lib/python3.12/site-packages/airflow/example_dags/example_trigger_target_dag.py for tasks to queue
[2024-06-14T14:16:09.906+0000] {logging_mixin.py:188} INFO - [2024-06-14T14:16:09.905+0000] {dagbag.py:545} INFO - Filling up the DagBag from /home/airflow/.local/lib/python3.12/site-packages/airflow/example_dags/example_trigger_target_dag.py
[2024-06-14T14:16:09.911+0000] {processor.py:840} INFO - DAG(s) 'example_trigger_target_dag' retrieved from /home/airflow/.local/lib/python3.12/site-packages/airflow/example_dags/example_trigger_target_dag.py
[2024-06-14T14:16:09.934+0000] {logging_mixin.py:188} INFO - [2024-06-14T14:16:09.934+0000] {dag.py:3096} INFO - Sync 1 DAGs
[2024-06-14T14:16:09.951+0000] {logging_mixin.py:188} INFO - [2024-06-14T14:16:09.951+0000] {dag.py:3954} INFO - Setting next_dagrun for example_trigger_target_dag to None, run_after=None
[2024-06-14T14:16:09.974+0000] {processor.py:183} INFO - Processing /home/airflow/.local/lib/python3.12/site-packages/airflow/example_dags/example_trigger_target_dag.py took 0.076 seconds
[2024-06-14T14:16:40.166+0000] {processor.py:161} INFO - Started process (PID=492) to work on /home/airflow/.local/lib/python3.12/site-packages/airflow/example_dags/example_trigger_target_dag.py
[2024-06-14T14:16:40.167+0000] {processor.py:830} INFO - Processing file /home/airflow/.local/lib/python3.12/site-packages/airflow/example_dags/example_trigger_target_dag.py for tasks to queue
[2024-06-14T14:16:40.168+0000] {logging_mixin.py:188} INFO - [2024-06-14T14:16:40.168+0000] {dagbag.py:545} INFO - Filling up the DagBag from /home/airflow/.local/lib/python3.12/site-packages/airflow/example_dags/example_trigger_target_dag.py
[2024-06-14T14:16:40.172+0000] {processor.py:840} INFO - DAG(s) 'example_trigger_target_dag' retrieved from /home/airflow/.local/lib/python3.12/site-packages/airflow/example_dags/example_trigger_target_dag.py
[2024-06-14T14:16:40.198+0000] {logging_mixin.py:188} INFO - [2024-06-14T14:16:40.197+0000] {dag.py:3096} INFO - Sync 1 DAGs
[2024-06-14T14:16:40.210+0000] {logging_mixin.py:188} INFO - [2024-06-14T14:16:40.210+0000] {dag.py:3954} INFO - Setting next_dagrun for example_trigger_target_dag to None, run_after=None
[2024-06-14T14:16:40.234+0000] {processor.py:183} INFO - Processing /home/airflow/.local/lib/python3.12/site-packages/airflow/example_dags/example_trigger_target_dag.py took 0.075 seconds
[2024-06-14T14:17:10.322+0000] {processor.py:161} INFO - Started process (PID=551) to work on /home/airflow/.local/lib/python3.12/site-packages/airflow/example_dags/example_trigger_target_dag.py
[2024-06-14T14:17:10.323+0000] {processor.py:830} INFO - Processing file /home/airflow/.local/lib/python3.12/site-packages/airflow/example_dags/example_trigger_target_dag.py for tasks to queue
[2024-06-14T14:17:10.324+0000] {logging_mixin.py:188} INFO - [2024-06-14T14:17:10.324+0000] {dagbag.py:545} INFO - Filling up the DagBag from /home/airflow/.local/lib/python3.12/site-packages/airflow/example_dags/example_trigger_target_dag.py
[2024-06-14T14:17:10.329+0000] {processor.py:840} INFO - DAG(s) 'example_trigger_target_dag' retrieved from /home/airflow/.local/lib/python3.12/site-packages/airflow/example_dags/example_trigger_target_dag.py
[2024-06-14T14:17:10.345+0000] {logging_mixin.py:188} INFO - [2024-06-14T14:17:10.345+0000] {dag.py:3096} INFO - Sync 1 DAGs
[2024-06-14T14:17:10.356+0000] {logging_mixin.py:188} INFO - [2024-06-14T14:17:10.356+0000] {dag.py:3954} INFO - Setting next_dagrun for example_trigger_target_dag to None, run_after=None
[2024-06-14T14:17:10.373+0000] {processor.py:183} INFO - Processing /home/airflow/.local/lib/python3.12/site-packages/airflow/example_dags/example_trigger_target_dag.py took 0.056 seconds
[2024-06-14T14:17:40.524+0000] {processor.py:161} INFO - Started process (PID=609) to work on /home/airflow/.local/lib/python3.12/site-packages/airflow/example_dags/example_trigger_target_dag.py
[2024-06-14T14:17:40.524+0000] {processor.py:830} INFO - Processing file /home/airflow/.local/lib/python3.12/site-packages/airflow/example_dags/example_trigger_target_dag.py for tasks to queue
[2024-06-14T14:17:40.526+0000] {logging_mixin.py:188} INFO - [2024-06-14T14:17:40.526+0000] {dagbag.py:545} INFO - Filling up the DagBag from /home/airflow/.local/lib/python3.12/site-packages/airflow/example_dags/example_trigger_target_dag.py
[2024-06-14T14:17:40.531+0000] {processor.py:840} INFO - DAG(s) 'example_trigger_target_dag' retrieved from /home/airflow/.local/lib/python3.12/site-packages/airflow/example_dags/example_trigger_target_dag.py
[2024-06-14T14:17:40.549+0000] {logging_mixin.py:188} INFO - [2024-06-14T14:17:40.548+0000] {dag.py:3096} INFO - Sync 1 DAGs
[2024-06-14T14:17:40.560+0000] {logging_mixin.py:188} INFO - [2024-06-14T14:17:40.560+0000] {dag.py:3954} INFO - Setting next_dagrun for example_trigger_target_dag to None, run_after=None
[2024-06-14T14:17:40.579+0000] {processor.py:183} INFO - Processing /home/airflow/.local/lib/python3.12/site-packages/airflow/example_dags/example_trigger_target_dag.py took 0.061 seconds
[2024-06-14T14:18:10.868+0000] {processor.py:161} INFO - Started process (PID=668) to work on /home/airflow/.local/lib/python3.12/site-packages/airflow/example_dags/example_trigger_target_dag.py
[2024-06-14T14:18:10.869+0000] {processor.py:830} INFO - Processing file /home/airflow/.local/lib/python3.12/site-packages/airflow/example_dags/example_trigger_target_dag.py for tasks to queue
[2024-06-14T14:18:10.871+0000] {logging_mixin.py:188} INFO - [2024-06-14T14:18:10.870+0000] {dagbag.py:545} INFO - Filling up the DagBag from /home/airflow/.local/lib/python3.12/site-packages/airflow/example_dags/example_trigger_target_dag.py
[2024-06-14T14:18:10.876+0000] {processor.py:840} INFO - DAG(s) 'example_trigger_target_dag' retrieved from /home/airflow/.local/lib/python3.12/site-packages/airflow/example_dags/example_trigger_target_dag.py
[2024-06-14T14:18:10.894+0000] {logging_mixin.py:188} INFO - [2024-06-14T14:18:10.894+0000] {dag.py:3096} INFO - Sync 1 DAGs
[2024-06-14T14:18:10.909+0000] {logging_mixin.py:188} INFO - [2024-06-14T14:18:10.908+0000] {dag.py:3954} INFO - Setting next_dagrun for example_trigger_target_dag to None, run_after=None
[2024-06-14T14:18:10.931+0000] {processor.py:183} INFO - Processing /home/airflow/.local/lib/python3.12/site-packages/airflow/example_dags/example_trigger_target_dag.py took 0.068 seconds
[2024-06-14T14:18:40.989+0000] {processor.py:161} INFO - Started process (PID=727) to work on /home/airflow/.local/lib/python3.12/site-packages/airflow/example_dags/example_trigger_target_dag.py
[2024-06-14T14:18:40.990+0000] {processor.py:830} INFO - Processing file /home/airflow/.local/lib/python3.12/site-packages/airflow/example_dags/example_trigger_target_dag.py for tasks to queue
[2024-06-14T14:18:40.992+0000] {logging_mixin.py:188} INFO - [2024-06-14T14:18:40.991+0000] {dagbag.py:545} INFO - Filling up the DagBag from /home/airflow/.local/lib/python3.12/site-packages/airflow/example_dags/example_trigger_target_dag.py
[2024-06-14T14:18:40.996+0000] {processor.py:840} INFO - DAG(s) 'example_trigger_target_dag' retrieved from /home/airflow/.local/lib/python3.12/site-packages/airflow/example_dags/example_trigger_target_dag.py
[2024-06-14T14:18:41.016+0000] {logging_mixin.py:188} INFO - [2024-06-14T14:18:41.016+0000] {dag.py:3096} INFO - Sync 1 DAGs
[2024-06-14T14:18:41.029+0000] {logging_mixin.py:188} INFO - [2024-06-14T14:18:41.028+0000] {dag.py:3954} INFO - Setting next_dagrun for example_trigger_target_dag to None, run_after=None
[2024-06-14T14:18:41.049+0000] {processor.py:183} INFO - Processing /home/airflow/.local/lib/python3.12/site-packages/airflow/example_dags/example_trigger_target_dag.py took 0.065 seconds
[2024-06-14T14:19:11.105+0000] {processor.py:161} INFO - Started process (PID=786) to work on /home/airflow/.local/lib/python3.12/site-packages/airflow/example_dags/example_trigger_target_dag.py
[2024-06-14T14:19:11.106+0000] {processor.py:830} INFO - Processing file /home/airflow/.local/lib/python3.12/site-packages/airflow/example_dags/example_trigger_target_dag.py for tasks to queue
[2024-06-14T14:19:11.108+0000] {logging_mixin.py:188} INFO - [2024-06-14T14:19:11.107+0000] {dagbag.py:545} INFO - Filling up the DagBag from /home/airflow/.local/lib/python3.12/site-packages/airflow/example_dags/example_trigger_target_dag.py
[2024-06-14T14:19:11.112+0000] {processor.py:840} INFO - DAG(s) 'example_trigger_target_dag' retrieved from /home/airflow/.local/lib/python3.12/site-packages/airflow/example_dags/example_trigger_target_dag.py
[2024-06-14T14:19:11.130+0000] {logging_mixin.py:188} INFO - [2024-06-14T14:19:11.129+0000] {dag.py:3096} INFO - Sync 1 DAGs
[2024-06-14T14:19:11.146+0000] {logging_mixin.py:188} INFO - [2024-06-14T14:19:11.146+0000] {dag.py:3954} INFO - Setting next_dagrun for example_trigger_target_dag to None, run_after=None
[2024-06-14T14:19:11.169+0000] {processor.py:183} INFO - Processing /home/airflow/.local/lib/python3.12/site-packages/airflow/example_dags/example_trigger_target_dag.py took 0.069 seconds
