[2024-06-14T14:13:03.998+0000] {processor.py:161} INFO - Started process (PID=48) to work on /home/airflow/.local/lib/python3.12/site-packages/airflow/example_dags/example_branch_python_dop_operator_3.py
[2024-06-14T14:13:03.999+0000] {processor.py:830} INFO - Processing file /home/airflow/.local/lib/python3.12/site-packages/airflow/example_dags/example_branch_python_dop_operator_3.py for tasks to queue
[2024-06-14T14:13:04.002+0000] {logging_mixin.py:188} INFO - [2024-06-14T14:13:04.001+0000] {dagbag.py:545} INFO - Filling up the DagBag from /home/airflow/.local/lib/python3.12/site-packages/airflow/example_dags/example_branch_python_dop_operator_3.py
[2024-06-14T14:13:04.023+0000] {processor.py:840} INFO - DAG(s) 'example_branch_dop_operator_v3' retrieved from /home/airflow/.local/lib/python3.12/site-packages/airflow/example_dags/example_branch_python_dop_operator_3.py
[2024-06-14T14:13:04.037+0000] {logging_mixin.py:188} INFO - [2024-06-14T14:13:04.036+0000] {dag.py:3096} INFO - Sync 1 DAGs
[2024-06-14T14:13:04.070+0000] {logging_mixin.py:188} INFO - [2024-06-14T14:13:04.070+0000] {dag.py:3954} INFO - Setting next_dagrun for example_branch_dop_operator_v3 to 2024-06-14 14:12:00+00:00, run_after=2024-06-14 14:13:00+00:00
[2024-06-14T14:13:04.090+0000] {processor.py:183} INFO - Processing /home/airflow/.local/lib/python3.12/site-packages/airflow/example_dags/example_branch_python_dop_operator_3.py took 0.099 seconds
[2024-06-14T14:13:34.566+0000] {processor.py:161} INFO - Started process (PID=111) to work on /home/airflow/.local/lib/python3.12/site-packages/airflow/example_dags/example_branch_python_dop_operator_3.py
[2024-06-14T14:13:34.567+0000] {processor.py:830} INFO - Processing file /home/airflow/.local/lib/python3.12/site-packages/airflow/example_dags/example_branch_python_dop_operator_3.py for tasks to queue
[2024-06-14T14:13:34.569+0000] {logging_mixin.py:188} INFO - [2024-06-14T14:13:34.568+0000] {dagbag.py:545} INFO - Filling up the DagBag from /home/airflow/.local/lib/python3.12/site-packages/airflow/example_dags/example_branch_python_dop_operator_3.py
[2024-06-14T14:13:34.576+0000] {processor.py:840} INFO - DAG(s) 'example_branch_dop_operator_v3' retrieved from /home/airflow/.local/lib/python3.12/site-packages/airflow/example_dags/example_branch_python_dop_operator_3.py
[2024-06-14T14:13:34.670+0000] {logging_mixin.py:188} INFO - [2024-06-14T14:13:34.670+0000] {dag.py:3096} INFO - Sync 1 DAGs
[2024-06-14T14:13:34.691+0000] {logging_mixin.py:188} INFO - [2024-06-14T14:13:34.691+0000] {dag.py:3954} INFO - Setting next_dagrun for example_branch_dop_operator_v3 to 2024-06-14 14:12:00+00:00, run_after=2024-06-14 14:13:00+00:00
[2024-06-14T14:13:34.709+0000] {processor.py:183} INFO - Processing /home/airflow/.local/lib/python3.12/site-packages/airflow/example_dags/example_branch_python_dop_operator_3.py took 0.148 seconds
[2024-06-14T14:14:05.472+0000] {processor.py:161} INFO - Started process (PID=170) to work on /home/airflow/.local/lib/python3.12/site-packages/airflow/example_dags/example_branch_python_dop_operator_3.py
[2024-06-14T14:14:05.473+0000] {processor.py:830} INFO - Processing file /home/airflow/.local/lib/python3.12/site-packages/airflow/example_dags/example_branch_python_dop_operator_3.py for tasks to queue
[2024-06-14T14:14:05.474+0000] {logging_mixin.py:188} INFO - [2024-06-14T14:14:05.474+0000] {dagbag.py:545} INFO - Filling up the DagBag from /home/airflow/.local/lib/python3.12/site-packages/airflow/example_dags/example_branch_python_dop_operator_3.py
[2024-06-14T14:14:05.482+0000] {processor.py:840} INFO - DAG(s) 'example_branch_dop_operator_v3' retrieved from /home/airflow/.local/lib/python3.12/site-packages/airflow/example_dags/example_branch_python_dop_operator_3.py
[2024-06-14T14:14:05.500+0000] {logging_mixin.py:188} INFO - [2024-06-14T14:14:05.500+0000] {dag.py:3096} INFO - Sync 1 DAGs
[2024-06-14T14:14:05.523+0000] {logging_mixin.py:188} INFO - [2024-06-14T14:14:05.523+0000] {dag.py:3954} INFO - Setting next_dagrun for example_branch_dop_operator_v3 to 2024-06-14 14:13:00+00:00, run_after=2024-06-14 14:14:00+00:00
[2024-06-14T14:14:05.540+0000] {processor.py:183} INFO - Processing /home/airflow/.local/lib/python3.12/site-packages/airflow/example_dags/example_branch_python_dop_operator_3.py took 0.073 seconds
[2024-06-14T14:14:36.512+0000] {processor.py:161} INFO - Started process (PID=229) to work on /home/airflow/.local/lib/python3.12/site-packages/airflow/example_dags/example_branch_python_dop_operator_3.py
[2024-06-14T14:14:36.513+0000] {processor.py:830} INFO - Processing file /home/airflow/.local/lib/python3.12/site-packages/airflow/example_dags/example_branch_python_dop_operator_3.py for tasks to queue
[2024-06-14T14:14:36.514+0000] {logging_mixin.py:188} INFO - [2024-06-14T14:14:36.514+0000] {dagbag.py:545} INFO - Filling up the DagBag from /home/airflow/.local/lib/python3.12/site-packages/airflow/example_dags/example_branch_python_dop_operator_3.py
[2024-06-14T14:14:36.522+0000] {processor.py:840} INFO - DAG(s) 'example_branch_dop_operator_v3' retrieved from /home/airflow/.local/lib/python3.12/site-packages/airflow/example_dags/example_branch_python_dop_operator_3.py
[2024-06-14T14:14:36.539+0000] {logging_mixin.py:188} INFO - [2024-06-14T14:14:36.539+0000] {dag.py:3096} INFO - Sync 1 DAGs
[2024-06-14T14:14:36.565+0000] {logging_mixin.py:188} INFO - [2024-06-14T14:14:36.565+0000] {dag.py:3954} INFO - Setting next_dagrun for example_branch_dop_operator_v3 to 2024-06-14 14:13:00+00:00, run_after=2024-06-14 14:14:00+00:00
[2024-06-14T14:14:36.582+0000] {processor.py:183} INFO - Processing /home/airflow/.local/lib/python3.12/site-packages/airflow/example_dags/example_branch_python_dop_operator_3.py took 0.075 seconds
[2024-06-14T14:15:06.678+0000] {processor.py:161} INFO - Started process (PID=288) to work on /home/airflow/.local/lib/python3.12/site-packages/airflow/example_dags/example_branch_python_dop_operator_3.py
[2024-06-14T14:15:06.679+0000] {processor.py:830} INFO - Processing file /home/airflow/.local/lib/python3.12/site-packages/airflow/example_dags/example_branch_python_dop_operator_3.py for tasks to queue
[2024-06-14T14:15:06.681+0000] {logging_mixin.py:188} INFO - [2024-06-14T14:15:06.680+0000] {dagbag.py:545} INFO - Filling up the DagBag from /home/airflow/.local/lib/python3.12/site-packages/airflow/example_dags/example_branch_python_dop_operator_3.py
[2024-06-14T14:15:06.689+0000] {processor.py:840} INFO - DAG(s) 'example_branch_dop_operator_v3' retrieved from /home/airflow/.local/lib/python3.12/site-packages/airflow/example_dags/example_branch_python_dop_operator_3.py
[2024-06-14T14:15:06.707+0000] {logging_mixin.py:188} INFO - [2024-06-14T14:15:06.707+0000] {dag.py:3096} INFO - Sync 1 DAGs
[2024-06-14T14:15:06.730+0000] {logging_mixin.py:188} INFO - [2024-06-14T14:15:06.730+0000] {dag.py:3954} INFO - Setting next_dagrun for example_branch_dop_operator_v3 to 2024-06-14 14:14:00+00:00, run_after=2024-06-14 14:15:00+00:00
[2024-06-14T14:15:06.748+0000] {processor.py:183} INFO - Processing /home/airflow/.local/lib/python3.12/site-packages/airflow/example_dags/example_branch_python_dop_operator_3.py took 0.074 seconds
[2024-06-14T14:15:36.826+0000] {processor.py:161} INFO - Started process (PID=347) to work on /home/airflow/.local/lib/python3.12/site-packages/airflow/example_dags/example_branch_python_dop_operator_3.py
[2024-06-14T14:15:36.826+0000] {processor.py:830} INFO - Processing file /home/airflow/.local/lib/python3.12/site-packages/airflow/example_dags/example_branch_python_dop_operator_3.py for tasks to queue
[2024-06-14T14:15:36.828+0000] {logging_mixin.py:188} INFO - [2024-06-14T14:15:36.828+0000] {dagbag.py:545} INFO - Filling up the DagBag from /home/airflow/.local/lib/python3.12/site-packages/airflow/example_dags/example_branch_python_dop_operator_3.py
[2024-06-14T14:15:36.836+0000] {processor.py:840} INFO - DAG(s) 'example_branch_dop_operator_v3' retrieved from /home/airflow/.local/lib/python3.12/site-packages/airflow/example_dags/example_branch_python_dop_operator_3.py
[2024-06-14T14:15:36.854+0000] {logging_mixin.py:188} INFO - [2024-06-14T14:15:36.853+0000] {dag.py:3096} INFO - Sync 1 DAGs
[2024-06-14T14:15:36.876+0000] {logging_mixin.py:188} INFO - [2024-06-14T14:15:36.876+0000] {dag.py:3954} INFO - Setting next_dagrun for example_branch_dop_operator_v3 to 2024-06-14 14:14:00+00:00, run_after=2024-06-14 14:15:00+00:00
[2024-06-14T14:15:36.893+0000] {processor.py:183} INFO - Processing /home/airflow/.local/lib/python3.12/site-packages/airflow/example_dags/example_branch_python_dop_operator_3.py took 0.073 seconds
[2024-06-14T14:16:07.163+0000] {processor.py:161} INFO - Started process (PID=406) to work on /home/airflow/.local/lib/python3.12/site-packages/airflow/example_dags/example_branch_python_dop_operator_3.py
[2024-06-14T14:16:07.164+0000] {processor.py:830} INFO - Processing file /home/airflow/.local/lib/python3.12/site-packages/airflow/example_dags/example_branch_python_dop_operator_3.py for tasks to queue
[2024-06-14T14:16:07.166+0000] {logging_mixin.py:188} INFO - [2024-06-14T14:16:07.166+0000] {dagbag.py:545} INFO - Filling up the DagBag from /home/airflow/.local/lib/python3.12/site-packages/airflow/example_dags/example_branch_python_dop_operator_3.py
[2024-06-14T14:16:07.174+0000] {processor.py:840} INFO - DAG(s) 'example_branch_dop_operator_v3' retrieved from /home/airflow/.local/lib/python3.12/site-packages/airflow/example_dags/example_branch_python_dop_operator_3.py
[2024-06-14T14:16:07.192+0000] {logging_mixin.py:188} INFO - [2024-06-14T14:16:07.192+0000] {dag.py:3096} INFO - Sync 1 DAGs
[2024-06-14T14:16:07.215+0000] {logging_mixin.py:188} INFO - [2024-06-14T14:16:07.214+0000] {dag.py:3954} INFO - Setting next_dagrun for example_branch_dop_operator_v3 to 2024-06-14 14:15:00+00:00, run_after=2024-06-14 14:16:00+00:00
[2024-06-14T14:16:07.232+0000] {processor.py:183} INFO - Processing /home/airflow/.local/lib/python3.12/site-packages/airflow/example_dags/example_branch_python_dop_operator_3.py took 0.075 seconds
[2024-06-14T14:16:37.405+0000] {processor.py:161} INFO - Started process (PID=465) to work on /home/airflow/.local/lib/python3.12/site-packages/airflow/example_dags/example_branch_python_dop_operator_3.py
[2024-06-14T14:16:37.406+0000] {processor.py:830} INFO - Processing file /home/airflow/.local/lib/python3.12/site-packages/airflow/example_dags/example_branch_python_dop_operator_3.py for tasks to queue
[2024-06-14T14:16:37.408+0000] {logging_mixin.py:188} INFO - [2024-06-14T14:16:37.408+0000] {dagbag.py:545} INFO - Filling up the DagBag from /home/airflow/.local/lib/python3.12/site-packages/airflow/example_dags/example_branch_python_dop_operator_3.py
[2024-06-14T14:16:37.418+0000] {processor.py:840} INFO - DAG(s) 'example_branch_dop_operator_v3' retrieved from /home/airflow/.local/lib/python3.12/site-packages/airflow/example_dags/example_branch_python_dop_operator_3.py
[2024-06-14T14:16:37.436+0000] {logging_mixin.py:188} INFO - [2024-06-14T14:16:37.436+0000] {dag.py:3096} INFO - Sync 1 DAGs
[2024-06-14T14:16:37.459+0000] {logging_mixin.py:188} INFO - [2024-06-14T14:16:37.459+0000] {dag.py:3954} INFO - Setting next_dagrun for example_branch_dop_operator_v3 to 2024-06-14 14:15:00+00:00, run_after=2024-06-14 14:16:00+00:00
[2024-06-14T14:16:37.483+0000] {processor.py:183} INFO - Processing /home/airflow/.local/lib/python3.12/site-packages/airflow/example_dags/example_branch_python_dop_operator_3.py took 0.082 seconds
[2024-06-14T14:17:07.721+0000] {processor.py:161} INFO - Started process (PID=524) to work on /home/airflow/.local/lib/python3.12/site-packages/airflow/example_dags/example_branch_python_dop_operator_3.py
[2024-06-14T14:17:07.722+0000] {processor.py:830} INFO - Processing file /home/airflow/.local/lib/python3.12/site-packages/airflow/example_dags/example_branch_python_dop_operator_3.py for tasks to queue
[2024-06-14T14:17:07.724+0000] {logging_mixin.py:188} INFO - [2024-06-14T14:17:07.723+0000] {dagbag.py:545} INFO - Filling up the DagBag from /home/airflow/.local/lib/python3.12/site-packages/airflow/example_dags/example_branch_python_dop_operator_3.py
[2024-06-14T14:17:07.733+0000] {processor.py:840} INFO - DAG(s) 'example_branch_dop_operator_v3' retrieved from /home/airflow/.local/lib/python3.12/site-packages/airflow/example_dags/example_branch_python_dop_operator_3.py
[2024-06-14T14:17:07.751+0000] {logging_mixin.py:188} INFO - [2024-06-14T14:17:07.751+0000] {dag.py:3096} INFO - Sync 1 DAGs
[2024-06-14T14:17:07.773+0000] {logging_mixin.py:188} INFO - [2024-06-14T14:17:07.773+0000] {dag.py:3954} INFO - Setting next_dagrun for example_branch_dop_operator_v3 to 2024-06-14 14:16:00+00:00, run_after=2024-06-14 14:17:00+00:00
[2024-06-14T14:17:07.791+0000] {processor.py:183} INFO - Processing /home/airflow/.local/lib/python3.12/site-packages/airflow/example_dags/example_branch_python_dop_operator_3.py took 0.076 seconds
[2024-06-14T14:17:37.937+0000] {processor.py:161} INFO - Started process (PID=582) to work on /home/airflow/.local/lib/python3.12/site-packages/airflow/example_dags/example_branch_python_dop_operator_3.py
[2024-06-14T14:17:37.938+0000] {processor.py:830} INFO - Processing file /home/airflow/.local/lib/python3.12/site-packages/airflow/example_dags/example_branch_python_dop_operator_3.py for tasks to queue
[2024-06-14T14:17:37.939+0000] {logging_mixin.py:188} INFO - [2024-06-14T14:17:37.939+0000] {dagbag.py:545} INFO - Filling up the DagBag from /home/airflow/.local/lib/python3.12/site-packages/airflow/example_dags/example_branch_python_dop_operator_3.py
[2024-06-14T14:17:37.948+0000] {processor.py:840} INFO - DAG(s) 'example_branch_dop_operator_v3' retrieved from /home/airflow/.local/lib/python3.12/site-packages/airflow/example_dags/example_branch_python_dop_operator_3.py
[2024-06-14T14:17:37.968+0000] {logging_mixin.py:188} INFO - [2024-06-14T14:17:37.967+0000] {dag.py:3096} INFO - Sync 1 DAGs
[2024-06-14T14:17:37.997+0000] {logging_mixin.py:188} INFO - [2024-06-14T14:17:37.997+0000] {dag.py:3954} INFO - Setting next_dagrun for example_branch_dop_operator_v3 to 2024-06-14 14:16:00+00:00, run_after=2024-06-14 14:17:00+00:00
[2024-06-14T14:17:38.015+0000] {processor.py:183} INFO - Processing /home/airflow/.local/lib/python3.12/site-packages/airflow/example_dags/example_branch_python_dop_operator_3.py took 0.083 seconds
[2024-06-14T14:18:08.212+0000] {processor.py:161} INFO - Started process (PID=641) to work on /home/airflow/.local/lib/python3.12/site-packages/airflow/example_dags/example_branch_python_dop_operator_3.py
[2024-06-14T14:18:08.213+0000] {processor.py:830} INFO - Processing file /home/airflow/.local/lib/python3.12/site-packages/airflow/example_dags/example_branch_python_dop_operator_3.py for tasks to queue
[2024-06-14T14:18:08.214+0000] {logging_mixin.py:188} INFO - [2024-06-14T14:18:08.214+0000] {dagbag.py:545} INFO - Filling up the DagBag from /home/airflow/.local/lib/python3.12/site-packages/airflow/example_dags/example_branch_python_dop_operator_3.py
[2024-06-14T14:18:08.222+0000] {processor.py:840} INFO - DAG(s) 'example_branch_dop_operator_v3' retrieved from /home/airflow/.local/lib/python3.12/site-packages/airflow/example_dags/example_branch_python_dop_operator_3.py
[2024-06-14T14:18:08.240+0000] {logging_mixin.py:188} INFO - [2024-06-14T14:18:08.239+0000] {dag.py:3096} INFO - Sync 1 DAGs
[2024-06-14T14:18:08.264+0000] {logging_mixin.py:188} INFO - [2024-06-14T14:18:08.264+0000] {dag.py:3954} INFO - Setting next_dagrun for example_branch_dop_operator_v3 to 2024-06-14 14:17:00+00:00, run_after=2024-06-14 14:18:00+00:00
[2024-06-14T14:18:08.281+0000] {processor.py:183} INFO - Processing /home/airflow/.local/lib/python3.12/site-packages/airflow/example_dags/example_branch_python_dop_operator_3.py took 0.074 seconds
[2024-06-14T14:18:38.618+0000] {processor.py:161} INFO - Started process (PID=700) to work on /home/airflow/.local/lib/python3.12/site-packages/airflow/example_dags/example_branch_python_dop_operator_3.py
[2024-06-14T14:18:38.620+0000] {processor.py:830} INFO - Processing file /home/airflow/.local/lib/python3.12/site-packages/airflow/example_dags/example_branch_python_dop_operator_3.py for tasks to queue
[2024-06-14T14:18:38.622+0000] {logging_mixin.py:188} INFO - [2024-06-14T14:18:38.621+0000] {dagbag.py:545} INFO - Filling up the DagBag from /home/airflow/.local/lib/python3.12/site-packages/airflow/example_dags/example_branch_python_dop_operator_3.py
[2024-06-14T14:18:38.630+0000] {processor.py:840} INFO - DAG(s) 'example_branch_dop_operator_v3' retrieved from /home/airflow/.local/lib/python3.12/site-packages/airflow/example_dags/example_branch_python_dop_operator_3.py
[2024-06-14T14:18:38.649+0000] {logging_mixin.py:188} INFO - [2024-06-14T14:18:38.649+0000] {dag.py:3096} INFO - Sync 1 DAGs
[2024-06-14T14:18:38.673+0000] {logging_mixin.py:188} INFO - [2024-06-14T14:18:38.673+0000] {dag.py:3954} INFO - Setting next_dagrun for example_branch_dop_operator_v3 to 2024-06-14 14:17:00+00:00, run_after=2024-06-14 14:18:00+00:00
[2024-06-14T14:18:38.691+0000] {processor.py:183} INFO - Processing /home/airflow/.local/lib/python3.12/site-packages/airflow/example_dags/example_branch_python_dop_operator_3.py took 0.079 seconds
[2024-06-14T14:19:08.746+0000] {processor.py:161} INFO - Started process (PID=759) to work on /home/airflow/.local/lib/python3.12/site-packages/airflow/example_dags/example_branch_python_dop_operator_3.py
[2024-06-14T14:19:08.747+0000] {processor.py:830} INFO - Processing file /home/airflow/.local/lib/python3.12/site-packages/airflow/example_dags/example_branch_python_dop_operator_3.py for tasks to queue
[2024-06-14T14:19:08.749+0000] {logging_mixin.py:188} INFO - [2024-06-14T14:19:08.749+0000] {dagbag.py:545} INFO - Filling up the DagBag from /home/airflow/.local/lib/python3.12/site-packages/airflow/example_dags/example_branch_python_dop_operator_3.py
[2024-06-14T14:19:08.757+0000] {processor.py:840} INFO - DAG(s) 'example_branch_dop_operator_v3' retrieved from /home/airflow/.local/lib/python3.12/site-packages/airflow/example_dags/example_branch_python_dop_operator_3.py
[2024-06-14T14:19:08.777+0000] {logging_mixin.py:188} INFO - [2024-06-14T14:19:08.776+0000] {dag.py:3096} INFO - Sync 1 DAGs
[2024-06-14T14:19:08.799+0000] {logging_mixin.py:188} INFO - [2024-06-14T14:19:08.799+0000] {dag.py:3954} INFO - Setting next_dagrun for example_branch_dop_operator_v3 to 2024-06-14 14:18:00+00:00, run_after=2024-06-14 14:19:00+00:00
[2024-06-14T14:19:08.818+0000] {processor.py:183} INFO - Processing /home/airflow/.local/lib/python3.12/site-packages/airflow/example_dags/example_branch_python_dop_operator_3.py took 0.077 seconds
