[2024-06-14T14:13:03.707+0000] {processor.py:161} INFO - Started process (PID=44) to work on /home/airflow/.local/lib/python3.12/site-packages/airflow/example_dags/example_task_group.py
[2024-06-14T14:13:03.707+0000] {processor.py:830} INFO - Processing file /home/airflow/.local/lib/python3.12/site-packages/airflow/example_dags/example_task_group.py for tasks to queue
[2024-06-14T14:13:03.709+0000] {logging_mixin.py:188} INFO - [2024-06-14T14:13:03.709+0000] {dagbag.py:545} INFO - Filling up the DagBag from /home/airflow/.local/lib/python3.12/site-packages/airflow/example_dags/example_task_group.py
[2024-06-14T14:13:03.720+0000] {processor.py:840} INFO - DAG(s) 'example_task_group' retrieved from /home/airflow/.local/lib/python3.12/site-packages/airflow/example_dags/example_task_group.py
[2024-06-14T14:13:03.731+0000] {logging_mixin.py:188} INFO - [2024-06-14T14:13:03.730+0000] {dag.py:3096} INFO - Sync 1 DAGs
[2024-06-14T14:13:03.754+0000] {logging_mixin.py:188} INFO - [2024-06-14T14:13:03.754+0000] {dag.py:3954} INFO - Setting next_dagrun for example_task_group to 2024-06-13 00:00:00+00:00, run_after=2024-06-14 00:00:00+00:00
[2024-06-14T14:13:03.780+0000] {processor.py:183} INFO - Processing /home/airflow/.local/lib/python3.12/site-packages/airflow/example_dags/example_task_group.py took 0.079 seconds
[2024-06-14T14:13:34.223+0000] {processor.py:161} INFO - Started process (PID=107) to work on /home/airflow/.local/lib/python3.12/site-packages/airflow/example_dags/example_task_group.py
[2024-06-14T14:13:34.224+0000] {processor.py:830} INFO - Processing file /home/airflow/.local/lib/python3.12/site-packages/airflow/example_dags/example_task_group.py for tasks to queue
[2024-06-14T14:13:34.226+0000] {logging_mixin.py:188} INFO - [2024-06-14T14:13:34.225+0000] {dagbag.py:545} INFO - Filling up the DagBag from /home/airflow/.local/lib/python3.12/site-packages/airflow/example_dags/example_task_group.py
[2024-06-14T14:13:34.231+0000] {processor.py:840} INFO - DAG(s) 'example_task_group' retrieved from /home/airflow/.local/lib/python3.12/site-packages/airflow/example_dags/example_task_group.py
[2024-06-14T14:13:34.338+0000] {logging_mixin.py:188} INFO - [2024-06-14T14:13:34.337+0000] {dag.py:3096} INFO - Sync 1 DAGs
[2024-06-14T14:13:34.362+0000] {logging_mixin.py:188} INFO - [2024-06-14T14:13:34.362+0000] {dag.py:3954} INFO - Setting next_dagrun for example_task_group to 2024-06-13 00:00:00+00:00, run_after=2024-06-14 00:00:00+00:00
[2024-06-14T14:13:34.383+0000] {processor.py:183} INFO - Processing /home/airflow/.local/lib/python3.12/site-packages/airflow/example_dags/example_task_group.py took 0.165 seconds
[2024-06-14T14:14:05.315+0000] {processor.py:161} INFO - Started process (PID=166) to work on /home/airflow/.local/lib/python3.12/site-packages/airflow/example_dags/example_task_group.py
[2024-06-14T14:14:05.315+0000] {processor.py:830} INFO - Processing file /home/airflow/.local/lib/python3.12/site-packages/airflow/example_dags/example_task_group.py for tasks to queue
[2024-06-14T14:14:05.317+0000] {logging_mixin.py:188} INFO - [2024-06-14T14:14:05.317+0000] {dagbag.py:545} INFO - Filling up the DagBag from /home/airflow/.local/lib/python3.12/site-packages/airflow/example_dags/example_task_group.py
[2024-06-14T14:14:05.323+0000] {processor.py:840} INFO - DAG(s) 'example_task_group' retrieved from /home/airflow/.local/lib/python3.12/site-packages/airflow/example_dags/example_task_group.py
[2024-06-14T14:14:05.342+0000] {logging_mixin.py:188} INFO - [2024-06-14T14:14:05.341+0000] {dag.py:3096} INFO - Sync 1 DAGs
[2024-06-14T14:14:05.362+0000] {logging_mixin.py:188} INFO - [2024-06-14T14:14:05.362+0000] {dag.py:3954} INFO - Setting next_dagrun for example_task_group to 2024-06-13 00:00:00+00:00, run_after=2024-06-14 00:00:00+00:00
[2024-06-14T14:14:05.380+0000] {processor.py:183} INFO - Processing /home/airflow/.local/lib/python3.12/site-packages/airflow/example_dags/example_task_group.py took 0.070 seconds
[2024-06-14T14:14:36.353+0000] {processor.py:161} INFO - Started process (PID=225) to work on /home/airflow/.local/lib/python3.12/site-packages/airflow/example_dags/example_task_group.py
[2024-06-14T14:14:36.354+0000] {processor.py:830} INFO - Processing file /home/airflow/.local/lib/python3.12/site-packages/airflow/example_dags/example_task_group.py for tasks to queue
[2024-06-14T14:14:36.356+0000] {logging_mixin.py:188} INFO - [2024-06-14T14:14:36.356+0000] {dagbag.py:545} INFO - Filling up the DagBag from /home/airflow/.local/lib/python3.12/site-packages/airflow/example_dags/example_task_group.py
[2024-06-14T14:14:36.362+0000] {processor.py:840} INFO - DAG(s) 'example_task_group' retrieved from /home/airflow/.local/lib/python3.12/site-packages/airflow/example_dags/example_task_group.py
[2024-06-14T14:14:36.380+0000] {logging_mixin.py:188} INFO - [2024-06-14T14:14:36.380+0000] {dag.py:3096} INFO - Sync 1 DAGs
[2024-06-14T14:14:36.399+0000] {logging_mixin.py:188} INFO - [2024-06-14T14:14:36.399+0000] {dag.py:3954} INFO - Setting next_dagrun for example_task_group to 2024-06-13 00:00:00+00:00, run_after=2024-06-14 00:00:00+00:00
[2024-06-14T14:14:36.415+0000] {processor.py:183} INFO - Processing /home/airflow/.local/lib/python3.12/site-packages/airflow/example_dags/example_task_group.py took 0.067 seconds
[2024-06-14T14:15:06.519+0000] {processor.py:161} INFO - Started process (PID=284) to work on /home/airflow/.local/lib/python3.12/site-packages/airflow/example_dags/example_task_group.py
[2024-06-14T14:15:06.520+0000] {processor.py:830} INFO - Processing file /home/airflow/.local/lib/python3.12/site-packages/airflow/example_dags/example_task_group.py for tasks to queue
[2024-06-14T14:15:06.522+0000] {logging_mixin.py:188} INFO - [2024-06-14T14:15:06.521+0000] {dagbag.py:545} INFO - Filling up the DagBag from /home/airflow/.local/lib/python3.12/site-packages/airflow/example_dags/example_task_group.py
[2024-06-14T14:15:06.528+0000] {processor.py:840} INFO - DAG(s) 'example_task_group' retrieved from /home/airflow/.local/lib/python3.12/site-packages/airflow/example_dags/example_task_group.py
[2024-06-14T14:15:06.546+0000] {logging_mixin.py:188} INFO - [2024-06-14T14:15:06.546+0000] {dag.py:3096} INFO - Sync 1 DAGs
[2024-06-14T14:15:06.566+0000] {logging_mixin.py:188} INFO - [2024-06-14T14:15:06.566+0000] {dag.py:3954} INFO - Setting next_dagrun for example_task_group to 2024-06-13 00:00:00+00:00, run_after=2024-06-14 00:00:00+00:00
[2024-06-14T14:15:06.584+0000] {processor.py:183} INFO - Processing /home/airflow/.local/lib/python3.12/site-packages/airflow/example_dags/example_task_group.py took 0.070 seconds
[2024-06-14T14:15:36.656+0000] {processor.py:161} INFO - Started process (PID=343) to work on /home/airflow/.local/lib/python3.12/site-packages/airflow/example_dags/example_task_group.py
[2024-06-14T14:15:36.657+0000] {processor.py:830} INFO - Processing file /home/airflow/.local/lib/python3.12/site-packages/airflow/example_dags/example_task_group.py for tasks to queue
[2024-06-14T14:15:36.659+0000] {logging_mixin.py:188} INFO - [2024-06-14T14:15:36.659+0000] {dagbag.py:545} INFO - Filling up the DagBag from /home/airflow/.local/lib/python3.12/site-packages/airflow/example_dags/example_task_group.py
[2024-06-14T14:15:36.665+0000] {processor.py:840} INFO - DAG(s) 'example_task_group' retrieved from /home/airflow/.local/lib/python3.12/site-packages/airflow/example_dags/example_task_group.py
[2024-06-14T14:15:36.684+0000] {logging_mixin.py:188} INFO - [2024-06-14T14:15:36.683+0000] {dag.py:3096} INFO - Sync 1 DAGs
[2024-06-14T14:15:36.704+0000] {logging_mixin.py:188} INFO - [2024-06-14T14:15:36.704+0000] {dag.py:3954} INFO - Setting next_dagrun for example_task_group to 2024-06-13 00:00:00+00:00, run_after=2024-06-14 00:00:00+00:00
[2024-06-14T14:15:36.725+0000] {processor.py:183} INFO - Processing /home/airflow/.local/lib/python3.12/site-packages/airflow/example_dags/example_task_group.py took 0.074 seconds
[2024-06-14T14:16:06.971+0000] {processor.py:161} INFO - Started process (PID=402) to work on /home/airflow/.local/lib/python3.12/site-packages/airflow/example_dags/example_task_group.py
[2024-06-14T14:16:06.972+0000] {processor.py:830} INFO - Processing file /home/airflow/.local/lib/python3.12/site-packages/airflow/example_dags/example_task_group.py for tasks to queue
[2024-06-14T14:16:06.973+0000] {logging_mixin.py:188} INFO - [2024-06-14T14:16:06.973+0000] {dagbag.py:545} INFO - Filling up the DagBag from /home/airflow/.local/lib/python3.12/site-packages/airflow/example_dags/example_task_group.py
[2024-06-14T14:16:06.979+0000] {processor.py:840} INFO - DAG(s) 'example_task_group' retrieved from /home/airflow/.local/lib/python3.12/site-packages/airflow/example_dags/example_task_group.py
[2024-06-14T14:16:07.006+0000] {logging_mixin.py:188} INFO - [2024-06-14T14:16:07.006+0000] {dag.py:3096} INFO - Sync 1 DAGs
[2024-06-14T14:16:07.028+0000] {logging_mixin.py:188} INFO - [2024-06-14T14:16:07.028+0000] {dag.py:3954} INFO - Setting next_dagrun for example_task_group to 2024-06-13 00:00:00+00:00, run_after=2024-06-14 00:00:00+00:00
[2024-06-14T14:16:07.046+0000] {processor.py:183} INFO - Processing /home/airflow/.local/lib/python3.12/site-packages/airflow/example_dags/example_task_group.py took 0.081 seconds
[2024-06-14T14:16:37.237+0000] {processor.py:161} INFO - Started process (PID=461) to work on /home/airflow/.local/lib/python3.12/site-packages/airflow/example_dags/example_task_group.py
[2024-06-14T14:16:37.238+0000] {processor.py:830} INFO - Processing file /home/airflow/.local/lib/python3.12/site-packages/airflow/example_dags/example_task_group.py for tasks to queue
[2024-06-14T14:16:37.239+0000] {logging_mixin.py:188} INFO - [2024-06-14T14:16:37.239+0000] {dagbag.py:545} INFO - Filling up the DagBag from /home/airflow/.local/lib/python3.12/site-packages/airflow/example_dags/example_task_group.py
[2024-06-14T14:16:37.246+0000] {processor.py:840} INFO - DAG(s) 'example_task_group' retrieved from /home/airflow/.local/lib/python3.12/site-packages/airflow/example_dags/example_task_group.py
[2024-06-14T14:16:37.269+0000] {logging_mixin.py:188} INFO - [2024-06-14T14:16:37.269+0000] {dag.py:3096} INFO - Sync 1 DAGs
[2024-06-14T14:16:37.288+0000] {logging_mixin.py:188} INFO - [2024-06-14T14:16:37.288+0000] {dag.py:3954} INFO - Setting next_dagrun for example_task_group to 2024-06-13 00:00:00+00:00, run_after=2024-06-14 00:00:00+00:00
[2024-06-14T14:16:37.306+0000] {processor.py:183} INFO - Processing /home/airflow/.local/lib/python3.12/site-packages/airflow/example_dags/example_task_group.py took 0.075 seconds
[2024-06-14T14:17:07.560+0000] {processor.py:161} INFO - Started process (PID=520) to work on /home/airflow/.local/lib/python3.12/site-packages/airflow/example_dags/example_task_group.py
[2024-06-14T14:17:07.561+0000] {processor.py:830} INFO - Processing file /home/airflow/.local/lib/python3.12/site-packages/airflow/example_dags/example_task_group.py for tasks to queue
[2024-06-14T14:17:07.562+0000] {logging_mixin.py:188} INFO - [2024-06-14T14:17:07.562+0000] {dagbag.py:545} INFO - Filling up the DagBag from /home/airflow/.local/lib/python3.12/site-packages/airflow/example_dags/example_task_group.py
[2024-06-14T14:17:07.569+0000] {processor.py:840} INFO - DAG(s) 'example_task_group' retrieved from /home/airflow/.local/lib/python3.12/site-packages/airflow/example_dags/example_task_group.py
[2024-06-14T14:17:07.587+0000] {logging_mixin.py:188} INFO - [2024-06-14T14:17:07.587+0000] {dag.py:3096} INFO - Sync 1 DAGs
[2024-06-14T14:17:07.606+0000] {logging_mixin.py:188} INFO - [2024-06-14T14:17:07.606+0000] {dag.py:3954} INFO - Setting next_dagrun for example_task_group to 2024-06-13 00:00:00+00:00, run_after=2024-06-14 00:00:00+00:00
[2024-06-14T14:17:07.624+0000] {processor.py:183} INFO - Processing /home/airflow/.local/lib/python3.12/site-packages/airflow/example_dags/example_task_group.py took 0.068 seconds
[2024-06-14T14:17:37.757+0000] {processor.py:161} INFO - Started process (PID=578) to work on /home/airflow/.local/lib/python3.12/site-packages/airflow/example_dags/example_task_group.py
[2024-06-14T14:17:37.758+0000] {processor.py:830} INFO - Processing file /home/airflow/.local/lib/python3.12/site-packages/airflow/example_dags/example_task_group.py for tasks to queue
[2024-06-14T14:17:37.759+0000] {logging_mixin.py:188} INFO - [2024-06-14T14:17:37.759+0000] {dagbag.py:545} INFO - Filling up the DagBag from /home/airflow/.local/lib/python3.12/site-packages/airflow/example_dags/example_task_group.py
[2024-06-14T14:17:37.765+0000] {processor.py:840} INFO - DAG(s) 'example_task_group' retrieved from /home/airflow/.local/lib/python3.12/site-packages/airflow/example_dags/example_task_group.py
[2024-06-14T14:17:37.784+0000] {logging_mixin.py:188} INFO - [2024-06-14T14:17:37.784+0000] {dag.py:3096} INFO - Sync 1 DAGs
[2024-06-14T14:17:37.806+0000] {logging_mixin.py:188} INFO - [2024-06-14T14:17:37.806+0000] {dag.py:3954} INFO - Setting next_dagrun for example_task_group to 2024-06-13 00:00:00+00:00, run_after=2024-06-14 00:00:00+00:00
[2024-06-14T14:17:37.825+0000] {processor.py:183} INFO - Processing /home/airflow/.local/lib/python3.12/site-packages/airflow/example_dags/example_task_group.py took 0.073 seconds
[2024-06-14T14:18:08.053+0000] {processor.py:161} INFO - Started process (PID=637) to work on /home/airflow/.local/lib/python3.12/site-packages/airflow/example_dags/example_task_group.py
[2024-06-14T14:18:08.054+0000] {processor.py:830} INFO - Processing file /home/airflow/.local/lib/python3.12/site-packages/airflow/example_dags/example_task_group.py for tasks to queue
[2024-06-14T14:18:08.055+0000] {logging_mixin.py:188} INFO - [2024-06-14T14:18:08.055+0000] {dagbag.py:545} INFO - Filling up the DagBag from /home/airflow/.local/lib/python3.12/site-packages/airflow/example_dags/example_task_group.py
[2024-06-14T14:18:08.061+0000] {processor.py:840} INFO - DAG(s) 'example_task_group' retrieved from /home/airflow/.local/lib/python3.12/site-packages/airflow/example_dags/example_task_group.py
[2024-06-14T14:18:08.080+0000] {logging_mixin.py:188} INFO - [2024-06-14T14:18:08.080+0000] {dag.py:3096} INFO - Sync 1 DAGs
[2024-06-14T14:18:08.100+0000] {logging_mixin.py:188} INFO - [2024-06-14T14:18:08.099+0000] {dag.py:3954} INFO - Setting next_dagrun for example_task_group to 2024-06-13 00:00:00+00:00, run_after=2024-06-14 00:00:00+00:00
[2024-06-14T14:18:08.117+0000] {processor.py:183} INFO - Processing /home/airflow/.local/lib/python3.12/site-packages/airflow/example_dags/example_task_group.py took 0.068 seconds
[2024-06-14T14:18:38.430+0000] {processor.py:161} INFO - Started process (PID=696) to work on /home/airflow/.local/lib/python3.12/site-packages/airflow/example_dags/example_task_group.py
[2024-06-14T14:18:38.431+0000] {processor.py:830} INFO - Processing file /home/airflow/.local/lib/python3.12/site-packages/airflow/example_dags/example_task_group.py for tasks to queue
[2024-06-14T14:18:38.433+0000] {logging_mixin.py:188} INFO - [2024-06-14T14:18:38.432+0000] {dagbag.py:545} INFO - Filling up the DagBag from /home/airflow/.local/lib/python3.12/site-packages/airflow/example_dags/example_task_group.py
[2024-06-14T14:18:38.439+0000] {processor.py:840} INFO - DAG(s) 'example_task_group' retrieved from /home/airflow/.local/lib/python3.12/site-packages/airflow/example_dags/example_task_group.py
[2024-06-14T14:18:38.459+0000] {logging_mixin.py:188} INFO - [2024-06-14T14:18:38.459+0000] {dag.py:3096} INFO - Sync 1 DAGs
[2024-06-14T14:18:38.480+0000] {logging_mixin.py:188} INFO - [2024-06-14T14:18:38.480+0000] {dag.py:3954} INFO - Setting next_dagrun for example_task_group to 2024-06-13 00:00:00+00:00, run_after=2024-06-14 00:00:00+00:00
[2024-06-14T14:18:38.502+0000] {processor.py:183} INFO - Processing /home/airflow/.local/lib/python3.12/site-packages/airflow/example_dags/example_task_group.py took 0.078 seconds
[2024-06-14T14:19:08.587+0000] {processor.py:161} INFO - Started process (PID=755) to work on /home/airflow/.local/lib/python3.12/site-packages/airflow/example_dags/example_task_group.py
[2024-06-14T14:19:08.588+0000] {processor.py:830} INFO - Processing file /home/airflow/.local/lib/python3.12/site-packages/airflow/example_dags/example_task_group.py for tasks to queue
[2024-06-14T14:19:08.589+0000] {logging_mixin.py:188} INFO - [2024-06-14T14:19:08.589+0000] {dagbag.py:545} INFO - Filling up the DagBag from /home/airflow/.local/lib/python3.12/site-packages/airflow/example_dags/example_task_group.py
[2024-06-14T14:19:08.595+0000] {processor.py:840} INFO - DAG(s) 'example_task_group' retrieved from /home/airflow/.local/lib/python3.12/site-packages/airflow/example_dags/example_task_group.py
[2024-06-14T14:19:08.614+0000] {logging_mixin.py:188} INFO - [2024-06-14T14:19:08.613+0000] {dag.py:3096} INFO - Sync 1 DAGs
[2024-06-14T14:19:08.633+0000] {logging_mixin.py:188} INFO - [2024-06-14T14:19:08.632+0000] {dag.py:3954} INFO - Setting next_dagrun for example_task_group to 2024-06-13 00:00:00+00:00, run_after=2024-06-14 00:00:00+00:00
[2024-06-14T14:19:08.651+0000] {processor.py:183} INFO - Processing /home/airflow/.local/lib/python3.12/site-packages/airflow/example_dags/example_task_group.py took 0.070 seconds
