[2024-06-14T14:13:03.105+0000] {processor.py:161} INFO - Started process (PID=35) to work on /home/airflow/.local/lib/python3.12/site-packages/airflow/example_dags/example_setup_teardown.py
[2024-06-14T14:13:03.106+0000] {processor.py:830} INFO - Processing file /home/airflow/.local/lib/python3.12/site-packages/airflow/example_dags/example_setup_teardown.py for tasks to queue
[2024-06-14T14:13:03.107+0000] {logging_mixin.py:188} INFO - [2024-06-14T14:13:03.107+0000] {dagbag.py:545} INFO - Filling up the DagBag from /home/airflow/.local/lib/python3.12/site-packages/airflow/example_dags/example_setup_teardown.py
[2024-06-14T14:13:03.115+0000] {processor.py:840} INFO - DAG(s) 'example_setup_teardown' retrieved from /home/airflow/.local/lib/python3.12/site-packages/airflow/example_dags/example_setup_teardown.py
[2024-06-14T14:13:03.127+0000] {logging_mixin.py:188} INFO - [2024-06-14T14:13:03.126+0000] {dag.py:3096} INFO - Sync 1 DAGs
[2024-06-14T14:13:03.151+0000] {logging_mixin.py:188} INFO - [2024-06-14T14:13:03.151+0000] {dag.py:3954} INFO - Setting next_dagrun for example_setup_teardown to 2024-06-13 00:00:00+00:00, run_after=2024-06-14 00:00:00+00:00
[2024-06-14T14:13:03.171+0000] {processor.py:183} INFO - Processing /home/airflow/.local/lib/python3.12/site-packages/airflow/example_dags/example_setup_teardown.py took 0.071 seconds
[2024-06-14T14:13:33.252+0000] {processor.py:161} INFO - Started process (PID=98) to work on /home/airflow/.local/lib/python3.12/site-packages/airflow/example_dags/example_setup_teardown.py
[2024-06-14T14:13:33.254+0000] {processor.py:830} INFO - Processing file /home/airflow/.local/lib/python3.12/site-packages/airflow/example_dags/example_setup_teardown.py for tasks to queue
[2024-06-14T14:13:33.255+0000] {logging_mixin.py:188} INFO - [2024-06-14T14:13:33.255+0000] {dagbag.py:545} INFO - Filling up the DagBag from /home/airflow/.local/lib/python3.12/site-packages/airflow/example_dags/example_setup_teardown.py
[2024-06-14T14:13:33.261+0000] {processor.py:840} INFO - DAG(s) 'example_setup_teardown' retrieved from /home/airflow/.local/lib/python3.12/site-packages/airflow/example_dags/example_setup_teardown.py
[2024-06-14T14:13:33.359+0000] {logging_mixin.py:188} INFO - [2024-06-14T14:13:33.359+0000] {dag.py:3096} INFO - Sync 1 DAGs
[2024-06-14T14:13:33.377+0000] {logging_mixin.py:188} INFO - [2024-06-14T14:13:33.376+0000] {dag.py:3954} INFO - Setting next_dagrun for example_setup_teardown to 2024-06-13 00:00:00+00:00, run_after=2024-06-14 00:00:00+00:00
[2024-06-14T14:13:33.395+0000] {processor.py:183} INFO - Processing /home/airflow/.local/lib/python3.12/site-packages/airflow/example_dags/example_setup_teardown.py took 0.148 seconds
[2024-06-14T14:14:03.719+0000] {processor.py:161} INFO - Started process (PID=157) to work on /home/airflow/.local/lib/python3.12/site-packages/airflow/example_dags/example_setup_teardown.py
[2024-06-14T14:14:03.719+0000] {processor.py:830} INFO - Processing file /home/airflow/.local/lib/python3.12/site-packages/airflow/example_dags/example_setup_teardown.py for tasks to queue
[2024-06-14T14:14:03.721+0000] {logging_mixin.py:188} INFO - [2024-06-14T14:14:03.721+0000] {dagbag.py:545} INFO - Filling up the DagBag from /home/airflow/.local/lib/python3.12/site-packages/airflow/example_dags/example_setup_teardown.py
[2024-06-14T14:14:03.730+0000] {processor.py:840} INFO - DAG(s) 'example_setup_teardown' retrieved from /home/airflow/.local/lib/python3.12/site-packages/airflow/example_dags/example_setup_teardown.py
[2024-06-14T14:14:03.752+0000] {logging_mixin.py:188} INFO - [2024-06-14T14:14:03.752+0000] {dag.py:3096} INFO - Sync 1 DAGs
[2024-06-14T14:14:03.772+0000] {logging_mixin.py:188} INFO - [2024-06-14T14:14:03.772+0000] {dag.py:3954} INFO - Setting next_dagrun for example_setup_teardown to 2024-06-13 00:00:00+00:00, run_after=2024-06-14 00:00:00+00:00
[2024-06-14T14:14:03.793+0000] {processor.py:183} INFO - Processing /home/airflow/.local/lib/python3.12/site-packages/airflow/example_dags/example_setup_teardown.py took 0.081 seconds
[2024-06-14T14:14:34.813+0000] {processor.py:161} INFO - Started process (PID=216) to work on /home/airflow/.local/lib/python3.12/site-packages/airflow/example_dags/example_setup_teardown.py
[2024-06-14T14:14:34.814+0000] {processor.py:830} INFO - Processing file /home/airflow/.local/lib/python3.12/site-packages/airflow/example_dags/example_setup_teardown.py for tasks to queue
[2024-06-14T14:14:34.815+0000] {logging_mixin.py:188} INFO - [2024-06-14T14:14:34.815+0000] {dagbag.py:545} INFO - Filling up the DagBag from /home/airflow/.local/lib/python3.12/site-packages/airflow/example_dags/example_setup_teardown.py
[2024-06-14T14:14:34.822+0000] {processor.py:840} INFO - DAG(s) 'example_setup_teardown' retrieved from /home/airflow/.local/lib/python3.12/site-packages/airflow/example_dags/example_setup_teardown.py
[2024-06-14T14:14:34.838+0000] {logging_mixin.py:188} INFO - [2024-06-14T14:14:34.838+0000] {dag.py:3096} INFO - Sync 1 DAGs
[2024-06-14T14:14:34.857+0000] {logging_mixin.py:188} INFO - [2024-06-14T14:14:34.857+0000] {dag.py:3954} INFO - Setting next_dagrun for example_setup_teardown to 2024-06-13 00:00:00+00:00, run_after=2024-06-14 00:00:00+00:00
[2024-06-14T14:14:34.877+0000] {processor.py:183} INFO - Processing /home/airflow/.local/lib/python3.12/site-packages/airflow/example_dags/example_setup_teardown.py took 0.070 seconds
[2024-06-14T14:15:04.922+0000] {processor.py:161} INFO - Started process (PID=275) to work on /home/airflow/.local/lib/python3.12/site-packages/airflow/example_dags/example_setup_teardown.py
[2024-06-14T14:15:04.928+0000] {processor.py:830} INFO - Processing file /home/airflow/.local/lib/python3.12/site-packages/airflow/example_dags/example_setup_teardown.py for tasks to queue
[2024-06-14T14:15:04.933+0000] {logging_mixin.py:188} INFO - [2024-06-14T14:15:04.932+0000] {dagbag.py:545} INFO - Filling up the DagBag from /home/airflow/.local/lib/python3.12/site-packages/airflow/example_dags/example_setup_teardown.py
[2024-06-14T14:15:04.952+0000] {processor.py:840} INFO - DAG(s) 'example_setup_teardown' retrieved from /home/airflow/.local/lib/python3.12/site-packages/airflow/example_dags/example_setup_teardown.py
[2024-06-14T14:15:04.980+0000] {logging_mixin.py:188} INFO - [2024-06-14T14:15:04.980+0000] {dag.py:3096} INFO - Sync 1 DAGs
[2024-06-14T14:15:05.000+0000] {logging_mixin.py:188} INFO - [2024-06-14T14:15:04.999+0000] {dag.py:3954} INFO - Setting next_dagrun for example_setup_teardown to 2024-06-13 00:00:00+00:00, run_after=2024-06-14 00:00:00+00:00
[2024-06-14T14:15:05.020+0000] {processor.py:183} INFO - Processing /home/airflow/.local/lib/python3.12/site-packages/airflow/example_dags/example_setup_teardown.py took 0.102 seconds
[2024-06-14T14:15:35.057+0000] {processor.py:161} INFO - Started process (PID=334) to work on /home/airflow/.local/lib/python3.12/site-packages/airflow/example_dags/example_setup_teardown.py
[2024-06-14T14:15:35.058+0000] {processor.py:830} INFO - Processing file /home/airflow/.local/lib/python3.12/site-packages/airflow/example_dags/example_setup_teardown.py for tasks to queue
[2024-06-14T14:15:35.059+0000] {logging_mixin.py:188} INFO - [2024-06-14T14:15:35.059+0000] {dagbag.py:545} INFO - Filling up the DagBag from /home/airflow/.local/lib/python3.12/site-packages/airflow/example_dags/example_setup_teardown.py
[2024-06-14T14:15:35.065+0000] {processor.py:840} INFO - DAG(s) 'example_setup_teardown' retrieved from /home/airflow/.local/lib/python3.12/site-packages/airflow/example_dags/example_setup_teardown.py
[2024-06-14T14:15:35.084+0000] {logging_mixin.py:188} INFO - [2024-06-14T14:15:35.084+0000] {dag.py:3096} INFO - Sync 1 DAGs
[2024-06-14T14:15:35.105+0000] {logging_mixin.py:188} INFO - [2024-06-14T14:15:35.105+0000] {dag.py:3954} INFO - Setting next_dagrun for example_setup_teardown to 2024-06-13 00:00:00+00:00, run_after=2024-06-14 00:00:00+00:00
[2024-06-14T14:15:35.125+0000] {processor.py:183} INFO - Processing /home/airflow/.local/lib/python3.12/site-packages/airflow/example_dags/example_setup_teardown.py took 0.074 seconds
[2024-06-14T14:16:05.385+0000] {processor.py:161} INFO - Started process (PID=393) to work on /home/airflow/.local/lib/python3.12/site-packages/airflow/example_dags/example_setup_teardown.py
[2024-06-14T14:16:05.386+0000] {processor.py:830} INFO - Processing file /home/airflow/.local/lib/python3.12/site-packages/airflow/example_dags/example_setup_teardown.py for tasks to queue
[2024-06-14T14:16:05.389+0000] {logging_mixin.py:188} INFO - [2024-06-14T14:16:05.388+0000] {dagbag.py:545} INFO - Filling up the DagBag from /home/airflow/.local/lib/python3.12/site-packages/airflow/example_dags/example_setup_teardown.py
[2024-06-14T14:16:05.399+0000] {processor.py:840} INFO - DAG(s) 'example_setup_teardown' retrieved from /home/airflow/.local/lib/python3.12/site-packages/airflow/example_dags/example_setup_teardown.py
[2024-06-14T14:16:05.420+0000] {logging_mixin.py:188} INFO - [2024-06-14T14:16:05.419+0000] {dag.py:3096} INFO - Sync 1 DAGs
[2024-06-14T14:16:05.442+0000] {logging_mixin.py:188} INFO - [2024-06-14T14:16:05.442+0000] {dag.py:3954} INFO - Setting next_dagrun for example_setup_teardown to 2024-06-13 00:00:00+00:00, run_after=2024-06-14 00:00:00+00:00
[2024-06-14T14:16:05.460+0000] {processor.py:183} INFO - Processing /home/airflow/.local/lib/python3.12/site-packages/airflow/example_dags/example_setup_teardown.py took 0.085 seconds
[2024-06-14T14:16:35.641+0000] {processor.py:161} INFO - Started process (PID=452) to work on /home/airflow/.local/lib/python3.12/site-packages/airflow/example_dags/example_setup_teardown.py
[2024-06-14T14:16:35.644+0000] {processor.py:830} INFO - Processing file /home/airflow/.local/lib/python3.12/site-packages/airflow/example_dags/example_setup_teardown.py for tasks to queue
[2024-06-14T14:16:35.647+0000] {logging_mixin.py:188} INFO - [2024-06-14T14:16:35.646+0000] {dagbag.py:545} INFO - Filling up the DagBag from /home/airflow/.local/lib/python3.12/site-packages/airflow/example_dags/example_setup_teardown.py
[2024-06-14T14:16:35.659+0000] {processor.py:840} INFO - DAG(s) 'example_setup_teardown' retrieved from /home/airflow/.local/lib/python3.12/site-packages/airflow/example_dags/example_setup_teardown.py
[2024-06-14T14:16:35.682+0000] {logging_mixin.py:188} INFO - [2024-06-14T14:16:35.682+0000] {dag.py:3096} INFO - Sync 1 DAGs
[2024-06-14T14:16:35.704+0000] {logging_mixin.py:188} INFO - [2024-06-14T14:16:35.703+0000] {dag.py:3954} INFO - Setting next_dagrun for example_setup_teardown to 2024-06-13 00:00:00+00:00, run_after=2024-06-14 00:00:00+00:00
[2024-06-14T14:16:35.723+0000] {processor.py:183} INFO - Processing /home/airflow/.local/lib/python3.12/site-packages/airflow/example_dags/example_setup_teardown.py took 0.091 seconds
[2024-06-14T14:17:05.910+0000] {processor.py:161} INFO - Started process (PID=511) to work on /home/airflow/.local/lib/python3.12/site-packages/airflow/example_dags/example_setup_teardown.py
[2024-06-14T14:17:05.911+0000] {processor.py:830} INFO - Processing file /home/airflow/.local/lib/python3.12/site-packages/airflow/example_dags/example_setup_teardown.py for tasks to queue
[2024-06-14T14:17:05.913+0000] {logging_mixin.py:188} INFO - [2024-06-14T14:17:05.912+0000] {dagbag.py:545} INFO - Filling up the DagBag from /home/airflow/.local/lib/python3.12/site-packages/airflow/example_dags/example_setup_teardown.py
[2024-06-14T14:17:05.920+0000] {processor.py:840} INFO - DAG(s) 'example_setup_teardown' retrieved from /home/airflow/.local/lib/python3.12/site-packages/airflow/example_dags/example_setup_teardown.py
[2024-06-14T14:17:05.946+0000] {logging_mixin.py:188} INFO - [2024-06-14T14:17:05.946+0000] {dag.py:3096} INFO - Sync 1 DAGs
[2024-06-14T14:17:05.975+0000] {logging_mixin.py:188} INFO - [2024-06-14T14:17:05.975+0000] {dag.py:3954} INFO - Setting next_dagrun for example_setup_teardown to 2024-06-13 00:00:00+00:00, run_after=2024-06-14 00:00:00+00:00
[2024-06-14T14:17:06.001+0000] {processor.py:183} INFO - Processing /home/airflow/.local/lib/python3.12/site-packages/airflow/example_dags/example_setup_teardown.py took 0.097 seconds
[2024-06-14T14:17:36.170+0000] {processor.py:161} INFO - Started process (PID=569) to work on /home/airflow/.local/lib/python3.12/site-packages/airflow/example_dags/example_setup_teardown.py
[2024-06-14T14:17:36.171+0000] {processor.py:830} INFO - Processing file /home/airflow/.local/lib/python3.12/site-packages/airflow/example_dags/example_setup_teardown.py for tasks to queue
[2024-06-14T14:17:36.174+0000] {logging_mixin.py:188} INFO - [2024-06-14T14:17:36.173+0000] {dagbag.py:545} INFO - Filling up the DagBag from /home/airflow/.local/lib/python3.12/site-packages/airflow/example_dags/example_setup_teardown.py
[2024-06-14T14:17:36.182+0000] {processor.py:840} INFO - DAG(s) 'example_setup_teardown' retrieved from /home/airflow/.local/lib/python3.12/site-packages/airflow/example_dags/example_setup_teardown.py
[2024-06-14T14:17:36.204+0000] {logging_mixin.py:188} INFO - [2024-06-14T14:17:36.203+0000] {dag.py:3096} INFO - Sync 1 DAGs
[2024-06-14T14:17:36.223+0000] {logging_mixin.py:188} INFO - [2024-06-14T14:17:36.223+0000] {dag.py:3954} INFO - Setting next_dagrun for example_setup_teardown to 2024-06-13 00:00:00+00:00, run_after=2024-06-14 00:00:00+00:00
[2024-06-14T14:17:36.246+0000] {processor.py:183} INFO - Processing /home/airflow/.local/lib/python3.12/site-packages/airflow/example_dags/example_setup_teardown.py took 0.083 seconds
[2024-06-14T14:18:06.427+0000] {processor.py:161} INFO - Started process (PID=628) to work on /home/airflow/.local/lib/python3.12/site-packages/airflow/example_dags/example_setup_teardown.py
[2024-06-14T14:18:06.433+0000] {processor.py:830} INFO - Processing file /home/airflow/.local/lib/python3.12/site-packages/airflow/example_dags/example_setup_teardown.py for tasks to queue
[2024-06-14T14:18:06.435+0000] {logging_mixin.py:188} INFO - [2024-06-14T14:18:06.435+0000] {dagbag.py:545} INFO - Filling up the DagBag from /home/airflow/.local/lib/python3.12/site-packages/airflow/example_dags/example_setup_teardown.py
[2024-06-14T14:18:06.448+0000] {processor.py:840} INFO - DAG(s) 'example_setup_teardown' retrieved from /home/airflow/.local/lib/python3.12/site-packages/airflow/example_dags/example_setup_teardown.py
[2024-06-14T14:18:06.469+0000] {logging_mixin.py:188} INFO - [2024-06-14T14:18:06.468+0000] {dag.py:3096} INFO - Sync 1 DAGs
[2024-06-14T14:18:06.488+0000] {logging_mixin.py:188} INFO - [2024-06-14T14:18:06.488+0000] {dag.py:3954} INFO - Setting next_dagrun for example_setup_teardown to 2024-06-13 00:00:00+00:00, run_after=2024-06-14 00:00:00+00:00
[2024-06-14T14:18:06.507+0000] {processor.py:183} INFO - Processing /home/airflow/.local/lib/python3.12/site-packages/airflow/example_dags/example_setup_teardown.py took 0.088 seconds
[2024-06-14T14:18:36.836+0000] {processor.py:161} INFO - Started process (PID=687) to work on /home/airflow/.local/lib/python3.12/site-packages/airflow/example_dags/example_setup_teardown.py
[2024-06-14T14:18:36.836+0000] {processor.py:830} INFO - Processing file /home/airflow/.local/lib/python3.12/site-packages/airflow/example_dags/example_setup_teardown.py for tasks to queue
[2024-06-14T14:18:36.838+0000] {logging_mixin.py:188} INFO - [2024-06-14T14:18:36.838+0000] {dagbag.py:545} INFO - Filling up the DagBag from /home/airflow/.local/lib/python3.12/site-packages/airflow/example_dags/example_setup_teardown.py
[2024-06-14T14:18:36.844+0000] {processor.py:840} INFO - DAG(s) 'example_setup_teardown' retrieved from /home/airflow/.local/lib/python3.12/site-packages/airflow/example_dags/example_setup_teardown.py
[2024-06-14T14:18:36.861+0000] {logging_mixin.py:188} INFO - [2024-06-14T14:18:36.861+0000] {dag.py:3096} INFO - Sync 1 DAGs
[2024-06-14T14:18:36.880+0000] {logging_mixin.py:188} INFO - [2024-06-14T14:18:36.880+0000] {dag.py:3954} INFO - Setting next_dagrun for example_setup_teardown to 2024-06-13 00:00:00+00:00, run_after=2024-06-14 00:00:00+00:00
[2024-06-14T14:18:36.898+0000] {processor.py:183} INFO - Processing /home/airflow/.local/lib/python3.12/site-packages/airflow/example_dags/example_setup_teardown.py took 0.070 seconds
[2024-06-14T14:19:07.017+0000] {processor.py:161} INFO - Started process (PID=746) to work on /home/airflow/.local/lib/python3.12/site-packages/airflow/example_dags/example_setup_teardown.py
[2024-06-14T14:19:07.018+0000] {processor.py:830} INFO - Processing file /home/airflow/.local/lib/python3.12/site-packages/airflow/example_dags/example_setup_teardown.py for tasks to queue
[2024-06-14T14:19:07.020+0000] {logging_mixin.py:188} INFO - [2024-06-14T14:19:07.019+0000] {dagbag.py:545} INFO - Filling up the DagBag from /home/airflow/.local/lib/python3.12/site-packages/airflow/example_dags/example_setup_teardown.py
[2024-06-14T14:19:07.027+0000] {processor.py:840} INFO - DAG(s) 'example_setup_teardown' retrieved from /home/airflow/.local/lib/python3.12/site-packages/airflow/example_dags/example_setup_teardown.py
[2024-06-14T14:19:07.047+0000] {logging_mixin.py:188} INFO - [2024-06-14T14:19:07.046+0000] {dag.py:3096} INFO - Sync 1 DAGs
[2024-06-14T14:19:07.067+0000] {logging_mixin.py:188} INFO - [2024-06-14T14:19:07.066+0000] {dag.py:3954} INFO - Setting next_dagrun for example_setup_teardown to 2024-06-13 00:00:00+00:00, run_after=2024-06-14 00:00:00+00:00
[2024-06-14T14:19:07.088+0000] {processor.py:183} INFO - Processing /home/airflow/.local/lib/python3.12/site-packages/airflow/example_dags/example_setup_teardown.py took 0.079 seconds
