[2024-06-14T14:13:03.568+0000] {processor.py:161} INFO - Started process (PID=42) to work on /home/airflow/.local/lib/python3.12/site-packages/airflow/example_dags/example_latest_only_with_trigger.py
[2024-06-14T14:13:03.569+0000] {processor.py:830} INFO - Processing file /home/airflow/.local/lib/python3.12/site-packages/airflow/example_dags/example_latest_only_with_trigger.py for tasks to queue
[2024-06-14T14:13:03.571+0000] {logging_mixin.py:188} INFO - [2024-06-14T14:13:03.570+0000] {dagbag.py:545} INFO - Filling up the DagBag from /home/airflow/.local/lib/python3.12/site-packages/airflow/example_dags/example_latest_only_with_trigger.py
[2024-06-14T14:13:03.580+0000] {processor.py:840} INFO - DAG(s) 'latest_only_with_trigger' retrieved from /home/airflow/.local/lib/python3.12/site-packages/airflow/example_dags/example_latest_only_with_trigger.py
[2024-06-14T14:13:03.592+0000] {logging_mixin.py:188} INFO - [2024-06-14T14:13:03.591+0000] {dag.py:3096} INFO - Sync 1 DAGs
[2024-06-14T14:13:03.624+0000] {logging_mixin.py:188} INFO - [2024-06-14T14:13:03.623+0000] {dag.py:3954} INFO - Setting next_dagrun for latest_only_with_trigger to 2024-06-14 08:00:00+00:00, run_after=2024-06-14 12:00:00+00:00
[2024-06-14T14:13:03.649+0000] {processor.py:183} INFO - Processing /home/airflow/.local/lib/python3.12/site-packages/airflow/example_dags/example_latest_only_with_trigger.py took 0.086 seconds
[2024-06-14T14:13:33.932+0000] {processor.py:161} INFO - Started process (PID=105) to work on /home/airflow/.local/lib/python3.12/site-packages/airflow/example_dags/example_latest_only_with_trigger.py
[2024-06-14T14:13:33.933+0000] {processor.py:830} INFO - Processing file /home/airflow/.local/lib/python3.12/site-packages/airflow/example_dags/example_latest_only_with_trigger.py for tasks to queue
[2024-06-14T14:13:33.935+0000] {logging_mixin.py:188} INFO - [2024-06-14T14:13:33.935+0000] {dagbag.py:545} INFO - Filling up the DagBag from /home/airflow/.local/lib/python3.12/site-packages/airflow/example_dags/example_latest_only_with_trigger.py
[2024-06-14T14:13:33.940+0000] {processor.py:840} INFO - DAG(s) 'latest_only_with_trigger' retrieved from /home/airflow/.local/lib/python3.12/site-packages/airflow/example_dags/example_latest_only_with_trigger.py
[2024-06-14T14:13:34.104+0000] {logging_mixin.py:188} INFO - [2024-06-14T14:13:34.104+0000] {dag.py:3096} INFO - Sync 1 DAGs
[2024-06-14T14:13:34.130+0000] {logging_mixin.py:188} INFO - [2024-06-14T14:13:34.129+0000] {dag.py:3954} INFO - Setting next_dagrun for latest_only_with_trigger to 2024-06-14 08:00:00+00:00, run_after=2024-06-14 12:00:00+00:00
[2024-06-14T14:13:34.158+0000] {processor.py:183} INFO - Processing /home/airflow/.local/lib/python3.12/site-packages/airflow/example_dags/example_latest_only_with_trigger.py took 0.232 seconds
[2024-06-14T14:14:05.154+0000] {processor.py:161} INFO - Started process (PID=164) to work on /home/airflow/.local/lib/python3.12/site-packages/airflow/example_dags/example_latest_only_with_trigger.py
[2024-06-14T14:14:05.157+0000] {processor.py:830} INFO - Processing file /home/airflow/.local/lib/python3.12/site-packages/airflow/example_dags/example_latest_only_with_trigger.py for tasks to queue
[2024-06-14T14:14:05.159+0000] {logging_mixin.py:188} INFO - [2024-06-14T14:14:05.158+0000] {dagbag.py:545} INFO - Filling up the DagBag from /home/airflow/.local/lib/python3.12/site-packages/airflow/example_dags/example_latest_only_with_trigger.py
[2024-06-14T14:14:05.164+0000] {processor.py:840} INFO - DAG(s) 'latest_only_with_trigger' retrieved from /home/airflow/.local/lib/python3.12/site-packages/airflow/example_dags/example_latest_only_with_trigger.py
[2024-06-14T14:14:05.183+0000] {logging_mixin.py:188} INFO - [2024-06-14T14:14:05.183+0000] {dag.py:3096} INFO - Sync 1 DAGs
[2024-06-14T14:14:05.203+0000] {logging_mixin.py:188} INFO - [2024-06-14T14:14:05.203+0000] {dag.py:3954} INFO - Setting next_dagrun for latest_only_with_trigger to 2024-06-14 08:00:00+00:00, run_after=2024-06-14 12:00:00+00:00
[2024-06-14T14:14:05.220+0000] {processor.py:183} INFO - Processing /home/airflow/.local/lib/python3.12/site-packages/airflow/example_dags/example_latest_only_with_trigger.py took 0.074 seconds
[2024-06-14T14:14:36.206+0000] {processor.py:161} INFO - Started process (PID=223) to work on /home/airflow/.local/lib/python3.12/site-packages/airflow/example_dags/example_latest_only_with_trigger.py
[2024-06-14T14:14:36.211+0000] {processor.py:830} INFO - Processing file /home/airflow/.local/lib/python3.12/site-packages/airflow/example_dags/example_latest_only_with_trigger.py for tasks to queue
[2024-06-14T14:14:36.213+0000] {logging_mixin.py:188} INFO - [2024-06-14T14:14:36.212+0000] {dagbag.py:545} INFO - Filling up the DagBag from /home/airflow/.local/lib/python3.12/site-packages/airflow/example_dags/example_latest_only_with_trigger.py
[2024-06-14T14:14:36.217+0000] {processor.py:840} INFO - DAG(s) 'latest_only_with_trigger' retrieved from /home/airflow/.local/lib/python3.12/site-packages/airflow/example_dags/example_latest_only_with_trigger.py
[2024-06-14T14:14:36.236+0000] {logging_mixin.py:188} INFO - [2024-06-14T14:14:36.235+0000] {dag.py:3096} INFO - Sync 1 DAGs
[2024-06-14T14:14:36.255+0000] {logging_mixin.py:188} INFO - [2024-06-14T14:14:36.254+0000] {dag.py:3954} INFO - Setting next_dagrun for latest_only_with_trigger to 2024-06-14 08:00:00+00:00, run_after=2024-06-14 12:00:00+00:00
[2024-06-14T14:14:36.272+0000] {processor.py:183} INFO - Processing /home/airflow/.local/lib/python3.12/site-packages/airflow/example_dags/example_latest_only_with_trigger.py took 0.070 seconds
[2024-06-14T14:15:06.355+0000] {processor.py:161} INFO - Started process (PID=281) to work on /home/airflow/.local/lib/python3.12/site-packages/airflow/example_dags/example_latest_only_with_trigger.py
[2024-06-14T14:15:06.364+0000] {processor.py:830} INFO - Processing file /home/airflow/.local/lib/python3.12/site-packages/airflow/example_dags/example_latest_only_with_trigger.py for tasks to queue
[2024-06-14T14:15:06.366+0000] {logging_mixin.py:188} INFO - [2024-06-14T14:15:06.365+0000] {dagbag.py:545} INFO - Filling up the DagBag from /home/airflow/.local/lib/python3.12/site-packages/airflow/example_dags/example_latest_only_with_trigger.py
[2024-06-14T14:15:06.370+0000] {processor.py:840} INFO - DAG(s) 'latest_only_with_trigger' retrieved from /home/airflow/.local/lib/python3.12/site-packages/airflow/example_dags/example_latest_only_with_trigger.py
[2024-06-14T14:15:06.387+0000] {logging_mixin.py:188} INFO - [2024-06-14T14:15:06.387+0000] {dag.py:3096} INFO - Sync 1 DAGs
[2024-06-14T14:15:06.406+0000] {logging_mixin.py:188} INFO - [2024-06-14T14:15:06.406+0000] {dag.py:3954} INFO - Setting next_dagrun for latest_only_with_trigger to 2024-06-14 08:00:00+00:00, run_after=2024-06-14 12:00:00+00:00
[2024-06-14T14:15:06.423+0000] {processor.py:183} INFO - Processing /home/airflow/.local/lib/python3.12/site-packages/airflow/example_dags/example_latest_only_with_trigger.py took 0.073 seconds
[2024-06-14T14:15:36.487+0000] {processor.py:161} INFO - Started process (PID=340) to work on /home/airflow/.local/lib/python3.12/site-packages/airflow/example_dags/example_latest_only_with_trigger.py
[2024-06-14T14:15:36.488+0000] {processor.py:830} INFO - Processing file /home/airflow/.local/lib/python3.12/site-packages/airflow/example_dags/example_latest_only_with_trigger.py for tasks to queue
[2024-06-14T14:15:36.489+0000] {logging_mixin.py:188} INFO - [2024-06-14T14:15:36.489+0000] {dagbag.py:545} INFO - Filling up the DagBag from /home/airflow/.local/lib/python3.12/site-packages/airflow/example_dags/example_latest_only_with_trigger.py
[2024-06-14T14:15:36.494+0000] {processor.py:840} INFO - DAG(s) 'latest_only_with_trigger' retrieved from /home/airflow/.local/lib/python3.12/site-packages/airflow/example_dags/example_latest_only_with_trigger.py
[2024-06-14T14:15:36.511+0000] {logging_mixin.py:188} INFO - [2024-06-14T14:15:36.511+0000] {dag.py:3096} INFO - Sync 1 DAGs
[2024-06-14T14:15:36.530+0000] {logging_mixin.py:188} INFO - [2024-06-14T14:15:36.530+0000] {dag.py:3954} INFO - Setting next_dagrun for latest_only_with_trigger to 2024-06-14 08:00:00+00:00, run_after=2024-06-14 12:00:00+00:00
[2024-06-14T14:15:36.547+0000] {processor.py:183} INFO - Processing /home/airflow/.local/lib/python3.12/site-packages/airflow/example_dags/example_latest_only_with_trigger.py took 0.065 seconds
[2024-06-14T14:16:06.786+0000] {processor.py:161} INFO - Started process (PID=400) to work on /home/airflow/.local/lib/python3.12/site-packages/airflow/example_dags/example_latest_only_with_trigger.py
[2024-06-14T14:16:06.787+0000] {processor.py:830} INFO - Processing file /home/airflow/.local/lib/python3.12/site-packages/airflow/example_dags/example_latest_only_with_trigger.py for tasks to queue
[2024-06-14T14:16:06.789+0000] {logging_mixin.py:188} INFO - [2024-06-14T14:16:06.788+0000] {dagbag.py:545} INFO - Filling up the DagBag from /home/airflow/.local/lib/python3.12/site-packages/airflow/example_dags/example_latest_only_with_trigger.py
[2024-06-14T14:16:06.795+0000] {processor.py:840} INFO - DAG(s) 'latest_only_with_trigger' retrieved from /home/airflow/.local/lib/python3.12/site-packages/airflow/example_dags/example_latest_only_with_trigger.py
[2024-06-14T14:16:06.816+0000] {logging_mixin.py:188} INFO - [2024-06-14T14:16:06.815+0000] {dag.py:3096} INFO - Sync 1 DAGs
[2024-06-14T14:16:06.841+0000] {logging_mixin.py:188} INFO - [2024-06-14T14:16:06.841+0000] {dag.py:3954} INFO - Setting next_dagrun for latest_only_with_trigger to 2024-06-14 08:00:00+00:00, run_after=2024-06-14 12:00:00+00:00
[2024-06-14T14:16:06.863+0000] {processor.py:183} INFO - Processing /home/airflow/.local/lib/python3.12/site-packages/airflow/example_dags/example_latest_only_with_trigger.py took 0.083 seconds
[2024-06-14T14:16:37.079+0000] {processor.py:161} INFO - Started process (PID=459) to work on /home/airflow/.local/lib/python3.12/site-packages/airflow/example_dags/example_latest_only_with_trigger.py
[2024-06-14T14:16:37.081+0000] {processor.py:830} INFO - Processing file /home/airflow/.local/lib/python3.12/site-packages/airflow/example_dags/example_latest_only_with_trigger.py for tasks to queue
[2024-06-14T14:16:37.083+0000] {logging_mixin.py:188} INFO - [2024-06-14T14:16:37.083+0000] {dagbag.py:545} INFO - Filling up the DagBag from /home/airflow/.local/lib/python3.12/site-packages/airflow/example_dags/example_latest_only_with_trigger.py
[2024-06-14T14:16:37.090+0000] {processor.py:840} INFO - DAG(s) 'latest_only_with_trigger' retrieved from /home/airflow/.local/lib/python3.12/site-packages/airflow/example_dags/example_latest_only_with_trigger.py
[2024-06-14T14:16:37.110+0000] {logging_mixin.py:188} INFO - [2024-06-14T14:16:37.110+0000] {dag.py:3096} INFO - Sync 1 DAGs
[2024-06-14T14:16:37.132+0000] {logging_mixin.py:188} INFO - [2024-06-14T14:16:37.131+0000] {dag.py:3954} INFO - Setting next_dagrun for latest_only_with_trigger to 2024-06-14 08:00:00+00:00, run_after=2024-06-14 12:00:00+00:00
[2024-06-14T14:16:37.149+0000] {processor.py:183} INFO - Processing /home/airflow/.local/lib/python3.12/site-packages/airflow/example_dags/example_latest_only_with_trigger.py took 0.077 seconds
[2024-06-14T14:17:07.386+0000] {processor.py:161} INFO - Started process (PID=518) to work on /home/airflow/.local/lib/python3.12/site-packages/airflow/example_dags/example_latest_only_with_trigger.py
[2024-06-14T14:17:07.390+0000] {processor.py:830} INFO - Processing file /home/airflow/.local/lib/python3.12/site-packages/airflow/example_dags/example_latest_only_with_trigger.py for tasks to queue
[2024-06-14T14:17:07.394+0000] {logging_mixin.py:188} INFO - [2024-06-14T14:17:07.394+0000] {dagbag.py:545} INFO - Filling up the DagBag from /home/airflow/.local/lib/python3.12/site-packages/airflow/example_dags/example_latest_only_with_trigger.py
[2024-06-14T14:17:07.403+0000] {processor.py:840} INFO - DAG(s) 'latest_only_with_trigger' retrieved from /home/airflow/.local/lib/python3.12/site-packages/airflow/example_dags/example_latest_only_with_trigger.py
[2024-06-14T14:17:07.425+0000] {logging_mixin.py:188} INFO - [2024-06-14T14:17:07.424+0000] {dag.py:3096} INFO - Sync 1 DAGs
[2024-06-14T14:17:07.447+0000] {logging_mixin.py:188} INFO - [2024-06-14T14:17:07.446+0000] {dag.py:3954} INFO - Setting next_dagrun for latest_only_with_trigger to 2024-06-14 08:00:00+00:00, run_after=2024-06-14 12:00:00+00:00
[2024-06-14T14:17:07.471+0000] {processor.py:183} INFO - Processing /home/airflow/.local/lib/python3.12/site-packages/airflow/example_dags/example_latest_only_with_trigger.py took 0.091 seconds
[2024-06-14T14:17:37.597+0000] {processor.py:161} INFO - Started process (PID=576) to work on /home/airflow/.local/lib/python3.12/site-packages/airflow/example_dags/example_latest_only_with_trigger.py
[2024-06-14T14:17:37.599+0000] {processor.py:830} INFO - Processing file /home/airflow/.local/lib/python3.12/site-packages/airflow/example_dags/example_latest_only_with_trigger.py for tasks to queue
[2024-06-14T14:17:37.601+0000] {logging_mixin.py:188} INFO - [2024-06-14T14:17:37.601+0000] {dagbag.py:545} INFO - Filling up the DagBag from /home/airflow/.local/lib/python3.12/site-packages/airflow/example_dags/example_latest_only_with_trigger.py
[2024-06-14T14:17:37.608+0000] {processor.py:840} INFO - DAG(s) 'latest_only_with_trigger' retrieved from /home/airflow/.local/lib/python3.12/site-packages/airflow/example_dags/example_latest_only_with_trigger.py
[2024-06-14T14:17:37.628+0000] {logging_mixin.py:188} INFO - [2024-06-14T14:17:37.628+0000] {dag.py:3096} INFO - Sync 1 DAGs
[2024-06-14T14:17:37.649+0000] {logging_mixin.py:188} INFO - [2024-06-14T14:17:37.649+0000] {dag.py:3954} INFO - Setting next_dagrun for latest_only_with_trigger to 2024-06-14 08:00:00+00:00, run_after=2024-06-14 12:00:00+00:00
[2024-06-14T14:17:37.668+0000] {processor.py:183} INFO - Processing /home/airflow/.local/lib/python3.12/site-packages/airflow/example_dags/example_latest_only_with_trigger.py took 0.076 seconds
[2024-06-14T14:18:07.901+0000] {processor.py:161} INFO - Started process (PID=635) to work on /home/airflow/.local/lib/python3.12/site-packages/airflow/example_dags/example_latest_only_with_trigger.py
[2024-06-14T14:18:07.905+0000] {processor.py:830} INFO - Processing file /home/airflow/.local/lib/python3.12/site-packages/airflow/example_dags/example_latest_only_with_trigger.py for tasks to queue
[2024-06-14T14:18:07.907+0000] {logging_mixin.py:188} INFO - [2024-06-14T14:18:07.906+0000] {dagbag.py:545} INFO - Filling up the DagBag from /home/airflow/.local/lib/python3.12/site-packages/airflow/example_dags/example_latest_only_with_trigger.py
[2024-06-14T14:18:07.911+0000] {processor.py:840} INFO - DAG(s) 'latest_only_with_trigger' retrieved from /home/airflow/.local/lib/python3.12/site-packages/airflow/example_dags/example_latest_only_with_trigger.py
[2024-06-14T14:18:07.929+0000] {logging_mixin.py:188} INFO - [2024-06-14T14:18:07.929+0000] {dag.py:3096} INFO - Sync 1 DAGs
[2024-06-14T14:18:07.947+0000] {logging_mixin.py:188} INFO - [2024-06-14T14:18:07.947+0000] {dag.py:3954} INFO - Setting next_dagrun for latest_only_with_trigger to 2024-06-14 08:00:00+00:00, run_after=2024-06-14 12:00:00+00:00
[2024-06-14T14:18:07.964+0000] {processor.py:183} INFO - Processing /home/airflow/.local/lib/python3.12/site-packages/airflow/example_dags/example_latest_only_with_trigger.py took 0.068 seconds
[2024-06-14T14:18:38.249+0000] {processor.py:161} INFO - Started process (PID=694) to work on /home/airflow/.local/lib/python3.12/site-packages/airflow/example_dags/example_latest_only_with_trigger.py
[2024-06-14T14:18:38.251+0000] {processor.py:830} INFO - Processing file /home/airflow/.local/lib/python3.12/site-packages/airflow/example_dags/example_latest_only_with_trigger.py for tasks to queue
[2024-06-14T14:18:38.257+0000] {logging_mixin.py:188} INFO - [2024-06-14T14:18:38.256+0000] {dagbag.py:545} INFO - Filling up the DagBag from /home/airflow/.local/lib/python3.12/site-packages/airflow/example_dags/example_latest_only_with_trigger.py
[2024-06-14T14:18:38.268+0000] {processor.py:840} INFO - DAG(s) 'latest_only_with_trigger' retrieved from /home/airflow/.local/lib/python3.12/site-packages/airflow/example_dags/example_latest_only_with_trigger.py
[2024-06-14T14:18:38.291+0000] {logging_mixin.py:188} INFO - [2024-06-14T14:18:38.291+0000] {dag.py:3096} INFO - Sync 1 DAGs
[2024-06-14T14:18:38.314+0000] {logging_mixin.py:188} INFO - [2024-06-14T14:18:38.314+0000] {dag.py:3954} INFO - Setting next_dagrun for latest_only_with_trigger to 2024-06-14 08:00:00+00:00, run_after=2024-06-14 12:00:00+00:00
[2024-06-14T14:18:38.337+0000] {processor.py:183} INFO - Processing /home/airflow/.local/lib/python3.12/site-packages/airflow/example_dags/example_latest_only_with_trigger.py took 0.096 seconds
[2024-06-14T14:19:08.415+0000] {processor.py:161} INFO - Started process (PID=752) to work on /home/airflow/.local/lib/python3.12/site-packages/airflow/example_dags/example_latest_only_with_trigger.py
[2024-06-14T14:19:08.424+0000] {processor.py:830} INFO - Processing file /home/airflow/.local/lib/python3.12/site-packages/airflow/example_dags/example_latest_only_with_trigger.py for tasks to queue
[2024-06-14T14:19:08.426+0000] {logging_mixin.py:188} INFO - [2024-06-14T14:19:08.426+0000] {dagbag.py:545} INFO - Filling up the DagBag from /home/airflow/.local/lib/python3.12/site-packages/airflow/example_dags/example_latest_only_with_trigger.py
[2024-06-14T14:19:08.430+0000] {processor.py:840} INFO - DAG(s) 'latest_only_with_trigger' retrieved from /home/airflow/.local/lib/python3.12/site-packages/airflow/example_dags/example_latest_only_with_trigger.py
[2024-06-14T14:19:08.447+0000] {logging_mixin.py:188} INFO - [2024-06-14T14:19:08.447+0000] {dag.py:3096} INFO - Sync 1 DAGs
[2024-06-14T14:19:08.466+0000] {logging_mixin.py:188} INFO - [2024-06-14T14:19:08.466+0000] {dag.py:3954} INFO - Setting next_dagrun for latest_only_with_trigger to 2024-06-14 08:00:00+00:00, run_after=2024-06-14 12:00:00+00:00
[2024-06-14T14:19:08.483+0000] {processor.py:183} INFO - Processing /home/airflow/.local/lib/python3.12/site-packages/airflow/example_dags/example_latest_only_with_trigger.py took 0.072 seconds
