[2024-06-14T14:13:05.117+0000] {processor.py:161} INFO - Started process (PID=64) to work on /home/airflow/.local/lib/python3.12/site-packages/airflow/example_dags/example_short_circuit_operator.py
[2024-06-14T14:13:05.118+0000] {processor.py:830} INFO - Processing file /home/airflow/.local/lib/python3.12/site-packages/airflow/example_dags/example_short_circuit_operator.py for tasks to queue
[2024-06-14T14:13:05.119+0000] {logging_mixin.py:188} INFO - [2024-06-14T14:13:05.119+0000] {dagbag.py:545} INFO - Filling up the DagBag from /home/airflow/.local/lib/python3.12/site-packages/airflow/example_dags/example_short_circuit_operator.py
[2024-06-14T14:13:05.129+0000] {processor.py:840} INFO - DAG(s) 'example_short_circuit_operator' retrieved from /home/airflow/.local/lib/python3.12/site-packages/airflow/example_dags/example_short_circuit_operator.py
[2024-06-14T14:13:05.140+0000] {logging_mixin.py:188} INFO - [2024-06-14T14:13:05.140+0000] {dag.py:3096} INFO - Sync 1 DAGs
[2024-06-14T14:13:05.164+0000] {logging_mixin.py:188} INFO - [2024-06-14T14:13:05.164+0000] {dag.py:3954} INFO - Setting next_dagrun for example_short_circuit_operator to 2024-06-13 00:00:00+00:00, run_after=2024-06-14 00:00:00+00:00
[2024-06-14T14:13:05.189+0000] {processor.py:183} INFO - Processing /home/airflow/.local/lib/python3.12/site-packages/airflow/example_dags/example_short_circuit_operator.py took 0.077 seconds
[2024-06-14T14:13:35.922+0000] {processor.py:161} INFO - Started process (PID=127) to work on /home/airflow/.local/lib/python3.12/site-packages/airflow/example_dags/example_short_circuit_operator.py
[2024-06-14T14:13:35.923+0000] {processor.py:830} INFO - Processing file /home/airflow/.local/lib/python3.12/site-packages/airflow/example_dags/example_short_circuit_operator.py for tasks to queue
[2024-06-14T14:13:35.924+0000] {logging_mixin.py:188} INFO - [2024-06-14T14:13:35.924+0000] {dagbag.py:545} INFO - Filling up the DagBag from /home/airflow/.local/lib/python3.12/site-packages/airflow/example_dags/example_short_circuit_operator.py
[2024-06-14T14:13:35.930+0000] {processor.py:840} INFO - DAG(s) 'example_short_circuit_operator' retrieved from /home/airflow/.local/lib/python3.12/site-packages/airflow/example_dags/example_short_circuit_operator.py
[2024-06-14T14:13:36.046+0000] {logging_mixin.py:188} INFO - [2024-06-14T14:13:36.046+0000] {dag.py:3096} INFO - Sync 1 DAGs
[2024-06-14T14:13:36.062+0000] {logging_mixin.py:188} INFO - [2024-06-14T14:13:36.062+0000] {dag.py:3954} INFO - Setting next_dagrun for example_short_circuit_operator to 2024-06-13 00:00:00+00:00, run_after=2024-06-14 00:00:00+00:00
[2024-06-14T14:13:36.080+0000] {processor.py:183} INFO - Processing /home/airflow/.local/lib/python3.12/site-packages/airflow/example_dags/example_short_circuit_operator.py took 0.163 seconds
[2024-06-14T14:14:06.202+0000] {processor.py:161} INFO - Started process (PID=186) to work on /home/airflow/.local/lib/python3.12/site-packages/airflow/example_dags/example_short_circuit_operator.py
[2024-06-14T14:14:06.203+0000] {processor.py:830} INFO - Processing file /home/airflow/.local/lib/python3.12/site-packages/airflow/example_dags/example_short_circuit_operator.py for tasks to queue
[2024-06-14T14:14:06.204+0000] {logging_mixin.py:188} INFO - [2024-06-14T14:14:06.204+0000] {dagbag.py:545} INFO - Filling up the DagBag from /home/airflow/.local/lib/python3.12/site-packages/airflow/example_dags/example_short_circuit_operator.py
[2024-06-14T14:14:06.210+0000] {processor.py:840} INFO - DAG(s) 'example_short_circuit_operator' retrieved from /home/airflow/.local/lib/python3.12/site-packages/airflow/example_dags/example_short_circuit_operator.py
[2024-06-14T14:14:06.230+0000] {logging_mixin.py:188} INFO - [2024-06-14T14:14:06.230+0000] {dag.py:3096} INFO - Sync 1 DAGs
[2024-06-14T14:14:06.250+0000] {logging_mixin.py:188} INFO - [2024-06-14T14:14:06.250+0000] {dag.py:3954} INFO - Setting next_dagrun for example_short_circuit_operator to 2024-06-13 00:00:00+00:00, run_after=2024-06-14 00:00:00+00:00
[2024-06-14T14:14:06.269+0000] {processor.py:183} INFO - Processing /home/airflow/.local/lib/python3.12/site-packages/airflow/example_dags/example_short_circuit_operator.py took 0.072 seconds
[2024-06-14T14:14:37.248+0000] {processor.py:161} INFO - Started process (PID=245) to work on /home/airflow/.local/lib/python3.12/site-packages/airflow/example_dags/example_short_circuit_operator.py
[2024-06-14T14:14:37.248+0000] {processor.py:830} INFO - Processing file /home/airflow/.local/lib/python3.12/site-packages/airflow/example_dags/example_short_circuit_operator.py for tasks to queue
[2024-06-14T14:14:37.250+0000] {logging_mixin.py:188} INFO - [2024-06-14T14:14:37.250+0000] {dagbag.py:545} INFO - Filling up the DagBag from /home/airflow/.local/lib/python3.12/site-packages/airflow/example_dags/example_short_circuit_operator.py
[2024-06-14T14:14:37.256+0000] {processor.py:840} INFO - DAG(s) 'example_short_circuit_operator' retrieved from /home/airflow/.local/lib/python3.12/site-packages/airflow/example_dags/example_short_circuit_operator.py
[2024-06-14T14:14:37.277+0000] {logging_mixin.py:188} INFO - [2024-06-14T14:14:37.276+0000] {dag.py:3096} INFO - Sync 1 DAGs
[2024-06-14T14:14:37.296+0000] {logging_mixin.py:188} INFO - [2024-06-14T14:14:37.296+0000] {dag.py:3954} INFO - Setting next_dagrun for example_short_circuit_operator to 2024-06-13 00:00:00+00:00, run_after=2024-06-14 00:00:00+00:00
[2024-06-14T14:14:37.317+0000] {processor.py:183} INFO - Processing /home/airflow/.local/lib/python3.12/site-packages/airflow/example_dags/example_short_circuit_operator.py took 0.074 seconds
[2024-06-14T14:15:07.431+0000] {processor.py:161} INFO - Started process (PID=304) to work on /home/airflow/.local/lib/python3.12/site-packages/airflow/example_dags/example_short_circuit_operator.py
[2024-06-14T14:15:07.432+0000] {processor.py:830} INFO - Processing file /home/airflow/.local/lib/python3.12/site-packages/airflow/example_dags/example_short_circuit_operator.py for tasks to queue
[2024-06-14T14:15:07.433+0000] {logging_mixin.py:188} INFO - [2024-06-14T14:15:07.433+0000] {dagbag.py:545} INFO - Filling up the DagBag from /home/airflow/.local/lib/python3.12/site-packages/airflow/example_dags/example_short_circuit_operator.py
[2024-06-14T14:15:07.439+0000] {processor.py:840} INFO - DAG(s) 'example_short_circuit_operator' retrieved from /home/airflow/.local/lib/python3.12/site-packages/airflow/example_dags/example_short_circuit_operator.py
[2024-06-14T14:15:07.461+0000] {logging_mixin.py:188} INFO - [2024-06-14T14:15:07.461+0000] {dag.py:3096} INFO - Sync 1 DAGs
[2024-06-14T14:15:07.481+0000] {logging_mixin.py:188} INFO - [2024-06-14T14:15:07.481+0000] {dag.py:3954} INFO - Setting next_dagrun for example_short_circuit_operator to 2024-06-13 00:00:00+00:00, run_after=2024-06-14 00:00:00+00:00
[2024-06-14T14:15:07.499+0000] {processor.py:183} INFO - Processing /home/airflow/.local/lib/python3.12/site-packages/airflow/example_dags/example_short_circuit_operator.py took 0.073 seconds
[2024-06-14T14:15:37.727+0000] {processor.py:161} INFO - Started process (PID=363) to work on /home/airflow/.local/lib/python3.12/site-packages/airflow/example_dags/example_short_circuit_operator.py
[2024-06-14T14:15:37.728+0000] {processor.py:830} INFO - Processing file /home/airflow/.local/lib/python3.12/site-packages/airflow/example_dags/example_short_circuit_operator.py for tasks to queue
[2024-06-14T14:15:37.729+0000] {logging_mixin.py:188} INFO - [2024-06-14T14:15:37.729+0000] {dagbag.py:545} INFO - Filling up the DagBag from /home/airflow/.local/lib/python3.12/site-packages/airflow/example_dags/example_short_circuit_operator.py
[2024-06-14T14:15:37.735+0000] {processor.py:840} INFO - DAG(s) 'example_short_circuit_operator' retrieved from /home/airflow/.local/lib/python3.12/site-packages/airflow/example_dags/example_short_circuit_operator.py
[2024-06-14T14:15:37.762+0000] {logging_mixin.py:188} INFO - [2024-06-14T14:15:37.762+0000] {dag.py:3096} INFO - Sync 1 DAGs
[2024-06-14T14:15:37.781+0000] {logging_mixin.py:188} INFO - [2024-06-14T14:15:37.781+0000] {dag.py:3954} INFO - Setting next_dagrun for example_short_circuit_operator to 2024-06-13 00:00:00+00:00, run_after=2024-06-14 00:00:00+00:00
[2024-06-14T14:15:37.799+0000] {processor.py:183} INFO - Processing /home/airflow/.local/lib/python3.12/site-packages/airflow/example_dags/example_short_circuit_operator.py took 0.076 seconds
[2024-06-14T14:16:08.173+0000] {processor.py:161} INFO - Started process (PID=422) to work on /home/airflow/.local/lib/python3.12/site-packages/airflow/example_dags/example_short_circuit_operator.py
[2024-06-14T14:16:08.174+0000] {processor.py:830} INFO - Processing file /home/airflow/.local/lib/python3.12/site-packages/airflow/example_dags/example_short_circuit_operator.py for tasks to queue
[2024-06-14T14:16:08.176+0000] {logging_mixin.py:188} INFO - [2024-06-14T14:16:08.175+0000] {dagbag.py:545} INFO - Filling up the DagBag from /home/airflow/.local/lib/python3.12/site-packages/airflow/example_dags/example_short_circuit_operator.py
[2024-06-14T14:16:08.185+0000] {processor.py:840} INFO - DAG(s) 'example_short_circuit_operator' retrieved from /home/airflow/.local/lib/python3.12/site-packages/airflow/example_dags/example_short_circuit_operator.py
[2024-06-14T14:16:08.212+0000] {logging_mixin.py:188} INFO - [2024-06-14T14:16:08.212+0000] {dag.py:3096} INFO - Sync 1 DAGs
[2024-06-14T14:16:08.234+0000] {logging_mixin.py:188} INFO - [2024-06-14T14:16:08.234+0000] {dag.py:3954} INFO - Setting next_dagrun for example_short_circuit_operator to 2024-06-13 00:00:00+00:00, run_after=2024-06-14 00:00:00+00:00
[2024-06-14T14:16:08.258+0000] {processor.py:183} INFO - Processing /home/airflow/.local/lib/python3.12/site-packages/airflow/example_dags/example_short_circuit_operator.py took 0.092 seconds
[2024-06-14T14:16:38.422+0000] {processor.py:161} INFO - Started process (PID=481) to work on /home/airflow/.local/lib/python3.12/site-packages/airflow/example_dags/example_short_circuit_operator.py
[2024-06-14T14:16:38.423+0000] {processor.py:830} INFO - Processing file /home/airflow/.local/lib/python3.12/site-packages/airflow/example_dags/example_short_circuit_operator.py for tasks to queue
[2024-06-14T14:16:38.424+0000] {logging_mixin.py:188} INFO - [2024-06-14T14:16:38.424+0000] {dagbag.py:545} INFO - Filling up the DagBag from /home/airflow/.local/lib/python3.12/site-packages/airflow/example_dags/example_short_circuit_operator.py
[2024-06-14T14:16:38.430+0000] {processor.py:840} INFO - DAG(s) 'example_short_circuit_operator' retrieved from /home/airflow/.local/lib/python3.12/site-packages/airflow/example_dags/example_short_circuit_operator.py
[2024-06-14T14:16:38.450+0000] {logging_mixin.py:188} INFO - [2024-06-14T14:16:38.450+0000] {dag.py:3096} INFO - Sync 1 DAGs
[2024-06-14T14:16:38.470+0000] {logging_mixin.py:188} INFO - [2024-06-14T14:16:38.469+0000] {dag.py:3954} INFO - Setting next_dagrun for example_short_circuit_operator to 2024-06-13 00:00:00+00:00, run_after=2024-06-14 00:00:00+00:00
[2024-06-14T14:16:38.489+0000] {processor.py:183} INFO - Processing /home/airflow/.local/lib/python3.12/site-packages/airflow/example_dags/example_short_circuit_operator.py took 0.072 seconds
[2024-06-14T14:17:08.511+0000] {processor.py:161} INFO - Started process (PID=540) to work on /home/airflow/.local/lib/python3.12/site-packages/airflow/example_dags/example_short_circuit_operator.py
[2024-06-14T14:17:08.512+0000] {processor.py:830} INFO - Processing file /home/airflow/.local/lib/python3.12/site-packages/airflow/example_dags/example_short_circuit_operator.py for tasks to queue
[2024-06-14T14:17:08.514+0000] {logging_mixin.py:188} INFO - [2024-06-14T14:17:08.513+0000] {dagbag.py:545} INFO - Filling up the DagBag from /home/airflow/.local/lib/python3.12/site-packages/airflow/example_dags/example_short_circuit_operator.py
[2024-06-14T14:17:08.520+0000] {processor.py:840} INFO - DAG(s) 'example_short_circuit_operator' retrieved from /home/airflow/.local/lib/python3.12/site-packages/airflow/example_dags/example_short_circuit_operator.py
[2024-06-14T14:17:08.543+0000] {logging_mixin.py:188} INFO - [2024-06-14T14:17:08.543+0000] {dag.py:3096} INFO - Sync 1 DAGs
[2024-06-14T14:17:08.562+0000] {logging_mixin.py:188} INFO - [2024-06-14T14:17:08.562+0000] {dag.py:3954} INFO - Setting next_dagrun for example_short_circuit_operator to 2024-06-13 00:00:00+00:00, run_after=2024-06-14 00:00:00+00:00
[2024-06-14T14:17:08.579+0000] {processor.py:183} INFO - Processing /home/airflow/.local/lib/python3.12/site-packages/airflow/example_dags/example_short_circuit_operator.py took 0.072 seconds
[2024-06-14T14:17:38.921+0000] {processor.py:161} INFO - Started process (PID=598) to work on /home/airflow/.local/lib/python3.12/site-packages/airflow/example_dags/example_short_circuit_operator.py
[2024-06-14T14:17:38.922+0000] {processor.py:830} INFO - Processing file /home/airflow/.local/lib/python3.12/site-packages/airflow/example_dags/example_short_circuit_operator.py for tasks to queue
[2024-06-14T14:17:38.924+0000] {logging_mixin.py:188} INFO - [2024-06-14T14:17:38.924+0000] {dagbag.py:545} INFO - Filling up the DagBag from /home/airflow/.local/lib/python3.12/site-packages/airflow/example_dags/example_short_circuit_operator.py
[2024-06-14T14:17:38.934+0000] {processor.py:840} INFO - DAG(s) 'example_short_circuit_operator' retrieved from /home/airflow/.local/lib/python3.12/site-packages/airflow/example_dags/example_short_circuit_operator.py
[2024-06-14T14:17:38.965+0000] {logging_mixin.py:188} INFO - [2024-06-14T14:17:38.965+0000] {dag.py:3096} INFO - Sync 1 DAGs
[2024-06-14T14:17:38.997+0000] {logging_mixin.py:188} INFO - [2024-06-14T14:17:38.997+0000] {dag.py:3954} INFO - Setting next_dagrun for example_short_circuit_operator to 2024-06-13 00:00:00+00:00, run_after=2024-06-14 00:00:00+00:00
[2024-06-14T14:17:39.023+0000] {processor.py:183} INFO - Processing /home/airflow/.local/lib/python3.12/site-packages/airflow/example_dags/example_short_circuit_operator.py took 0.106 seconds
[2024-06-14T14:18:09.075+0000] {processor.py:161} INFO - Started process (PID=657) to work on /home/airflow/.local/lib/python3.12/site-packages/airflow/example_dags/example_short_circuit_operator.py
[2024-06-14T14:18:09.075+0000] {processor.py:830} INFO - Processing file /home/airflow/.local/lib/python3.12/site-packages/airflow/example_dags/example_short_circuit_operator.py for tasks to queue
[2024-06-14T14:18:09.077+0000] {logging_mixin.py:188} INFO - [2024-06-14T14:18:09.076+0000] {dagbag.py:545} INFO - Filling up the DagBag from /home/airflow/.local/lib/python3.12/site-packages/airflow/example_dags/example_short_circuit_operator.py
[2024-06-14T14:18:09.082+0000] {processor.py:840} INFO - DAG(s) 'example_short_circuit_operator' retrieved from /home/airflow/.local/lib/python3.12/site-packages/airflow/example_dags/example_short_circuit_operator.py
[2024-06-14T14:18:09.102+0000] {logging_mixin.py:188} INFO - [2024-06-14T14:18:09.102+0000] {dag.py:3096} INFO - Sync 1 DAGs
[2024-06-14T14:18:09.120+0000] {logging_mixin.py:188} INFO - [2024-06-14T14:18:09.120+0000] {dag.py:3954} INFO - Setting next_dagrun for example_short_circuit_operator to 2024-06-13 00:00:00+00:00, run_after=2024-06-14 00:00:00+00:00
[2024-06-14T14:18:09.137+0000] {processor.py:183} INFO - Processing /home/airflow/.local/lib/python3.12/site-packages/airflow/example_dags/example_short_circuit_operator.py took 0.067 seconds
[2024-06-14T14:18:39.362+0000] {processor.py:161} INFO - Started process (PID=716) to work on /home/airflow/.local/lib/python3.12/site-packages/airflow/example_dags/example_short_circuit_operator.py
[2024-06-14T14:18:39.363+0000] {processor.py:830} INFO - Processing file /home/airflow/.local/lib/python3.12/site-packages/airflow/example_dags/example_short_circuit_operator.py for tasks to queue
[2024-06-14T14:18:39.364+0000] {logging_mixin.py:188} INFO - [2024-06-14T14:18:39.364+0000] {dagbag.py:545} INFO - Filling up the DagBag from /home/airflow/.local/lib/python3.12/site-packages/airflow/example_dags/example_short_circuit_operator.py
[2024-06-14T14:18:39.371+0000] {processor.py:840} INFO - DAG(s) 'example_short_circuit_operator' retrieved from /home/airflow/.local/lib/python3.12/site-packages/airflow/example_dags/example_short_circuit_operator.py
[2024-06-14T14:18:39.395+0000] {logging_mixin.py:188} INFO - [2024-06-14T14:18:39.395+0000] {dag.py:3096} INFO - Sync 1 DAGs
[2024-06-14T14:18:39.416+0000] {logging_mixin.py:188} INFO - [2024-06-14T14:18:39.416+0000] {dag.py:3954} INFO - Setting next_dagrun for example_short_circuit_operator to 2024-06-13 00:00:00+00:00, run_after=2024-06-14 00:00:00+00:00
[2024-06-14T14:18:39.434+0000] {processor.py:183} INFO - Processing /home/airflow/.local/lib/python3.12/site-packages/airflow/example_dags/example_short_circuit_operator.py took 0.076 seconds
[2024-06-14T14:19:09.534+0000] {processor.py:161} INFO - Started process (PID=775) to work on /home/airflow/.local/lib/python3.12/site-packages/airflow/example_dags/example_short_circuit_operator.py
[2024-06-14T14:19:09.541+0000] {processor.py:830} INFO - Processing file /home/airflow/.local/lib/python3.12/site-packages/airflow/example_dags/example_short_circuit_operator.py for tasks to queue
[2024-06-14T14:19:09.543+0000] {logging_mixin.py:188} INFO - [2024-06-14T14:19:09.543+0000] {dagbag.py:545} INFO - Filling up the DagBag from /home/airflow/.local/lib/python3.12/site-packages/airflow/example_dags/example_short_circuit_operator.py
[2024-06-14T14:19:09.552+0000] {processor.py:840} INFO - DAG(s) 'example_short_circuit_operator' retrieved from /home/airflow/.local/lib/python3.12/site-packages/airflow/example_dags/example_short_circuit_operator.py
[2024-06-14T14:19:09.576+0000] {logging_mixin.py:188} INFO - [2024-06-14T14:19:09.575+0000] {dag.py:3096} INFO - Sync 1 DAGs
[2024-06-14T14:19:09.596+0000] {logging_mixin.py:188} INFO - [2024-06-14T14:19:09.595+0000] {dag.py:3954} INFO - Setting next_dagrun for example_short_circuit_operator to 2024-06-13 00:00:00+00:00, run_after=2024-06-14 00:00:00+00:00
[2024-06-14T14:19:09.613+0000] {processor.py:183} INFO - Processing /home/airflow/.local/lib/python3.12/site-packages/airflow/example_dags/example_short_circuit_operator.py took 0.086 seconds
