[2024-06-14T14:13:03.006+0000] {processor.py:161} INFO - Started process (PID=34) to work on /home/airflow/.local/lib/python3.12/site-packages/airflow/example_dags/example_complex.py
[2024-06-14T14:13:03.006+0000] {processor.py:830} INFO - Processing file /home/airflow/.local/lib/python3.12/site-packages/airflow/example_dags/example_complex.py for tasks to queue
[2024-06-14T14:13:03.008+0000] {logging_mixin.py:188} INFO - [2024-06-14T14:13:03.008+0000] {dagbag.py:545} INFO - Filling up the DagBag from /home/airflow/.local/lib/python3.12/site-packages/airflow/example_dags/example_complex.py
[2024-06-14T14:13:03.022+0000] {processor.py:840} INFO - DAG(s) 'example_complex' retrieved from /home/airflow/.local/lib/python3.12/site-packages/airflow/example_dags/example_complex.py
[2024-06-14T14:13:03.034+0000] {logging_mixin.py:188} INFO - [2024-06-14T14:13:03.033+0000] {dag.py:3096} INFO - Sync 1 DAGs
[2024-06-14T14:13:03.055+0000] {logging_mixin.py:188} INFO - [2024-06-14T14:13:03.055+0000] {dag.py:3954} INFO - Setting next_dagrun for example_complex to None, run_after=None
[2024-06-14T14:13:03.080+0000] {processor.py:183} INFO - Processing /home/airflow/.local/lib/python3.12/site-packages/airflow/example_dags/example_complex.py took 0.080 seconds
[2024-06-14T14:13:33.179+0000] {processor.py:161} INFO - Started process (PID=97) to work on /home/airflow/.local/lib/python3.12/site-packages/airflow/example_dags/example_complex.py
[2024-06-14T14:13:33.180+0000] {processor.py:830} INFO - Processing file /home/airflow/.local/lib/python3.12/site-packages/airflow/example_dags/example_complex.py for tasks to queue
[2024-06-14T14:13:33.182+0000] {logging_mixin.py:188} INFO - [2024-06-14T14:13:33.181+0000] {dagbag.py:545} INFO - Filling up the DagBag from /home/airflow/.local/lib/python3.12/site-packages/airflow/example_dags/example_complex.py
[2024-06-14T14:13:33.191+0000] {processor.py:840} INFO - DAG(s) 'example_complex' retrieved from /home/airflow/.local/lib/python3.12/site-packages/airflow/example_dags/example_complex.py
[2024-06-14T14:13:33.303+0000] {logging_mixin.py:188} INFO - [2024-06-14T14:13:33.303+0000] {dag.py:3096} INFO - Sync 1 DAGs
[2024-06-14T14:13:33.313+0000] {logging_mixin.py:188} INFO - [2024-06-14T14:13:33.312+0000] {dag.py:3954} INFO - Setting next_dagrun for example_complex to None, run_after=None
[2024-06-14T14:13:33.333+0000] {processor.py:183} INFO - Processing /home/airflow/.local/lib/python3.12/site-packages/airflow/example_dags/example_complex.py took 0.159 seconds
[2024-06-14T14:14:03.715+0000] {processor.py:161} INFO - Started process (PID=156) to work on /home/airflow/.local/lib/python3.12/site-packages/airflow/example_dags/example_complex.py
[2024-06-14T14:14:03.716+0000] {processor.py:830} INFO - Processing file /home/airflow/.local/lib/python3.12/site-packages/airflow/example_dags/example_complex.py for tasks to queue
[2024-06-14T14:14:03.717+0000] {logging_mixin.py:188} INFO - [2024-06-14T14:14:03.717+0000] {dagbag.py:545} INFO - Filling up the DagBag from /home/airflow/.local/lib/python3.12/site-packages/airflow/example_dags/example_complex.py
[2024-06-14T14:14:03.734+0000] {processor.py:840} INFO - DAG(s) 'example_complex' retrieved from /home/airflow/.local/lib/python3.12/site-packages/airflow/example_dags/example_complex.py
[2024-06-14T14:14:03.767+0000] {logging_mixin.py:188} INFO - [2024-06-14T14:14:03.767+0000] {dag.py:3096} INFO - Sync 1 DAGs
[2024-06-14T14:14:03.778+0000] {logging_mixin.py:188} INFO - [2024-06-14T14:14:03.778+0000] {dag.py:3954} INFO - Setting next_dagrun for example_complex to None, run_after=None
[2024-06-14T14:14:03.800+0000] {processor.py:183} INFO - Processing /home/airflow/.local/lib/python3.12/site-packages/airflow/example_dags/example_complex.py took 0.094 seconds
[2024-06-14T14:14:34.807+0000] {processor.py:161} INFO - Started process (PID=215) to work on /home/airflow/.local/lib/python3.12/site-packages/airflow/example_dags/example_complex.py
[2024-06-14T14:14:34.808+0000] {processor.py:830} INFO - Processing file /home/airflow/.local/lib/python3.12/site-packages/airflow/example_dags/example_complex.py for tasks to queue
[2024-06-14T14:14:34.810+0000] {logging_mixin.py:188} INFO - [2024-06-14T14:14:34.810+0000] {dagbag.py:545} INFO - Filling up the DagBag from /home/airflow/.local/lib/python3.12/site-packages/airflow/example_dags/example_complex.py
[2024-06-14T14:14:34.819+0000] {processor.py:840} INFO - DAG(s) 'example_complex' retrieved from /home/airflow/.local/lib/python3.12/site-packages/airflow/example_dags/example_complex.py
[2024-06-14T14:14:34.848+0000] {logging_mixin.py:188} INFO - [2024-06-14T14:14:34.848+0000] {dag.py:3096} INFO - Sync 1 DAGs
[2024-06-14T14:14:34.859+0000] {logging_mixin.py:188} INFO - [2024-06-14T14:14:34.859+0000] {dag.py:3954} INFO - Setting next_dagrun for example_complex to None, run_after=None
[2024-06-14T14:14:34.878+0000] {processor.py:183} INFO - Processing /home/airflow/.local/lib/python3.12/site-packages/airflow/example_dags/example_complex.py took 0.076 seconds
[2024-06-14T14:15:04.918+0000] {processor.py:161} INFO - Started process (PID=274) to work on /home/airflow/.local/lib/python3.12/site-packages/airflow/example_dags/example_complex.py
[2024-06-14T14:15:04.928+0000] {processor.py:830} INFO - Processing file /home/airflow/.local/lib/python3.12/site-packages/airflow/example_dags/example_complex.py for tasks to queue
[2024-06-14T14:15:04.934+0000] {logging_mixin.py:188} INFO - [2024-06-14T14:15:04.933+0000] {dagbag.py:545} INFO - Filling up the DagBag from /home/airflow/.local/lib/python3.12/site-packages/airflow/example_dags/example_complex.py
[2024-06-14T14:15:04.961+0000] {processor.py:840} INFO - DAG(s) 'example_complex' retrieved from /home/airflow/.local/lib/python3.12/site-packages/airflow/example_dags/example_complex.py
[2024-06-14T14:15:04.995+0000] {logging_mixin.py:188} INFO - [2024-06-14T14:15:04.995+0000] {dag.py:3096} INFO - Sync 1 DAGs
[2024-06-14T14:15:05.008+0000] {logging_mixin.py:188} INFO - [2024-06-14T14:15:05.008+0000] {dag.py:3954} INFO - Setting next_dagrun for example_complex to None, run_after=None
[2024-06-14T14:15:05.027+0000] {processor.py:183} INFO - Processing /home/airflow/.local/lib/python3.12/site-packages/airflow/example_dags/example_complex.py took 0.114 seconds
[2024-06-14T14:15:35.051+0000] {processor.py:161} INFO - Started process (PID=333) to work on /home/airflow/.local/lib/python3.12/site-packages/airflow/example_dags/example_complex.py
[2024-06-14T14:15:35.052+0000] {processor.py:830} INFO - Processing file /home/airflow/.local/lib/python3.12/site-packages/airflow/example_dags/example_complex.py for tasks to queue
[2024-06-14T14:15:35.054+0000] {logging_mixin.py:188} INFO - [2024-06-14T14:15:35.054+0000] {dagbag.py:545} INFO - Filling up the DagBag from /home/airflow/.local/lib/python3.12/site-packages/airflow/example_dags/example_complex.py
[2024-06-14T14:15:35.064+0000] {processor.py:840} INFO - DAG(s) 'example_complex' retrieved from /home/airflow/.local/lib/python3.12/site-packages/airflow/example_dags/example_complex.py
[2024-06-14T14:15:35.096+0000] {logging_mixin.py:188} INFO - [2024-06-14T14:15:35.096+0000] {dag.py:3096} INFO - Sync 1 DAGs
[2024-06-14T14:15:35.107+0000] {logging_mixin.py:188} INFO - [2024-06-14T14:15:35.107+0000] {dag.py:3954} INFO - Setting next_dagrun for example_complex to None, run_after=None
[2024-06-14T14:15:35.126+0000] {processor.py:183} INFO - Processing /home/airflow/.local/lib/python3.12/site-packages/airflow/example_dags/example_complex.py took 0.081 seconds
[2024-06-14T14:16:05.376+0000] {processor.py:161} INFO - Started process (PID=392) to work on /home/airflow/.local/lib/python3.12/site-packages/airflow/example_dags/example_complex.py
[2024-06-14T14:16:05.386+0000] {processor.py:830} INFO - Processing file /home/airflow/.local/lib/python3.12/site-packages/airflow/example_dags/example_complex.py for tasks to queue
[2024-06-14T14:16:05.389+0000] {logging_mixin.py:188} INFO - [2024-06-14T14:16:05.388+0000] {dagbag.py:545} INFO - Filling up the DagBag from /home/airflow/.local/lib/python3.12/site-packages/airflow/example_dags/example_complex.py
[2024-06-14T14:16:05.405+0000] {processor.py:840} INFO - DAG(s) 'example_complex' retrieved from /home/airflow/.local/lib/python3.12/site-packages/airflow/example_dags/example_complex.py
[2024-06-14T14:16:05.436+0000] {logging_mixin.py:188} INFO - [2024-06-14T14:16:05.435+0000] {dag.py:3096} INFO - Sync 1 DAGs
[2024-06-14T14:16:05.448+0000] {logging_mixin.py:188} INFO - [2024-06-14T14:16:05.448+0000] {dag.py:3954} INFO - Setting next_dagrun for example_complex to None, run_after=None
[2024-06-14T14:16:05.468+0000] {processor.py:183} INFO - Processing /home/airflow/.local/lib/python3.12/site-packages/airflow/example_dags/example_complex.py took 0.107 seconds
[2024-06-14T14:16:35.634+0000] {processor.py:161} INFO - Started process (PID=451) to work on /home/airflow/.local/lib/python3.12/site-packages/airflow/example_dags/example_complex.py
[2024-06-14T14:16:35.644+0000] {processor.py:830} INFO - Processing file /home/airflow/.local/lib/python3.12/site-packages/airflow/example_dags/example_complex.py for tasks to queue
[2024-06-14T14:16:35.647+0000] {logging_mixin.py:188} INFO - [2024-06-14T14:16:35.646+0000] {dagbag.py:545} INFO - Filling up the DagBag from /home/airflow/.local/lib/python3.12/site-packages/airflow/example_dags/example_complex.py
[2024-06-14T14:16:35.663+0000] {processor.py:840} INFO - DAG(s) 'example_complex' retrieved from /home/airflow/.local/lib/python3.12/site-packages/airflow/example_dags/example_complex.py
[2024-06-14T14:16:35.696+0000] {logging_mixin.py:188} INFO - [2024-06-14T14:16:35.695+0000] {dag.py:3096} INFO - Sync 1 DAGs
[2024-06-14T14:16:35.708+0000] {logging_mixin.py:188} INFO - [2024-06-14T14:16:35.707+0000] {dag.py:3954} INFO - Setting next_dagrun for example_complex to None, run_after=None
[2024-06-14T14:16:35.728+0000] {processor.py:183} INFO - Processing /home/airflow/.local/lib/python3.12/site-packages/airflow/example_dags/example_complex.py took 0.106 seconds
[2024-06-14T14:17:05.902+0000] {processor.py:161} INFO - Started process (PID=510) to work on /home/airflow/.local/lib/python3.12/site-packages/airflow/example_dags/example_complex.py
[2024-06-14T14:17:05.911+0000] {processor.py:830} INFO - Processing file /home/airflow/.local/lib/python3.12/site-packages/airflow/example_dags/example_complex.py for tasks to queue
[2024-06-14T14:17:05.913+0000] {logging_mixin.py:188} INFO - [2024-06-14T14:17:05.912+0000] {dagbag.py:545} INFO - Filling up the DagBag from /home/airflow/.local/lib/python3.12/site-packages/airflow/example_dags/example_complex.py
[2024-06-14T14:17:05.924+0000] {processor.py:840} INFO - DAG(s) 'example_complex' retrieved from /home/airflow/.local/lib/python3.12/site-packages/airflow/example_dags/example_complex.py
[2024-06-14T14:17:05.969+0000] {logging_mixin.py:188} INFO - [2024-06-14T14:17:05.969+0000] {dag.py:3096} INFO - Sync 1 DAGs
[2024-06-14T14:17:05.988+0000] {logging_mixin.py:188} INFO - [2024-06-14T14:17:05.987+0000] {dag.py:3954} INFO - Setting next_dagrun for example_complex to None, run_after=None
[2024-06-14T14:17:06.013+0000] {processor.py:183} INFO - Processing /home/airflow/.local/lib/python3.12/site-packages/airflow/example_dags/example_complex.py took 0.116 seconds
[2024-06-14T14:17:36.162+0000] {processor.py:161} INFO - Started process (PID=568) to work on /home/airflow/.local/lib/python3.12/site-packages/airflow/example_dags/example_complex.py
[2024-06-14T14:17:36.171+0000] {processor.py:830} INFO - Processing file /home/airflow/.local/lib/python3.12/site-packages/airflow/example_dags/example_complex.py for tasks to queue
[2024-06-14T14:17:36.174+0000] {logging_mixin.py:188} INFO - [2024-06-14T14:17:36.173+0000] {dagbag.py:545} INFO - Filling up the DagBag from /home/airflow/.local/lib/python3.12/site-packages/airflow/example_dags/example_complex.py
[2024-06-14T14:17:36.187+0000] {processor.py:840} INFO - DAG(s) 'example_complex' retrieved from /home/airflow/.local/lib/python3.12/site-packages/airflow/example_dags/example_complex.py
[2024-06-14T14:17:36.219+0000] {logging_mixin.py:188} INFO - [2024-06-14T14:17:36.219+0000] {dag.py:3096} INFO - Sync 1 DAGs
[2024-06-14T14:17:36.233+0000] {logging_mixin.py:188} INFO - [2024-06-14T14:17:36.233+0000] {dag.py:3954} INFO - Setting next_dagrun for example_complex to None, run_after=None
[2024-06-14T14:17:36.253+0000] {processor.py:183} INFO - Processing /home/airflow/.local/lib/python3.12/site-packages/airflow/example_dags/example_complex.py took 0.105 seconds
[2024-06-14T14:18:06.419+0000] {processor.py:161} INFO - Started process (PID=627) to work on /home/airflow/.local/lib/python3.12/site-packages/airflow/example_dags/example_complex.py
[2024-06-14T14:18:06.420+0000] {processor.py:830} INFO - Processing file /home/airflow/.local/lib/python3.12/site-packages/airflow/example_dags/example_complex.py for tasks to queue
[2024-06-14T14:18:06.423+0000] {logging_mixin.py:188} INFO - [2024-06-14T14:18:06.422+0000] {dagbag.py:545} INFO - Filling up the DagBag from /home/airflow/.local/lib/python3.12/site-packages/airflow/example_dags/example_complex.py
[2024-06-14T14:18:06.439+0000] {processor.py:840} INFO - DAG(s) 'example_complex' retrieved from /home/airflow/.local/lib/python3.12/site-packages/airflow/example_dags/example_complex.py
[2024-06-14T14:18:06.475+0000] {logging_mixin.py:188} INFO - [2024-06-14T14:18:06.475+0000] {dag.py:3096} INFO - Sync 1 DAGs
[2024-06-14T14:18:06.486+0000] {logging_mixin.py:188} INFO - [2024-06-14T14:18:06.486+0000] {dag.py:3954} INFO - Setting next_dagrun for example_complex to None, run_after=None
[2024-06-14T14:18:06.504+0000] {processor.py:183} INFO - Processing /home/airflow/.local/lib/python3.12/site-packages/airflow/example_dags/example_complex.py took 0.092 seconds
[2024-06-14T14:18:36.828+0000] {processor.py:161} INFO - Started process (PID=686) to work on /home/airflow/.local/lib/python3.12/site-packages/airflow/example_dags/example_complex.py
[2024-06-14T14:18:36.829+0000] {processor.py:830} INFO - Processing file /home/airflow/.local/lib/python3.12/site-packages/airflow/example_dags/example_complex.py for tasks to queue
[2024-06-14T14:18:36.831+0000] {logging_mixin.py:188} INFO - [2024-06-14T14:18:36.831+0000] {dagbag.py:545} INFO - Filling up the DagBag from /home/airflow/.local/lib/python3.12/site-packages/airflow/example_dags/example_complex.py
[2024-06-14T14:18:36.841+0000] {processor.py:840} INFO - DAG(s) 'example_complex' retrieved from /home/airflow/.local/lib/python3.12/site-packages/airflow/example_dags/example_complex.py
[2024-06-14T14:18:36.870+0000] {logging_mixin.py:188} INFO - [2024-06-14T14:18:36.870+0000] {dag.py:3096} INFO - Sync 1 DAGs
[2024-06-14T14:18:36.881+0000] {logging_mixin.py:188} INFO - [2024-06-14T14:18:36.881+0000] {dag.py:3954} INFO - Setting next_dagrun for example_complex to None, run_after=None
[2024-06-14T14:18:36.899+0000] {processor.py:183} INFO - Processing /home/airflow/.local/lib/python3.12/site-packages/airflow/example_dags/example_complex.py took 0.076 seconds
[2024-06-14T14:19:07.009+0000] {processor.py:161} INFO - Started process (PID=745) to work on /home/airflow/.local/lib/python3.12/site-packages/airflow/example_dags/example_complex.py
[2024-06-14T14:19:07.010+0000] {processor.py:830} INFO - Processing file /home/airflow/.local/lib/python3.12/site-packages/airflow/example_dags/example_complex.py for tasks to queue
[2024-06-14T14:19:07.012+0000] {logging_mixin.py:188} INFO - [2024-06-14T14:19:07.012+0000] {dagbag.py:545} INFO - Filling up the DagBag from /home/airflow/.local/lib/python3.12/site-packages/airflow/example_dags/example_complex.py
[2024-06-14T14:19:07.027+0000] {processor.py:840} INFO - DAG(s) 'example_complex' retrieved from /home/airflow/.local/lib/python3.12/site-packages/airflow/example_dags/example_complex.py
[2024-06-14T14:19:07.058+0000] {logging_mixin.py:188} INFO - [2024-06-14T14:19:07.058+0000] {dag.py:3096} INFO - Sync 1 DAGs
[2024-06-14T14:19:07.069+0000] {logging_mixin.py:188} INFO - [2024-06-14T14:19:07.069+0000] {dag.py:3954} INFO - Setting next_dagrun for example_complex to None, run_after=None
[2024-06-14T14:19:07.090+0000] {processor.py:183} INFO - Processing /home/airflow/.local/lib/python3.12/site-packages/airflow/example_dags/example_complex.py took 0.089 seconds
