[2024-06-14T14:13:04.772+0000] {processor.py:161} INFO - Started process (PID=58) to work on /home/airflow/.local/lib/python3.12/site-packages/airflow/example_dags/example_task_group_decorator.py
[2024-06-14T14:13:04.773+0000] {processor.py:830} INFO - Processing file /home/airflow/.local/lib/python3.12/site-packages/airflow/example_dags/example_task_group_decorator.py for tasks to queue
[2024-06-14T14:13:04.775+0000] {logging_mixin.py:188} INFO - [2024-06-14T14:13:04.774+0000] {dagbag.py:545} INFO - Filling up the DagBag from /home/airflow/.local/lib/python3.12/site-packages/airflow/example_dags/example_task_group_decorator.py
[2024-06-14T14:13:04.800+0000] {processor.py:840} INFO - DAG(s) 'example_task_group_decorator' retrieved from /home/airflow/.local/lib/python3.12/site-packages/airflow/example_dags/example_task_group_decorator.py
[2024-06-14T14:13:04.813+0000] {logging_mixin.py:188} INFO - [2024-06-14T14:13:04.812+0000] {dag.py:3096} INFO - Sync 1 DAGs
[2024-06-14T14:13:04.848+0000] {logging_mixin.py:188} INFO - [2024-06-14T14:13:04.847+0000] {dag.py:3954} INFO - Setting next_dagrun for example_task_group_decorator to 2024-06-13 00:00:00+00:00, run_after=2024-06-14 00:00:00+00:00
[2024-06-14T14:13:04.871+0000] {processor.py:183} INFO - Processing /home/airflow/.local/lib/python3.12/site-packages/airflow/example_dags/example_task_group_decorator.py took 0.106 seconds
[2024-06-14T14:13:35.418+0000] {processor.py:161} INFO - Started process (PID=121) to work on /home/airflow/.local/lib/python3.12/site-packages/airflow/example_dags/example_task_group_decorator.py
[2024-06-14T14:13:35.418+0000] {processor.py:830} INFO - Processing file /home/airflow/.local/lib/python3.12/site-packages/airflow/example_dags/example_task_group_decorator.py for tasks to queue
[2024-06-14T14:13:35.420+0000] {logging_mixin.py:188} INFO - [2024-06-14T14:13:35.420+0000] {dagbag.py:545} INFO - Filling up the DagBag from /home/airflow/.local/lib/python3.12/site-packages/airflow/example_dags/example_task_group_decorator.py
[2024-06-14T14:13:35.433+0000] {processor.py:840} INFO - DAG(s) 'example_task_group_decorator' retrieved from /home/airflow/.local/lib/python3.12/site-packages/airflow/example_dags/example_task_group_decorator.py
[2024-06-14T14:13:35.536+0000] {logging_mixin.py:188} INFO - [2024-06-14T14:13:35.536+0000] {dag.py:3096} INFO - Sync 1 DAGs
[2024-06-14T14:13:35.562+0000] {logging_mixin.py:188} INFO - [2024-06-14T14:13:35.562+0000] {dag.py:3954} INFO - Setting next_dagrun for example_task_group_decorator to 2024-06-13 00:00:00+00:00, run_after=2024-06-14 00:00:00+00:00
[2024-06-14T14:13:35.582+0000] {processor.py:183} INFO - Processing /home/airflow/.local/lib/python3.12/site-packages/airflow/example_dags/example_task_group_decorator.py took 0.169 seconds
[2024-06-14T14:14:05.920+0000] {processor.py:161} INFO - Started process (PID=180) to work on /home/airflow/.local/lib/python3.12/site-packages/airflow/example_dags/example_task_group_decorator.py
[2024-06-14T14:14:05.921+0000] {processor.py:830} INFO - Processing file /home/airflow/.local/lib/python3.12/site-packages/airflow/example_dags/example_task_group_decorator.py for tasks to queue
[2024-06-14T14:14:05.922+0000] {logging_mixin.py:188} INFO - [2024-06-14T14:14:05.922+0000] {dagbag.py:545} INFO - Filling up the DagBag from /home/airflow/.local/lib/python3.12/site-packages/airflow/example_dags/example_task_group_decorator.py
[2024-06-14T14:14:05.936+0000] {processor.py:840} INFO - DAG(s) 'example_task_group_decorator' retrieved from /home/airflow/.local/lib/python3.12/site-packages/airflow/example_dags/example_task_group_decorator.py
[2024-06-14T14:14:05.967+0000] {logging_mixin.py:188} INFO - [2024-06-14T14:14:05.967+0000] {dag.py:3096} INFO - Sync 1 DAGs
[2024-06-14T14:14:05.992+0000] {logging_mixin.py:188} INFO - [2024-06-14T14:14:05.991+0000] {dag.py:3954} INFO - Setting next_dagrun for example_task_group_decorator to 2024-06-13 00:00:00+00:00, run_after=2024-06-14 00:00:00+00:00
[2024-06-14T14:14:06.011+0000] {processor.py:183} INFO - Processing /home/airflow/.local/lib/python3.12/site-packages/airflow/example_dags/example_task_group_decorator.py took 0.096 seconds
[2024-06-14T14:14:36.978+0000] {processor.py:161} INFO - Started process (PID=239) to work on /home/airflow/.local/lib/python3.12/site-packages/airflow/example_dags/example_task_group_decorator.py
[2024-06-14T14:14:36.979+0000] {processor.py:830} INFO - Processing file /home/airflow/.local/lib/python3.12/site-packages/airflow/example_dags/example_task_group_decorator.py for tasks to queue
[2024-06-14T14:14:36.980+0000] {logging_mixin.py:188} INFO - [2024-06-14T14:14:36.980+0000] {dagbag.py:545} INFO - Filling up the DagBag from /home/airflow/.local/lib/python3.12/site-packages/airflow/example_dags/example_task_group_decorator.py
[2024-06-14T14:14:36.993+0000] {processor.py:840} INFO - DAG(s) 'example_task_group_decorator' retrieved from /home/airflow/.local/lib/python3.12/site-packages/airflow/example_dags/example_task_group_decorator.py
[2024-06-14T14:14:37.017+0000] {logging_mixin.py:188} INFO - [2024-06-14T14:14:37.017+0000] {dag.py:3096} INFO - Sync 1 DAGs
[2024-06-14T14:14:37.036+0000] {logging_mixin.py:188} INFO - [2024-06-14T14:14:37.036+0000] {dag.py:3954} INFO - Setting next_dagrun for example_task_group_decorator to 2024-06-13 00:00:00+00:00, run_after=2024-06-14 00:00:00+00:00
[2024-06-14T14:14:37.054+0000] {processor.py:183} INFO - Processing /home/airflow/.local/lib/python3.12/site-packages/airflow/example_dags/example_task_group_decorator.py took 0.081 seconds
[2024-06-14T14:15:07.155+0000] {processor.py:161} INFO - Started process (PID=298) to work on /home/airflow/.local/lib/python3.12/site-packages/airflow/example_dags/example_task_group_decorator.py
[2024-06-14T14:15:07.156+0000] {processor.py:830} INFO - Processing file /home/airflow/.local/lib/python3.12/site-packages/airflow/example_dags/example_task_group_decorator.py for tasks to queue
[2024-06-14T14:15:07.158+0000] {logging_mixin.py:188} INFO - [2024-06-14T14:15:07.158+0000] {dagbag.py:545} INFO - Filling up the DagBag from /home/airflow/.local/lib/python3.12/site-packages/airflow/example_dags/example_task_group_decorator.py
[2024-06-14T14:15:07.175+0000] {processor.py:840} INFO - DAG(s) 'example_task_group_decorator' retrieved from /home/airflow/.local/lib/python3.12/site-packages/airflow/example_dags/example_task_group_decorator.py
[2024-06-14T14:15:07.200+0000] {logging_mixin.py:188} INFO - [2024-06-14T14:15:07.200+0000] {dag.py:3096} INFO - Sync 1 DAGs
[2024-06-14T14:15:07.224+0000] {logging_mixin.py:188} INFO - [2024-06-14T14:15:07.224+0000] {dag.py:3954} INFO - Setting next_dagrun for example_task_group_decorator to 2024-06-13 00:00:00+00:00, run_after=2024-06-14 00:00:00+00:00
[2024-06-14T14:15:07.241+0000] {processor.py:183} INFO - Processing /home/airflow/.local/lib/python3.12/site-packages/airflow/example_dags/example_task_group_decorator.py took 0.092 seconds
[2024-06-14T14:15:37.387+0000] {processor.py:161} INFO - Started process (PID=357) to work on /home/airflow/.local/lib/python3.12/site-packages/airflow/example_dags/example_task_group_decorator.py
[2024-06-14T14:15:37.388+0000] {processor.py:830} INFO - Processing file /home/airflow/.local/lib/python3.12/site-packages/airflow/example_dags/example_task_group_decorator.py for tasks to queue
[2024-06-14T14:15:37.389+0000] {logging_mixin.py:188} INFO - [2024-06-14T14:15:37.389+0000] {dagbag.py:545} INFO - Filling up the DagBag from /home/airflow/.local/lib/python3.12/site-packages/airflow/example_dags/example_task_group_decorator.py
[2024-06-14T14:15:37.403+0000] {processor.py:840} INFO - DAG(s) 'example_task_group_decorator' retrieved from /home/airflow/.local/lib/python3.12/site-packages/airflow/example_dags/example_task_group_decorator.py
[2024-06-14T14:15:37.425+0000] {logging_mixin.py:188} INFO - [2024-06-14T14:15:37.425+0000] {dag.py:3096} INFO - Sync 1 DAGs
[2024-06-14T14:15:37.444+0000] {logging_mixin.py:188} INFO - [2024-06-14T14:15:37.444+0000] {dag.py:3954} INFO - Setting next_dagrun for example_task_group_decorator to 2024-06-13 00:00:00+00:00, run_after=2024-06-14 00:00:00+00:00
[2024-06-14T14:15:37.462+0000] {processor.py:183} INFO - Processing /home/airflow/.local/lib/python3.12/site-packages/airflow/example_dags/example_task_group_decorator.py took 0.080 seconds
[2024-06-14T14:16:07.793+0000] {processor.py:161} INFO - Started process (PID=416) to work on /home/airflow/.local/lib/python3.12/site-packages/airflow/example_dags/example_task_group_decorator.py
[2024-06-14T14:16:07.795+0000] {processor.py:830} INFO - Processing file /home/airflow/.local/lib/python3.12/site-packages/airflow/example_dags/example_task_group_decorator.py for tasks to queue
[2024-06-14T14:16:07.798+0000] {logging_mixin.py:188} INFO - [2024-06-14T14:16:07.798+0000] {dagbag.py:545} INFO - Filling up the DagBag from /home/airflow/.local/lib/python3.12/site-packages/airflow/example_dags/example_task_group_decorator.py
[2024-06-14T14:16:07.821+0000] {processor.py:840} INFO - DAG(s) 'example_task_group_decorator' retrieved from /home/airflow/.local/lib/python3.12/site-packages/airflow/example_dags/example_task_group_decorator.py
[2024-06-14T14:16:07.870+0000] {logging_mixin.py:188} INFO - [2024-06-14T14:16:07.870+0000] {dag.py:3096} INFO - Sync 1 DAGs
[2024-06-14T14:16:07.905+0000] {logging_mixin.py:188} INFO - [2024-06-14T14:16:07.905+0000] {dag.py:3954} INFO - Setting next_dagrun for example_task_group_decorator to 2024-06-13 00:00:00+00:00, run_after=2024-06-14 00:00:00+00:00
[2024-06-14T14:16:07.928+0000] {processor.py:183} INFO - Processing /home/airflow/.local/lib/python3.12/site-packages/airflow/example_dags/example_task_group_decorator.py took 0.146 seconds
[2024-06-14T14:16:38.036+0000] {processor.py:161} INFO - Started process (PID=475) to work on /home/airflow/.local/lib/python3.12/site-packages/airflow/example_dags/example_task_group_decorator.py
[2024-06-14T14:16:38.037+0000] {processor.py:830} INFO - Processing file /home/airflow/.local/lib/python3.12/site-packages/airflow/example_dags/example_task_group_decorator.py for tasks to queue
[2024-06-14T14:16:38.038+0000] {logging_mixin.py:188} INFO - [2024-06-14T14:16:38.038+0000] {dagbag.py:545} INFO - Filling up the DagBag from /home/airflow/.local/lib/python3.12/site-packages/airflow/example_dags/example_task_group_decorator.py
[2024-06-14T14:16:38.055+0000] {processor.py:840} INFO - DAG(s) 'example_task_group_decorator' retrieved from /home/airflow/.local/lib/python3.12/site-packages/airflow/example_dags/example_task_group_decorator.py
[2024-06-14T14:16:38.083+0000] {logging_mixin.py:188} INFO - [2024-06-14T14:16:38.083+0000] {dag.py:3096} INFO - Sync 1 DAGs
[2024-06-14T14:16:38.105+0000] {logging_mixin.py:188} INFO - [2024-06-14T14:16:38.105+0000] {dag.py:3954} INFO - Setting next_dagrun for example_task_group_decorator to 2024-06-13 00:00:00+00:00, run_after=2024-06-14 00:00:00+00:00
[2024-06-14T14:16:38.134+0000] {processor.py:183} INFO - Processing /home/airflow/.local/lib/python3.12/site-packages/airflow/example_dags/example_task_group_decorator.py took 0.103 seconds
[2024-06-14T14:17:08.257+0000] {processor.py:161} INFO - Started process (PID=534) to work on /home/airflow/.local/lib/python3.12/site-packages/airflow/example_dags/example_task_group_decorator.py
[2024-06-14T14:17:08.258+0000] {processor.py:830} INFO - Processing file /home/airflow/.local/lib/python3.12/site-packages/airflow/example_dags/example_task_group_decorator.py for tasks to queue
[2024-06-14T14:17:08.259+0000] {logging_mixin.py:188} INFO - [2024-06-14T14:17:08.259+0000] {dagbag.py:545} INFO - Filling up the DagBag from /home/airflow/.local/lib/python3.12/site-packages/airflow/example_dags/example_task_group_decorator.py
[2024-06-14T14:17:08.272+0000] {processor.py:840} INFO - DAG(s) 'example_task_group_decorator' retrieved from /home/airflow/.local/lib/python3.12/site-packages/airflow/example_dags/example_task_group_decorator.py
[2024-06-14T14:17:08.296+0000] {logging_mixin.py:188} INFO - [2024-06-14T14:17:08.296+0000] {dag.py:3096} INFO - Sync 1 DAGs
[2024-06-14T14:17:08.317+0000] {logging_mixin.py:188} INFO - [2024-06-14T14:17:08.316+0000] {dag.py:3954} INFO - Setting next_dagrun for example_task_group_decorator to 2024-06-13 00:00:00+00:00, run_after=2024-06-14 00:00:00+00:00
[2024-06-14T14:17:08.334+0000] {processor.py:183} INFO - Processing /home/airflow/.local/lib/python3.12/site-packages/airflow/example_dags/example_task_group_decorator.py took 0.081 seconds
[2024-06-14T14:17:38.632+0000] {processor.py:161} INFO - Started process (PID=592) to work on /home/airflow/.local/lib/python3.12/site-packages/airflow/example_dags/example_task_group_decorator.py
[2024-06-14T14:17:38.633+0000] {processor.py:830} INFO - Processing file /home/airflow/.local/lib/python3.12/site-packages/airflow/example_dags/example_task_group_decorator.py for tasks to queue
[2024-06-14T14:17:38.635+0000] {logging_mixin.py:188} INFO - [2024-06-14T14:17:38.635+0000] {dagbag.py:545} INFO - Filling up the DagBag from /home/airflow/.local/lib/python3.12/site-packages/airflow/example_dags/example_task_group_decorator.py
[2024-06-14T14:17:38.649+0000] {processor.py:840} INFO - DAG(s) 'example_task_group_decorator' retrieved from /home/airflow/.local/lib/python3.12/site-packages/airflow/example_dags/example_task_group_decorator.py
[2024-06-14T14:17:38.672+0000] {logging_mixin.py:188} INFO - [2024-06-14T14:17:38.672+0000] {dag.py:3096} INFO - Sync 1 DAGs
[2024-06-14T14:17:38.693+0000] {logging_mixin.py:188} INFO - [2024-06-14T14:17:38.692+0000] {dag.py:3954} INFO - Setting next_dagrun for example_task_group_decorator to 2024-06-13 00:00:00+00:00, run_after=2024-06-14 00:00:00+00:00
[2024-06-14T14:17:38.712+0000] {processor.py:183} INFO - Processing /home/airflow/.local/lib/python3.12/site-packages/airflow/example_dags/example_task_group_decorator.py took 0.088 seconds
[2024-06-14T14:18:08.749+0000] {processor.py:161} INFO - Started process (PID=651) to work on /home/airflow/.local/lib/python3.12/site-packages/airflow/example_dags/example_task_group_decorator.py
[2024-06-14T14:18:08.750+0000] {processor.py:830} INFO - Processing file /home/airflow/.local/lib/python3.12/site-packages/airflow/example_dags/example_task_group_decorator.py for tasks to queue
[2024-06-14T14:18:08.752+0000] {logging_mixin.py:188} INFO - [2024-06-14T14:18:08.752+0000] {dagbag.py:545} INFO - Filling up the DagBag from /home/airflow/.local/lib/python3.12/site-packages/airflow/example_dags/example_task_group_decorator.py
[2024-06-14T14:18:08.766+0000] {processor.py:840} INFO - DAG(s) 'example_task_group_decorator' retrieved from /home/airflow/.local/lib/python3.12/site-packages/airflow/example_dags/example_task_group_decorator.py
[2024-06-14T14:18:08.790+0000] {logging_mixin.py:188} INFO - [2024-06-14T14:18:08.790+0000] {dag.py:3096} INFO - Sync 1 DAGs
[2024-06-14T14:18:08.811+0000] {logging_mixin.py:188} INFO - [2024-06-14T14:18:08.810+0000] {dag.py:3954} INFO - Setting next_dagrun for example_task_group_decorator to 2024-06-13 00:00:00+00:00, run_after=2024-06-14 00:00:00+00:00
[2024-06-14T14:18:08.827+0000] {processor.py:183} INFO - Processing /home/airflow/.local/lib/python3.12/site-packages/airflow/example_dags/example_task_group_decorator.py took 0.084 seconds
[2024-06-14T14:18:39.096+0000] {processor.py:161} INFO - Started process (PID=710) to work on /home/airflow/.local/lib/python3.12/site-packages/airflow/example_dags/example_task_group_decorator.py
[2024-06-14T14:18:39.096+0000] {processor.py:830} INFO - Processing file /home/airflow/.local/lib/python3.12/site-packages/airflow/example_dags/example_task_group_decorator.py for tasks to queue
[2024-06-14T14:18:39.098+0000] {logging_mixin.py:188} INFO - [2024-06-14T14:18:39.098+0000] {dagbag.py:545} INFO - Filling up the DagBag from /home/airflow/.local/lib/python3.12/site-packages/airflow/example_dags/example_task_group_decorator.py
[2024-06-14T14:18:39.111+0000] {processor.py:840} INFO - DAG(s) 'example_task_group_decorator' retrieved from /home/airflow/.local/lib/python3.12/site-packages/airflow/example_dags/example_task_group_decorator.py
[2024-06-14T14:18:39.133+0000] {logging_mixin.py:188} INFO - [2024-06-14T14:18:39.133+0000] {dag.py:3096} INFO - Sync 1 DAGs
[2024-06-14T14:18:39.152+0000] {logging_mixin.py:188} INFO - [2024-06-14T14:18:39.152+0000] {dag.py:3954} INFO - Setting next_dagrun for example_task_group_decorator to 2024-06-13 00:00:00+00:00, run_after=2024-06-14 00:00:00+00:00
[2024-06-14T14:18:39.173+0000] {processor.py:183} INFO - Processing /home/airflow/.local/lib/python3.12/site-packages/airflow/example_dags/example_task_group_decorator.py took 0.082 seconds
[2024-06-14T14:19:09.280+0000] {processor.py:161} INFO - Started process (PID=769) to work on /home/airflow/.local/lib/python3.12/site-packages/airflow/example_dags/example_task_group_decorator.py
[2024-06-14T14:19:09.281+0000] {processor.py:830} INFO - Processing file /home/airflow/.local/lib/python3.12/site-packages/airflow/example_dags/example_task_group_decorator.py for tasks to queue
[2024-06-14T14:19:09.283+0000] {logging_mixin.py:188} INFO - [2024-06-14T14:19:09.282+0000] {dagbag.py:545} INFO - Filling up the DagBag from /home/airflow/.local/lib/python3.12/site-packages/airflow/example_dags/example_task_group_decorator.py
[2024-06-14T14:19:09.295+0000] {processor.py:840} INFO - DAG(s) 'example_task_group_decorator' retrieved from /home/airflow/.local/lib/python3.12/site-packages/airflow/example_dags/example_task_group_decorator.py
[2024-06-14T14:19:09.318+0000] {logging_mixin.py:188} INFO - [2024-06-14T14:19:09.318+0000] {dag.py:3096} INFO - Sync 1 DAGs
[2024-06-14T14:19:09.337+0000] {logging_mixin.py:188} INFO - [2024-06-14T14:19:09.336+0000] {dag.py:3954} INFO - Setting next_dagrun for example_task_group_decorator to 2024-06-13 00:00:00+00:00, run_after=2024-06-14 00:00:00+00:00
[2024-06-14T14:19:09.358+0000] {processor.py:183} INFO - Processing /home/airflow/.local/lib/python3.12/site-packages/airflow/example_dags/example_task_group_decorator.py took 0.082 seconds
