[2024-06-14T14:13:04.895+0000] {processor.py:161} INFO - Started process (PID=60) to work on /home/airflow/.local/lib/python3.12/site-packages/airflow/example_dags/example_nested_branch_dag.py
[2024-06-14T14:13:04.896+0000] {processor.py:830} INFO - Processing file /home/airflow/.local/lib/python3.12/site-packages/airflow/example_dags/example_nested_branch_dag.py for tasks to queue
[2024-06-14T14:13:04.898+0000] {logging_mixin.py:188} INFO - [2024-06-14T14:13:04.897+0000] {dagbag.py:545} INFO - Filling up the DagBag from /home/airflow/.local/lib/python3.12/site-packages/airflow/example_dags/example_nested_branch_dag.py
[2024-06-14T14:13:04.912+0000] {processor.py:840} INFO - DAG(s) 'example_nested_branch_dag' retrieved from /home/airflow/.local/lib/python3.12/site-packages/airflow/example_dags/example_nested_branch_dag.py
[2024-06-14T14:13:04.924+0000] {logging_mixin.py:188} INFO - [2024-06-14T14:13:04.923+0000] {dag.py:3096} INFO - Sync 1 DAGs
[2024-06-14T14:13:04.962+0000] {logging_mixin.py:188} INFO - [2024-06-14T14:13:04.962+0000] {dag.py:3954} INFO - Setting next_dagrun for example_nested_branch_dag to 2024-06-13 00:00:00+00:00, run_after=2024-06-14 00:00:00+00:00
[2024-06-14T14:13:04.987+0000] {processor.py:183} INFO - Processing /home/airflow/.local/lib/python3.12/site-packages/airflow/example_dags/example_nested_branch_dag.py took 0.098 seconds
[2024-06-14T14:13:35.601+0000] {processor.py:161} INFO - Started process (PID=123) to work on /home/airflow/.local/lib/python3.12/site-packages/airflow/example_dags/example_nested_branch_dag.py
[2024-06-14T14:13:35.602+0000] {processor.py:830} INFO - Processing file /home/airflow/.local/lib/python3.12/site-packages/airflow/example_dags/example_nested_branch_dag.py for tasks to queue
[2024-06-14T14:13:35.604+0000] {logging_mixin.py:188} INFO - [2024-06-14T14:13:35.603+0000] {dagbag.py:545} INFO - Filling up the DagBag from /home/airflow/.local/lib/python3.12/site-packages/airflow/example_dags/example_nested_branch_dag.py
[2024-06-14T14:13:35.612+0000] {processor.py:840} INFO - DAG(s) 'example_nested_branch_dag' retrieved from /home/airflow/.local/lib/python3.12/site-packages/airflow/example_dags/example_nested_branch_dag.py
[2024-06-14T14:13:35.708+0000] {logging_mixin.py:188} INFO - [2024-06-14T14:13:35.707+0000] {dag.py:3096} INFO - Sync 1 DAGs
[2024-06-14T14:13:35.725+0000] {logging_mixin.py:188} INFO - [2024-06-14T14:13:35.725+0000] {dag.py:3954} INFO - Setting next_dagrun for example_nested_branch_dag to 2024-06-13 00:00:00+00:00, run_after=2024-06-14 00:00:00+00:00
[2024-06-14T14:13:35.743+0000] {processor.py:183} INFO - Processing /home/airflow/.local/lib/python3.12/site-packages/airflow/example_dags/example_nested_branch_dag.py took 0.146 seconds
[2024-06-14T14:14:06.029+0000] {processor.py:161} INFO - Started process (PID=182) to work on /home/airflow/.local/lib/python3.12/site-packages/airflow/example_dags/example_nested_branch_dag.py
[2024-06-14T14:14:06.030+0000] {processor.py:830} INFO - Processing file /home/airflow/.local/lib/python3.12/site-packages/airflow/example_dags/example_nested_branch_dag.py for tasks to queue
[2024-06-14T14:14:06.032+0000] {logging_mixin.py:188} INFO - [2024-06-14T14:14:06.031+0000] {dagbag.py:545} INFO - Filling up the DagBag from /home/airflow/.local/lib/python3.12/site-packages/airflow/example_dags/example_nested_branch_dag.py
[2024-06-14T14:14:06.041+0000] {processor.py:840} INFO - DAG(s) 'example_nested_branch_dag' retrieved from /home/airflow/.local/lib/python3.12/site-packages/airflow/example_dags/example_nested_branch_dag.py
[2024-06-14T14:14:06.061+0000] {logging_mixin.py:188} INFO - [2024-06-14T14:14:06.061+0000] {dag.py:3096} INFO - Sync 1 DAGs
[2024-06-14T14:14:06.081+0000] {logging_mixin.py:188} INFO - [2024-06-14T14:14:06.080+0000] {dag.py:3954} INFO - Setting next_dagrun for example_nested_branch_dag to 2024-06-13 00:00:00+00:00, run_after=2024-06-14 00:00:00+00:00
[2024-06-14T14:14:06.097+0000] {processor.py:183} INFO - Processing /home/airflow/.local/lib/python3.12/site-packages/airflow/example_dags/example_nested_branch_dag.py took 0.073 seconds
[2024-06-14T14:14:37.075+0000] {processor.py:161} INFO - Started process (PID=241) to work on /home/airflow/.local/lib/python3.12/site-packages/airflow/example_dags/example_nested_branch_dag.py
[2024-06-14T14:14:37.075+0000] {processor.py:830} INFO - Processing file /home/airflow/.local/lib/python3.12/site-packages/airflow/example_dags/example_nested_branch_dag.py for tasks to queue
[2024-06-14T14:14:37.077+0000] {logging_mixin.py:188} INFO - [2024-06-14T14:14:37.077+0000] {dagbag.py:545} INFO - Filling up the DagBag from /home/airflow/.local/lib/python3.12/site-packages/airflow/example_dags/example_nested_branch_dag.py
[2024-06-14T14:14:37.087+0000] {processor.py:840} INFO - DAG(s) 'example_nested_branch_dag' retrieved from /home/airflow/.local/lib/python3.12/site-packages/airflow/example_dags/example_nested_branch_dag.py
[2024-06-14T14:14:37.106+0000] {logging_mixin.py:188} INFO - [2024-06-14T14:14:37.106+0000] {dag.py:3096} INFO - Sync 1 DAGs
[2024-06-14T14:14:37.127+0000] {logging_mixin.py:188} INFO - [2024-06-14T14:14:37.127+0000] {dag.py:3954} INFO - Setting next_dagrun for example_nested_branch_dag to 2024-06-13 00:00:00+00:00, run_after=2024-06-14 00:00:00+00:00
[2024-06-14T14:14:37.144+0000] {processor.py:183} INFO - Processing /home/airflow/.local/lib/python3.12/site-packages/airflow/example_dags/example_nested_branch_dag.py took 0.075 seconds
[2024-06-14T14:15:07.262+0000] {processor.py:161} INFO - Started process (PID=300) to work on /home/airflow/.local/lib/python3.12/site-packages/airflow/example_dags/example_nested_branch_dag.py
[2024-06-14T14:15:07.263+0000] {processor.py:830} INFO - Processing file /home/airflow/.local/lib/python3.12/site-packages/airflow/example_dags/example_nested_branch_dag.py for tasks to queue
[2024-06-14T14:15:07.264+0000] {logging_mixin.py:188} INFO - [2024-06-14T14:15:07.264+0000] {dagbag.py:545} INFO - Filling up the DagBag from /home/airflow/.local/lib/python3.12/site-packages/airflow/example_dags/example_nested_branch_dag.py
[2024-06-14T14:15:07.273+0000] {processor.py:840} INFO - DAG(s) 'example_nested_branch_dag' retrieved from /home/airflow/.local/lib/python3.12/site-packages/airflow/example_dags/example_nested_branch_dag.py
[2024-06-14T14:15:07.293+0000] {logging_mixin.py:188} INFO - [2024-06-14T14:15:07.293+0000] {dag.py:3096} INFO - Sync 1 DAGs
[2024-06-14T14:15:07.314+0000] {logging_mixin.py:188} INFO - [2024-06-14T14:15:07.314+0000] {dag.py:3954} INFO - Setting next_dagrun for example_nested_branch_dag to 2024-06-13 00:00:00+00:00, run_after=2024-06-14 00:00:00+00:00
[2024-06-14T14:15:07.332+0000] {processor.py:183} INFO - Processing /home/airflow/.local/lib/python3.12/site-packages/airflow/example_dags/example_nested_branch_dag.py took 0.075 seconds
[2024-06-14T14:15:37.482+0000] {processor.py:161} INFO - Started process (PID=359) to work on /home/airflow/.local/lib/python3.12/site-packages/airflow/example_dags/example_nested_branch_dag.py
[2024-06-14T14:15:37.483+0000] {processor.py:830} INFO - Processing file /home/airflow/.local/lib/python3.12/site-packages/airflow/example_dags/example_nested_branch_dag.py for tasks to queue
[2024-06-14T14:15:37.485+0000] {logging_mixin.py:188} INFO - [2024-06-14T14:15:37.484+0000] {dagbag.py:545} INFO - Filling up the DagBag from /home/airflow/.local/lib/python3.12/site-packages/airflow/example_dags/example_nested_branch_dag.py
[2024-06-14T14:15:37.495+0000] {processor.py:840} INFO - DAG(s) 'example_nested_branch_dag' retrieved from /home/airflow/.local/lib/python3.12/site-packages/airflow/example_dags/example_nested_branch_dag.py
[2024-06-14T14:15:37.514+0000] {logging_mixin.py:188} INFO - [2024-06-14T14:15:37.514+0000] {dag.py:3096} INFO - Sync 1 DAGs
[2024-06-14T14:15:37.534+0000] {logging_mixin.py:188} INFO - [2024-06-14T14:15:37.534+0000] {dag.py:3954} INFO - Setting next_dagrun for example_nested_branch_dag to 2024-06-13 00:00:00+00:00, run_after=2024-06-14 00:00:00+00:00
[2024-06-14T14:15:37.552+0000] {processor.py:183} INFO - Processing /home/airflow/.local/lib/python3.12/site-packages/airflow/example_dags/example_nested_branch_dag.py took 0.074 seconds
[2024-06-14T14:16:07.945+0000] {processor.py:161} INFO - Started process (PID=418) to work on /home/airflow/.local/lib/python3.12/site-packages/airflow/example_dags/example_nested_branch_dag.py
[2024-06-14T14:16:07.946+0000] {processor.py:830} INFO - Processing file /home/airflow/.local/lib/python3.12/site-packages/airflow/example_dags/example_nested_branch_dag.py for tasks to queue
[2024-06-14T14:16:07.948+0000] {logging_mixin.py:188} INFO - [2024-06-14T14:16:07.947+0000] {dagbag.py:545} INFO - Filling up the DagBag from /home/airflow/.local/lib/python3.12/site-packages/airflow/example_dags/example_nested_branch_dag.py
[2024-06-14T14:16:07.959+0000] {processor.py:840} INFO - DAG(s) 'example_nested_branch_dag' retrieved from /home/airflow/.local/lib/python3.12/site-packages/airflow/example_dags/example_nested_branch_dag.py
[2024-06-14T14:16:07.985+0000] {logging_mixin.py:188} INFO - [2024-06-14T14:16:07.984+0000] {dag.py:3096} INFO - Sync 1 DAGs
[2024-06-14T14:16:08.027+0000] {logging_mixin.py:188} INFO - [2024-06-14T14:16:08.027+0000] {dag.py:3954} INFO - Setting next_dagrun for example_nested_branch_dag to 2024-06-13 00:00:00+00:00, run_after=2024-06-14 00:00:00+00:00
[2024-06-14T14:16:08.056+0000] {processor.py:183} INFO - Processing /home/airflow/.local/lib/python3.12/site-packages/airflow/example_dags/example_nested_branch_dag.py took 0.118 seconds
[2024-06-14T14:16:38.155+0000] {processor.py:161} INFO - Started process (PID=477) to work on /home/airflow/.local/lib/python3.12/site-packages/airflow/example_dags/example_nested_branch_dag.py
[2024-06-14T14:16:38.156+0000] {processor.py:830} INFO - Processing file /home/airflow/.local/lib/python3.12/site-packages/airflow/example_dags/example_nested_branch_dag.py for tasks to queue
[2024-06-14T14:16:38.158+0000] {logging_mixin.py:188} INFO - [2024-06-14T14:16:38.157+0000] {dagbag.py:545} INFO - Filling up the DagBag from /home/airflow/.local/lib/python3.12/site-packages/airflow/example_dags/example_nested_branch_dag.py
[2024-06-14T14:16:38.170+0000] {processor.py:840} INFO - DAG(s) 'example_nested_branch_dag' retrieved from /home/airflow/.local/lib/python3.12/site-packages/airflow/example_dags/example_nested_branch_dag.py
[2024-06-14T14:16:38.195+0000] {logging_mixin.py:188} INFO - [2024-06-14T14:16:38.195+0000] {dag.py:3096} INFO - Sync 1 DAGs
[2024-06-14T14:16:38.218+0000] {logging_mixin.py:188} INFO - [2024-06-14T14:16:38.218+0000] {dag.py:3954} INFO - Setting next_dagrun for example_nested_branch_dag to 2024-06-13 00:00:00+00:00, run_after=2024-06-14 00:00:00+00:00
[2024-06-14T14:16:38.238+0000] {processor.py:183} INFO - Processing /home/airflow/.local/lib/python3.12/site-packages/airflow/example_dags/example_nested_branch_dag.py took 0.087 seconds
[2024-06-14T14:17:08.340+0000] {processor.py:161} INFO - Started process (PID=536) to work on /home/airflow/.local/lib/python3.12/site-packages/airflow/example_dags/example_nested_branch_dag.py
[2024-06-14T14:17:08.341+0000] {processor.py:830} INFO - Processing file /home/airflow/.local/lib/python3.12/site-packages/airflow/example_dags/example_nested_branch_dag.py for tasks to queue
[2024-06-14T14:17:08.342+0000] {logging_mixin.py:188} INFO - [2024-06-14T14:17:08.342+0000] {dagbag.py:545} INFO - Filling up the DagBag from /home/airflow/.local/lib/python3.12/site-packages/airflow/example_dags/example_nested_branch_dag.py
[2024-06-14T14:17:08.351+0000] {processor.py:840} INFO - DAG(s) 'example_nested_branch_dag' retrieved from /home/airflow/.local/lib/python3.12/site-packages/airflow/example_dags/example_nested_branch_dag.py
[2024-06-14T14:17:08.370+0000] {logging_mixin.py:188} INFO - [2024-06-14T14:17:08.370+0000] {dag.py:3096} INFO - Sync 1 DAGs
[2024-06-14T14:17:08.390+0000] {logging_mixin.py:188} INFO - [2024-06-14T14:17:08.390+0000] {dag.py:3954} INFO - Setting next_dagrun for example_nested_branch_dag to 2024-06-13 00:00:00+00:00, run_after=2024-06-14 00:00:00+00:00
[2024-06-14T14:17:08.413+0000] {processor.py:183} INFO - Processing /home/airflow/.local/lib/python3.12/site-packages/airflow/example_dags/example_nested_branch_dag.py took 0.077 seconds
[2024-06-14T14:17:38.727+0000] {processor.py:161} INFO - Started process (PID=594) to work on /home/airflow/.local/lib/python3.12/site-packages/airflow/example_dags/example_nested_branch_dag.py
[2024-06-14T14:17:38.728+0000] {processor.py:830} INFO - Processing file /home/airflow/.local/lib/python3.12/site-packages/airflow/example_dags/example_nested_branch_dag.py for tasks to queue
[2024-06-14T14:17:38.729+0000] {logging_mixin.py:188} INFO - [2024-06-14T14:17:38.729+0000] {dagbag.py:545} INFO - Filling up the DagBag from /home/airflow/.local/lib/python3.12/site-packages/airflow/example_dags/example_nested_branch_dag.py
[2024-06-14T14:17:38.738+0000] {processor.py:840} INFO - DAG(s) 'example_nested_branch_dag' retrieved from /home/airflow/.local/lib/python3.12/site-packages/airflow/example_dags/example_nested_branch_dag.py
[2024-06-14T14:17:38.758+0000] {logging_mixin.py:188} INFO - [2024-06-14T14:17:38.758+0000] {dag.py:3096} INFO - Sync 1 DAGs
[2024-06-14T14:17:38.779+0000] {logging_mixin.py:188} INFO - [2024-06-14T14:17:38.779+0000] {dag.py:3954} INFO - Setting next_dagrun for example_nested_branch_dag to 2024-06-13 00:00:00+00:00, run_after=2024-06-14 00:00:00+00:00
[2024-06-14T14:17:38.796+0000] {processor.py:183} INFO - Processing /home/airflow/.local/lib/python3.12/site-packages/airflow/example_dags/example_nested_branch_dag.py took 0.075 seconds
[2024-06-14T14:18:08.848+0000] {processor.py:161} INFO - Started process (PID=653) to work on /home/airflow/.local/lib/python3.12/site-packages/airflow/example_dags/example_nested_branch_dag.py
[2024-06-14T14:18:08.849+0000] {processor.py:830} INFO - Processing file /home/airflow/.local/lib/python3.12/site-packages/airflow/example_dags/example_nested_branch_dag.py for tasks to queue
[2024-06-14T14:18:08.851+0000] {logging_mixin.py:188} INFO - [2024-06-14T14:18:08.851+0000] {dagbag.py:545} INFO - Filling up the DagBag from /home/airflow/.local/lib/python3.12/site-packages/airflow/example_dags/example_nested_branch_dag.py
[2024-06-14T14:18:08.860+0000] {processor.py:840} INFO - DAG(s) 'example_nested_branch_dag' retrieved from /home/airflow/.local/lib/python3.12/site-packages/airflow/example_dags/example_nested_branch_dag.py
[2024-06-14T14:18:08.881+0000] {logging_mixin.py:188} INFO - [2024-06-14T14:18:08.880+0000] {dag.py:3096} INFO - Sync 1 DAGs
[2024-06-14T14:18:08.905+0000] {logging_mixin.py:188} INFO - [2024-06-14T14:18:08.905+0000] {dag.py:3954} INFO - Setting next_dagrun for example_nested_branch_dag to 2024-06-13 00:00:00+00:00, run_after=2024-06-14 00:00:00+00:00
[2024-06-14T14:18:08.922+0000] {processor.py:183} INFO - Processing /home/airflow/.local/lib/python3.12/site-packages/airflow/example_dags/example_nested_branch_dag.py took 0.078 seconds
[2024-06-14T14:18:39.193+0000] {processor.py:161} INFO - Started process (PID=712) to work on /home/airflow/.local/lib/python3.12/site-packages/airflow/example_dags/example_nested_branch_dag.py
[2024-06-14T14:18:39.194+0000] {processor.py:830} INFO - Processing file /home/airflow/.local/lib/python3.12/site-packages/airflow/example_dags/example_nested_branch_dag.py for tasks to queue
[2024-06-14T14:18:39.196+0000] {logging_mixin.py:188} INFO - [2024-06-14T14:18:39.195+0000] {dagbag.py:545} INFO - Filling up the DagBag from /home/airflow/.local/lib/python3.12/site-packages/airflow/example_dags/example_nested_branch_dag.py
[2024-06-14T14:18:39.208+0000] {processor.py:840} INFO - DAG(s) 'example_nested_branch_dag' retrieved from /home/airflow/.local/lib/python3.12/site-packages/airflow/example_dags/example_nested_branch_dag.py
[2024-06-14T14:18:39.227+0000] {logging_mixin.py:188} INFO - [2024-06-14T14:18:39.227+0000] {dag.py:3096} INFO - Sync 1 DAGs
[2024-06-14T14:18:39.247+0000] {logging_mixin.py:188} INFO - [2024-06-14T14:18:39.247+0000] {dag.py:3954} INFO - Setting next_dagrun for example_nested_branch_dag to 2024-06-13 00:00:00+00:00, run_after=2024-06-14 00:00:00+00:00
[2024-06-14T14:18:39.266+0000] {processor.py:183} INFO - Processing /home/airflow/.local/lib/python3.12/site-packages/airflow/example_dags/example_nested_branch_dag.py took 0.078 seconds
[2024-06-14T14:19:09.367+0000] {processor.py:161} INFO - Started process (PID=771) to work on /home/airflow/.local/lib/python3.12/site-packages/airflow/example_dags/example_nested_branch_dag.py
[2024-06-14T14:19:09.368+0000] {processor.py:830} INFO - Processing file /home/airflow/.local/lib/python3.12/site-packages/airflow/example_dags/example_nested_branch_dag.py for tasks to queue
[2024-06-14T14:19:09.369+0000] {logging_mixin.py:188} INFO - [2024-06-14T14:19:09.369+0000] {dagbag.py:545} INFO - Filling up the DagBag from /home/airflow/.local/lib/python3.12/site-packages/airflow/example_dags/example_nested_branch_dag.py
[2024-06-14T14:19:09.378+0000] {processor.py:840} INFO - DAG(s) 'example_nested_branch_dag' retrieved from /home/airflow/.local/lib/python3.12/site-packages/airflow/example_dags/example_nested_branch_dag.py
[2024-06-14T14:19:09.397+0000] {logging_mixin.py:188} INFO - [2024-06-14T14:19:09.397+0000] {dag.py:3096} INFO - Sync 1 DAGs
[2024-06-14T14:19:09.417+0000] {logging_mixin.py:188} INFO - [2024-06-14T14:19:09.416+0000] {dag.py:3954} INFO - Setting next_dagrun for example_nested_branch_dag to 2024-06-13 00:00:00+00:00, run_after=2024-06-14 00:00:00+00:00
[2024-06-14T14:19:09.436+0000] {processor.py:183} INFO - Processing /home/airflow/.local/lib/python3.12/site-packages/airflow/example_dags/example_nested_branch_dag.py took 0.074 seconds
