[2024-06-14T14:13:03.561+0000] {processor.py:161} INFO - Started process (PID=41) to work on /home/airflow/.local/lib/python3.12/site-packages/airflow/example_dags/example_datasets.py
[2024-06-14T14:13:03.562+0000] {processor.py:830} INFO - Processing file /home/airflow/.local/lib/python3.12/site-packages/airflow/example_dags/example_datasets.py for tasks to queue
[2024-06-14T14:13:03.563+0000] {logging_mixin.py:188} INFO - [2024-06-14T14:13:03.563+0000] {dagbag.py:545} INFO - Filling up the DagBag from /home/airflow/.local/lib/python3.12/site-packages/airflow/example_dags/example_datasets.py
[2024-06-14T14:13:03.584+0000] {processor.py:840} INFO - DAG(s) 'dataset_produces_2', 'dataset_consumes_1_never_scheduled', 'consume_1_and_2_with_dataset_expressions', 'consume_1_or_2_with_dataset_expressions', 'consume_1_or_both_2_and_3_with_dataset_expressions', 'conditional_dataset_and_time_based_timetable', 'dataset_consumes_1', 'dataset_consumes_1_and_2', 'dataset_produces_1', 'dataset_consumes_unknown_never_scheduled' retrieved from /home/airflow/.local/lib/python3.12/site-packages/airflow/example_dags/example_datasets.py
[2024-06-14T14:13:03.600+0000] {logging_mixin.py:188} INFO - [2024-06-14T14:13:03.600+0000] {dag.py:3096} INFO - Sync 10 DAGs
[2024-06-14T14:13:03.625+0000] {logging_mixin.py:188} INFO - [2024-06-14T14:13:03.624+0000] {dag.py:3954} INFO - Setting next_dagrun for conditional_dataset_and_time_based_timetable to 2024-06-12 01:00:00+00:00, run_after=2024-06-12 01:00:00+00:00
[2024-06-14T14:13:03.628+0000] {logging_mixin.py:188} INFO - [2024-06-14T14:13:03.628+0000] {dag.py:3954} INFO - Setting next_dagrun for consume_1_and_2_with_dataset_expressions to None, run_after=None
[2024-06-14T14:13:03.630+0000] {logging_mixin.py:188} INFO - [2024-06-14T14:13:03.630+0000] {dag.py:3954} INFO - Setting next_dagrun for consume_1_or_2_with_dataset_expressions to None, run_after=None
[2024-06-14T14:13:03.631+0000] {logging_mixin.py:188} INFO - [2024-06-14T14:13:03.631+0000] {dag.py:3954} INFO - Setting next_dagrun for consume_1_or_both_2_and_3_with_dataset_expressions to None, run_after=None
[2024-06-14T14:13:03.632+0000] {logging_mixin.py:188} INFO - [2024-06-14T14:13:03.632+0000] {dag.py:3954} INFO - Setting next_dagrun for dataset_consumes_1 to None, run_after=None
[2024-06-14T14:13:03.633+0000] {logging_mixin.py:188} INFO - [2024-06-14T14:13:03.633+0000] {dag.py:3954} INFO - Setting next_dagrun for dataset_consumes_1_and_2 to None, run_after=None
[2024-06-14T14:13:03.634+0000] {logging_mixin.py:188} INFO - [2024-06-14T14:13:03.634+0000] {dag.py:3954} INFO - Setting next_dagrun for dataset_consumes_1_never_scheduled to None, run_after=None
[2024-06-14T14:13:03.635+0000] {logging_mixin.py:188} INFO - [2024-06-14T14:13:03.635+0000] {dag.py:3954} INFO - Setting next_dagrun for dataset_consumes_unknown_never_scheduled to None, run_after=None
[2024-06-14T14:13:03.638+0000] {logging_mixin.py:188} INFO - [2024-06-14T14:13:03.637+0000] {dag.py:3954} INFO - Setting next_dagrun for dataset_produces_1 to 2024-06-13 00:00:00+00:00, run_after=2024-06-14 00:00:00+00:00
[2024-06-14T14:13:03.639+0000] {logging_mixin.py:188} INFO - [2024-06-14T14:13:03.639+0000] {dag.py:3954} INFO - Setting next_dagrun for dataset_produces_2 to None, run_after=None
[2024-06-14T14:13:03.681+0000] {processor.py:183} INFO - Processing /home/airflow/.local/lib/python3.12/site-packages/airflow/example_dags/example_datasets.py took 0.126 seconds
[2024-06-14T14:13:33.811+0000] {processor.py:161} INFO - Started process (PID=104) to work on /home/airflow/.local/lib/python3.12/site-packages/airflow/example_dags/example_datasets.py
[2024-06-14T14:13:33.812+0000] {processor.py:830} INFO - Processing file /home/airflow/.local/lib/python3.12/site-packages/airflow/example_dags/example_datasets.py for tasks to queue
[2024-06-14T14:13:33.814+0000] {logging_mixin.py:188} INFO - [2024-06-14T14:13:33.813+0000] {dagbag.py:545} INFO - Filling up the DagBag from /home/airflow/.local/lib/python3.12/site-packages/airflow/example_dags/example_datasets.py
[2024-06-14T14:13:33.826+0000] {processor.py:840} INFO - DAG(s) 'dataset_consumes_1', 'dataset_produces_2', 'consume_1_or_2_with_dataset_expressions', 'dataset_consumes_unknown_never_scheduled', 'consume_1_and_2_with_dataset_expressions', 'conditional_dataset_and_time_based_timetable', 'dataset_consumes_1_never_scheduled', 'consume_1_or_both_2_and_3_with_dataset_expressions', 'dataset_produces_1', 'dataset_consumes_1_and_2' retrieved from /home/airflow/.local/lib/python3.12/site-packages/airflow/example_dags/example_datasets.py
[2024-06-14T14:13:34.106+0000] {logging_mixin.py:188} INFO - [2024-06-14T14:13:34.106+0000] {dag.py:3096} INFO - Sync 10 DAGs
[2024-06-14T14:13:34.130+0000] {logging_mixin.py:188} INFO - [2024-06-14T14:13:34.130+0000] {dag.py:3954} INFO - Setting next_dagrun for conditional_dataset_and_time_based_timetable to 2024-06-12 01:00:00+00:00, run_after=2024-06-12 01:00:00+00:00
[2024-06-14T14:13:34.135+0000] {logging_mixin.py:188} INFO - [2024-06-14T14:13:34.134+0000] {dag.py:3954} INFO - Setting next_dagrun for consume_1_and_2_with_dataset_expressions to None, run_after=None
[2024-06-14T14:13:34.137+0000] {logging_mixin.py:188} INFO - [2024-06-14T14:13:34.136+0000] {dag.py:3954} INFO - Setting next_dagrun for consume_1_or_2_with_dataset_expressions to None, run_after=None
[2024-06-14T14:13:34.139+0000] {logging_mixin.py:188} INFO - [2024-06-14T14:13:34.138+0000] {dag.py:3954} INFO - Setting next_dagrun for consume_1_or_both_2_and_3_with_dataset_expressions to None, run_after=None
[2024-06-14T14:13:34.141+0000] {logging_mixin.py:188} INFO - [2024-06-14T14:13:34.141+0000] {dag.py:3954} INFO - Setting next_dagrun for dataset_consumes_1 to None, run_after=None
[2024-06-14T14:13:34.143+0000] {logging_mixin.py:188} INFO - [2024-06-14T14:13:34.143+0000] {dag.py:3954} INFO - Setting next_dagrun for dataset_consumes_1_and_2 to None, run_after=None
[2024-06-14T14:13:34.145+0000] {logging_mixin.py:188} INFO - [2024-06-14T14:13:34.144+0000] {dag.py:3954} INFO - Setting next_dagrun for dataset_consumes_1_never_scheduled to None, run_after=None
[2024-06-14T14:13:34.146+0000] {logging_mixin.py:188} INFO - [2024-06-14T14:13:34.146+0000] {dag.py:3954} INFO - Setting next_dagrun for dataset_consumes_unknown_never_scheduled to None, run_after=None
[2024-06-14T14:13:34.150+0000] {logging_mixin.py:188} INFO - [2024-06-14T14:13:34.150+0000] {dag.py:3954} INFO - Setting next_dagrun for dataset_produces_1 to 2024-06-13 00:00:00+00:00, run_after=2024-06-14 00:00:00+00:00
[2024-06-14T14:13:34.152+0000] {logging_mixin.py:188} INFO - [2024-06-14T14:13:34.152+0000] {dag.py:3954} INFO - Setting next_dagrun for dataset_produces_2 to None, run_after=None
[2024-06-14T14:13:34.200+0000] {processor.py:183} INFO - Processing /home/airflow/.local/lib/python3.12/site-packages/airflow/example_dags/example_datasets.py took 0.393 seconds
[2024-06-14T14:14:05.147+0000] {processor.py:161} INFO - Started process (PID=163) to work on /home/airflow/.local/lib/python3.12/site-packages/airflow/example_dags/example_datasets.py
[2024-06-14T14:14:05.157+0000] {processor.py:830} INFO - Processing file /home/airflow/.local/lib/python3.12/site-packages/airflow/example_dags/example_datasets.py for tasks to queue
[2024-06-14T14:14:05.159+0000] {logging_mixin.py:188} INFO - [2024-06-14T14:14:05.158+0000] {dagbag.py:545} INFO - Filling up the DagBag from /home/airflow/.local/lib/python3.12/site-packages/airflow/example_dags/example_datasets.py
[2024-06-14T14:14:05.173+0000] {processor.py:840} INFO - DAG(s) 'dataset_produces_1', 'consume_1_or_both_2_and_3_with_dataset_expressions', 'dataset_produces_2', 'conditional_dataset_and_time_based_timetable', 'dataset_consumes_1_and_2', 'consume_1_and_2_with_dataset_expressions', 'dataset_consumes_1_never_scheduled', 'dataset_consumes_unknown_never_scheduled', 'dataset_consumes_1', 'consume_1_or_2_with_dataset_expressions' retrieved from /home/airflow/.local/lib/python3.12/site-packages/airflow/example_dags/example_datasets.py
[2024-06-14T14:14:05.218+0000] {logging_mixin.py:188} INFO - [2024-06-14T14:14:05.218+0000] {dag.py:3096} INFO - Sync 10 DAGs
[2024-06-14T14:14:05.241+0000] {logging_mixin.py:188} INFO - [2024-06-14T14:14:05.241+0000] {dag.py:3954} INFO - Setting next_dagrun for conditional_dataset_and_time_based_timetable to 2024-06-12 01:00:00+00:00, run_after=2024-06-12 01:00:00+00:00
[2024-06-14T14:14:05.245+0000] {logging_mixin.py:188} INFO - [2024-06-14T14:14:05.245+0000] {dag.py:3954} INFO - Setting next_dagrun for consume_1_and_2_with_dataset_expressions to None, run_after=None
[2024-06-14T14:14:05.246+0000] {logging_mixin.py:188} INFO - [2024-06-14T14:14:05.246+0000] {dag.py:3954} INFO - Setting next_dagrun for consume_1_or_2_with_dataset_expressions to None, run_after=None
[2024-06-14T14:14:05.247+0000] {logging_mixin.py:188} INFO - [2024-06-14T14:14:05.247+0000] {dag.py:3954} INFO - Setting next_dagrun for consume_1_or_both_2_and_3_with_dataset_expressions to None, run_after=None
[2024-06-14T14:14:05.248+0000] {logging_mixin.py:188} INFO - [2024-06-14T14:14:05.248+0000] {dag.py:3954} INFO - Setting next_dagrun for dataset_consumes_1 to None, run_after=None
[2024-06-14T14:14:05.249+0000] {logging_mixin.py:188} INFO - [2024-06-14T14:14:05.249+0000] {dag.py:3954} INFO - Setting next_dagrun for dataset_consumes_1_and_2 to None, run_after=None
[2024-06-14T14:14:05.250+0000] {logging_mixin.py:188} INFO - [2024-06-14T14:14:05.250+0000] {dag.py:3954} INFO - Setting next_dagrun for dataset_consumes_1_never_scheduled to None, run_after=None
[2024-06-14T14:14:05.251+0000] {logging_mixin.py:188} INFO - [2024-06-14T14:14:05.251+0000] {dag.py:3954} INFO - Setting next_dagrun for dataset_consumes_unknown_never_scheduled to None, run_after=None
[2024-06-14T14:14:05.254+0000] {logging_mixin.py:188} INFO - [2024-06-14T14:14:05.253+0000] {dag.py:3954} INFO - Setting next_dagrun for dataset_produces_1 to 2024-06-13 00:00:00+00:00, run_after=2024-06-14 00:00:00+00:00
[2024-06-14T14:14:05.255+0000] {logging_mixin.py:188} INFO - [2024-06-14T14:14:05.255+0000] {dag.py:3954} INFO - Setting next_dagrun for dataset_produces_2 to None, run_after=None
[2024-06-14T14:14:05.294+0000] {processor.py:183} INFO - Processing /home/airflow/.local/lib/python3.12/site-packages/airflow/example_dags/example_datasets.py took 0.160 seconds
[2024-06-14T14:14:36.202+0000] {processor.py:161} INFO - Started process (PID=222) to work on /home/airflow/.local/lib/python3.12/site-packages/airflow/example_dags/example_datasets.py
[2024-06-14T14:14:36.211+0000] {processor.py:830} INFO - Processing file /home/airflow/.local/lib/python3.12/site-packages/airflow/example_dags/example_datasets.py for tasks to queue
[2024-06-14T14:14:36.213+0000] {logging_mixin.py:188} INFO - [2024-06-14T14:14:36.212+0000] {dagbag.py:545} INFO - Filling up the DagBag from /home/airflow/.local/lib/python3.12/site-packages/airflow/example_dags/example_datasets.py
[2024-06-14T14:14:36.225+0000] {processor.py:840} INFO - DAG(s) 'consume_1_or_both_2_and_3_with_dataset_expressions', 'conditional_dataset_and_time_based_timetable', 'consume_1_and_2_with_dataset_expressions', 'dataset_consumes_1_and_2', 'dataset_consumes_1', 'dataset_consumes_1_never_scheduled', 'dataset_consumes_unknown_never_scheduled', 'consume_1_or_2_with_dataset_expressions', 'dataset_produces_2', 'dataset_produces_1' retrieved from /home/airflow/.local/lib/python3.12/site-packages/airflow/example_dags/example_datasets.py
[2024-06-14T14:14:36.266+0000] {logging_mixin.py:188} INFO - [2024-06-14T14:14:36.265+0000] {dag.py:3096} INFO - Sync 10 DAGs
[2024-06-14T14:14:36.288+0000] {logging_mixin.py:188} INFO - [2024-06-14T14:14:36.288+0000] {dag.py:3954} INFO - Setting next_dagrun for conditional_dataset_and_time_based_timetable to 2024-06-12 01:00:00+00:00, run_after=2024-06-12 01:00:00+00:00
[2024-06-14T14:14:36.292+0000] {logging_mixin.py:188} INFO - [2024-06-14T14:14:36.292+0000] {dag.py:3954} INFO - Setting next_dagrun for consume_1_and_2_with_dataset_expressions to None, run_after=None
[2024-06-14T14:14:36.293+0000] {logging_mixin.py:188} INFO - [2024-06-14T14:14:36.293+0000] {dag.py:3954} INFO - Setting next_dagrun for consume_1_or_2_with_dataset_expressions to None, run_after=None
[2024-06-14T14:14:36.294+0000] {logging_mixin.py:188} INFO - [2024-06-14T14:14:36.294+0000] {dag.py:3954} INFO - Setting next_dagrun for consume_1_or_both_2_and_3_with_dataset_expressions to None, run_after=None
[2024-06-14T14:14:36.295+0000] {logging_mixin.py:188} INFO - [2024-06-14T14:14:36.295+0000] {dag.py:3954} INFO - Setting next_dagrun for dataset_consumes_1 to None, run_after=None
[2024-06-14T14:14:36.296+0000] {logging_mixin.py:188} INFO - [2024-06-14T14:14:36.296+0000] {dag.py:3954} INFO - Setting next_dagrun for dataset_consumes_1_and_2 to None, run_after=None
[2024-06-14T14:14:36.297+0000] {logging_mixin.py:188} INFO - [2024-06-14T14:14:36.297+0000] {dag.py:3954} INFO - Setting next_dagrun for dataset_consumes_1_never_scheduled to None, run_after=None
[2024-06-14T14:14:36.298+0000] {logging_mixin.py:188} INFO - [2024-06-14T14:14:36.298+0000] {dag.py:3954} INFO - Setting next_dagrun for dataset_consumes_unknown_never_scheduled to None, run_after=None
[2024-06-14T14:14:36.300+0000] {logging_mixin.py:188} INFO - [2024-06-14T14:14:36.300+0000] {dag.py:3954} INFO - Setting next_dagrun for dataset_produces_1 to 2024-06-13 00:00:00+00:00, run_after=2024-06-14 00:00:00+00:00
[2024-06-14T14:14:36.301+0000] {logging_mixin.py:188} INFO - [2024-06-14T14:14:36.301+0000] {dag.py:3954} INFO - Setting next_dagrun for dataset_produces_2 to None, run_after=None
[2024-06-14T14:14:36.333+0000] {processor.py:183} INFO - Processing /home/airflow/.local/lib/python3.12/site-packages/airflow/example_dags/example_datasets.py took 0.136 seconds
[2024-06-14T14:15:06.367+0000] {processor.py:161} INFO - Started process (PID=282) to work on /home/airflow/.local/lib/python3.12/site-packages/airflow/example_dags/example_datasets.py
[2024-06-14T14:15:06.368+0000] {processor.py:830} INFO - Processing file /home/airflow/.local/lib/python3.12/site-packages/airflow/example_dags/example_datasets.py for tasks to queue
[2024-06-14T14:15:06.369+0000] {logging_mixin.py:188} INFO - [2024-06-14T14:15:06.369+0000] {dagbag.py:545} INFO - Filling up the DagBag from /home/airflow/.local/lib/python3.12/site-packages/airflow/example_dags/example_datasets.py
[2024-06-14T14:15:06.382+0000] {processor.py:840} INFO - DAG(s) 'conditional_dataset_and_time_based_timetable', 'dataset_consumes_1_and_2', 'dataset_produces_1', 'consume_1_or_both_2_and_3_with_dataset_expressions', 'dataset_consumes_1_never_scheduled', 'dataset_produces_2', 'dataset_consumes_1', 'consume_1_or_2_with_dataset_expressions', 'consume_1_and_2_with_dataset_expressions', 'dataset_consumes_unknown_never_scheduled' retrieved from /home/airflow/.local/lib/python3.12/site-packages/airflow/example_dags/example_datasets.py
[2024-06-14T14:15:06.423+0000] {logging_mixin.py:188} INFO - [2024-06-14T14:15:06.422+0000] {dag.py:3096} INFO - Sync 10 DAGs
[2024-06-14T14:15:06.449+0000] {logging_mixin.py:188} INFO - [2024-06-14T14:15:06.449+0000] {dag.py:3954} INFO - Setting next_dagrun for conditional_dataset_and_time_based_timetable to 2024-06-12 01:00:00+00:00, run_after=2024-06-12 01:00:00+00:00
[2024-06-14T14:15:06.452+0000] {logging_mixin.py:188} INFO - [2024-06-14T14:15:06.452+0000] {dag.py:3954} INFO - Setting next_dagrun for consume_1_and_2_with_dataset_expressions to None, run_after=None
[2024-06-14T14:15:06.454+0000] {logging_mixin.py:188} INFO - [2024-06-14T14:15:06.453+0000] {dag.py:3954} INFO - Setting next_dagrun for consume_1_or_2_with_dataset_expressions to None, run_after=None
[2024-06-14T14:15:06.454+0000] {logging_mixin.py:188} INFO - [2024-06-14T14:15:06.454+0000] {dag.py:3954} INFO - Setting next_dagrun for consume_1_or_both_2_and_3_with_dataset_expressions to None, run_after=None
[2024-06-14T14:15:06.455+0000] {logging_mixin.py:188} INFO - [2024-06-14T14:15:06.455+0000] {dag.py:3954} INFO - Setting next_dagrun for dataset_consumes_1 to None, run_after=None
[2024-06-14T14:15:06.456+0000] {logging_mixin.py:188} INFO - [2024-06-14T14:15:06.456+0000] {dag.py:3954} INFO - Setting next_dagrun for dataset_consumes_1_and_2 to None, run_after=None
[2024-06-14T14:15:06.458+0000] {logging_mixin.py:188} INFO - [2024-06-14T14:15:06.457+0000] {dag.py:3954} INFO - Setting next_dagrun for dataset_consumes_1_never_scheduled to None, run_after=None
[2024-06-14T14:15:06.459+0000] {logging_mixin.py:188} INFO - [2024-06-14T14:15:06.459+0000] {dag.py:3954} INFO - Setting next_dagrun for dataset_consumes_unknown_never_scheduled to None, run_after=None
[2024-06-14T14:15:06.461+0000] {logging_mixin.py:188} INFO - [2024-06-14T14:15:06.461+0000] {dag.py:3954} INFO - Setting next_dagrun for dataset_produces_1 to 2024-06-13 00:00:00+00:00, run_after=2024-06-14 00:00:00+00:00
[2024-06-14T14:15:06.462+0000] {logging_mixin.py:188} INFO - [2024-06-14T14:15:06.462+0000] {dag.py:3954} INFO - Setting next_dagrun for dataset_produces_2 to None, run_after=None
[2024-06-14T14:15:06.497+0000] {processor.py:183} INFO - Processing /home/airflow/.local/lib/python3.12/site-packages/airflow/example_dags/example_datasets.py took 0.135 seconds
[2024-06-14T14:15:36.556+0000] {processor.py:161} INFO - Started process (PID=341) to work on /home/airflow/.local/lib/python3.12/site-packages/airflow/example_dags/example_datasets.py
[2024-06-14T14:15:36.557+0000] {processor.py:830} INFO - Processing file /home/airflow/.local/lib/python3.12/site-packages/airflow/example_dags/example_datasets.py for tasks to queue
[2024-06-14T14:15:36.558+0000] {logging_mixin.py:188} INFO - [2024-06-14T14:15:36.558+0000] {dagbag.py:545} INFO - Filling up the DagBag from /home/airflow/.local/lib/python3.12/site-packages/airflow/example_dags/example_datasets.py
[2024-06-14T14:15:36.570+0000] {processor.py:840} INFO - DAG(s) 'dataset_produces_1', 'dataset_produces_2', 'conditional_dataset_and_time_based_timetable', 'dataset_consumes_1_never_scheduled', 'consume_1_or_both_2_and_3_with_dataset_expressions', 'consume_1_and_2_with_dataset_expressions', 'dataset_consumes_unknown_never_scheduled', 'dataset_consumes_1', 'consume_1_or_2_with_dataset_expressions', 'dataset_consumes_1_and_2' retrieved from /home/airflow/.local/lib/python3.12/site-packages/airflow/example_dags/example_datasets.py
[2024-06-14T14:15:36.621+0000] {logging_mixin.py:188} INFO - [2024-06-14T14:15:36.621+0000] {dag.py:3096} INFO - Sync 10 DAGs
[2024-06-14T14:15:36.644+0000] {logging_mixin.py:188} INFO - [2024-06-14T14:15:36.644+0000] {dag.py:3954} INFO - Setting next_dagrun for conditional_dataset_and_time_based_timetable to 2024-06-12 01:00:00+00:00, run_after=2024-06-12 01:00:00+00:00
[2024-06-14T14:15:36.648+0000] {logging_mixin.py:188} INFO - [2024-06-14T14:15:36.647+0000] {dag.py:3954} INFO - Setting next_dagrun for consume_1_and_2_with_dataset_expressions to None, run_after=None
[2024-06-14T14:15:36.649+0000] {logging_mixin.py:188} INFO - [2024-06-14T14:15:36.649+0000] {dag.py:3954} INFO - Setting next_dagrun for consume_1_or_2_with_dataset_expressions to None, run_after=None
[2024-06-14T14:15:36.650+0000] {logging_mixin.py:188} INFO - [2024-06-14T14:15:36.650+0000] {dag.py:3954} INFO - Setting next_dagrun for consume_1_or_both_2_and_3_with_dataset_expressions to None, run_after=None
[2024-06-14T14:15:36.651+0000] {logging_mixin.py:188} INFO - [2024-06-14T14:15:36.651+0000] {dag.py:3954} INFO - Setting next_dagrun for dataset_consumes_1 to None, run_after=None
[2024-06-14T14:15:36.652+0000] {logging_mixin.py:188} INFO - [2024-06-14T14:15:36.652+0000] {dag.py:3954} INFO - Setting next_dagrun for dataset_consumes_1_and_2 to None, run_after=None
[2024-06-14T14:15:36.653+0000] {logging_mixin.py:188} INFO - [2024-06-14T14:15:36.653+0000] {dag.py:3954} INFO - Setting next_dagrun for dataset_consumes_1_never_scheduled to None, run_after=None
[2024-06-14T14:15:36.654+0000] {logging_mixin.py:188} INFO - [2024-06-14T14:15:36.653+0000] {dag.py:3954} INFO - Setting next_dagrun for dataset_consumes_unknown_never_scheduled to None, run_after=None
[2024-06-14T14:15:36.656+0000] {logging_mixin.py:188} INFO - [2024-06-14T14:15:36.655+0000] {dag.py:3954} INFO - Setting next_dagrun for dataset_produces_1 to 2024-06-13 00:00:00+00:00, run_after=2024-06-14 00:00:00+00:00
[2024-06-14T14:15:36.656+0000] {logging_mixin.py:188} INFO - [2024-06-14T14:15:36.656+0000] {dag.py:3954} INFO - Setting next_dagrun for dataset_produces_2 to None, run_after=None
[2024-06-14T14:15:36.686+0000] {processor.py:183} INFO - Processing /home/airflow/.local/lib/python3.12/site-packages/airflow/example_dags/example_datasets.py took 0.136 seconds
[2024-06-14T14:16:06.783+0000] {processor.py:161} INFO - Started process (PID=399) to work on /home/airflow/.local/lib/python3.12/site-packages/airflow/example_dags/example_datasets.py
[2024-06-14T14:16:06.784+0000] {processor.py:830} INFO - Processing file /home/airflow/.local/lib/python3.12/site-packages/airflow/example_dags/example_datasets.py for tasks to queue
[2024-06-14T14:16:06.786+0000] {logging_mixin.py:188} INFO - [2024-06-14T14:16:06.786+0000] {dagbag.py:545} INFO - Filling up the DagBag from /home/airflow/.local/lib/python3.12/site-packages/airflow/example_dags/example_datasets.py
[2024-06-14T14:16:06.810+0000] {processor.py:840} INFO - DAG(s) 'dataset_consumes_1_and_2', 'dataset_produces_1', 'consume_1_and_2_with_dataset_expressions', 'dataset_produces_2', 'dataset_consumes_unknown_never_scheduled', 'conditional_dataset_and_time_based_timetable', 'dataset_consumes_1_never_scheduled', 'dataset_consumes_1', 'consume_1_or_2_with_dataset_expressions', 'consume_1_or_both_2_and_3_with_dataset_expressions' retrieved from /home/airflow/.local/lib/python3.12/site-packages/airflow/example_dags/example_datasets.py
[2024-06-14T14:16:06.867+0000] {logging_mixin.py:188} INFO - [2024-06-14T14:16:06.867+0000] {dag.py:3096} INFO - Sync 10 DAGs
[2024-06-14T14:16:06.894+0000] {logging_mixin.py:188} INFO - [2024-06-14T14:16:06.893+0000] {dag.py:3954} INFO - Setting next_dagrun for conditional_dataset_and_time_based_timetable to 2024-06-12 01:00:00+00:00, run_after=2024-06-12 01:00:00+00:00
[2024-06-14T14:16:06.899+0000] {logging_mixin.py:188} INFO - [2024-06-14T14:16:06.899+0000] {dag.py:3954} INFO - Setting next_dagrun for consume_1_and_2_with_dataset_expressions to None, run_after=None
[2024-06-14T14:16:06.901+0000] {logging_mixin.py:188} INFO - [2024-06-14T14:16:06.901+0000] {dag.py:3954} INFO - Setting next_dagrun for consume_1_or_2_with_dataset_expressions to None, run_after=None
[2024-06-14T14:16:06.902+0000] {logging_mixin.py:188} INFO - [2024-06-14T14:16:06.902+0000] {dag.py:3954} INFO - Setting next_dagrun for consume_1_or_both_2_and_3_with_dataset_expressions to None, run_after=None
[2024-06-14T14:16:06.904+0000] {logging_mixin.py:188} INFO - [2024-06-14T14:16:06.903+0000] {dag.py:3954} INFO - Setting next_dagrun for dataset_consumes_1 to None, run_after=None
[2024-06-14T14:16:06.905+0000] {logging_mixin.py:188} INFO - [2024-06-14T14:16:06.905+0000] {dag.py:3954} INFO - Setting next_dagrun for dataset_consumes_1_and_2 to None, run_after=None
[2024-06-14T14:16:06.906+0000] {logging_mixin.py:188} INFO - [2024-06-14T14:16:06.906+0000] {dag.py:3954} INFO - Setting next_dagrun for dataset_consumes_1_never_scheduled to None, run_after=None
[2024-06-14T14:16:06.907+0000] {logging_mixin.py:188} INFO - [2024-06-14T14:16:06.907+0000] {dag.py:3954} INFO - Setting next_dagrun for dataset_consumes_unknown_never_scheduled to None, run_after=None
[2024-06-14T14:16:06.909+0000] {logging_mixin.py:188} INFO - [2024-06-14T14:16:06.909+0000] {dag.py:3954} INFO - Setting next_dagrun for dataset_produces_1 to 2024-06-13 00:00:00+00:00, run_after=2024-06-14 00:00:00+00:00
[2024-06-14T14:16:06.910+0000] {logging_mixin.py:188} INFO - [2024-06-14T14:16:06.910+0000] {dag.py:3954} INFO - Setting next_dagrun for dataset_produces_2 to None, run_after=None
[2024-06-14T14:16:06.948+0000] {processor.py:183} INFO - Processing /home/airflow/.local/lib/python3.12/site-packages/airflow/example_dags/example_datasets.py took 0.172 seconds
[2024-06-14T14:16:37.072+0000] {processor.py:161} INFO - Started process (PID=458) to work on /home/airflow/.local/lib/python3.12/site-packages/airflow/example_dags/example_datasets.py
[2024-06-14T14:16:37.081+0000] {processor.py:830} INFO - Processing file /home/airflow/.local/lib/python3.12/site-packages/airflow/example_dags/example_datasets.py for tasks to queue
[2024-06-14T14:16:37.083+0000] {logging_mixin.py:188} INFO - [2024-06-14T14:16:37.083+0000] {dagbag.py:545} INFO - Filling up the DagBag from /home/airflow/.local/lib/python3.12/site-packages/airflow/example_dags/example_datasets.py
[2024-06-14T14:16:37.099+0000] {processor.py:840} INFO - DAG(s) 'dataset_consumes_1_and_2', 'dataset_consumes_1_never_scheduled', 'dataset_consumes_unknown_never_scheduled', 'dataset_produces_1', 'dataset_consumes_1', 'consume_1_and_2_with_dataset_expressions', 'dataset_produces_2', 'consume_1_or_both_2_and_3_with_dataset_expressions', 'conditional_dataset_and_time_based_timetable', 'consume_1_or_2_with_dataset_expressions' retrieved from /home/airflow/.local/lib/python3.12/site-packages/airflow/example_dags/example_datasets.py
[2024-06-14T14:16:37.142+0000] {logging_mixin.py:188} INFO - [2024-06-14T14:16:37.142+0000] {dag.py:3096} INFO - Sync 10 DAGs
[2024-06-14T14:16:37.166+0000] {logging_mixin.py:188} INFO - [2024-06-14T14:16:37.166+0000] {dag.py:3954} INFO - Setting next_dagrun for conditional_dataset_and_time_based_timetable to 2024-06-12 01:00:00+00:00, run_after=2024-06-12 01:00:00+00:00
[2024-06-14T14:16:37.170+0000] {logging_mixin.py:188} INFO - [2024-06-14T14:16:37.170+0000] {dag.py:3954} INFO - Setting next_dagrun for consume_1_and_2_with_dataset_expressions to None, run_after=None
[2024-06-14T14:16:37.171+0000] {logging_mixin.py:188} INFO - [2024-06-14T14:16:37.171+0000] {dag.py:3954} INFO - Setting next_dagrun for consume_1_or_2_with_dataset_expressions to None, run_after=None
[2024-06-14T14:16:37.172+0000] {logging_mixin.py:188} INFO - [2024-06-14T14:16:37.172+0000] {dag.py:3954} INFO - Setting next_dagrun for consume_1_or_both_2_and_3_with_dataset_expressions to None, run_after=None
[2024-06-14T14:16:37.173+0000] {logging_mixin.py:188} INFO - [2024-06-14T14:16:37.173+0000] {dag.py:3954} INFO - Setting next_dagrun for dataset_consumes_1 to None, run_after=None
[2024-06-14T14:16:37.175+0000] {logging_mixin.py:188} INFO - [2024-06-14T14:16:37.174+0000] {dag.py:3954} INFO - Setting next_dagrun for dataset_consumes_1_and_2 to None, run_after=None
[2024-06-14T14:16:37.175+0000] {logging_mixin.py:188} INFO - [2024-06-14T14:16:37.175+0000] {dag.py:3954} INFO - Setting next_dagrun for dataset_consumes_1_never_scheduled to None, run_after=None
[2024-06-14T14:16:37.176+0000] {logging_mixin.py:188} INFO - [2024-06-14T14:16:37.176+0000] {dag.py:3954} INFO - Setting next_dagrun for dataset_consumes_unknown_never_scheduled to None, run_after=None
[2024-06-14T14:16:37.179+0000] {logging_mixin.py:188} INFO - [2024-06-14T14:16:37.178+0000] {dag.py:3954} INFO - Setting next_dagrun for dataset_produces_1 to 2024-06-13 00:00:00+00:00, run_after=2024-06-14 00:00:00+00:00
[2024-06-14T14:16:37.180+0000] {logging_mixin.py:188} INFO - [2024-06-14T14:16:37.180+0000] {dag.py:3954} INFO - Setting next_dagrun for dataset_produces_2 to None, run_after=None
[2024-06-14T14:16:37.215+0000] {processor.py:183} INFO - Processing /home/airflow/.local/lib/python3.12/site-packages/airflow/example_dags/example_datasets.py took 0.153 seconds
[2024-06-14T14:17:07.380+0000] {processor.py:161} INFO - Started process (PID=517) to work on /home/airflow/.local/lib/python3.12/site-packages/airflow/example_dags/example_datasets.py
[2024-06-14T14:17:07.390+0000] {processor.py:830} INFO - Processing file /home/airflow/.local/lib/python3.12/site-packages/airflow/example_dags/example_datasets.py for tasks to queue
[2024-06-14T14:17:07.394+0000] {logging_mixin.py:188} INFO - [2024-06-14T14:17:07.393+0000] {dagbag.py:545} INFO - Filling up the DagBag from /home/airflow/.local/lib/python3.12/site-packages/airflow/example_dags/example_datasets.py
[2024-06-14T14:17:07.414+0000] {processor.py:840} INFO - DAG(s) 'dataset_produces_2', 'consume_1_or_2_with_dataset_expressions', 'conditional_dataset_and_time_based_timetable', 'dataset_consumes_unknown_never_scheduled', 'consume_1_or_both_2_and_3_with_dataset_expressions', 'dataset_consumes_1_and_2', 'consume_1_and_2_with_dataset_expressions', 'dataset_consumes_1', 'dataset_consumes_1_never_scheduled', 'dataset_produces_1' retrieved from /home/airflow/.local/lib/python3.12/site-packages/airflow/example_dags/example_datasets.py
[2024-06-14T14:17:07.470+0000] {logging_mixin.py:188} INFO - [2024-06-14T14:17:07.469+0000] {dag.py:3096} INFO - Sync 10 DAGs
[2024-06-14T14:17:07.493+0000] {logging_mixin.py:188} INFO - [2024-06-14T14:17:07.493+0000] {dag.py:3954} INFO - Setting next_dagrun for conditional_dataset_and_time_based_timetable to 2024-06-12 01:00:00+00:00, run_after=2024-06-12 01:00:00+00:00
[2024-06-14T14:17:07.497+0000] {logging_mixin.py:188} INFO - [2024-06-14T14:17:07.497+0000] {dag.py:3954} INFO - Setting next_dagrun for consume_1_and_2_with_dataset_expressions to None, run_after=None
[2024-06-14T14:17:07.499+0000] {logging_mixin.py:188} INFO - [2024-06-14T14:17:07.499+0000] {dag.py:3954} INFO - Setting next_dagrun for consume_1_or_2_with_dataset_expressions to None, run_after=None
[2024-06-14T14:17:07.500+0000] {logging_mixin.py:188} INFO - [2024-06-14T14:17:07.500+0000] {dag.py:3954} INFO - Setting next_dagrun for consume_1_or_both_2_and_3_with_dataset_expressions to None, run_after=None
[2024-06-14T14:17:07.501+0000] {logging_mixin.py:188} INFO - [2024-06-14T14:17:07.501+0000] {dag.py:3954} INFO - Setting next_dagrun for dataset_consumes_1 to None, run_after=None
[2024-06-14T14:17:07.503+0000] {logging_mixin.py:188} INFO - [2024-06-14T14:17:07.503+0000] {dag.py:3954} INFO - Setting next_dagrun for dataset_consumes_1_and_2 to None, run_after=None
[2024-06-14T14:17:07.505+0000] {logging_mixin.py:188} INFO - [2024-06-14T14:17:07.504+0000] {dag.py:3954} INFO - Setting next_dagrun for dataset_consumes_1_never_scheduled to None, run_after=None
[2024-06-14T14:17:07.506+0000] {logging_mixin.py:188} INFO - [2024-06-14T14:17:07.506+0000] {dag.py:3954} INFO - Setting next_dagrun for dataset_consumes_unknown_never_scheduled to None, run_after=None
[2024-06-14T14:17:07.508+0000] {logging_mixin.py:188} INFO - [2024-06-14T14:17:07.508+0000] {dag.py:3954} INFO - Setting next_dagrun for dataset_produces_1 to 2024-06-13 00:00:00+00:00, run_after=2024-06-14 00:00:00+00:00
[2024-06-14T14:17:07.509+0000] {logging_mixin.py:188} INFO - [2024-06-14T14:17:07.509+0000] {dag.py:3954} INFO - Setting next_dagrun for dataset_produces_2 to None, run_after=None
[2024-06-14T14:17:07.541+0000] {processor.py:183} INFO - Processing /home/airflow/.local/lib/python3.12/site-packages/airflow/example_dags/example_datasets.py took 0.167 seconds
[2024-06-14T14:17:37.590+0000] {processor.py:161} INFO - Started process (PID=575) to work on /home/airflow/.local/lib/python3.12/site-packages/airflow/example_dags/example_datasets.py
[2024-06-14T14:17:37.599+0000] {processor.py:830} INFO - Processing file /home/airflow/.local/lib/python3.12/site-packages/airflow/example_dags/example_datasets.py for tasks to queue
[2024-06-14T14:17:37.601+0000] {logging_mixin.py:188} INFO - [2024-06-14T14:17:37.601+0000] {dagbag.py:545} INFO - Filling up the DagBag from /home/airflow/.local/lib/python3.12/site-packages/airflow/example_dags/example_datasets.py
[2024-06-14T14:17:37.613+0000] {processor.py:840} INFO - DAG(s) 'dataset_produces_2', 'dataset_consumes_1', 'consume_1_or_both_2_and_3_with_dataset_expressions', 'dataset_consumes_unknown_never_scheduled', 'dataset_produces_1', 'consume_1_and_2_with_dataset_expressions', 'conditional_dataset_and_time_based_timetable', 'dataset_consumes_1_never_scheduled', 'consume_1_or_2_with_dataset_expressions', 'dataset_consumes_1_and_2' retrieved from /home/airflow/.local/lib/python3.12/site-packages/airflow/example_dags/example_datasets.py
[2024-06-14T14:17:37.662+0000] {logging_mixin.py:188} INFO - [2024-06-14T14:17:37.662+0000] {dag.py:3096} INFO - Sync 10 DAGs
[2024-06-14T14:17:37.685+0000] {logging_mixin.py:188} INFO - [2024-06-14T14:17:37.685+0000] {dag.py:3954} INFO - Setting next_dagrun for conditional_dataset_and_time_based_timetable to 2024-06-12 01:00:00+00:00, run_after=2024-06-12 01:00:00+00:00
[2024-06-14T14:17:37.689+0000] {logging_mixin.py:188} INFO - [2024-06-14T14:17:37.689+0000] {dag.py:3954} INFO - Setting next_dagrun for consume_1_and_2_with_dataset_expressions to None, run_after=None
[2024-06-14T14:17:37.690+0000] {logging_mixin.py:188} INFO - [2024-06-14T14:17:37.690+0000] {dag.py:3954} INFO - Setting next_dagrun for consume_1_or_2_with_dataset_expressions to None, run_after=None
[2024-06-14T14:17:37.691+0000] {logging_mixin.py:188} INFO - [2024-06-14T14:17:37.691+0000] {dag.py:3954} INFO - Setting next_dagrun for consume_1_or_both_2_and_3_with_dataset_expressions to None, run_after=None
[2024-06-14T14:17:37.692+0000] {logging_mixin.py:188} INFO - [2024-06-14T14:17:37.692+0000] {dag.py:3954} INFO - Setting next_dagrun for dataset_consumes_1 to None, run_after=None
[2024-06-14T14:17:37.693+0000] {logging_mixin.py:188} INFO - [2024-06-14T14:17:37.693+0000] {dag.py:3954} INFO - Setting next_dagrun for dataset_consumes_1_and_2 to None, run_after=None
[2024-06-14T14:17:37.694+0000] {logging_mixin.py:188} INFO - [2024-06-14T14:17:37.694+0000] {dag.py:3954} INFO - Setting next_dagrun for dataset_consumes_1_never_scheduled to None, run_after=None
[2024-06-14T14:17:37.695+0000] {logging_mixin.py:188} INFO - [2024-06-14T14:17:37.695+0000] {dag.py:3954} INFO - Setting next_dagrun for dataset_consumes_unknown_never_scheduled to None, run_after=None
[2024-06-14T14:17:37.697+0000] {logging_mixin.py:188} INFO - [2024-06-14T14:17:37.697+0000] {dag.py:3954} INFO - Setting next_dagrun for dataset_produces_1 to 2024-06-13 00:00:00+00:00, run_after=2024-06-14 00:00:00+00:00
[2024-06-14T14:17:37.698+0000] {logging_mixin.py:188} INFO - [2024-06-14T14:17:37.698+0000] {dag.py:3954} INFO - Setting next_dagrun for dataset_produces_2 to None, run_after=None
[2024-06-14T14:17:37.736+0000] {processor.py:183} INFO - Processing /home/airflow/.local/lib/python3.12/site-packages/airflow/example_dags/example_datasets.py took 0.151 seconds
[2024-06-14T14:18:07.896+0000] {processor.py:161} INFO - Started process (PID=634) to work on /home/airflow/.local/lib/python3.12/site-packages/airflow/example_dags/example_datasets.py
[2024-06-14T14:18:07.905+0000] {processor.py:830} INFO - Processing file /home/airflow/.local/lib/python3.12/site-packages/airflow/example_dags/example_datasets.py for tasks to queue
[2024-06-14T14:18:07.907+0000] {logging_mixin.py:188} INFO - [2024-06-14T14:18:07.906+0000] {dagbag.py:545} INFO - Filling up the DagBag from /home/airflow/.local/lib/python3.12/site-packages/airflow/example_dags/example_datasets.py
[2024-06-14T14:18:07.919+0000] {processor.py:840} INFO - DAG(s) 'dataset_consumes_1_never_scheduled', 'dataset_consumes_1', 'conditional_dataset_and_time_based_timetable', 'dataset_consumes_unknown_never_scheduled', 'dataset_consumes_1_and_2', 'consume_1_or_2_with_dataset_expressions', 'consume_1_or_both_2_and_3_with_dataset_expressions', 'dataset_produces_1', 'consume_1_and_2_with_dataset_expressions', 'dataset_produces_2' retrieved from /home/airflow/.local/lib/python3.12/site-packages/airflow/example_dags/example_datasets.py
[2024-06-14T14:18:07.958+0000] {logging_mixin.py:188} INFO - [2024-06-14T14:18:07.958+0000] {dag.py:3096} INFO - Sync 10 DAGs
[2024-06-14T14:18:07.983+0000] {logging_mixin.py:188} INFO - [2024-06-14T14:18:07.983+0000] {dag.py:3954} INFO - Setting next_dagrun for conditional_dataset_and_time_based_timetable to 2024-06-12 01:00:00+00:00, run_after=2024-06-12 01:00:00+00:00
[2024-06-14T14:18:07.988+0000] {logging_mixin.py:188} INFO - [2024-06-14T14:18:07.988+0000] {dag.py:3954} INFO - Setting next_dagrun for consume_1_and_2_with_dataset_expressions to None, run_after=None
[2024-06-14T14:18:07.990+0000] {logging_mixin.py:188} INFO - [2024-06-14T14:18:07.990+0000] {dag.py:3954} INFO - Setting next_dagrun for consume_1_or_2_with_dataset_expressions to None, run_after=None
[2024-06-14T14:18:07.991+0000] {logging_mixin.py:188} INFO - [2024-06-14T14:18:07.991+0000] {dag.py:3954} INFO - Setting next_dagrun for consume_1_or_both_2_and_3_with_dataset_expressions to None, run_after=None
[2024-06-14T14:18:07.992+0000] {logging_mixin.py:188} INFO - [2024-06-14T14:18:07.992+0000] {dag.py:3954} INFO - Setting next_dagrun for dataset_consumes_1 to None, run_after=None
[2024-06-14T14:18:07.993+0000] {logging_mixin.py:188} INFO - [2024-06-14T14:18:07.993+0000] {dag.py:3954} INFO - Setting next_dagrun for dataset_consumes_1_and_2 to None, run_after=None
[2024-06-14T14:18:07.994+0000] {logging_mixin.py:188} INFO - [2024-06-14T14:18:07.994+0000] {dag.py:3954} INFO - Setting next_dagrun for dataset_consumes_1_never_scheduled to None, run_after=None
[2024-06-14T14:18:07.995+0000] {logging_mixin.py:188} INFO - [2024-06-14T14:18:07.995+0000] {dag.py:3954} INFO - Setting next_dagrun for dataset_consumes_unknown_never_scheduled to None, run_after=None
[2024-06-14T14:18:07.997+0000] {logging_mixin.py:188} INFO - [2024-06-14T14:18:07.997+0000] {dag.py:3954} INFO - Setting next_dagrun for dataset_produces_1 to 2024-06-13 00:00:00+00:00, run_after=2024-06-14 00:00:00+00:00
[2024-06-14T14:18:07.998+0000] {logging_mixin.py:188} INFO - [2024-06-14T14:18:07.998+0000] {dag.py:3954} INFO - Setting next_dagrun for dataset_produces_2 to None, run_after=None
[2024-06-14T14:18:08.031+0000] {processor.py:183} INFO - Processing /home/airflow/.local/lib/python3.12/site-packages/airflow/example_dags/example_datasets.py took 0.140 seconds
[2024-06-14T14:18:38.241+0000] {processor.py:161} INFO - Started process (PID=693) to work on /home/airflow/.local/lib/python3.12/site-packages/airflow/example_dags/example_datasets.py
[2024-06-14T14:18:38.251+0000] {processor.py:830} INFO - Processing file /home/airflow/.local/lib/python3.12/site-packages/airflow/example_dags/example_datasets.py for tasks to queue
[2024-06-14T14:18:38.257+0000] {logging_mixin.py:188} INFO - [2024-06-14T14:18:38.256+0000] {dagbag.py:545} INFO - Filling up the DagBag from /home/airflow/.local/lib/python3.12/site-packages/airflow/example_dags/example_datasets.py
[2024-06-14T14:18:38.281+0000] {processor.py:840} INFO - DAG(s) 'dataset_produces_1', 'dataset_consumes_1', 'dataset_consumes_1_and_2', 'dataset_produces_2', 'dataset_consumes_1_never_scheduled', 'consume_1_or_both_2_and_3_with_dataset_expressions', 'consume_1_and_2_with_dataset_expressions', 'conditional_dataset_and_time_based_timetable', 'consume_1_or_2_with_dataset_expressions', 'dataset_consumes_unknown_never_scheduled' retrieved from /home/airflow/.local/lib/python3.12/site-packages/airflow/example_dags/example_datasets.py
[2024-06-14T14:18:38.331+0000] {logging_mixin.py:188} INFO - [2024-06-14T14:18:38.331+0000] {dag.py:3096} INFO - Sync 10 DAGs
[2024-06-14T14:18:38.358+0000] {logging_mixin.py:188} INFO - [2024-06-14T14:18:38.358+0000] {dag.py:3954} INFO - Setting next_dagrun for conditional_dataset_and_time_based_timetable to 2024-06-12 01:00:00+00:00, run_after=2024-06-12 01:00:00+00:00
[2024-06-14T14:18:38.364+0000] {logging_mixin.py:188} INFO - [2024-06-14T14:18:38.364+0000] {dag.py:3954} INFO - Setting next_dagrun for consume_1_and_2_with_dataset_expressions to None, run_after=None
[2024-06-14T14:18:38.365+0000] {logging_mixin.py:188} INFO - [2024-06-14T14:18:38.365+0000] {dag.py:3954} INFO - Setting next_dagrun for consume_1_or_2_with_dataset_expressions to None, run_after=None
[2024-06-14T14:18:38.367+0000] {logging_mixin.py:188} INFO - [2024-06-14T14:18:38.367+0000] {dag.py:3954} INFO - Setting next_dagrun for consume_1_or_both_2_and_3_with_dataset_expressions to None, run_after=None
[2024-06-14T14:18:38.369+0000] {logging_mixin.py:188} INFO - [2024-06-14T14:18:38.369+0000] {dag.py:3954} INFO - Setting next_dagrun for dataset_consumes_1 to None, run_after=None
[2024-06-14T14:18:38.370+0000] {logging_mixin.py:188} INFO - [2024-06-14T14:18:38.370+0000] {dag.py:3954} INFO - Setting next_dagrun for dataset_consumes_1_and_2 to None, run_after=None
[2024-06-14T14:18:38.371+0000] {logging_mixin.py:188} INFO - [2024-06-14T14:18:38.371+0000] {dag.py:3954} INFO - Setting next_dagrun for dataset_consumes_1_never_scheduled to None, run_after=None
[2024-06-14T14:18:38.372+0000] {logging_mixin.py:188} INFO - [2024-06-14T14:18:38.372+0000] {dag.py:3954} INFO - Setting next_dagrun for dataset_consumes_unknown_never_scheduled to None, run_after=None
[2024-06-14T14:18:38.374+0000] {logging_mixin.py:188} INFO - [2024-06-14T14:18:38.374+0000] {dag.py:3954} INFO - Setting next_dagrun for dataset_produces_1 to 2024-06-13 00:00:00+00:00, run_after=2024-06-14 00:00:00+00:00
[2024-06-14T14:18:38.376+0000] {logging_mixin.py:188} INFO - [2024-06-14T14:18:38.375+0000] {dag.py:3954} INFO - Setting next_dagrun for dataset_produces_2 to None, run_after=None
[2024-06-14T14:18:38.408+0000] {processor.py:183} INFO - Processing /home/airflow/.local/lib/python3.12/site-packages/airflow/example_dags/example_datasets.py took 0.179 seconds
[2024-06-14T14:19:08.431+0000] {processor.py:161} INFO - Started process (PID=753) to work on /home/airflow/.local/lib/python3.12/site-packages/airflow/example_dags/example_datasets.py
[2024-06-14T14:19:08.432+0000] {processor.py:830} INFO - Processing file /home/airflow/.local/lib/python3.12/site-packages/airflow/example_dags/example_datasets.py for tasks to queue
[2024-06-14T14:19:08.434+0000] {logging_mixin.py:188} INFO - [2024-06-14T14:19:08.433+0000] {dagbag.py:545} INFO - Filling up the DagBag from /home/airflow/.local/lib/python3.12/site-packages/airflow/example_dags/example_datasets.py
[2024-06-14T14:19:08.446+0000] {processor.py:840} INFO - DAG(s) 'consume_1_or_2_with_dataset_expressions', 'conditional_dataset_and_time_based_timetable', 'dataset_produces_2', 'dataset_produces_1', 'dataset_consumes_unknown_never_scheduled', 'dataset_consumes_1_and_2', 'consume_1_or_both_2_and_3_with_dataset_expressions', 'dataset_consumes_1_never_scheduled', 'consume_1_and_2_with_dataset_expressions', 'dataset_consumes_1' retrieved from /home/airflow/.local/lib/python3.12/site-packages/airflow/example_dags/example_datasets.py
[2024-06-14T14:19:08.486+0000] {logging_mixin.py:188} INFO - [2024-06-14T14:19:08.485+0000] {dag.py:3096} INFO - Sync 10 DAGs
[2024-06-14T14:19:08.513+0000] {logging_mixin.py:188} INFO - [2024-06-14T14:19:08.513+0000] {dag.py:3954} INFO - Setting next_dagrun for conditional_dataset_and_time_based_timetable to 2024-06-12 01:00:00+00:00, run_after=2024-06-12 01:00:00+00:00
[2024-06-14T14:19:08.517+0000] {logging_mixin.py:188} INFO - [2024-06-14T14:19:08.516+0000] {dag.py:3954} INFO - Setting next_dagrun for consume_1_and_2_with_dataset_expressions to None, run_after=None
[2024-06-14T14:19:08.518+0000] {logging_mixin.py:188} INFO - [2024-06-14T14:19:08.518+0000] {dag.py:3954} INFO - Setting next_dagrun for consume_1_or_2_with_dataset_expressions to None, run_after=None
[2024-06-14T14:19:08.519+0000] {logging_mixin.py:188} INFO - [2024-06-14T14:19:08.519+0000] {dag.py:3954} INFO - Setting next_dagrun for consume_1_or_both_2_and_3_with_dataset_expressions to None, run_after=None
[2024-06-14T14:19:08.521+0000] {logging_mixin.py:188} INFO - [2024-06-14T14:19:08.521+0000] {dag.py:3954} INFO - Setting next_dagrun for dataset_consumes_1 to None, run_after=None
[2024-06-14T14:19:08.523+0000] {logging_mixin.py:188} INFO - [2024-06-14T14:19:08.522+0000] {dag.py:3954} INFO - Setting next_dagrun for dataset_consumes_1_and_2 to None, run_after=None
[2024-06-14T14:19:08.524+0000] {logging_mixin.py:188} INFO - [2024-06-14T14:19:08.524+0000] {dag.py:3954} INFO - Setting next_dagrun for dataset_consumes_1_never_scheduled to None, run_after=None
[2024-06-14T14:19:08.525+0000] {logging_mixin.py:188} INFO - [2024-06-14T14:19:08.525+0000] {dag.py:3954} INFO - Setting next_dagrun for dataset_consumes_unknown_never_scheduled to None, run_after=None
[2024-06-14T14:19:08.528+0000] {logging_mixin.py:188} INFO - [2024-06-14T14:19:08.528+0000] {dag.py:3954} INFO - Setting next_dagrun for dataset_produces_1 to 2024-06-13 00:00:00+00:00, run_after=2024-06-14 00:00:00+00:00
[2024-06-14T14:19:08.529+0000] {logging_mixin.py:188} INFO - [2024-06-14T14:19:08.529+0000] {dag.py:3954} INFO - Setting next_dagrun for dataset_produces_2 to None, run_after=None
[2024-06-14T14:19:08.566+0000] {processor.py:183} INFO - Processing /home/airflow/.local/lib/python3.12/site-packages/airflow/example_dags/example_datasets.py took 0.139 seconds
