[2024-06-14T14:13:05.225+0000] {processor.py:161} INFO - Started process (PID=66) to work on /home/airflow/.local/lib/python3.12/site-packages/airflow/example_dags/example_sensors.py
[2024-06-14T14:13:05.226+0000] {processor.py:830} INFO - Processing file /home/airflow/.local/lib/python3.12/site-packages/airflow/example_dags/example_sensors.py for tasks to queue
[2024-06-14T14:13:05.228+0000] {logging_mixin.py:188} INFO - [2024-06-14T14:13:05.228+0000] {dagbag.py:545} INFO - Filling up the DagBag from /home/airflow/.local/lib/python3.12/site-packages/airflow/example_dags/example_sensors.py
[2024-06-14T14:13:05.247+0000] {processor.py:840} INFO - DAG(s) 'example_sensors' retrieved from /home/airflow/.local/lib/python3.12/site-packages/airflow/example_dags/example_sensors.py
[2024-06-14T14:13:05.258+0000] {logging_mixin.py:188} INFO - [2024-06-14T14:13:05.258+0000] {dag.py:3096} INFO - Sync 1 DAGs
[2024-06-14T14:13:05.271+0000] {logging_mixin.py:188} INFO - [2024-06-14T14:13:05.271+0000] {dag.py:3954} INFO - Setting next_dagrun for example_sensors to None, run_after=None
[2024-06-14T14:13:05.292+0000] {processor.py:183} INFO - Processing /home/airflow/.local/lib/python3.12/site-packages/airflow/example_dags/example_sensors.py took 0.074 seconds
[2024-06-14T14:13:36.101+0000] {processor.py:161} INFO - Started process (PID=129) to work on /home/airflow/.local/lib/python3.12/site-packages/airflow/example_dags/example_sensors.py
[2024-06-14T14:13:36.102+0000] {processor.py:830} INFO - Processing file /home/airflow/.local/lib/python3.12/site-packages/airflow/example_dags/example_sensors.py for tasks to queue
[2024-06-14T14:13:36.104+0000] {logging_mixin.py:188} INFO - [2024-06-14T14:13:36.104+0000] {dagbag.py:545} INFO - Filling up the DagBag from /home/airflow/.local/lib/python3.12/site-packages/airflow/example_dags/example_sensors.py
[2024-06-14T14:13:36.112+0000] {processor.py:840} INFO - DAG(s) 'example_sensors' retrieved from /home/airflow/.local/lib/python3.12/site-packages/airflow/example_dags/example_sensors.py
[2024-06-14T14:13:36.215+0000] {logging_mixin.py:188} INFO - [2024-06-14T14:13:36.214+0000] {dag.py:3096} INFO - Sync 1 DAGs
[2024-06-14T14:13:36.224+0000] {logging_mixin.py:188} INFO - [2024-06-14T14:13:36.224+0000] {dag.py:3954} INFO - Setting next_dagrun for example_sensors to None, run_after=None
[2024-06-14T14:13:36.242+0000] {processor.py:183} INFO - Processing /home/airflow/.local/lib/python3.12/site-packages/airflow/example_dags/example_sensors.py took 0.146 seconds
[2024-06-14T14:14:06.292+0000] {processor.py:161} INFO - Started process (PID=188) to work on /home/airflow/.local/lib/python3.12/site-packages/airflow/example_dags/example_sensors.py
[2024-06-14T14:14:06.292+0000] {processor.py:830} INFO - Processing file /home/airflow/.local/lib/python3.12/site-packages/airflow/example_dags/example_sensors.py for tasks to queue
[2024-06-14T14:14:06.294+0000] {logging_mixin.py:188} INFO - [2024-06-14T14:14:06.294+0000] {dagbag.py:545} INFO - Filling up the DagBag from /home/airflow/.local/lib/python3.12/site-packages/airflow/example_dags/example_sensors.py
[2024-06-14T14:14:06.301+0000] {processor.py:840} INFO - DAG(s) 'example_sensors' retrieved from /home/airflow/.local/lib/python3.12/site-packages/airflow/example_dags/example_sensors.py
[2024-06-14T14:14:06.323+0000] {logging_mixin.py:188} INFO - [2024-06-14T14:14:06.323+0000] {dag.py:3096} INFO - Sync 1 DAGs
[2024-06-14T14:14:06.333+0000] {logging_mixin.py:188} INFO - [2024-06-14T14:14:06.333+0000] {dag.py:3954} INFO - Setting next_dagrun for example_sensors to None, run_after=None
[2024-06-14T14:14:06.351+0000] {processor.py:183} INFO - Processing /home/airflow/.local/lib/python3.12/site-packages/airflow/example_dags/example_sensors.py took 0.064 seconds
[2024-06-14T14:14:37.338+0000] {processor.py:161} INFO - Started process (PID=247) to work on /home/airflow/.local/lib/python3.12/site-packages/airflow/example_dags/example_sensors.py
[2024-06-14T14:14:37.339+0000] {processor.py:830} INFO - Processing file /home/airflow/.local/lib/python3.12/site-packages/airflow/example_dags/example_sensors.py for tasks to queue
[2024-06-14T14:14:37.340+0000] {logging_mixin.py:188} INFO - [2024-06-14T14:14:37.340+0000] {dagbag.py:545} INFO - Filling up the DagBag from /home/airflow/.local/lib/python3.12/site-packages/airflow/example_dags/example_sensors.py
[2024-06-14T14:14:37.348+0000] {processor.py:840} INFO - DAG(s) 'example_sensors' retrieved from /home/airflow/.local/lib/python3.12/site-packages/airflow/example_dags/example_sensors.py
[2024-06-14T14:14:37.371+0000] {logging_mixin.py:188} INFO - [2024-06-14T14:14:37.371+0000] {dag.py:3096} INFO - Sync 1 DAGs
[2024-06-14T14:14:37.383+0000] {logging_mixin.py:188} INFO - [2024-06-14T14:14:37.382+0000] {dag.py:3954} INFO - Setting next_dagrun for example_sensors to None, run_after=None
[2024-06-14T14:14:37.403+0000] {processor.py:183} INFO - Processing /home/airflow/.local/lib/python3.12/site-packages/airflow/example_dags/example_sensors.py took 0.069 seconds
[2024-06-14T14:15:07.520+0000] {processor.py:161} INFO - Started process (PID=306) to work on /home/airflow/.local/lib/python3.12/site-packages/airflow/example_dags/example_sensors.py
[2024-06-14T14:15:07.521+0000] {processor.py:830} INFO - Processing file /home/airflow/.local/lib/python3.12/site-packages/airflow/example_dags/example_sensors.py for tasks to queue
[2024-06-14T14:15:07.522+0000] {logging_mixin.py:188} INFO - [2024-06-14T14:15:07.522+0000] {dagbag.py:545} INFO - Filling up the DagBag from /home/airflow/.local/lib/python3.12/site-packages/airflow/example_dags/example_sensors.py
[2024-06-14T14:15:07.531+0000] {processor.py:840} INFO - DAG(s) 'example_sensors' retrieved from /home/airflow/.local/lib/python3.12/site-packages/airflow/example_dags/example_sensors.py
[2024-06-14T14:15:07.554+0000] {logging_mixin.py:188} INFO - [2024-06-14T14:15:07.553+0000] {dag.py:3096} INFO - Sync 1 DAGs
[2024-06-14T14:15:07.565+0000] {logging_mixin.py:188} INFO - [2024-06-14T14:15:07.565+0000] {dag.py:3954} INFO - Setting next_dagrun for example_sensors to None, run_after=None
[2024-06-14T14:15:07.582+0000] {processor.py:183} INFO - Processing /home/airflow/.local/lib/python3.12/site-packages/airflow/example_dags/example_sensors.py took 0.067 seconds
[2024-06-14T14:15:37.813+0000] {processor.py:161} INFO - Started process (PID=365) to work on /home/airflow/.local/lib/python3.12/site-packages/airflow/example_dags/example_sensors.py
[2024-06-14T14:15:37.814+0000] {processor.py:830} INFO - Processing file /home/airflow/.local/lib/python3.12/site-packages/airflow/example_dags/example_sensors.py for tasks to queue
[2024-06-14T14:15:37.815+0000] {logging_mixin.py:188} INFO - [2024-06-14T14:15:37.815+0000] {dagbag.py:545} INFO - Filling up the DagBag from /home/airflow/.local/lib/python3.12/site-packages/airflow/example_dags/example_sensors.py
[2024-06-14T14:15:37.823+0000] {processor.py:840} INFO - DAG(s) 'example_sensors' retrieved from /home/airflow/.local/lib/python3.12/site-packages/airflow/example_dags/example_sensors.py
[2024-06-14T14:15:37.846+0000] {logging_mixin.py:188} INFO - [2024-06-14T14:15:37.846+0000] {dag.py:3096} INFO - Sync 1 DAGs
[2024-06-14T14:15:37.856+0000] {logging_mixin.py:188} INFO - [2024-06-14T14:15:37.856+0000] {dag.py:3954} INFO - Setting next_dagrun for example_sensors to None, run_after=None
[2024-06-14T14:15:37.872+0000] {processor.py:183} INFO - Processing /home/airflow/.local/lib/python3.12/site-packages/airflow/example_dags/example_sensors.py took 0.064 seconds
[2024-06-14T14:16:08.359+0000] {processor.py:161} INFO - Started process (PID=424) to work on /home/airflow/.local/lib/python3.12/site-packages/airflow/example_dags/example_sensors.py
[2024-06-14T14:16:08.359+0000] {processor.py:830} INFO - Processing file /home/airflow/.local/lib/python3.12/site-packages/airflow/example_dags/example_sensors.py for tasks to queue
[2024-06-14T14:16:08.361+0000] {logging_mixin.py:188} INFO - [2024-06-14T14:16:08.360+0000] {dagbag.py:545} INFO - Filling up the DagBag from /home/airflow/.local/lib/python3.12/site-packages/airflow/example_dags/example_sensors.py
[2024-06-14T14:16:08.368+0000] {processor.py:840} INFO - DAG(s) 'example_sensors' retrieved from /home/airflow/.local/lib/python3.12/site-packages/airflow/example_dags/example_sensors.py
[2024-06-14T14:16:08.396+0000] {logging_mixin.py:188} INFO - [2024-06-14T14:16:08.396+0000] {dag.py:3096} INFO - Sync 1 DAGs
[2024-06-14T14:16:08.409+0000] {logging_mixin.py:188} INFO - [2024-06-14T14:16:08.409+0000] {dag.py:3954} INFO - Setting next_dagrun for example_sensors to None, run_after=None
[2024-06-14T14:16:08.427+0000] {processor.py:183} INFO - Processing /home/airflow/.local/lib/python3.12/site-packages/airflow/example_dags/example_sensors.py took 0.075 seconds
[2024-06-14T14:16:38.511+0000] {processor.py:161} INFO - Started process (PID=483) to work on /home/airflow/.local/lib/python3.12/site-packages/airflow/example_dags/example_sensors.py
[2024-06-14T14:16:38.512+0000] {processor.py:830} INFO - Processing file /home/airflow/.local/lib/python3.12/site-packages/airflow/example_dags/example_sensors.py for tasks to queue
[2024-06-14T14:16:38.513+0000] {logging_mixin.py:188} INFO - [2024-06-14T14:16:38.513+0000] {dagbag.py:545} INFO - Filling up the DagBag from /home/airflow/.local/lib/python3.12/site-packages/airflow/example_dags/example_sensors.py
[2024-06-14T14:16:38.520+0000] {processor.py:840} INFO - DAG(s) 'example_sensors' retrieved from /home/airflow/.local/lib/python3.12/site-packages/airflow/example_dags/example_sensors.py
[2024-06-14T14:16:38.541+0000] {logging_mixin.py:188} INFO - [2024-06-14T14:16:38.541+0000] {dag.py:3096} INFO - Sync 1 DAGs
[2024-06-14T14:16:38.551+0000] {logging_mixin.py:188} INFO - [2024-06-14T14:16:38.551+0000] {dag.py:3954} INFO - Setting next_dagrun for example_sensors to None, run_after=None
[2024-06-14T14:16:38.567+0000] {processor.py:183} INFO - Processing /home/airflow/.local/lib/python3.12/site-packages/airflow/example_dags/example_sensors.py took 0.061 seconds
[2024-06-14T14:17:08.600+0000] {processor.py:161} INFO - Started process (PID=542) to work on /home/airflow/.local/lib/python3.12/site-packages/airflow/example_dags/example_sensors.py
[2024-06-14T14:17:08.601+0000] {processor.py:830} INFO - Processing file /home/airflow/.local/lib/python3.12/site-packages/airflow/example_dags/example_sensors.py for tasks to queue
[2024-06-14T14:17:08.602+0000] {logging_mixin.py:188} INFO - [2024-06-14T14:17:08.602+0000] {dagbag.py:545} INFO - Filling up the DagBag from /home/airflow/.local/lib/python3.12/site-packages/airflow/example_dags/example_sensors.py
[2024-06-14T14:17:08.609+0000] {processor.py:840} INFO - DAG(s) 'example_sensors' retrieved from /home/airflow/.local/lib/python3.12/site-packages/airflow/example_dags/example_sensors.py
[2024-06-14T14:17:08.631+0000] {logging_mixin.py:188} INFO - [2024-06-14T14:17:08.631+0000] {dag.py:3096} INFO - Sync 1 DAGs
[2024-06-14T14:17:08.643+0000] {logging_mixin.py:188} INFO - [2024-06-14T14:17:08.643+0000] {dag.py:3954} INFO - Setting next_dagrun for example_sensors to None, run_after=None
[2024-06-14T14:17:08.665+0000] {processor.py:183} INFO - Processing /home/airflow/.local/lib/python3.12/site-packages/airflow/example_dags/example_sensors.py took 0.070 seconds
[2024-06-14T14:17:39.049+0000] {processor.py:161} INFO - Started process (PID=600) to work on /home/airflow/.local/lib/python3.12/site-packages/airflow/example_dags/example_sensors.py
[2024-06-14T14:17:39.050+0000] {processor.py:830} INFO - Processing file /home/airflow/.local/lib/python3.12/site-packages/airflow/example_dags/example_sensors.py for tasks to queue
[2024-06-14T14:17:39.052+0000] {logging_mixin.py:188} INFO - [2024-06-14T14:17:39.052+0000] {dagbag.py:545} INFO - Filling up the DagBag from /home/airflow/.local/lib/python3.12/site-packages/airflow/example_dags/example_sensors.py
[2024-06-14T14:17:39.066+0000] {processor.py:840} INFO - DAG(s) 'example_sensors' retrieved from /home/airflow/.local/lib/python3.12/site-packages/airflow/example_dags/example_sensors.py
[2024-06-14T14:17:39.100+0000] {logging_mixin.py:188} INFO - [2024-06-14T14:17:39.100+0000] {dag.py:3096} INFO - Sync 1 DAGs
[2024-06-14T14:17:39.118+0000] {logging_mixin.py:188} INFO - [2024-06-14T14:17:39.118+0000] {dag.py:3954} INFO - Setting next_dagrun for example_sensors to None, run_after=None
[2024-06-14T14:17:39.141+0000] {processor.py:183} INFO - Processing /home/airflow/.local/lib/python3.12/site-packages/airflow/example_dags/example_sensors.py took 0.098 seconds
[2024-06-14T14:18:09.231+0000] {processor.py:161} INFO - Started process (PID=659) to work on /home/airflow/.local/lib/python3.12/site-packages/airflow/example_dags/example_sensors.py
[2024-06-14T14:18:09.231+0000] {processor.py:830} INFO - Processing file /home/airflow/.local/lib/python3.12/site-packages/airflow/example_dags/example_sensors.py for tasks to queue
[2024-06-14T14:18:09.233+0000] {logging_mixin.py:188} INFO - [2024-06-14T14:18:09.232+0000] {dagbag.py:545} INFO - Filling up the DagBag from /home/airflow/.local/lib/python3.12/site-packages/airflow/example_dags/example_sensors.py
[2024-06-14T14:18:09.240+0000] {processor.py:840} INFO - DAG(s) 'example_sensors' retrieved from /home/airflow/.local/lib/python3.12/site-packages/airflow/example_dags/example_sensors.py
[2024-06-14T14:18:09.265+0000] {logging_mixin.py:188} INFO - [2024-06-14T14:18:09.265+0000] {dag.py:3096} INFO - Sync 1 DAGs
[2024-06-14T14:18:09.277+0000] {logging_mixin.py:188} INFO - [2024-06-14T14:18:09.276+0000] {dag.py:3954} INFO - Setting next_dagrun for example_sensors to None, run_after=None
[2024-06-14T14:18:09.295+0000] {processor.py:183} INFO - Processing /home/airflow/.local/lib/python3.12/site-packages/airflow/example_dags/example_sensors.py took 0.069 seconds
[2024-06-14T14:18:39.455+0000] {processor.py:161} INFO - Started process (PID=718) to work on /home/airflow/.local/lib/python3.12/site-packages/airflow/example_dags/example_sensors.py
[2024-06-14T14:18:39.456+0000] {processor.py:830} INFO - Processing file /home/airflow/.local/lib/python3.12/site-packages/airflow/example_dags/example_sensors.py for tasks to queue
[2024-06-14T14:18:39.457+0000] {logging_mixin.py:188} INFO - [2024-06-14T14:18:39.457+0000] {dagbag.py:545} INFO - Filling up the DagBag from /home/airflow/.local/lib/python3.12/site-packages/airflow/example_dags/example_sensors.py
[2024-06-14T14:18:39.465+0000] {processor.py:840} INFO - DAG(s) 'example_sensors' retrieved from /home/airflow/.local/lib/python3.12/site-packages/airflow/example_dags/example_sensors.py
[2024-06-14T14:18:39.490+0000] {logging_mixin.py:188} INFO - [2024-06-14T14:18:39.490+0000] {dag.py:3096} INFO - Sync 1 DAGs
[2024-06-14T14:18:39.502+0000] {logging_mixin.py:188} INFO - [2024-06-14T14:18:39.502+0000] {dag.py:3954} INFO - Setting next_dagrun for example_sensors to None, run_after=None
[2024-06-14T14:18:39.521+0000] {processor.py:183} INFO - Processing /home/airflow/.local/lib/python3.12/site-packages/airflow/example_dags/example_sensors.py took 0.071 seconds
[2024-06-14T14:19:09.635+0000] {processor.py:161} INFO - Started process (PID=777) to work on /home/airflow/.local/lib/python3.12/site-packages/airflow/example_dags/example_sensors.py
[2024-06-14T14:19:09.636+0000] {processor.py:830} INFO - Processing file /home/airflow/.local/lib/python3.12/site-packages/airflow/example_dags/example_sensors.py for tasks to queue
[2024-06-14T14:19:09.638+0000] {logging_mixin.py:188} INFO - [2024-06-14T14:19:09.638+0000] {dagbag.py:545} INFO - Filling up the DagBag from /home/airflow/.local/lib/python3.12/site-packages/airflow/example_dags/example_sensors.py
[2024-06-14T14:19:09.646+0000] {processor.py:840} INFO - DAG(s) 'example_sensors' retrieved from /home/airflow/.local/lib/python3.12/site-packages/airflow/example_dags/example_sensors.py
[2024-06-14T14:19:09.668+0000] {logging_mixin.py:188} INFO - [2024-06-14T14:19:09.668+0000] {dag.py:3096} INFO - Sync 1 DAGs
[2024-06-14T14:19:09.679+0000] {logging_mixin.py:188} INFO - [2024-06-14T14:19:09.679+0000] {dag.py:3954} INFO - Setting next_dagrun for example_sensors to None, run_after=None
[2024-06-14T14:19:09.699+0000] {processor.py:183} INFO - Processing /home/airflow/.local/lib/python3.12/site-packages/airflow/example_dags/example_sensors.py took 0.069 seconds
