[2024-06-20T23:35:20.280+0000] {processor.py:161} INFO - Started process (PID=172913) to work on /opt/airflow/dags/python_operators.py
[2024-06-20T23:35:20.281+0000] {processor.py:830} INFO - Processing file /opt/airflow/dags/python_operators.py for tasks to queue
[2024-06-20T23:35:20.282+0000] {logging_mixin.py:188} INFO - [2024-06-20T23:35:20.282+0000] {dagbag.py:545} INFO - Filling up the DagBag from /opt/airflow/dags/python_operators.py
[2024-06-20T23:35:20.287+0000] {processor.py:840} INFO - DAG(s) 'simple_operators' retrieved from /opt/airflow/dags/python_operators.py
[2024-06-20T23:35:20.376+0000] {logging_mixin.py:188} INFO - [2024-06-20T23:35:20.376+0000] {dag.py:3096} INFO - Sync 1 DAGs
[2024-06-20T23:35:20.394+0000] {logging_mixin.py:188} INFO - [2024-06-20T23:35:20.394+0000] {dag.py:3954} INFO - Setting next_dagrun for simple_operators to 2024-06-20 00:00:00+00:00, run_after=2024-06-21 00:00:00+00:00
[2024-06-20T23:35:20.414+0000] {processor.py:183} INFO - Processing /opt/airflow/dags/python_operators.py took 0.140 seconds
[2024-06-20T23:35:51.169+0000] {processor.py:161} INFO - Started process (PID=172973) to work on /opt/airflow/dags/python_operators.py
[2024-06-20T23:35:51.179+0000] {processor.py:830} INFO - Processing file /opt/airflow/dags/python_operators.py for tasks to queue
[2024-06-20T23:35:51.181+0000] {logging_mixin.py:188} INFO - [2024-06-20T23:35:51.180+0000] {dagbag.py:545} INFO - Filling up the DagBag from /opt/airflow/dags/python_operators.py
[2024-06-20T23:35:51.186+0000] {processor.py:840} INFO - DAG(s) 'simple_operators' retrieved from /opt/airflow/dags/python_operators.py
[2024-06-20T23:35:51.206+0000] {logging_mixin.py:188} INFO - [2024-06-20T23:35:51.206+0000] {dag.py:3096} INFO - Sync 1 DAGs
[2024-06-20T23:35:51.227+0000] {logging_mixin.py:188} INFO - [2024-06-20T23:35:51.227+0000] {dag.py:3954} INFO - Setting next_dagrun for simple_operators to 2024-06-20 00:00:00+00:00, run_after=2024-06-21 00:00:00+00:00
[2024-06-20T23:35:51.244+0000] {processor.py:183} INFO - Processing /opt/airflow/dags/python_operators.py took 0.079 seconds
[2024-06-20T23:36:21.933+0000] {processor.py:161} INFO - Started process (PID=173033) to work on /opt/airflow/dags/python_operators.py
[2024-06-20T23:36:21.935+0000] {processor.py:830} INFO - Processing file /opt/airflow/dags/python_operators.py for tasks to queue
[2024-06-20T23:36:21.938+0000] {logging_mixin.py:188} INFO - [2024-06-20T23:36:21.938+0000] {dagbag.py:545} INFO - Filling up the DagBag from /opt/airflow/dags/python_operators.py
[2024-06-20T23:36:21.948+0000] {processor.py:840} INFO - DAG(s) 'simple_operators' retrieved from /opt/airflow/dags/python_operators.py
[2024-06-20T23:36:21.967+0000] {logging_mixin.py:188} INFO - [2024-06-20T23:36:21.967+0000] {dag.py:3096} INFO - Sync 1 DAGs
[2024-06-20T23:36:22.006+0000] {logging_mixin.py:188} INFO - [2024-06-20T23:36:22.006+0000] {dag.py:3954} INFO - Setting next_dagrun for simple_operators to 2024-06-20 00:00:00+00:00, run_after=2024-06-21 00:00:00+00:00
[2024-06-20T23:36:22.025+0000] {processor.py:183} INFO - Processing /opt/airflow/dags/python_operators.py took 0.110 seconds
[2024-06-20T23:36:52.747+0000] {processor.py:161} INFO - Started process (PID=173093) to work on /opt/airflow/dags/python_operators.py
[2024-06-20T23:36:52.757+0000] {processor.py:830} INFO - Processing file /opt/airflow/dags/python_operators.py for tasks to queue
[2024-06-20T23:36:52.758+0000] {logging_mixin.py:188} INFO - [2024-06-20T23:36:52.758+0000] {dagbag.py:545} INFO - Filling up the DagBag from /opt/airflow/dags/python_operators.py
[2024-06-20T23:36:52.765+0000] {processor.py:840} INFO - DAG(s) 'simple_operators' retrieved from /opt/airflow/dags/python_operators.py
[2024-06-20T23:36:52.887+0000] {logging_mixin.py:188} INFO - [2024-06-20T23:36:52.887+0000] {dag.py:3096} INFO - Sync 1 DAGs
[2024-06-20T23:36:52.906+0000] {logging_mixin.py:188} INFO - [2024-06-20T23:36:52.906+0000] {dag.py:3954} INFO - Setting next_dagrun for simple_operators to 2024-06-20 00:00:00+00:00, run_after=2024-06-21 00:00:00+00:00
[2024-06-20T23:36:52.923+0000] {processor.py:183} INFO - Processing /opt/airflow/dags/python_operators.py took 0.184 seconds
[2024-06-20T23:37:22.979+0000] {processor.py:161} INFO - Started process (PID=173153) to work on /opt/airflow/dags/python_operators.py
[2024-06-20T23:37:22.988+0000] {processor.py:830} INFO - Processing file /opt/airflow/dags/python_operators.py for tasks to queue
[2024-06-20T23:37:22.990+0000] {logging_mixin.py:188} INFO - [2024-06-20T23:37:22.990+0000] {dagbag.py:545} INFO - Filling up the DagBag from /opt/airflow/dags/python_operators.py
[2024-06-20T23:37:22.995+0000] {processor.py:840} INFO - DAG(s) 'simple_operators' retrieved from /opt/airflow/dags/python_operators.py
[2024-06-20T23:37:23.016+0000] {logging_mixin.py:188} INFO - [2024-06-20T23:37:23.016+0000] {dag.py:3096} INFO - Sync 1 DAGs
[2024-06-20T23:37:23.038+0000] {logging_mixin.py:188} INFO - [2024-06-20T23:37:23.037+0000] {dag.py:3954} INFO - Setting next_dagrun for simple_operators to 2024-06-20 00:00:00+00:00, run_after=2024-06-21 00:00:00+00:00
[2024-06-20T23:37:23.056+0000] {processor.py:183} INFO - Processing /opt/airflow/dags/python_operators.py took 0.083 seconds
[2024-06-20T23:37:53.342+0000] {processor.py:161} INFO - Started process (PID=173213) to work on /opt/airflow/dags/python_operators.py
[2024-06-20T23:37:53.353+0000] {processor.py:830} INFO - Processing file /opt/airflow/dags/python_operators.py for tasks to queue
[2024-06-20T23:37:53.356+0000] {logging_mixin.py:188} INFO - [2024-06-20T23:37:53.356+0000] {dagbag.py:545} INFO - Filling up the DagBag from /opt/airflow/dags/python_operators.py
[2024-06-20T23:37:53.366+0000] {processor.py:840} INFO - DAG(s) 'simple_operators' retrieved from /opt/airflow/dags/python_operators.py
[2024-06-20T23:37:53.381+0000] {logging_mixin.py:188} INFO - [2024-06-20T23:37:53.381+0000] {dag.py:3096} INFO - Sync 1 DAGs
[2024-06-20T23:37:53.408+0000] {logging_mixin.py:188} INFO - [2024-06-20T23:37:53.408+0000] {dag.py:3954} INFO - Setting next_dagrun for simple_operators to 2024-06-20 00:00:00+00:00, run_after=2024-06-21 00:00:00+00:00
[2024-06-20T23:37:53.425+0000] {processor.py:183} INFO - Processing /opt/airflow/dags/python_operators.py took 0.098 seconds
[2024-06-20T23:38:23.521+0000] {processor.py:161} INFO - Started process (PID=173273) to work on /opt/airflow/dags/python_operators.py
[2024-06-20T23:38:23.522+0000] {processor.py:830} INFO - Processing file /opt/airflow/dags/python_operators.py for tasks to queue
[2024-06-20T23:38:23.523+0000] {logging_mixin.py:188} INFO - [2024-06-20T23:38:23.523+0000] {dagbag.py:545} INFO - Filling up the DagBag from /opt/airflow/dags/python_operators.py
[2024-06-20T23:38:23.528+0000] {processor.py:840} INFO - DAG(s) 'simple_operators' retrieved from /opt/airflow/dags/python_operators.py
[2024-06-20T23:38:23.639+0000] {logging_mixin.py:188} INFO - [2024-06-20T23:38:23.639+0000] {dag.py:3096} INFO - Sync 1 DAGs
[2024-06-20T23:38:23.658+0000] {logging_mixin.py:188} INFO - [2024-06-20T23:38:23.658+0000] {dag.py:3954} INFO - Setting next_dagrun for simple_operators to 2024-06-20 00:00:00+00:00, run_after=2024-06-21 00:00:00+00:00
[2024-06-20T23:38:23.676+0000] {processor.py:183} INFO - Processing /opt/airflow/dags/python_operators.py took 0.159 seconds
[2024-06-20T23:38:54.480+0000] {processor.py:161} INFO - Started process (PID=173332) to work on /opt/airflow/dags/python_operators.py
[2024-06-20T23:38:54.481+0000] {processor.py:830} INFO - Processing file /opt/airflow/dags/python_operators.py for tasks to queue
[2024-06-20T23:38:54.483+0000] {logging_mixin.py:188} INFO - [2024-06-20T23:38:54.483+0000] {dagbag.py:545} INFO - Filling up the DagBag from /opt/airflow/dags/python_operators.py
[2024-06-20T23:38:54.488+0000] {processor.py:840} INFO - DAG(s) 'simple_operators' retrieved from /opt/airflow/dags/python_operators.py
[2024-06-20T23:38:54.504+0000] {logging_mixin.py:188} INFO - [2024-06-20T23:38:54.504+0000] {dag.py:3096} INFO - Sync 1 DAGs
[2024-06-20T23:38:54.523+0000] {logging_mixin.py:188} INFO - [2024-06-20T23:38:54.522+0000] {dag.py:3954} INFO - Setting next_dagrun for simple_operators to 2024-06-20 00:00:00+00:00, run_after=2024-06-21 00:00:00+00:00
[2024-06-20T23:38:54.539+0000] {processor.py:183} INFO - Processing /opt/airflow/dags/python_operators.py took 0.063 seconds
[2024-06-20T23:39:24.912+0000] {processor.py:161} INFO - Started process (PID=173392) to work on /opt/airflow/dags/python_operators.py
[2024-06-20T23:39:24.913+0000] {processor.py:830} INFO - Processing file /opt/airflow/dags/python_operators.py for tasks to queue
[2024-06-20T23:39:24.916+0000] {logging_mixin.py:188} INFO - [2024-06-20T23:39:24.915+0000] {dagbag.py:545} INFO - Filling up the DagBag from /opt/airflow/dags/python_operators.py
[2024-06-20T23:39:24.921+0000] {processor.py:840} INFO - DAG(s) 'simple_operators' retrieved from /opt/airflow/dags/python_operators.py
[2024-06-20T23:39:24.931+0000] {logging_mixin.py:188} INFO - [2024-06-20T23:39:24.931+0000] {dag.py:3096} INFO - Sync 1 DAGs
[2024-06-20T23:39:24.951+0000] {logging_mixin.py:188} INFO - [2024-06-20T23:39:24.951+0000] {dag.py:3954} INFO - Setting next_dagrun for simple_operators to 2024-06-20 00:00:00+00:00, run_after=2024-06-21 00:00:00+00:00
[2024-06-20T23:39:24.968+0000] {processor.py:183} INFO - Processing /opt/airflow/dags/python_operators.py took 0.065 seconds
[2024-06-20T23:39:55.173+0000] {processor.py:161} INFO - Started process (PID=173452) to work on /opt/airflow/dags/python_operators.py
[2024-06-20T23:39:55.174+0000] {processor.py:830} INFO - Processing file /opt/airflow/dags/python_operators.py for tasks to queue
[2024-06-20T23:39:55.176+0000] {logging_mixin.py:188} INFO - [2024-06-20T23:39:55.176+0000] {dagbag.py:545} INFO - Filling up the DagBag from /opt/airflow/dags/python_operators.py
[2024-06-20T23:39:55.181+0000] {processor.py:840} INFO - DAG(s) 'simple_operators' retrieved from /opt/airflow/dags/python_operators.py
[2024-06-20T23:39:55.273+0000] {logging_mixin.py:188} INFO - [2024-06-20T23:39:55.273+0000] {dag.py:3096} INFO - Sync 1 DAGs
[2024-06-20T23:39:55.291+0000] {logging_mixin.py:188} INFO - [2024-06-20T23:39:55.291+0000] {dag.py:3954} INFO - Setting next_dagrun for simple_operators to 2024-06-20 00:00:00+00:00, run_after=2024-06-21 00:00:00+00:00
[2024-06-20T23:39:55.318+0000] {processor.py:183} INFO - Processing /opt/airflow/dags/python_operators.py took 0.151 seconds
[2024-06-20T23:40:26.337+0000] {processor.py:161} INFO - Started process (PID=173512) to work on /opt/airflow/dags/python_operators.py
[2024-06-20T23:40:26.338+0000] {processor.py:830} INFO - Processing file /opt/airflow/dags/python_operators.py for tasks to queue
[2024-06-20T23:40:26.341+0000] {logging_mixin.py:188} INFO - [2024-06-20T23:40:26.340+0000] {dagbag.py:545} INFO - Filling up the DagBag from /opt/airflow/dags/python_operators.py
[2024-06-20T23:40:26.347+0000] {processor.py:840} INFO - DAG(s) 'simple_operators' retrieved from /opt/airflow/dags/python_operators.py
[2024-06-20T23:40:26.365+0000] {logging_mixin.py:188} INFO - [2024-06-20T23:40:26.365+0000] {dag.py:3096} INFO - Sync 1 DAGs
[2024-06-20T23:40:26.383+0000] {logging_mixin.py:188} INFO - [2024-06-20T23:40:26.383+0000] {dag.py:3954} INFO - Setting next_dagrun for simple_operators to 2024-06-20 00:00:00+00:00, run_after=2024-06-21 00:00:00+00:00
[2024-06-20T23:40:26.400+0000] {processor.py:183} INFO - Processing /opt/airflow/dags/python_operators.py took 0.073 seconds
[2024-06-20T23:40:56.467+0000] {processor.py:161} INFO - Started process (PID=173572) to work on /opt/airflow/dags/python_operators.py
[2024-06-20T23:40:56.477+0000] {processor.py:830} INFO - Processing file /opt/airflow/dags/python_operators.py for tasks to queue
[2024-06-20T23:40:56.481+0000] {logging_mixin.py:188} INFO - [2024-06-20T23:40:56.480+0000] {dagbag.py:545} INFO - Filling up the DagBag from /opt/airflow/dags/python_operators.py
[2024-06-20T23:40:56.490+0000] {processor.py:840} INFO - DAG(s) 'simple_operators' retrieved from /opt/airflow/dags/python_operators.py
[2024-06-20T23:40:56.506+0000] {logging_mixin.py:188} INFO - [2024-06-20T23:40:56.505+0000] {dag.py:3096} INFO - Sync 1 DAGs
[2024-06-20T23:40:56.535+0000] {logging_mixin.py:188} INFO - [2024-06-20T23:40:56.535+0000] {dag.py:3954} INFO - Setting next_dagrun for simple_operators to 2024-06-20 00:00:00+00:00, run_after=2024-06-21 00:00:00+00:00
[2024-06-20T23:40:56.552+0000] {processor.py:183} INFO - Processing /opt/airflow/dags/python_operators.py took 0.098 seconds
[2024-06-20T23:41:26.796+0000] {processor.py:161} INFO - Started process (PID=173632) to work on /opt/airflow/dags/python_operators.py
[2024-06-20T23:41:26.797+0000] {processor.py:830} INFO - Processing file /opt/airflow/dags/python_operators.py for tasks to queue
[2024-06-20T23:41:26.799+0000] {logging_mixin.py:188} INFO - [2024-06-20T23:41:26.798+0000] {dagbag.py:545} INFO - Filling up the DagBag from /opt/airflow/dags/python_operators.py
[2024-06-20T23:41:26.803+0000] {processor.py:840} INFO - DAG(s) 'simple_operators' retrieved from /opt/airflow/dags/python_operators.py
[2024-06-20T23:41:26.899+0000] {logging_mixin.py:188} INFO - [2024-06-20T23:41:26.899+0000] {dag.py:3096} INFO - Sync 1 DAGs
[2024-06-20T23:41:26.917+0000] {logging_mixin.py:188} INFO - [2024-06-20T23:41:26.917+0000] {dag.py:3954} INFO - Setting next_dagrun for simple_operators to 2024-06-20 00:00:00+00:00, run_after=2024-06-21 00:00:00+00:00
[2024-06-20T23:41:26.947+0000] {processor.py:183} INFO - Processing /opt/airflow/dags/python_operators.py took 0.156 seconds
[2024-06-20T23:41:57.936+0000] {processor.py:161} INFO - Started process (PID=173691) to work on /opt/airflow/dags/python_operators.py
[2024-06-20T23:41:57.946+0000] {processor.py:830} INFO - Processing file /opt/airflow/dags/python_operators.py for tasks to queue
[2024-06-20T23:41:57.948+0000] {logging_mixin.py:188} INFO - [2024-06-20T23:41:57.947+0000] {dagbag.py:545} INFO - Filling up the DagBag from /opt/airflow/dags/python_operators.py
[2024-06-20T23:41:57.952+0000] {processor.py:840} INFO - DAG(s) 'simple_operators' retrieved from /opt/airflow/dags/python_operators.py
[2024-06-20T23:41:57.973+0000] {logging_mixin.py:188} INFO - [2024-06-20T23:41:57.973+0000] {dag.py:3096} INFO - Sync 1 DAGs
[2024-06-20T23:41:57.997+0000] {logging_mixin.py:188} INFO - [2024-06-20T23:41:57.997+0000] {dag.py:3954} INFO - Setting next_dagrun for simple_operators to 2024-06-20 00:00:00+00:00, run_after=2024-06-21 00:00:00+00:00
[2024-06-20T23:41:58.015+0000] {processor.py:183} INFO - Processing /opt/airflow/dags/python_operators.py took 0.084 seconds
[2024-06-20T23:42:28.451+0000] {processor.py:161} INFO - Started process (PID=173751) to work on /opt/airflow/dags/python_operators.py
[2024-06-20T23:42:28.461+0000] {processor.py:830} INFO - Processing file /opt/airflow/dags/python_operators.py for tasks to queue
[2024-06-20T23:42:28.462+0000] {logging_mixin.py:188} INFO - [2024-06-20T23:42:28.462+0000] {dagbag.py:545} INFO - Filling up the DagBag from /opt/airflow/dags/python_operators.py
[2024-06-20T23:42:28.468+0000] {processor.py:840} INFO - DAG(s) 'simple_operators' retrieved from /opt/airflow/dags/python_operators.py
[2024-06-20T23:42:28.478+0000] {logging_mixin.py:188} INFO - [2024-06-20T23:42:28.478+0000] {dag.py:3096} INFO - Sync 1 DAGs
[2024-06-20T23:42:28.498+0000] {logging_mixin.py:188} INFO - [2024-06-20T23:42:28.498+0000] {dag.py:3954} INFO - Setting next_dagrun for simple_operators to 2024-06-20 00:00:00+00:00, run_after=2024-06-21 00:00:00+00:00
[2024-06-20T23:42:28.515+0000] {processor.py:183} INFO - Processing /opt/airflow/dags/python_operators.py took 0.075 seconds
[2024-06-20T23:42:58.705+0000] {processor.py:161} INFO - Started process (PID=173812) to work on /opt/airflow/dags/python_operators.py
[2024-06-20T23:42:58.714+0000] {processor.py:830} INFO - Processing file /opt/airflow/dags/python_operators.py for tasks to queue
[2024-06-20T23:42:58.716+0000] {logging_mixin.py:188} INFO - [2024-06-20T23:42:58.716+0000] {dagbag.py:545} INFO - Filling up the DagBag from /opt/airflow/dags/python_operators.py
[2024-06-20T23:42:58.721+0000] {processor.py:840} INFO - DAG(s) 'simple_operators' retrieved from /opt/airflow/dags/python_operators.py
[2024-06-20T23:42:58.814+0000] {logging_mixin.py:188} INFO - [2024-06-20T23:42:58.814+0000] {dag.py:3096} INFO - Sync 1 DAGs
[2024-06-20T23:42:58.833+0000] {logging_mixin.py:188} INFO - [2024-06-20T23:42:58.833+0000] {dag.py:3954} INFO - Setting next_dagrun for simple_operators to 2024-06-20 00:00:00+00:00, run_after=2024-06-21 00:00:00+00:00
[2024-06-20T23:42:58.861+0000] {processor.py:183} INFO - Processing /opt/airflow/dags/python_operators.py took 0.172 seconds
[2024-06-20T23:43:29.882+0000] {processor.py:161} INFO - Started process (PID=173872) to work on /opt/airflow/dags/python_operators.py
[2024-06-20T23:43:29.891+0000] {processor.py:830} INFO - Processing file /opt/airflow/dags/python_operators.py for tasks to queue
[2024-06-20T23:43:29.893+0000] {logging_mixin.py:188} INFO - [2024-06-20T23:43:29.893+0000] {dagbag.py:545} INFO - Filling up the DagBag from /opt/airflow/dags/python_operators.py
[2024-06-20T23:43:29.897+0000] {processor.py:840} INFO - DAG(s) 'simple_operators' retrieved from /opt/airflow/dags/python_operators.py
[2024-06-20T23:43:29.914+0000] {logging_mixin.py:188} INFO - [2024-06-20T23:43:29.914+0000] {dag.py:3096} INFO - Sync 1 DAGs
[2024-06-20T23:43:29.932+0000] {logging_mixin.py:188} INFO - [2024-06-20T23:43:29.932+0000] {dag.py:3954} INFO - Setting next_dagrun for simple_operators to 2024-06-20 00:00:00+00:00, run_after=2024-06-21 00:00:00+00:00
[2024-06-20T23:43:29.949+0000] {processor.py:183} INFO - Processing /opt/airflow/dags/python_operators.py took 0.072 seconds
[2024-06-20T23:44:00.209+0000] {processor.py:161} INFO - Started process (PID=173932) to work on /opt/airflow/dags/python_operators.py
[2024-06-20T23:44:00.218+0000] {processor.py:830} INFO - Processing file /opt/airflow/dags/python_operators.py for tasks to queue
[2024-06-20T23:44:00.220+0000] {logging_mixin.py:188} INFO - [2024-06-20T23:44:00.220+0000] {dagbag.py:545} INFO - Filling up the DagBag from /opt/airflow/dags/python_operators.py
[2024-06-20T23:44:00.225+0000] {processor.py:840} INFO - DAG(s) 'simple_operators' retrieved from /opt/airflow/dags/python_operators.py
[2024-06-20T23:44:00.236+0000] {logging_mixin.py:188} INFO - [2024-06-20T23:44:00.235+0000] {dag.py:3096} INFO - Sync 1 DAGs
[2024-06-20T23:44:00.254+0000] {logging_mixin.py:188} INFO - [2024-06-20T23:44:00.254+0000] {dag.py:3954} INFO - Setting next_dagrun for simple_operators to 2024-06-20 00:00:00+00:00, run_after=2024-06-21 00:00:00+00:00
[2024-06-20T23:44:00.271+0000] {processor.py:183} INFO - Processing /opt/airflow/dags/python_operators.py took 0.069 seconds
[2024-06-20T23:44:30.436+0000] {processor.py:161} INFO - Started process (PID=173992) to work on /opt/airflow/dags/python_operators.py
[2024-06-20T23:44:30.446+0000] {processor.py:830} INFO - Processing file /opt/airflow/dags/python_operators.py for tasks to queue
[2024-06-20T23:44:30.449+0000] {logging_mixin.py:188} INFO - [2024-06-20T23:44:30.449+0000] {dagbag.py:545} INFO - Filling up the DagBag from /opt/airflow/dags/python_operators.py
[2024-06-20T23:44:30.459+0000] {processor.py:840} INFO - DAG(s) 'simple_operators' retrieved from /opt/airflow/dags/python_operators.py
[2024-06-20T23:44:30.566+0000] {logging_mixin.py:188} INFO - [2024-06-20T23:44:30.566+0000] {dag.py:3096} INFO - Sync 1 DAGs
[2024-06-20T23:44:30.583+0000] {logging_mixin.py:188} INFO - [2024-06-20T23:44:30.583+0000] {dag.py:3954} INFO - Setting next_dagrun for simple_operators to 2024-06-20 00:00:00+00:00, run_after=2024-06-21 00:00:00+00:00
[2024-06-20T23:44:30.608+0000] {processor.py:183} INFO - Processing /opt/airflow/dags/python_operators.py took 0.185 seconds
[2024-06-20T23:45:01.629+0000] {processor.py:161} INFO - Started process (PID=174051) to work on /opt/airflow/dags/python_operators.py
[2024-06-20T23:45:01.639+0000] {processor.py:830} INFO - Processing file /opt/airflow/dags/python_operators.py for tasks to queue
[2024-06-20T23:45:01.641+0000] {logging_mixin.py:188} INFO - [2024-06-20T23:45:01.641+0000] {dagbag.py:545} INFO - Filling up the DagBag from /opt/airflow/dags/python_operators.py
[2024-06-20T23:45:01.646+0000] {processor.py:840} INFO - DAG(s) 'simple_operators' retrieved from /opt/airflow/dags/python_operators.py
[2024-06-20T23:45:01.664+0000] {logging_mixin.py:188} INFO - [2024-06-20T23:45:01.664+0000] {dag.py:3096} INFO - Sync 1 DAGs
[2024-06-20T23:45:01.682+0000] {logging_mixin.py:188} INFO - [2024-06-20T23:45:01.682+0000] {dag.py:3954} INFO - Setting next_dagrun for simple_operators to 2024-06-20 00:00:00+00:00, run_after=2024-06-21 00:00:00+00:00
[2024-06-20T23:45:01.699+0000] {processor.py:183} INFO - Processing /opt/airflow/dags/python_operators.py took 0.081 seconds
[2024-06-20T23:45:32.225+0000] {processor.py:161} INFO - Started process (PID=174111) to work on /opt/airflow/dags/python_operators.py
[2024-06-20T23:45:32.234+0000] {processor.py:830} INFO - Processing file /opt/airflow/dags/python_operators.py for tasks to queue
[2024-06-20T23:45:32.236+0000] {logging_mixin.py:188} INFO - [2024-06-20T23:45:32.235+0000] {dagbag.py:545} INFO - Filling up the DagBag from /opt/airflow/dags/python_operators.py
[2024-06-20T23:45:32.240+0000] {processor.py:840} INFO - DAG(s) 'simple_operators' retrieved from /opt/airflow/dags/python_operators.py
[2024-06-20T23:45:32.250+0000] {logging_mixin.py:188} INFO - [2024-06-20T23:45:32.250+0000] {dag.py:3096} INFO - Sync 1 DAGs
[2024-06-20T23:45:32.269+0000] {logging_mixin.py:188} INFO - [2024-06-20T23:45:32.269+0000] {dag.py:3954} INFO - Setting next_dagrun for simple_operators to 2024-06-20 00:00:00+00:00, run_after=2024-06-21 00:00:00+00:00
[2024-06-20T23:45:32.290+0000] {processor.py:183} INFO - Processing /opt/airflow/dags/python_operators.py took 0.074 seconds
[2024-06-20T23:46:02.406+0000] {processor.py:161} INFO - Started process (PID=174171) to work on /opt/airflow/dags/python_operators.py
[2024-06-20T23:46:02.416+0000] {processor.py:830} INFO - Processing file /opt/airflow/dags/python_operators.py for tasks to queue
[2024-06-20T23:46:02.422+0000] {logging_mixin.py:188} INFO - [2024-06-20T23:46:02.421+0000] {dagbag.py:545} INFO - Filling up the DagBag from /opt/airflow/dags/python_operators.py
[2024-06-20T23:46:02.433+0000] {processor.py:840} INFO - DAG(s) 'simple_operators' retrieved from /opt/airflow/dags/python_operators.py
[2024-06-20T23:46:02.538+0000] {logging_mixin.py:188} INFO - [2024-06-20T23:46:02.538+0000] {dag.py:3096} INFO - Sync 1 DAGs
[2024-06-20T23:46:02.554+0000] {logging_mixin.py:188} INFO - [2024-06-20T23:46:02.554+0000] {dag.py:3954} INFO - Setting next_dagrun for simple_operators to 2024-06-20 00:00:00+00:00, run_after=2024-06-21 00:00:00+00:00
[2024-06-20T23:46:02.581+0000] {processor.py:183} INFO - Processing /opt/airflow/dags/python_operators.py took 0.192 seconds
[2024-06-20T23:46:32.741+0000] {processor.py:161} INFO - Started process (PID=174231) to work on /opt/airflow/dags/python_operators.py
[2024-06-20T23:46:32.750+0000] {processor.py:830} INFO - Processing file /opt/airflow/dags/python_operators.py for tasks to queue
[2024-06-20T23:46:32.754+0000] {logging_mixin.py:188} INFO - [2024-06-20T23:46:32.753+0000] {dagbag.py:545} INFO - Filling up the DagBag from /opt/airflow/dags/python_operators.py
[2024-06-20T23:46:32.760+0000] {processor.py:840} INFO - DAG(s) 'simple_operators' retrieved from /opt/airflow/dags/python_operators.py
[2024-06-20T23:46:32.782+0000] {logging_mixin.py:188} INFO - [2024-06-20T23:46:32.781+0000] {dag.py:3096} INFO - Sync 1 DAGs
[2024-06-20T23:46:32.800+0000] {logging_mixin.py:188} INFO - [2024-06-20T23:46:32.800+0000] {dag.py:3954} INFO - Setting next_dagrun for simple_operators to 2024-06-20 00:00:00+00:00, run_after=2024-06-21 00:00:00+00:00
[2024-06-20T23:46:32.816+0000] {processor.py:183} INFO - Processing /opt/airflow/dags/python_operators.py took 0.085 seconds
[2024-06-20T23:47:02.956+0000] {processor.py:161} INFO - Started process (PID=174291) to work on /opt/airflow/dags/python_operators.py
[2024-06-20T23:47:02.966+0000] {processor.py:830} INFO - Processing file /opt/airflow/dags/python_operators.py for tasks to queue
[2024-06-20T23:47:02.969+0000] {logging_mixin.py:188} INFO - [2024-06-20T23:47:02.968+0000] {dagbag.py:545} INFO - Filling up the DagBag from /opt/airflow/dags/python_operators.py
[2024-06-20T23:47:02.976+0000] {processor.py:840} INFO - DAG(s) 'simple_operators' retrieved from /opt/airflow/dags/python_operators.py
[2024-06-20T23:47:02.990+0000] {logging_mixin.py:188} INFO - [2024-06-20T23:47:02.990+0000] {dag.py:3096} INFO - Sync 1 DAGs
[2024-06-20T23:47:03.013+0000] {logging_mixin.py:188} INFO - [2024-06-20T23:47:03.012+0000] {dag.py:3954} INFO - Setting next_dagrun for simple_operators to 2024-06-20 00:00:00+00:00, run_after=2024-06-21 00:00:00+00:00
[2024-06-20T23:47:03.029+0000] {processor.py:183} INFO - Processing /opt/airflow/dags/python_operators.py took 0.078 seconds
[2024-06-20T23:47:33.245+0000] {processor.py:161} INFO - Started process (PID=174351) to work on /opt/airflow/dags/python_operators.py
[2024-06-20T23:47:33.254+0000] {processor.py:830} INFO - Processing file /opt/airflow/dags/python_operators.py for tasks to queue
[2024-06-20T23:47:33.257+0000] {logging_mixin.py:188} INFO - [2024-06-20T23:47:33.256+0000] {dagbag.py:545} INFO - Filling up the DagBag from /opt/airflow/dags/python_operators.py
[2024-06-20T23:47:33.261+0000] {processor.py:840} INFO - DAG(s) 'simple_operators' retrieved from /opt/airflow/dags/python_operators.py
[2024-06-20T23:47:33.352+0000] {logging_mixin.py:188} INFO - [2024-06-20T23:47:33.352+0000] {dag.py:3096} INFO - Sync 1 DAGs
[2024-06-20T23:47:33.369+0000] {logging_mixin.py:188} INFO - [2024-06-20T23:47:33.368+0000] {dag.py:3954} INFO - Setting next_dagrun for simple_operators to 2024-06-20 00:00:00+00:00, run_after=2024-06-21 00:00:00+00:00
[2024-06-20T23:47:33.399+0000] {processor.py:183} INFO - Processing /opt/airflow/dags/python_operators.py took 0.158 seconds
[2024-06-20T23:48:04.347+0000] {processor.py:161} INFO - Started process (PID=174411) to work on /opt/airflow/dags/python_operators.py
[2024-06-20T23:48:04.357+0000] {processor.py:830} INFO - Processing file /opt/airflow/dags/python_operators.py for tasks to queue
[2024-06-20T23:48:04.362+0000] {logging_mixin.py:188} INFO - [2024-06-20T23:48:04.361+0000] {dagbag.py:545} INFO - Filling up the DagBag from /opt/airflow/dags/python_operators.py
[2024-06-20T23:48:04.378+0000] {processor.py:840} INFO - DAG(s) 'simple_operators' retrieved from /opt/airflow/dags/python_operators.py
[2024-06-20T23:48:04.409+0000] {logging_mixin.py:188} INFO - [2024-06-20T23:48:04.409+0000] {dag.py:3096} INFO - Sync 1 DAGs
[2024-06-20T23:48:04.436+0000] {logging_mixin.py:188} INFO - [2024-06-20T23:48:04.435+0000] {dag.py:3954} INFO - Setting next_dagrun for simple_operators to 2024-06-20 00:00:00+00:00, run_after=2024-06-21 00:00:00+00:00
[2024-06-20T23:48:04.454+0000] {processor.py:183} INFO - Processing /opt/airflow/dags/python_operators.py took 0.113 seconds
[2024-06-20T23:48:35.472+0000] {processor.py:161} INFO - Started process (PID=174471) to work on /opt/airflow/dags/python_operators.py
[2024-06-20T23:48:35.482+0000] {processor.py:830} INFO - Processing file /opt/airflow/dags/python_operators.py for tasks to queue
[2024-06-20T23:48:35.484+0000] {logging_mixin.py:188} INFO - [2024-06-20T23:48:35.484+0000] {dagbag.py:545} INFO - Filling up the DagBag from /opt/airflow/dags/python_operators.py
[2024-06-20T23:48:35.489+0000] {processor.py:840} INFO - DAG(s) 'simple_operators' retrieved from /opt/airflow/dags/python_operators.py
[2024-06-20T23:48:35.501+0000] {logging_mixin.py:188} INFO - [2024-06-20T23:48:35.501+0000] {dag.py:3096} INFO - Sync 1 DAGs
[2024-06-20T23:48:35.522+0000] {logging_mixin.py:188} INFO - [2024-06-20T23:48:35.522+0000] {dag.py:3954} INFO - Setting next_dagrun for simple_operators to 2024-06-20 00:00:00+00:00, run_after=2024-06-21 00:00:00+00:00
[2024-06-20T23:48:35.539+0000] {processor.py:183} INFO - Processing /opt/airflow/dags/python_operators.py took 0.080 seconds
[2024-06-20T23:49:05.756+0000] {processor.py:161} INFO - Started process (PID=174531) to work on /opt/airflow/dags/python_operators.py
[2024-06-20T23:49:05.766+0000] {processor.py:830} INFO - Processing file /opt/airflow/dags/python_operators.py for tasks to queue
[2024-06-20T23:49:05.768+0000] {logging_mixin.py:188} INFO - [2024-06-20T23:49:05.767+0000] {dagbag.py:545} INFO - Filling up the DagBag from /opt/airflow/dags/python_operators.py
[2024-06-20T23:49:05.774+0000] {processor.py:840} INFO - DAG(s) 'simple_operators' retrieved from /opt/airflow/dags/python_operators.py
[2024-06-20T23:49:05.874+0000] {logging_mixin.py:188} INFO - [2024-06-20T23:49:05.874+0000] {dag.py:3096} INFO - Sync 1 DAGs
[2024-06-20T23:49:05.891+0000] {logging_mixin.py:188} INFO - [2024-06-20T23:49:05.891+0000] {dag.py:3954} INFO - Setting next_dagrun for simple_operators to 2024-06-20 00:00:00+00:00, run_after=2024-06-21 00:00:00+00:00
[2024-06-20T23:49:05.918+0000] {processor.py:183} INFO - Processing /opt/airflow/dags/python_operators.py took 0.168 seconds
[2024-06-20T23:49:35.944+0000] {processor.py:161} INFO - Started process (PID=174591) to work on /opt/airflow/dags/python_operators.py
[2024-06-20T23:49:35.954+0000] {processor.py:830} INFO - Processing file /opt/airflow/dags/python_operators.py for tasks to queue
[2024-06-20T23:49:35.955+0000] {logging_mixin.py:188} INFO - [2024-06-20T23:49:35.955+0000] {dagbag.py:545} INFO - Filling up the DagBag from /opt/airflow/dags/python_operators.py
[2024-06-20T23:49:35.960+0000] {processor.py:840} INFO - DAG(s) 'simple_operators' retrieved from /opt/airflow/dags/python_operators.py
[2024-06-20T23:49:35.975+0000] {logging_mixin.py:188} INFO - [2024-06-20T23:49:35.975+0000] {dag.py:3096} INFO - Sync 1 DAGs
[2024-06-20T23:49:35.994+0000] {logging_mixin.py:188} INFO - [2024-06-20T23:49:35.993+0000] {dag.py:3954} INFO - Setting next_dagrun for simple_operators to 2024-06-20 00:00:00+00:00, run_after=2024-06-21 00:00:00+00:00
[2024-06-20T23:49:36.011+0000] {processor.py:183} INFO - Processing /opt/airflow/dags/python_operators.py took 0.072 seconds
[2024-06-20T23:50:06.463+0000] {processor.py:161} INFO - Started process (PID=174651) to work on /opt/airflow/dags/python_operators.py
[2024-06-20T23:50:06.472+0000] {processor.py:830} INFO - Processing file /opt/airflow/dags/python_operators.py for tasks to queue
[2024-06-20T23:50:06.475+0000] {logging_mixin.py:188} INFO - [2024-06-20T23:50:06.474+0000] {dagbag.py:545} INFO - Filling up the DagBag from /opt/airflow/dags/python_operators.py
[2024-06-20T23:50:06.482+0000] {processor.py:840} INFO - DAG(s) 'simple_operators' retrieved from /opt/airflow/dags/python_operators.py
[2024-06-20T23:50:06.496+0000] {logging_mixin.py:188} INFO - [2024-06-20T23:50:06.496+0000] {dag.py:3096} INFO - Sync 1 DAGs
[2024-06-20T23:50:06.535+0000] {logging_mixin.py:188} INFO - [2024-06-20T23:50:06.535+0000] {dag.py:3954} INFO - Setting next_dagrun for simple_operators to 2024-06-20 00:00:00+00:00, run_after=2024-06-21 00:00:00+00:00
[2024-06-20T23:50:06.561+0000] {processor.py:183} INFO - Processing /opt/airflow/dags/python_operators.py took 0.104 seconds
[2024-06-20T23:50:36.906+0000] {processor.py:161} INFO - Started process (PID=174711) to work on /opt/airflow/dags/python_operators.py
[2024-06-20T23:50:36.916+0000] {processor.py:830} INFO - Processing file /opt/airflow/dags/python_operators.py for tasks to queue
[2024-06-20T23:50:36.919+0000] {logging_mixin.py:188} INFO - [2024-06-20T23:50:36.918+0000] {dagbag.py:545} INFO - Filling up the DagBag from /opt/airflow/dags/python_operators.py
[2024-06-20T23:50:36.926+0000] {processor.py:840} INFO - DAG(s) 'simple_operators' retrieved from /opt/airflow/dags/python_operators.py
[2024-06-20T23:50:37.047+0000] {logging_mixin.py:188} INFO - [2024-06-20T23:50:37.046+0000] {dag.py:3096} INFO - Sync 1 DAGs
[2024-06-20T23:50:37.073+0000] {logging_mixin.py:188} INFO - [2024-06-20T23:50:37.073+0000] {dag.py:3954} INFO - Setting next_dagrun for simple_operators to 2024-06-20 00:00:00+00:00, run_after=2024-06-21 00:00:00+00:00
[2024-06-20T23:50:37.108+0000] {processor.py:183} INFO - Processing /opt/airflow/dags/python_operators.py took 0.214 seconds
[2024-06-20T23:51:07.174+0000] {processor.py:161} INFO - Started process (PID=174771) to work on /opt/airflow/dags/python_operators.py
[2024-06-20T23:51:07.183+0000] {processor.py:830} INFO - Processing file /opt/airflow/dags/python_operators.py for tasks to queue
[2024-06-20T23:51:07.185+0000] {logging_mixin.py:188} INFO - [2024-06-20T23:51:07.185+0000] {dagbag.py:545} INFO - Filling up the DagBag from /opt/airflow/dags/python_operators.py
[2024-06-20T23:51:07.189+0000] {processor.py:840} INFO - DAG(s) 'simple_operators' retrieved from /opt/airflow/dags/python_operators.py
[2024-06-20T23:51:07.204+0000] {logging_mixin.py:188} INFO - [2024-06-20T23:51:07.204+0000] {dag.py:3096} INFO - Sync 1 DAGs
[2024-06-20T23:51:07.222+0000] {logging_mixin.py:188} INFO - [2024-06-20T23:51:07.222+0000] {dag.py:3954} INFO - Setting next_dagrun for simple_operators to 2024-06-20 00:00:00+00:00, run_after=2024-06-21 00:00:00+00:00
[2024-06-20T23:51:07.239+0000] {processor.py:183} INFO - Processing /opt/airflow/dags/python_operators.py took 0.070 seconds
[2024-06-20T23:51:37.413+0000] {processor.py:161} INFO - Started process (PID=174831) to work on /opt/airflow/dags/python_operators.py
[2024-06-20T23:51:37.414+0000] {processor.py:830} INFO - Processing file /opt/airflow/dags/python_operators.py for tasks to queue
[2024-06-20T23:51:37.417+0000] {logging_mixin.py:188} INFO - [2024-06-20T23:51:37.416+0000] {dagbag.py:545} INFO - Filling up the DagBag from /opt/airflow/dags/python_operators.py
[2024-06-20T23:51:37.424+0000] {processor.py:840} INFO - DAG(s) 'simple_operators' retrieved from /opt/airflow/dags/python_operators.py
[2024-06-20T23:51:37.439+0000] {logging_mixin.py:188} INFO - [2024-06-20T23:51:37.439+0000] {dag.py:3096} INFO - Sync 1 DAGs
[2024-06-20T23:51:37.471+0000] {logging_mixin.py:188} INFO - [2024-06-20T23:51:37.471+0000] {dag.py:3954} INFO - Setting next_dagrun for simple_operators to 2024-06-20 00:00:00+00:00, run_after=2024-06-21 00:00:00+00:00
[2024-06-20T23:51:37.499+0000] {processor.py:183} INFO - Processing /opt/airflow/dags/python_operators.py took 0.097 seconds
[2024-06-20T23:52:07.647+0000] {processor.py:161} INFO - Started process (PID=174891) to work on /opt/airflow/dags/python_operators.py
[2024-06-20T23:52:07.648+0000] {processor.py:830} INFO - Processing file /opt/airflow/dags/python_operators.py for tasks to queue
[2024-06-20T23:52:07.650+0000] {logging_mixin.py:188} INFO - [2024-06-20T23:52:07.649+0000] {dagbag.py:545} INFO - Filling up the DagBag from /opt/airflow/dags/python_operators.py
[2024-06-20T23:52:07.654+0000] {processor.py:840} INFO - DAG(s) 'simple_operators' retrieved from /opt/airflow/dags/python_operators.py
[2024-06-20T23:52:07.739+0000] {logging_mixin.py:188} INFO - [2024-06-20T23:52:07.739+0000] {dag.py:3096} INFO - Sync 1 DAGs
[2024-06-20T23:52:07.754+0000] {logging_mixin.py:188} INFO - [2024-06-20T23:52:07.754+0000] {dag.py:3954} INFO - Setting next_dagrun for simple_operators to 2024-06-20 00:00:00+00:00, run_after=2024-06-21 00:00:00+00:00
[2024-06-20T23:52:07.779+0000] {processor.py:183} INFO - Processing /opt/airflow/dags/python_operators.py took 0.137 seconds
[2024-06-20T23:52:37.988+0000] {processor.py:161} INFO - Started process (PID=174951) to work on /opt/airflow/dags/python_operators.py
[2024-06-20T23:52:37.988+0000] {processor.py:830} INFO - Processing file /opt/airflow/dags/python_operators.py for tasks to queue
[2024-06-20T23:52:37.990+0000] {logging_mixin.py:188} INFO - [2024-06-20T23:52:37.990+0000] {dagbag.py:545} INFO - Filling up the DagBag from /opt/airflow/dags/python_operators.py
[2024-06-20T23:52:37.994+0000] {processor.py:840} INFO - DAG(s) 'simple_operators' retrieved from /opt/airflow/dags/python_operators.py
[2024-06-20T23:52:38.013+0000] {logging_mixin.py:188} INFO - [2024-06-20T23:52:38.013+0000] {dag.py:3096} INFO - Sync 1 DAGs
[2024-06-20T23:52:38.035+0000] {logging_mixin.py:188} INFO - [2024-06-20T23:52:38.035+0000] {dag.py:3954} INFO - Setting next_dagrun for simple_operators to 2024-06-20 00:00:00+00:00, run_after=2024-06-21 00:00:00+00:00
[2024-06-20T23:52:38.051+0000] {processor.py:183} INFO - Processing /opt/airflow/dags/python_operators.py took 0.069 seconds
[2024-06-20T23:53:08.379+0000] {processor.py:161} INFO - Started process (PID=175011) to work on /opt/airflow/dags/python_operators.py
[2024-06-20T23:53:08.379+0000] {processor.py:830} INFO - Processing file /opt/airflow/dags/python_operators.py for tasks to queue
[2024-06-20T23:53:08.381+0000] {logging_mixin.py:188} INFO - [2024-06-20T23:53:08.381+0000] {dagbag.py:545} INFO - Filling up the DagBag from /opt/airflow/dags/python_operators.py
[2024-06-20T23:53:08.385+0000] {processor.py:840} INFO - DAG(s) 'simple_operators' retrieved from /opt/airflow/dags/python_operators.py
[2024-06-20T23:53:08.394+0000] {logging_mixin.py:188} INFO - [2024-06-20T23:53:08.394+0000] {dag.py:3096} INFO - Sync 1 DAGs
[2024-06-20T23:53:08.412+0000] {logging_mixin.py:188} INFO - [2024-06-20T23:53:08.412+0000] {dag.py:3954} INFO - Setting next_dagrun for simple_operators to 2024-06-20 00:00:00+00:00, run_after=2024-06-21 00:00:00+00:00
[2024-06-20T23:53:08.428+0000] {processor.py:183} INFO - Processing /opt/airflow/dags/python_operators.py took 0.055 seconds
[2024-06-20T23:53:38.635+0000] {processor.py:161} INFO - Started process (PID=175071) to work on /opt/airflow/dags/python_operators.py
[2024-06-20T23:53:38.645+0000] {processor.py:830} INFO - Processing file /opt/airflow/dags/python_operators.py for tasks to queue
[2024-06-20T23:53:38.651+0000] {logging_mixin.py:188} INFO - [2024-06-20T23:53:38.650+0000] {dagbag.py:545} INFO - Filling up the DagBag from /opt/airflow/dags/python_operators.py
[2024-06-20T23:53:38.668+0000] {processor.py:840} INFO - DAG(s) 'simple_operators' retrieved from /opt/airflow/dags/python_operators.py
[2024-06-20T23:53:38.767+0000] {logging_mixin.py:188} INFO - [2024-06-20T23:53:38.767+0000] {dag.py:3096} INFO - Sync 1 DAGs
[2024-06-20T23:53:38.782+0000] {logging_mixin.py:188} INFO - [2024-06-20T23:53:38.781+0000] {dag.py:3954} INFO - Setting next_dagrun for simple_operators to 2024-06-20 00:00:00+00:00, run_after=2024-06-21 00:00:00+00:00
[2024-06-20T23:53:38.799+0000] {processor.py:183} INFO - Processing /opt/airflow/dags/python_operators.py took 0.169 seconds
[2024-06-20T23:54:09.091+0000] {processor.py:161} INFO - Started process (PID=175131) to work on /opt/airflow/dags/python_operators.py
[2024-06-20T23:54:09.093+0000] {processor.py:830} INFO - Processing file /opt/airflow/dags/python_operators.py for tasks to queue
[2024-06-20T23:54:09.096+0000] {logging_mixin.py:188} INFO - [2024-06-20T23:54:09.096+0000] {dagbag.py:545} INFO - Filling up the DagBag from /opt/airflow/dags/python_operators.py
[2024-06-20T23:54:09.104+0000] {processor.py:840} INFO - DAG(s) 'simple_operators' retrieved from /opt/airflow/dags/python_operators.py
[2024-06-20T23:54:09.123+0000] {logging_mixin.py:188} INFO - [2024-06-20T23:54:09.123+0000] {dag.py:3096} INFO - Sync 1 DAGs
[2024-06-20T23:54:09.140+0000] {logging_mixin.py:188} INFO - [2024-06-20T23:54:09.140+0000] {dag.py:3954} INFO - Setting next_dagrun for simple_operators to 2024-06-20 00:00:00+00:00, run_after=2024-06-21 00:00:00+00:00
[2024-06-20T23:54:09.161+0000] {processor.py:183} INFO - Processing /opt/airflow/dags/python_operators.py took 0.086 seconds
[2024-06-20T23:54:39.373+0000] {processor.py:161} INFO - Started process (PID=175191) to work on /opt/airflow/dags/python_operators.py
[2024-06-20T23:54:39.384+0000] {processor.py:830} INFO - Processing file /opt/airflow/dags/python_operators.py for tasks to queue
[2024-06-20T23:54:39.390+0000] {logging_mixin.py:188} INFO - [2024-06-20T23:54:39.389+0000] {dagbag.py:545} INFO - Filling up the DagBag from /opt/airflow/dags/python_operators.py
[2024-06-20T23:54:39.403+0000] {processor.py:840} INFO - DAG(s) 'simple_operators' retrieved from /opt/airflow/dags/python_operators.py
[2024-06-20T23:54:39.418+0000] {logging_mixin.py:188} INFO - [2024-06-20T23:54:39.418+0000] {dag.py:3096} INFO - Sync 1 DAGs
[2024-06-20T23:54:39.438+0000] {logging_mixin.py:188} INFO - [2024-06-20T23:54:39.438+0000] {dag.py:3954} INFO - Setting next_dagrun for simple_operators to 2024-06-20 00:00:00+00:00, run_after=2024-06-21 00:00:00+00:00
[2024-06-20T23:54:39.453+0000] {processor.py:183} INFO - Processing /opt/airflow/dags/python_operators.py took 0.100 seconds
[2024-06-20T23:55:09.654+0000] {processor.py:161} INFO - Started process (PID=175251) to work on /opt/airflow/dags/python_operators.py
[2024-06-20T23:55:09.665+0000] {processor.py:830} INFO - Processing file /opt/airflow/dags/python_operators.py for tasks to queue
[2024-06-20T23:55:09.671+0000] {logging_mixin.py:188} INFO - [2024-06-20T23:55:09.670+0000] {dagbag.py:545} INFO - Filling up the DagBag from /opt/airflow/dags/python_operators.py
[2024-06-20T23:55:09.683+0000] {processor.py:840} INFO - DAG(s) 'simple_operators' retrieved from /opt/airflow/dags/python_operators.py
[2024-06-20T23:55:09.881+0000] {logging_mixin.py:188} INFO - [2024-06-20T23:55:09.881+0000] {dag.py:3096} INFO - Sync 1 DAGs
[2024-06-20T23:55:09.896+0000] {logging_mixin.py:188} INFO - [2024-06-20T23:55:09.896+0000] {dag.py:3954} INFO - Setting next_dagrun for simple_operators to 2024-06-20 00:00:00+00:00, run_after=2024-06-21 00:00:00+00:00
[2024-06-20T23:55:09.913+0000] {processor.py:183} INFO - Processing /opt/airflow/dags/python_operators.py took 0.280 seconds
[2024-06-20T23:55:40.056+0000] {processor.py:161} INFO - Started process (PID=175310) to work on /opt/airflow/dags/python_operators.py
[2024-06-20T23:55:40.057+0000] {processor.py:830} INFO - Processing file /opt/airflow/dags/python_operators.py for tasks to queue
[2024-06-20T23:55:40.059+0000] {logging_mixin.py:188} INFO - [2024-06-20T23:55:40.059+0000] {dagbag.py:545} INFO - Filling up the DagBag from /opt/airflow/dags/python_operators.py
[2024-06-20T23:55:40.064+0000] {processor.py:840} INFO - DAG(s) 'simple_operators' retrieved from /opt/airflow/dags/python_operators.py
[2024-06-20T23:55:40.083+0000] {logging_mixin.py:188} INFO - [2024-06-20T23:55:40.082+0000] {dag.py:3096} INFO - Sync 1 DAGs
[2024-06-20T23:55:40.112+0000] {logging_mixin.py:188} INFO - [2024-06-20T23:55:40.112+0000] {dag.py:3954} INFO - Setting next_dagrun for simple_operators to 2024-06-20 00:00:00+00:00, run_after=2024-06-21 00:00:00+00:00
[2024-06-20T23:55:40.132+0000] {processor.py:183} INFO - Processing /opt/airflow/dags/python_operators.py took 0.081 seconds
[2024-06-20T23:56:10.278+0000] {processor.py:161} INFO - Started process (PID=175370) to work on /opt/airflow/dags/python_operators.py
[2024-06-20T23:56:10.288+0000] {processor.py:830} INFO - Processing file /opt/airflow/dags/python_operators.py for tasks to queue
[2024-06-20T23:56:10.290+0000] {logging_mixin.py:188} INFO - [2024-06-20T23:56:10.290+0000] {dagbag.py:545} INFO - Filling up the DagBag from /opt/airflow/dags/python_operators.py
[2024-06-20T23:56:10.294+0000] {processor.py:840} INFO - DAG(s) 'simple_operators' retrieved from /opt/airflow/dags/python_operators.py
[2024-06-20T23:56:10.304+0000] {logging_mixin.py:188} INFO - [2024-06-20T23:56:10.304+0000] {dag.py:3096} INFO - Sync 1 DAGs
[2024-06-20T23:56:10.325+0000] {logging_mixin.py:188} INFO - [2024-06-20T23:56:10.325+0000] {dag.py:3954} INFO - Setting next_dagrun for simple_operators to 2024-06-20 00:00:00+00:00, run_after=2024-06-21 00:00:00+00:00
[2024-06-20T23:56:10.343+0000] {processor.py:183} INFO - Processing /opt/airflow/dags/python_operators.py took 0.072 seconds
[2024-06-20T23:56:40.920+0000] {processor.py:161} INFO - Started process (PID=175429) to work on /opt/airflow/dags/python_operators.py
[2024-06-20T23:56:40.929+0000] {processor.py:830} INFO - Processing file /opt/airflow/dags/python_operators.py for tasks to queue
[2024-06-20T23:56:40.932+0000] {logging_mixin.py:188} INFO - [2024-06-20T23:56:40.931+0000] {dagbag.py:545} INFO - Filling up the DagBag from /opt/airflow/dags/python_operators.py
[2024-06-20T23:56:40.937+0000] {processor.py:840} INFO - DAG(s) 'simple_operators' retrieved from /opt/airflow/dags/python_operators.py
[2024-06-20T23:56:41.037+0000] {logging_mixin.py:188} INFO - [2024-06-20T23:56:41.037+0000] {dag.py:3096} INFO - Sync 1 DAGs
[2024-06-20T23:56:41.158+0000] {logging_mixin.py:188} INFO - [2024-06-20T23:56:41.158+0000] {dag.py:3954} INFO - Setting next_dagrun for simple_operators to 2024-06-20 00:00:00+00:00, run_after=2024-06-21 00:00:00+00:00
[2024-06-20T23:56:41.184+0000] {processor.py:183} INFO - Processing /opt/airflow/dags/python_operators.py took 0.274 seconds
[2024-06-20T23:57:11.562+0000] {processor.py:161} INFO - Started process (PID=175489) to work on /opt/airflow/dags/python_operators.py
[2024-06-20T23:57:11.572+0000] {processor.py:830} INFO - Processing file /opt/airflow/dags/python_operators.py for tasks to queue
[2024-06-20T23:57:11.576+0000] {logging_mixin.py:188} INFO - [2024-06-20T23:57:11.576+0000] {dagbag.py:545} INFO - Filling up the DagBag from /opt/airflow/dags/python_operators.py
[2024-06-20T23:57:11.584+0000] {processor.py:840} INFO - DAG(s) 'simple_operators' retrieved from /opt/airflow/dags/python_operators.py
[2024-06-20T23:57:11.611+0000] {logging_mixin.py:188} INFO - [2024-06-20T23:57:11.611+0000] {dag.py:3096} INFO - Sync 1 DAGs
[2024-06-20T23:57:11.751+0000] {logging_mixin.py:188} INFO - [2024-06-20T23:57:11.750+0000] {dag.py:3954} INFO - Setting next_dagrun for simple_operators to 2024-06-20 00:00:00+00:00, run_after=2024-06-21 00:00:00+00:00
[2024-06-20T23:57:11.775+0000] {processor.py:183} INFO - Processing /opt/airflow/dags/python_operators.py took 0.231 seconds
[2024-06-20T23:57:41.847+0000] {processor.py:161} INFO - Started process (PID=175549) to work on /opt/airflow/dags/python_operators.py
[2024-06-20T23:57:41.856+0000] {processor.py:830} INFO - Processing file /opt/airflow/dags/python_operators.py for tasks to queue
[2024-06-20T23:57:41.858+0000] {logging_mixin.py:188} INFO - [2024-06-20T23:57:41.858+0000] {dagbag.py:545} INFO - Filling up the DagBag from /opt/airflow/dags/python_operators.py
[2024-06-20T23:57:41.863+0000] {processor.py:840} INFO - DAG(s) 'simple_operators' retrieved from /opt/airflow/dags/python_operators.py
[2024-06-20T23:57:41.873+0000] {logging_mixin.py:188} INFO - [2024-06-20T23:57:41.873+0000] {dag.py:3096} INFO - Sync 1 DAGs
[2024-06-20T23:57:41.894+0000] {logging_mixin.py:188} INFO - [2024-06-20T23:57:41.894+0000] {dag.py:3954} INFO - Setting next_dagrun for simple_operators to 2024-06-20 00:00:00+00:00, run_after=2024-06-21 00:00:00+00:00
[2024-06-20T23:57:42.028+0000] {processor.py:183} INFO - Processing /opt/airflow/dags/python_operators.py took 0.186 seconds
[2024-06-20T23:58:12.189+0000] {processor.py:161} INFO - Started process (PID=175609) to work on /opt/airflow/dags/python_operators.py
[2024-06-20T23:58:12.198+0000] {processor.py:830} INFO - Processing file /opt/airflow/dags/python_operators.py for tasks to queue
[2024-06-20T23:58:12.200+0000] {logging_mixin.py:188} INFO - [2024-06-20T23:58:12.200+0000] {dagbag.py:545} INFO - Filling up the DagBag from /opt/airflow/dags/python_operators.py
[2024-06-20T23:58:12.204+0000] {processor.py:840} INFO - DAG(s) 'simple_operators' retrieved from /opt/airflow/dags/python_operators.py
[2024-06-20T23:58:12.387+0000] {logging_mixin.py:188} INFO - [2024-06-20T23:58:12.387+0000] {dag.py:3096} INFO - Sync 1 DAGs
[2024-06-20T23:58:12.402+0000] {logging_mixin.py:188} INFO - [2024-06-20T23:58:12.401+0000] {dag.py:3954} INFO - Setting next_dagrun for simple_operators to 2024-06-20 00:00:00+00:00, run_after=2024-06-21 00:00:00+00:00
[2024-06-20T23:58:12.427+0000] {processor.py:183} INFO - Processing /opt/airflow/dags/python_operators.py took 0.243 seconds
[2024-06-20T23:58:42.530+0000] {processor.py:161} INFO - Started process (PID=175669) to work on /opt/airflow/dags/python_operators.py
[2024-06-20T23:58:42.539+0000] {processor.py:830} INFO - Processing file /opt/airflow/dags/python_operators.py for tasks to queue
[2024-06-20T23:58:42.541+0000] {logging_mixin.py:188} INFO - [2024-06-20T23:58:42.541+0000] {dagbag.py:545} INFO - Filling up the DagBag from /opt/airflow/dags/python_operators.py
[2024-06-20T23:58:42.546+0000] {processor.py:840} INFO - DAG(s) 'simple_operators' retrieved from /opt/airflow/dags/python_operators.py
[2024-06-20T23:58:42.564+0000] {logging_mixin.py:188} INFO - [2024-06-20T23:58:42.564+0000] {dag.py:3096} INFO - Sync 1 DAGs
[2024-06-20T23:58:42.592+0000] {logging_mixin.py:188} INFO - [2024-06-20T23:58:42.592+0000] {dag.py:3954} INFO - Setting next_dagrun for simple_operators to 2024-06-20 00:00:00+00:00, run_after=2024-06-21 00:00:00+00:00
[2024-06-20T23:58:42.608+0000] {processor.py:183} INFO - Processing /opt/airflow/dags/python_operators.py took 0.084 seconds
[2024-06-20T23:59:12.890+0000] {processor.py:161} INFO - Started process (PID=175729) to work on /opt/airflow/dags/python_operators.py
[2024-06-20T23:59:12.891+0000] {processor.py:830} INFO - Processing file /opt/airflow/dags/python_operators.py for tasks to queue
[2024-06-20T23:59:12.893+0000] {logging_mixin.py:188} INFO - [2024-06-20T23:59:12.893+0000] {dagbag.py:545} INFO - Filling up the DagBag from /opt/airflow/dags/python_operators.py
[2024-06-20T23:59:12.898+0000] {processor.py:840} INFO - DAG(s) 'simple_operators' retrieved from /opt/airflow/dags/python_operators.py
[2024-06-20T23:59:12.910+0000] {logging_mixin.py:188} INFO - [2024-06-20T23:59:12.910+0000] {dag.py:3096} INFO - Sync 1 DAGs
[2024-06-20T23:59:12.931+0000] {logging_mixin.py:188} INFO - [2024-06-20T23:59:12.931+0000] {dag.py:3954} INFO - Setting next_dagrun for simple_operators to 2024-06-20 00:00:00+00:00, run_after=2024-06-21 00:00:00+00:00
[2024-06-20T23:59:12.947+0000] {processor.py:183} INFO - Processing /opt/airflow/dags/python_operators.py took 0.063 seconds
[2024-06-20T23:59:43.115+0000] {processor.py:161} INFO - Started process (PID=175789) to work on /opt/airflow/dags/python_operators.py
[2024-06-20T23:59:43.117+0000] {processor.py:830} INFO - Processing file /opt/airflow/dags/python_operators.py for tasks to queue
[2024-06-20T23:59:43.120+0000] {logging_mixin.py:188} INFO - [2024-06-20T23:59:43.119+0000] {dagbag.py:545} INFO - Filling up the DagBag from /opt/airflow/dags/python_operators.py
[2024-06-20T23:59:43.129+0000] {processor.py:840} INFO - DAG(s) 'simple_operators' retrieved from /opt/airflow/dags/python_operators.py
[2024-06-20T23:59:43.227+0000] {logging_mixin.py:188} INFO - [2024-06-20T23:59:43.227+0000] {dag.py:3096} INFO - Sync 1 DAGs
[2024-06-20T23:59:43.243+0000] {logging_mixin.py:188} INFO - [2024-06-20T23:59:43.243+0000] {dag.py:3954} INFO - Setting next_dagrun for simple_operators to 2024-06-20 00:00:00+00:00, run_after=2024-06-21 00:00:00+00:00
[2024-06-20T23:59:43.272+0000] {processor.py:183} INFO - Processing /opt/airflow/dags/python_operators.py took 0.166 seconds
