[2024-06-23T01:53:54.060+0000] {local_task_job_runner.py:120} INFO - ::group::Pre task execution logs
[2024-06-23T01:53:54.086+0000] {taskinstance.py:2076} INFO - Dependencies all met for dep_context=non-requeueable deps ti=<TaskInstance: pokemon_example.clusterpokemonweights manual__2024-06-23T01:47:16.513377+00:00 [queued]>
[2024-06-23T01:53:54.096+0000] {taskinstance.py:2076} INFO - Dependencies all met for dep_context=requeueable deps ti=<TaskInstance: pokemon_example.clusterpokemonweights manual__2024-06-23T01:47:16.513377+00:00 [queued]>
[2024-06-23T01:53:54.097+0000] {taskinstance.py:2306} INFO - Starting attempt 3 of 3
[2024-06-23T01:53:54.111+0000] {taskinstance.py:2330} INFO - Executing <Task(_PythonVirtualenvDecoratedOperator): clusterpokemonweights> on 2024-06-23 01:47:16.513377+00:00
[2024-06-23T01:53:54.118+0000] {warnings.py:110} WARNING - /home/***/.local/lib/python3.12/site-packages/***/task/task_runner/standard_task_runner.py:61: DeprecationWarning: This process (pid=7858) is multi-threaded, use of fork() may lead to deadlocks in the child.
  pid = os.fork()

[2024-06-23T01:53:54.120+0000] {standard_task_runner.py:63} INFO - Started process 7859 to run task
[2024-06-23T01:53:54.121+0000] {standard_task_runner.py:90} INFO - Running: ['***', 'tasks', 'run', 'pokemon_example', 'clusterpokemonweights', 'manual__2024-06-23T01:47:16.513377+00:00', '--job-id', '102', '--raw', '--subdir', 'DAGS_FOLDER/python_operators.py', '--cfg-path', '/tmp/tmpwoh616sm']
[2024-06-23T01:53:54.122+0000] {standard_task_runner.py:91} INFO - Job 102: Subtask clusterpokemonweights
[2024-06-23T01:53:54.168+0000] {task_command.py:426} INFO - Running <TaskInstance: pokemon_example.clusterpokemonweights manual__2024-06-23T01:47:16.513377+00:00 [running]> on host c357804a93ab
[2024-06-23T01:53:54.277+0000] {taskinstance.py:2648} INFO - Exporting env vars: AIRFLOW_CTX_DAG_OWNER='***' AIRFLOW_CTX_DAG_ID='pokemon_example' AIRFLOW_CTX_TASK_ID='clusterpokemonweights' AIRFLOW_CTX_EXECUTION_DATE='2024-06-23T01:47:16.513377+00:00' AIRFLOW_CTX_TRY_NUMBER='3' AIRFLOW_CTX_DAG_RUN_ID='manual__2024-06-23T01:47:16.513377+00:00'
[2024-06-23T01:53:54.278+0000] {taskinstance.py:430} INFO - ::endgroup::
[2024-06-23T01:53:54.280+0000] {process_utils.py:183} INFO - Executing cmd: /home/***/.local/bin/python -m virtualenv /tmp/venvapx1vvmu --system-site-packages --python=python
[2024-06-23T01:53:54.281+0000] {process_utils.py:187} INFO - Output:
[2024-06-23T01:53:54.986+0000] {process_utils.py:191} INFO - created virtual environment CPython3.12.3.final.0-64 in 220ms
[2024-06-23T01:53:54.986+0000] {process_utils.py:191} INFO -   creator CPython3Posix(dest=/tmp/venvapx1vvmu, clear=False, no_vcs_ignore=False, global=True)
[2024-06-23T01:53:54.987+0000] {process_utils.py:191} INFO -   seeder FromAppData(download=False, pip=bundle, via=copy, app_data_dir=/home/***/.local/share/virtualenv)
[2024-06-23T01:53:54.987+0000] {process_utils.py:191} INFO -     added seed packages: pip==24.0
[2024-06-23T01:53:54.988+0000] {process_utils.py:191} INFO -   activators BashActivator,CShellActivator,FishActivator,NushellActivator,PowerShellActivator,PythonActivator
[2024-06-23T01:53:55.012+0000] {process_utils.py:183} INFO - Executing cmd: /tmp/venvapx1vvmu/bin/pip install -r /tmp/venvapx1vvmu/requirements.txt
[2024-06-23T01:53:55.013+0000] {process_utils.py:187} INFO - Output:
[2024-06-23T01:53:57.004+0000] {process_utils.py:191} INFO - Requirement already satisfied: numpy in /home/***/.local/lib/python3.12/site-packages (from -r /tmp/venvapx1vvmu/requirements.txt (line 1)) (1.26.4)
[2024-06-23T01:53:57.299+0000] {process_utils.py:191} INFO - Collecting scikit-learn (from -r /tmp/venvapx1vvmu/requirements.txt (line 2))
[2024-06-23T01:53:57.301+0000] {process_utils.py:191} INFO -   Using cached scikit_learn-1.5.0-cp312-cp312-manylinux_2_17_x86_64.manylinux2014_x86_64.whl.metadata (11 kB)
[2024-06-23T01:53:57.607+0000] {process_utils.py:191} INFO - Collecting scipy>=1.6.0 (from scikit-learn->-r /tmp/venvapx1vvmu/requirements.txt (line 2))
[2024-06-23T01:53:57.610+0000] {process_utils.py:191} INFO -   Using cached scipy-1.13.1-cp312-cp312-manylinux_2_17_x86_64.manylinux2014_x86_64.whl.metadata (60 kB)
[2024-06-23T01:53:57.706+0000] {process_utils.py:191} INFO - Collecting joblib>=1.2.0 (from scikit-learn->-r /tmp/venvapx1vvmu/requirements.txt (line 2))
[2024-06-23T01:53:57.708+0000] {process_utils.py:191} INFO -   Using cached joblib-1.4.2-py3-none-any.whl.metadata (5.4 kB)
[2024-06-23T01:53:57.774+0000] {process_utils.py:191} INFO - Collecting threadpoolctl>=3.1.0 (from scikit-learn->-r /tmp/venvapx1vvmu/requirements.txt (line 2))
[2024-06-23T01:53:57.776+0000] {process_utils.py:191} INFO -   Using cached threadpoolctl-3.5.0-py3-none-any.whl.metadata (13 kB)
[2024-06-23T01:53:57.816+0000] {process_utils.py:191} INFO - Using cached scikit_learn-1.5.0-cp312-cp312-manylinux_2_17_x86_64.manylinux2014_x86_64.whl (13.1 MB)
[2024-06-23T01:53:57.845+0000] {process_utils.py:191} INFO - Using cached joblib-1.4.2-py3-none-any.whl (301 kB)
[2024-06-23T01:53:57.847+0000] {process_utils.py:191} INFO - Using cached scipy-1.13.1-cp312-cp312-manylinux_2_17_x86_64.manylinux2014_x86_64.whl (38.2 MB)
[2024-06-23T01:53:57.928+0000] {process_utils.py:191} INFO - Using cached threadpoolctl-3.5.0-py3-none-any.whl (18 kB)
[2024-06-23T01:54:00.859+0000] {process_utils.py:191} INFO - Installing collected packages: threadpoolctl, scipy, joblib, scikit-learn
[2024-06-23T01:54:07.195+0000] {process_utils.py:191} INFO - Successfully installed joblib-1.4.2 scikit-learn-1.5.0 scipy-1.13.1 threadpoolctl-3.5.0
[2024-06-23T01:54:07.489+0000] {process_utils.py:191} INFO - 
[2024-06-23T01:54:07.489+0000] {process_utils.py:191} INFO - [notice] A new release of pip is available: 24.0 -> 24.1
[2024-06-23T01:54:07.490+0000] {process_utils.py:191} INFO - [notice] To update, run: python -m pip install --upgrade pip
[2024-06-23T01:54:07.623+0000] {process_utils.py:183} INFO - Executing cmd: /tmp/venvapx1vvmu/bin/python /tmp/venv-call3z3_k49z/script.py /tmp/venv-call3z3_k49z/script.in /tmp/venv-call3z3_k49z/script.out /tmp/venv-call3z3_k49z/string_args.txt /tmp/venv-call3z3_k49z/termination.log
[2024-06-23T01:54:07.623+0000] {process_utils.py:187} INFO - Output:
[2024-06-23T01:54:10.782+0000] {python.py:237} INFO - Done. Returned value was: {'clusterdata': {'n_clusters': 3, 'centroids': {88.50000000000006: 12, 919.9999999999999: 3, 307.0: 5}}, 'pokemondata': [{'name': 'bulbasaur', 'url': 'https://pokeapi.co/api/v2/pokemon/1/', 'weight': 69, 'parent_cluster': 0, 'parent_centroid': 88.50000000000006, 'deviation_factor': 0.22033898305084795}, {'name': 'ivysaur', 'url': 'https://pokeapi.co/api/v2/pokemon/2/', 'weight': 130, 'parent_cluster': 0, 'parent_centroid': 88.50000000000006, 'deviation_factor': 0.46892655367231545}, {'name': 'venusaur', 'url': 'https://pokeapi.co/api/v2/pokemon/3/', 'weight': 1000, 'parent_cluster': 1, 'parent_centroid': 919.9999999999999, 'deviation_factor': 0.08695652173913057}, {'name': 'charmander', 'url': 'https://pokeapi.co/api/v2/pokemon/4/', 'weight': 85, 'parent_cluster': 0, 'parent_centroid': 88.50000000000006, 'deviation_factor': 0.03954802259887067}, {'name': 'charmeleon', 'url': 'https://pokeapi.co/api/v2/pokemon/5/', 'weight': 190, 'parent_cluster': 0, 'parent_centroid': 88.50000000000006, 'deviation_factor': 1.1468926553672303}, {'name': 'charizard', 'url': 'https://pokeapi.co/api/v2/pokemon/6/', 'weight': 905, 'parent_cluster': 1, 'parent_centroid': 919.9999999999999, 'deviation_factor': 0.016304347826086835}, {'name': 'squirtle', 'url': 'https://pokeapi.co/api/v2/pokemon/7/', 'weight': 90, 'parent_cluster': 0, 'parent_centroid': 88.50000000000006, 'deviation_factor': 0.01694915254237223}, {'name': 'wartortle', 'url': 'https://pokeapi.co/api/v2/pokemon/8/', 'weight': 225, 'parent_cluster': 2, 'parent_centroid': 307.0, 'deviation_factor': 0.2671009771986971}, {'name': 'blastoise', 'url': 'https://pokeapi.co/api/v2/pokemon/9/', 'weight': 855, 'parent_cluster': 1, 'parent_centroid': 919.9999999999999, 'deviation_factor': 0.07065217391304336}, {'name': 'caterpie', 'url': 'https://pokeapi.co/api/v2/pokemon/10/', 'weight': 29, 'parent_cluster': 0, 'parent_centroid': 88.50000000000006, 'deviation_factor': 0.6723163841807912}, {'name': 'metapod', 'url': 'https://pokeapi.co/api/v2/pokemon/11/', 'weight': 99, 'parent_cluster': 0, 'parent_centroid': 88.50000000000006, 'deviation_factor': 0.11864406779660945}, {'name': 'butterfree', 'url': 'https://pokeapi.co/api/v2/pokemon/12/', 'weight': 320, 'parent_cluster': 2, 'parent_centroid': 307.0, 'deviation_factor': 0.04234527687296417}, {'name': 'weedle', 'url': 'https://pokeapi.co/api/v2/pokemon/13/', 'weight': 32, 'parent_cluster': 0, 'parent_centroid': 88.50000000000006, 'deviation_factor': 0.6384180790960454}, {'name': 'kakuna', 'url': 'https://pokeapi.co/api/v2/pokemon/14/', 'weight': 100, 'parent_cluster': 0, 'parent_centroid': 88.50000000000006, 'deviation_factor': 0.12994350282485803}, {'name': 'beedrill', 'url': 'https://pokeapi.co/api/v2/pokemon/15/', 'weight': 295, 'parent_cluster': 2, 'parent_centroid': 307.0, 'deviation_factor': 0.03908794788273615}, {'name': 'pidgey', 'url': 'https://pokeapi.co/api/v2/pokemon/16/', 'weight': 18, 'parent_cluster': 0, 'parent_centroid': 88.50000000000006, 'deviation_factor': 0.7966101694915255}, {'name': 'pidgeotto', 'url': 'https://pokeapi.co/api/v2/pokemon/17/', 'weight': 300, 'parent_cluster': 2, 'parent_centroid': 307.0, 'deviation_factor': 0.02280130293159609}, {'name': 'pidgeot', 'url': 'https://pokeapi.co/api/v2/pokemon/18/', 'weight': 395, 'parent_cluster': 2, 'parent_centroid': 307.0, 'deviation_factor': 0.28664495114006516}, {'name': 'rattata', 'url': 'https://pokeapi.co/api/v2/pokemon/19/', 'weight': 35, 'parent_cluster': 0, 'parent_centroid': 88.50000000000006, 'deviation_factor': 0.6045197740112996}, {'name': 'raticate', 'url': 'https://pokeapi.co/api/v2/pokemon/20/', 'weight': 185, 'parent_cluster': 0, 'parent_centroid': 88.50000000000006, 'deviation_factor': 1.0903954802259874}]}
[2024-06-23T01:54:10.783+0000] {taskinstance.py:441} INFO - ::group::Post task execution logs
[2024-06-23T01:54:10.804+0000] {taskinstance.py:1206} INFO - Marking task as SUCCESS. dag_id=pokemon_example, task_id=clusterpokemonweights, run_id=manual__2024-06-23T01:47:16.513377+00:00, execution_date=20240623T014716, start_date=20240623T015354, end_date=20240623T015410
[2024-06-23T01:54:10.832+0000] {local_task_job_runner.py:240} INFO - Task exited with return code 0
[2024-06-23T01:54:10.885+0000] {taskinstance.py:3498} INFO - 1 downstream tasks scheduled from follow-on schedule check
[2024-06-23T01:54:10.888+0000] {local_task_job_runner.py:222} INFO - ::endgroup::
