[2024-06-23T00:09:16.441+0000] {local_task_job_runner.py:120} INFO - ::group::Pre task execution logs
[2024-06-23T00:09:16.463+0000] {taskinstance.py:2076} INFO - Dependencies all met for dep_context=non-requeueable deps ti=<TaskInstance: pokemon_example.metricspokemonweights manual__2024-06-23T00:05:08.961109+00:00 [queued]>
[2024-06-23T00:09:16.471+0000] {taskinstance.py:2076} INFO - Dependencies all met for dep_context=requeueable deps ti=<TaskInstance: pokemon_example.metricspokemonweights manual__2024-06-23T00:05:08.961109+00:00 [queued]>
[2024-06-23T00:09:16.471+0000] {taskinstance.py:2306} INFO - Starting attempt 3 of 3
[2024-06-23T00:09:16.484+0000] {taskinstance.py:2330} INFO - Executing <Task(_PythonVirtualenvDecoratedOperator): metricspokemonweights> on 2024-06-23 00:05:08.961109+00:00
[2024-06-23T00:09:16.490+0000] {warnings.py:110} WARNING - /home/***/.local/lib/python3.12/site-packages/***/task/task_runner/standard_task_runner.py:61: DeprecationWarning: This process (pid=5766) is multi-threaded, use of fork() may lead to deadlocks in the child.
  pid = os.fork()

[2024-06-23T00:09:16.491+0000] {standard_task_runner.py:63} INFO - Started process 5767 to run task
[2024-06-23T00:09:16.492+0000] {standard_task_runner.py:90} INFO - Running: ['***', 'tasks', 'run', 'pokemon_example', 'metricspokemonweights', 'manual__2024-06-23T00:05:08.961109+00:00', '--job-id', '79', '--raw', '--subdir', 'DAGS_FOLDER/python_operators.py', '--cfg-path', '/tmp/tmpta5wez5s']
[2024-06-23T00:09:16.493+0000] {standard_task_runner.py:91} INFO - Job 79: Subtask metricspokemonweights
[2024-06-23T00:09:16.534+0000] {task_command.py:426} INFO - Running <TaskInstance: pokemon_example.metricspokemonweights manual__2024-06-23T00:05:08.961109+00:00 [running]> on host c357804a93ab
[2024-06-23T00:09:16.636+0000] {taskinstance.py:2648} INFO - Exporting env vars: AIRFLOW_CTX_DAG_OWNER='***' AIRFLOW_CTX_DAG_ID='pokemon_example' AIRFLOW_CTX_TASK_ID='metricspokemonweights' AIRFLOW_CTX_EXECUTION_DATE='2024-06-23T00:05:08.961109+00:00' AIRFLOW_CTX_TRY_NUMBER='3' AIRFLOW_CTX_DAG_RUN_ID='manual__2024-06-23T00:05:08.961109+00:00'
[2024-06-23T00:09:16.636+0000] {taskinstance.py:430} INFO - ::endgroup::
[2024-06-23T00:09:16.638+0000] {process_utils.py:183} INFO - Executing cmd: /home/***/.local/bin/python -m virtualenv /tmp/venvi49ylkvy --system-site-packages --python=python
[2024-06-23T00:09:16.639+0000] {process_utils.py:187} INFO - Output:
[2024-06-23T00:09:17.441+0000] {process_utils.py:191} INFO - created virtual environment CPython3.12.3.final.0-64 in 219ms
[2024-06-23T00:09:17.441+0000] {process_utils.py:191} INFO -   creator CPython3Posix(dest=/tmp/venvi49ylkvy, clear=False, no_vcs_ignore=False, global=True)
[2024-06-23T00:09:17.441+0000] {process_utils.py:191} INFO -   seeder FromAppData(download=False, pip=bundle, via=copy, app_data_dir=/home/***/.local/share/virtualenv)
[2024-06-23T00:09:17.442+0000] {process_utils.py:191} INFO -     added seed packages: pip==24.0
[2024-06-23T00:09:17.442+0000] {process_utils.py:191} INFO -   activators BashActivator,CShellActivator,FishActivator,NushellActivator,PowerShellActivator,PythonActivator
[2024-06-23T00:09:17.463+0000] {process_utils.py:183} INFO - Executing cmd: /tmp/venvi49ylkvy/bin/pip install -r /tmp/venvi49ylkvy/requirements.txt
[2024-06-23T00:09:17.463+0000] {process_utils.py:187} INFO - Output:
[2024-06-23T00:09:22.720+0000] {process_utils.py:191} INFO - 
[2024-06-23T00:09:22.721+0000] {process_utils.py:191} INFO - [notice] A new release of pip is available: 24.0 -> 24.1
[2024-06-23T00:09:22.721+0000] {process_utils.py:191} INFO - [notice] To update, run: python -m pip install --upgrade pip
[2024-06-23T00:09:22.808+0000] {process_utils.py:183} INFO - Executing cmd: /tmp/venvi49ylkvy/bin/python /tmp/venv-call0sere7kb/script.py /tmp/venv-call0sere7kb/script.in /tmp/venv-call0sere7kb/script.out /tmp/venv-call0sere7kb/string_args.txt /tmp/venv-call0sere7kb/termination.log
[2024-06-23T00:09:22.809+0000] {process_utils.py:187} INFO - Output:
[2024-06-23T00:09:24.810+0000] {process_utils.py:191} INFO - ----------------------------------------------------------------------------------------------------
[2024-06-23T00:09:24.810+0000] {process_utils.py:191} INFO - clusters detail:
[2024-06-23T00:09:24.810+0000] {process_utils.py:191} INFO - {
[2024-06-23T00:09:24.811+0000] {process_utils.py:191} INFO -     "n_clusters": 3,
[2024-06-23T00:09:24.811+0000] {process_utils.py:191} INFO -     "centroids": [
[2024-06-23T00:09:24.811+0000] {process_utils.py:191} INFO -         88.50000000000006,
[2024-06-23T00:09:24.812+0000] {process_utils.py:191} INFO -         919.9999999999999,
[2024-06-23T00:09:24.812+0000] {process_utils.py:191} INFO -         307.0
[2024-06-23T00:09:24.812+0000] {process_utils.py:191} INFO -     ]
[2024-06-23T00:09:24.812+0000] {process_utils.py:191} INFO - }
[2024-06-23T00:09:24.813+0000] {process_utils.py:191} INFO - ----------------------------------------------------------------------------------------------------
[2024-06-23T00:09:24.813+0000] {process_utils.py:191} INFO - weight statistics:
[2024-06-23T00:09:24.813+0000] {process_utils.py:191} INFO - {
[2024-06-23T00:09:24.814+0000] {process_utils.py:191} INFO -     "max": 1000,
[2024-06-23T00:09:24.814+0000] {process_utils.py:191} INFO -     "min": 18,
[2024-06-23T00:09:24.814+0000] {process_utils.py:191} INFO -     "mean": 267.85,
[2024-06-23T00:09:24.814+0000] {process_utils.py:191} INFO -     "median": 157.5,
[2024-06-23T00:09:24.815+0000] {process_utils.py:191} INFO -     "stdev:": 301.90435484385483
[2024-06-23T00:09:24.815+0000] {process_utils.py:191} INFO - }
[2024-06-23T00:09:24.816+0000] {process_utils.py:191} INFO - ----------------------------------------------------------------------------------------------------
[2024-06-23T00:09:24.816+0000] {process_utils.py:191} INFO - anonymized information:
[2024-06-23T00:09:24.816+0000] {process_utils.py:191} INFO -   index  name          parent cluster
[2024-06-23T00:09:24.817+0000] {process_utils.py:191} INFO - -------  ----------  ----------------
[2024-06-23T00:09:24.817+0000] {process_utils.py:191} INFO -       0  bulbasaur               88.5
[2024-06-23T00:09:24.817+0000] {process_utils.py:191} INFO -       1  ivysaur                 88.5
[2024-06-23T00:09:24.818+0000] {process_utils.py:191} INFO -       2  venusaur               920
[2024-06-23T00:09:24.818+0000] {process_utils.py:191} INFO -       3  charmander              88.5
[2024-06-23T00:09:24.818+0000] {process_utils.py:191} INFO -       4  charmeleon              88.5
[2024-06-23T00:09:24.819+0000] {process_utils.py:191} INFO -       5  charizard              920
[2024-06-23T00:09:24.819+0000] {process_utils.py:191} INFO -       6  squirtle                88.5
[2024-06-23T00:09:24.819+0000] {process_utils.py:191} INFO -       7  wartortle              307
[2024-06-23T00:09:24.820+0000] {process_utils.py:191} INFO -       8  blastoise              920
[2024-06-23T00:09:24.820+0000] {process_utils.py:191} INFO -       9  caterpie                88.5
[2024-06-23T00:09:24.821+0000] {process_utils.py:191} INFO -      10  metapod                 88.5
[2024-06-23T00:09:24.821+0000] {process_utils.py:191} INFO -      11  butterfree             307
[2024-06-23T00:09:24.821+0000] {process_utils.py:191} INFO -      12  weedle                  88.5
[2024-06-23T00:09:24.822+0000] {process_utils.py:191} INFO -      13  kakuna                  88.5
[2024-06-23T00:09:24.822+0000] {process_utils.py:191} INFO -      14  beedrill               307
[2024-06-23T00:09:24.823+0000] {process_utils.py:191} INFO -      15  pidgey                  88.5
[2024-06-23T00:09:24.823+0000] {process_utils.py:191} INFO -      16  pidgeotto              307
[2024-06-23T00:09:24.823+0000] {process_utils.py:191} INFO -      17  pidgeot                307
[2024-06-23T00:09:24.823+0000] {process_utils.py:191} INFO -      18  rattata                 88.5
[2024-06-23T00:09:24.824+0000] {process_utils.py:191} INFO -      19  raticate                88.5
[2024-06-23T00:09:25.067+0000] {python.py:237} INFO - Done. Returned value was: None
[2024-06-23T00:09:25.068+0000] {taskinstance.py:441} INFO - ::group::Post task execution logs
[2024-06-23T00:09:25.079+0000] {taskinstance.py:1206} INFO - Marking task as SUCCESS. dag_id=pokemon_example, task_id=metricspokemonweights, run_id=manual__2024-06-23T00:05:08.961109+00:00, execution_date=20240623T000508, start_date=20240623T000916, end_date=20240623T000925
[2024-06-23T00:09:25.127+0000] {local_task_job_runner.py:240} INFO - Task exited with return code 0
[2024-06-23T00:09:25.142+0000] {taskinstance.py:3498} INFO - 0 downstream tasks scheduled from follow-on schedule check
[2024-06-23T00:09:25.145+0000] {local_task_job_runner.py:222} INFO - ::endgroup::
