[2024-06-23T00:12:50.416+0000] {local_task_job_runner.py:120} INFO - ::group::Pre task execution logs
[2024-06-23T00:12:50.443+0000] {taskinstance.py:2076} INFO - Dependencies all met for dep_context=non-requeueable deps ti=<TaskInstance: pokemon_example.metricspokemonweights manual__2024-06-23T00:05:08.961109+00:00 [queued]>
[2024-06-23T00:12:50.452+0000] {taskinstance.py:2076} INFO - Dependencies all met for dep_context=requeueable deps ti=<TaskInstance: pokemon_example.metricspokemonweights manual__2024-06-23T00:05:08.961109+00:00 [queued]>
[2024-06-23T00:12:50.452+0000] {taskinstance.py:2306} INFO - Starting attempt 4 of 4
[2024-06-23T00:12:50.465+0000] {taskinstance.py:2330} INFO - Executing <Task(_PythonVirtualenvDecoratedOperator): metricspokemonweights> on 2024-06-23 00:05:08.961109+00:00
[2024-06-23T00:12:50.472+0000] {warnings.py:110} WARNING - /home/***/.local/lib/python3.12/site-packages/***/task/task_runner/standard_task_runner.py:61: DeprecationWarning: This process (pid=5846) is multi-threaded, use of fork() may lead to deadlocks in the child.
  pid = os.fork()

[2024-06-23T00:12:50.473+0000] {standard_task_runner.py:63} INFO - Started process 5847 to run task
[2024-06-23T00:12:50.473+0000] {standard_task_runner.py:90} INFO - Running: ['***', 'tasks', 'run', 'pokemon_example', 'metricspokemonweights', 'manual__2024-06-23T00:05:08.961109+00:00', '--job-id', '80', '--raw', '--subdir', 'DAGS_FOLDER/python_operators.py', '--cfg-path', '/tmp/tmpbe9pzfcl']
[2024-06-23T00:12:50.474+0000] {standard_task_runner.py:91} INFO - Job 80: Subtask metricspokemonweights
[2024-06-23T00:12:50.516+0000] {task_command.py:426} INFO - Running <TaskInstance: pokemon_example.metricspokemonweights manual__2024-06-23T00:05:08.961109+00:00 [running]> on host c357804a93ab
[2024-06-23T00:12:50.606+0000] {taskinstance.py:2648} INFO - Exporting env vars: AIRFLOW_CTX_DAG_OWNER='***' AIRFLOW_CTX_DAG_ID='pokemon_example' AIRFLOW_CTX_TASK_ID='metricspokemonweights' AIRFLOW_CTX_EXECUTION_DATE='2024-06-23T00:05:08.961109+00:00' AIRFLOW_CTX_TRY_NUMBER='4' AIRFLOW_CTX_DAG_RUN_ID='manual__2024-06-23T00:05:08.961109+00:00'
[2024-06-23T00:12:50.607+0000] {taskinstance.py:430} INFO - ::endgroup::
[2024-06-23T00:12:50.608+0000] {process_utils.py:183} INFO - Executing cmd: /home/***/.local/bin/python -m virtualenv /tmp/venvwhzhqcbb --system-site-packages --python=python
[2024-06-23T00:12:50.609+0000] {process_utils.py:187} INFO - Output:
[2024-06-23T00:12:51.386+0000] {process_utils.py:191} INFO - created virtual environment CPython3.12.3.final.0-64 in 249ms
[2024-06-23T00:12:51.386+0000] {process_utils.py:191} INFO -   creator CPython3Posix(dest=/tmp/venvwhzhqcbb, clear=False, no_vcs_ignore=False, global=True)
[2024-06-23T00:12:51.387+0000] {process_utils.py:191} INFO -   seeder FromAppData(download=False, pip=bundle, via=copy, app_data_dir=/home/***/.local/share/virtualenv)
[2024-06-23T00:12:51.387+0000] {process_utils.py:191} INFO -     added seed packages: pip==24.0
[2024-06-23T00:12:51.388+0000] {process_utils.py:191} INFO -   activators BashActivator,CShellActivator,FishActivator,NushellActivator,PowerShellActivator,PythonActivator
[2024-06-23T00:12:51.408+0000] {process_utils.py:183} INFO - Executing cmd: /tmp/venvwhzhqcbb/bin/pip install -r /tmp/venvwhzhqcbb/requirements.txt
[2024-06-23T00:12:51.409+0000] {process_utils.py:187} INFO - Output:
[2024-06-23T00:12:56.478+0000] {process_utils.py:191} INFO - 
[2024-06-23T00:12:56.479+0000] {process_utils.py:191} INFO - [notice] A new release of pip is available: 24.0 -> 24.1
[2024-06-23T00:12:56.479+0000] {process_utils.py:191} INFO - [notice] To update, run: python -m pip install --upgrade pip
[2024-06-23T00:12:56.578+0000] {process_utils.py:183} INFO - Executing cmd: /tmp/venvwhzhqcbb/bin/python /tmp/venv-callt746t7ht/script.py /tmp/venv-callt746t7ht/script.in /tmp/venv-callt746t7ht/script.out /tmp/venv-callt746t7ht/string_args.txt /tmp/venv-callt746t7ht/termination.log
[2024-06-23T00:12:56.579+0000] {process_utils.py:187} INFO - Output:
[2024-06-23T00:12:58.755+0000] {process_utils.py:191} INFO - ----------------------------------------------------------------------------------------------------
[2024-06-23T00:12:58.755+0000] {process_utils.py:191} INFO - raw data:
[2024-06-23T00:12:58.756+0000] {process_utils.py:191} INFO - 0 : "clusterdata"
[2024-06-23T00:12:58.756+0000] {process_utils.py:191} INFO - 1 : "pokemondata"
[2024-06-23T00:12:58.756+0000] {process_utils.py:191} INFO - ----------------------------------------------------------------------------------------------------
[2024-06-23T00:12:58.756+0000] {process_utils.py:191} INFO - clusters detail:
[2024-06-23T00:12:58.757+0000] {process_utils.py:191} INFO - {
[2024-06-23T00:12:58.757+0000] {process_utils.py:191} INFO -     "n_clusters": 3,
[2024-06-23T00:12:58.757+0000] {process_utils.py:191} INFO -     "centroids": [
[2024-06-23T00:12:58.758+0000] {process_utils.py:191} INFO -         88.50000000000006,
[2024-06-23T00:12:58.758+0000] {process_utils.py:191} INFO -         919.9999999999999,
[2024-06-23T00:12:58.758+0000] {process_utils.py:191} INFO -         307.0
[2024-06-23T00:12:58.758+0000] {process_utils.py:191} INFO -     ]
[2024-06-23T00:12:58.759+0000] {process_utils.py:191} INFO - }
[2024-06-23T00:12:58.759+0000] {process_utils.py:191} INFO - ----------------------------------------------------------------------------------------------------
[2024-06-23T00:12:58.759+0000] {process_utils.py:191} INFO - weight statistics:
[2024-06-23T00:12:58.759+0000] {process_utils.py:191} INFO - {
[2024-06-23T00:12:58.759+0000] {process_utils.py:191} INFO -     "max": 1000,
[2024-06-23T00:12:58.760+0000] {process_utils.py:191} INFO -     "min": 18,
[2024-06-23T00:12:58.760+0000] {process_utils.py:191} INFO -     "mean": 267.85,
[2024-06-23T00:12:58.760+0000] {process_utils.py:191} INFO -     "median": 157.5,
[2024-06-23T00:12:58.760+0000] {process_utils.py:191} INFO -     "stdev:": 301.90435484385483
[2024-06-23T00:12:58.760+0000] {process_utils.py:191} INFO - }
[2024-06-23T00:12:58.761+0000] {process_utils.py:191} INFO - ----------------------------------------------------------------------------------------------------
[2024-06-23T00:12:58.761+0000] {process_utils.py:191} INFO - anonymized information:
[2024-06-23T00:12:58.761+0000] {process_utils.py:191} INFO -   index  name          parent cluster
[2024-06-23T00:12:58.761+0000] {process_utils.py:191} INFO - -------  ----------  ----------------
[2024-06-23T00:12:58.761+0000] {process_utils.py:191} INFO -       0  bulbasaur               88.5
[2024-06-23T00:12:58.762+0000] {process_utils.py:191} INFO -       1  ivysaur                 88.5
[2024-06-23T00:12:58.762+0000] {process_utils.py:191} INFO -       2  venusaur               920
[2024-06-23T00:12:58.762+0000] {process_utils.py:191} INFO -       3  charmander              88.5
[2024-06-23T00:12:58.762+0000] {process_utils.py:191} INFO -       4  charmeleon              88.5
[2024-06-23T00:12:58.763+0000] {process_utils.py:191} INFO -       5  charizard              920
[2024-06-23T00:12:58.763+0000] {process_utils.py:191} INFO -       6  squirtle                88.5
[2024-06-23T00:12:58.763+0000] {process_utils.py:191} INFO -       7  wartortle              307
[2024-06-23T00:12:58.763+0000] {process_utils.py:191} INFO -       8  blastoise              920
[2024-06-23T00:12:58.764+0000] {process_utils.py:191} INFO -       9  caterpie                88.5
[2024-06-23T00:12:58.765+0000] {process_utils.py:191} INFO -      10  metapod                 88.5
[2024-06-23T00:12:58.766+0000] {process_utils.py:191} INFO -      11  butterfree             307
[2024-06-23T00:12:58.766+0000] {process_utils.py:191} INFO -      12  weedle                  88.5
[2024-06-23T00:12:58.767+0000] {process_utils.py:191} INFO -      13  kakuna                  88.5
[2024-06-23T00:12:58.768+0000] {process_utils.py:191} INFO -      14  beedrill               307
[2024-06-23T00:12:58.768+0000] {process_utils.py:191} INFO -      15  pidgey                  88.5
[2024-06-23T00:12:58.769+0000] {process_utils.py:191} INFO -      16  pidgeotto              307
[2024-06-23T00:12:58.769+0000] {process_utils.py:191} INFO -      17  pidgeot                307
[2024-06-23T00:12:58.770+0000] {process_utils.py:191} INFO -      18  rattata                 88.5
[2024-06-23T00:12:58.770+0000] {process_utils.py:191} INFO -      19  raticate                88.5
[2024-06-23T00:12:59.003+0000] {python.py:237} INFO - Done. Returned value was: None
[2024-06-23T00:12:59.003+0000] {taskinstance.py:441} INFO - ::group::Post task execution logs
[2024-06-23T00:12:59.013+0000] {taskinstance.py:1206} INFO - Marking task as SUCCESS. dag_id=pokemon_example, task_id=metricspokemonweights, run_id=manual__2024-06-23T00:05:08.961109+00:00, execution_date=20240623T000508, start_date=20240623T001250, end_date=20240623T001259
[2024-06-23T00:12:59.071+0000] {local_task_job_runner.py:240} INFO - Task exited with return code 0
[2024-06-23T00:12:59.085+0000] {taskinstance.py:3498} INFO - 0 downstream tasks scheduled from follow-on schedule check
[2024-06-23T00:12:59.088+0000] {local_task_job_runner.py:222} INFO - ::endgroup::
