[2024-06-23T00:15:44.631+0000] {local_task_job_runner.py:120} INFO - ::group::Pre task execution logs
[2024-06-23T00:15:44.657+0000] {taskinstance.py:2076} INFO - Dependencies all met for dep_context=non-requeueable deps ti=<TaskInstance: pokemon_example.metricspokemonweights manual__2024-06-23T00:05:08.961109+00:00 [queued]>
[2024-06-23T00:15:44.666+0000] {taskinstance.py:2076} INFO - Dependencies all met for dep_context=requeueable deps ti=<TaskInstance: pokemon_example.metricspokemonweights manual__2024-06-23T00:05:08.961109+00:00 [queued]>
[2024-06-23T00:15:44.666+0000] {taskinstance.py:2306} INFO - Starting attempt 7 of 7
[2024-06-23T00:15:44.679+0000] {taskinstance.py:2330} INFO - Executing <Task(_PythonVirtualenvDecoratedOperator): metricspokemonweights> on 2024-06-23 00:05:08.961109+00:00
[2024-06-23T00:15:44.689+0000] {warnings.py:110} WARNING - /home/***/.local/lib/python3.12/site-packages/***/task/task_runner/standard_task_runner.py:61: DeprecationWarning: This process (pid=5971) is multi-threaded, use of fork() may lead to deadlocks in the child.
  pid = os.fork()

[2024-06-23T00:15:44.691+0000] {standard_task_runner.py:63} INFO - Started process 5972 to run task
[2024-06-23T00:15:44.691+0000] {standard_task_runner.py:90} INFO - Running: ['***', 'tasks', 'run', 'pokemon_example', 'metricspokemonweights', 'manual__2024-06-23T00:05:08.961109+00:00', '--job-id', '83', '--raw', '--subdir', 'DAGS_FOLDER/python_operators.py', '--cfg-path', '/tmp/tmpjhhst__b']
[2024-06-23T00:15:44.692+0000] {standard_task_runner.py:91} INFO - Job 83: Subtask metricspokemonweights
[2024-06-23T00:15:44.755+0000] {task_command.py:426} INFO - Running <TaskInstance: pokemon_example.metricspokemonweights manual__2024-06-23T00:05:08.961109+00:00 [running]> on host c357804a93ab
[2024-06-23T00:15:44.854+0000] {taskinstance.py:2648} INFO - Exporting env vars: AIRFLOW_CTX_DAG_OWNER='***' AIRFLOW_CTX_DAG_ID='pokemon_example' AIRFLOW_CTX_TASK_ID='metricspokemonweights' AIRFLOW_CTX_EXECUTION_DATE='2024-06-23T00:05:08.961109+00:00' AIRFLOW_CTX_TRY_NUMBER='7' AIRFLOW_CTX_DAG_RUN_ID='manual__2024-06-23T00:05:08.961109+00:00'
[2024-06-23T00:15:44.855+0000] {taskinstance.py:430} INFO - ::endgroup::
[2024-06-23T00:15:44.856+0000] {process_utils.py:183} INFO - Executing cmd: /home/***/.local/bin/python -m virtualenv /tmp/venvrhsaqmv_ --system-site-packages --python=python
[2024-06-23T00:15:44.857+0000] {process_utils.py:187} INFO - Output:
[2024-06-23T00:15:45.616+0000] {process_utils.py:191} INFO - created virtual environment CPython3.12.3.final.0-64 in 249ms
[2024-06-23T00:15:45.617+0000] {process_utils.py:191} INFO -   creator CPython3Posix(dest=/tmp/venvrhsaqmv_, clear=False, no_vcs_ignore=False, global=True)
[2024-06-23T00:15:45.617+0000] {process_utils.py:191} INFO -   seeder FromAppData(download=False, pip=bundle, via=copy, app_data_dir=/home/***/.local/share/virtualenv)
[2024-06-23T00:15:45.618+0000] {process_utils.py:191} INFO -     added seed packages: pip==24.0
[2024-06-23T00:15:45.618+0000] {process_utils.py:191} INFO -   activators BashActivator,CShellActivator,FishActivator,NushellActivator,PowerShellActivator,PythonActivator
[2024-06-23T00:15:45.640+0000] {process_utils.py:183} INFO - Executing cmd: /tmp/venvrhsaqmv_/bin/pip install -r /tmp/venvrhsaqmv_/requirements.txt
[2024-06-23T00:15:45.641+0000] {process_utils.py:187} INFO - Output:
[2024-06-23T00:15:50.734+0000] {process_utils.py:191} INFO - 
[2024-06-23T00:15:50.734+0000] {process_utils.py:191} INFO - [notice] A new release of pip is available: 24.0 -> 24.1
[2024-06-23T00:15:50.735+0000] {process_utils.py:191} INFO - [notice] To update, run: python -m pip install --upgrade pip
[2024-06-23T00:15:50.859+0000] {process_utils.py:183} INFO - Executing cmd: /tmp/venvrhsaqmv_/bin/python /tmp/venv-call_ub0djgk/script.py /tmp/venv-call_ub0djgk/script.in /tmp/venv-call_ub0djgk/script.out /tmp/venv-call_ub0djgk/string_args.txt /tmp/venv-call_ub0djgk/termination.log
[2024-06-23T00:15:50.860+0000] {process_utils.py:187} INFO - Output:
[2024-06-23T00:15:53.141+0000] {process_utils.py:191} INFO - ----------------------------------------------------------------------------------------------------
[2024-06-23T00:15:53.142+0000] {process_utils.py:191} INFO - raw data:
[2024-06-23T00:15:53.147+0000] {process_utils.py:191} INFO - [{'name': 'bulbasaur', 'url': 'https://pokeapi.co/api/v2/pokemon/1/', 'weight': 69, 'parent_cluster': 0, 'parent_centroid': 88.50000000000006}, {'name': 'ivysaur', 'url': 'https://pokeapi.co/api/v2/pokemon/2/', 'weight': 130, 'parent_cluster': 0, 'parent_centroid': 88.50000000000006}, {'name': 'venusaur', 'url': 'https://pokeapi.co/api/v2/pokemon/3/', 'weight': 1000, 'parent_cluster': 1, 'parent_centroid': 919.9999999999999}, {'name': 'charmander', 'url': 'https://pokeapi.co/api/v2/pokemon/4/', 'weight': 85, 'parent_cluster': 0, 'parent_centroid': 88.50000000000006}, {'name': 'charmeleon', 'url': 'https://pokeapi.co/api/v2/pokemon/5/', 'weight': 190, 'parent_cluster': 0, 'parent_centroid': 88.50000000000006}, {'name': 'charizard', 'url': 'https://pokeapi.co/api/v2/pokemon/6/', 'weight': 905, 'parent_cluster': 1, 'parent_centroid': 919.9999999999999}, {'name': 'squirtle', 'url': 'https://pokeapi.co/api/v2/pokemon/7/', 'weight': 90, 'parent_cluster': 0, 'parent_centroid': 88.50000000000006}, {'name': 'wartortle', 'url': 'https://pokeapi.co/api/v2/pokemon/8/', 'weight': 225, 'parent_cluster': 2, 'parent_centroid': 307.0}, {'name': 'blastoise', 'url': 'https://pokeapi.co/api/v2/pokemon/9/', 'weight': 855, 'parent_cluster': 1, 'parent_centroid': 919.9999999999999}, {'name': 'caterpie', 'url': 'https://pokeapi.co/api/v2/pokemon/10/', 'weight': 29, 'parent_cluster': 0, 'parent_centroid': 88.50000000000006}, {'name': 'metapod', 'url': 'https://pokeapi.co/api/v2/pokemon/11/', 'weight': 99, 'parent_cluster': 0, 'parent_centroid': 88.50000000000006}, {'name': 'butterfree', 'url': 'https://pokeapi.co/api/v2/pokemon/12/', 'weight': 320, 'parent_cluster': 2, 'parent_centroid': 307.0}, {'name': 'weedle', 'url': 'https://pokeapi.co/api/v2/pokemon/13/', 'weight': 32, 'parent_cluster': 0, 'parent_centroid': 88.50000000000006}, {'name': 'kakuna', 'url': 'https://pokeapi.co/api/v2/pokemon/14/', 'weight': 100, 'parent_cluster': 0, 'parent_centroid': 88.50000000000006}, {'name': 'beedrill', 'url': 'https://pokeapi.co/api/v2/pokemon/15/', 'weight': 295, 'parent_cluster': 2, 'parent_centroid': 307.0}, {'name': 'pidgey', 'url': 'https://pokeapi.co/api/v2/pokemon/16/', 'weight': 18, 'parent_cluster': 0, 'parent_centroid': 88.50000000000006}, {'name': 'pidgeotto', 'url': 'https://pokeapi.co/api/v2/pokemon/17/', 'weight': 300, 'parent_cluster': 2, 'parent_centroid': 307.0}, {'name': 'pidgeot', 'url': 'https://pokeapi.co/api/v2/pokemon/18/', 'weight': 395, 'parent_cluster': 2, 'parent_centroid': 307.0}, {'name': 'rattata', 'url': 'https://pokeapi.co/api/v2/pokemon/19/', 'weight': 35, 'parent_cluster': 0, 'parent_centroid': 88.50000000000006}, {'name': 'raticate', 'url': 'https://pokeapi.co/api/v2/pokemon/20/', 'weight': 185, 'parent_cluster': 0, 'parent_centroid': 88.50000000000006}]
[2024-06-23T00:15:53.147+0000] {process_utils.py:191} INFO - name        url                                      weight    parent_cluster    parent_centroid
[2024-06-23T00:15:53.148+0000] {process_utils.py:191} INFO - ----------  -------------------------------------  --------  ----------------  -----------------
[2024-06-23T00:15:53.148+0000] {process_utils.py:191} INFO - bulbasaur   https://pokeapi.co/api/v2/pokemon/1/         69                 0               88.5
[2024-06-23T00:15:53.149+0000] {process_utils.py:191} INFO - ivysaur     https://pokeapi.co/api/v2/pokemon/2/        130                 0               88.5
[2024-06-23T00:15:53.149+0000] {process_utils.py:191} INFO - venusaur    https://pokeapi.co/api/v2/pokemon/3/       1000                 1              920
[2024-06-23T00:15:53.150+0000] {process_utils.py:191} INFO - charmander  https://pokeapi.co/api/v2/pokemon/4/         85                 0               88.5
[2024-06-23T00:15:53.150+0000] {process_utils.py:191} INFO - charmeleon  https://pokeapi.co/api/v2/pokemon/5/        190                 0               88.5
[2024-06-23T00:15:53.151+0000] {process_utils.py:191} INFO - charizard   https://pokeapi.co/api/v2/pokemon/6/        905                 1              920
[2024-06-23T00:15:53.151+0000] {process_utils.py:191} INFO - squirtle    https://pokeapi.co/api/v2/pokemon/7/         90                 0               88.5
[2024-06-23T00:15:53.152+0000] {process_utils.py:191} INFO - wartortle   https://pokeapi.co/api/v2/pokemon/8/        225                 2              307
[2024-06-23T00:15:53.152+0000] {process_utils.py:191} INFO - blastoise   https://pokeapi.co/api/v2/pokemon/9/        855                 1              920
[2024-06-23T00:15:53.153+0000] {process_utils.py:191} INFO - caterpie    https://pokeapi.co/api/v2/pokemon/10/        29                 0               88.5
[2024-06-23T00:15:53.153+0000] {process_utils.py:191} INFO - metapod     https://pokeapi.co/api/v2/pokemon/11/        99                 0               88.5
[2024-06-23T00:15:53.154+0000] {process_utils.py:191} INFO - butterfree  https://pokeapi.co/api/v2/pokemon/12/       320                 2              307
[2024-06-23T00:15:53.154+0000] {process_utils.py:191} INFO - weedle      https://pokeapi.co/api/v2/pokemon/13/        32                 0               88.5
[2024-06-23T00:15:53.154+0000] {process_utils.py:191} INFO - kakuna      https://pokeapi.co/api/v2/pokemon/14/       100                 0               88.5
[2024-06-23T00:15:53.155+0000] {process_utils.py:191} INFO - beedrill    https://pokeapi.co/api/v2/pokemon/15/       295                 2              307
[2024-06-23T00:15:53.155+0000] {process_utils.py:191} INFO - pidgey      https://pokeapi.co/api/v2/pokemon/16/        18                 0               88.5
[2024-06-23T00:15:53.155+0000] {process_utils.py:191} INFO - pidgeotto   https://pokeapi.co/api/v2/pokemon/17/       300                 2              307
[2024-06-23T00:15:53.156+0000] {process_utils.py:191} INFO - pidgeot     https://pokeapi.co/api/v2/pokemon/18/       395                 2              307
[2024-06-23T00:15:53.156+0000] {process_utils.py:191} INFO - rattata     https://pokeapi.co/api/v2/pokemon/19/        35                 0               88.5
[2024-06-23T00:15:53.156+0000] {process_utils.py:191} INFO - raticate    https://pokeapi.co/api/v2/pokemon/20/       185                 0               88.5
[2024-06-23T00:15:53.157+0000] {process_utils.py:191} INFO - ----------------------------------------------------------------------------------------------------
[2024-06-23T00:15:53.157+0000] {process_utils.py:191} INFO - clusters detail:
[2024-06-23T00:15:53.157+0000] {process_utils.py:191} INFO - {
[2024-06-23T00:15:53.157+0000] {process_utils.py:191} INFO -     "n_clusters": 3,
[2024-06-23T00:15:53.158+0000] {process_utils.py:191} INFO -     "centroids": [
[2024-06-23T00:15:53.158+0000] {process_utils.py:191} INFO -         88.50000000000006,
[2024-06-23T00:15:53.158+0000] {process_utils.py:191} INFO -         919.9999999999999,
[2024-06-23T00:15:53.158+0000] {process_utils.py:191} INFO -         307.0
[2024-06-23T00:15:53.159+0000] {process_utils.py:191} INFO -     ]
[2024-06-23T00:15:53.159+0000] {process_utils.py:191} INFO - }
[2024-06-23T00:15:53.159+0000] {process_utils.py:191} INFO - ----------------------------------------------------------------------------------------------------
[2024-06-23T00:15:53.159+0000] {process_utils.py:191} INFO - weight statistics:
[2024-06-23T00:15:53.160+0000] {process_utils.py:191} INFO - {
[2024-06-23T00:15:53.160+0000] {process_utils.py:191} INFO -     "max": 1000,
[2024-06-23T00:15:53.160+0000] {process_utils.py:191} INFO -     "min": 18,
[2024-06-23T00:15:53.160+0000] {process_utils.py:191} INFO -     "mean": 267.85,
[2024-06-23T00:15:53.161+0000] {process_utils.py:191} INFO -     "median": 157.5,
[2024-06-23T00:15:53.161+0000] {process_utils.py:191} INFO -     "stdev:": 301.90435484385483
[2024-06-23T00:15:53.161+0000] {process_utils.py:191} INFO - }
[2024-06-23T00:15:53.161+0000] {process_utils.py:191} INFO - ----------------------------------------------------------------------------------------------------
[2024-06-23T00:15:53.162+0000] {process_utils.py:191} INFO - anonymized information:
[2024-06-23T00:15:53.162+0000] {process_utils.py:191} INFO -   index  name          parent cluster
[2024-06-23T00:15:53.162+0000] {process_utils.py:191} INFO - -------  ----------  ----------------
[2024-06-23T00:15:53.162+0000] {process_utils.py:191} INFO -       0  bulbasaur               88.5
[2024-06-23T00:15:53.162+0000] {process_utils.py:191} INFO -       1  ivysaur                 88.5
[2024-06-23T00:15:53.163+0000] {process_utils.py:191} INFO -       2  venusaur               920
[2024-06-23T00:15:53.163+0000] {process_utils.py:191} INFO -       3  charmander              88.5
[2024-06-23T00:15:53.163+0000] {process_utils.py:191} INFO -       4  charmeleon              88.5
[2024-06-23T00:15:53.163+0000] {process_utils.py:191} INFO -       5  charizard              920
[2024-06-23T00:15:53.163+0000] {process_utils.py:191} INFO -       6  squirtle                88.5
[2024-06-23T00:15:53.164+0000] {process_utils.py:191} INFO -       7  wartortle              307
[2024-06-23T00:15:53.164+0000] {process_utils.py:191} INFO -       8  blastoise              920
[2024-06-23T00:15:53.164+0000] {process_utils.py:191} INFO -       9  caterpie                88.5
[2024-06-23T00:15:53.164+0000] {process_utils.py:191} INFO -      10  metapod                 88.5
[2024-06-23T00:15:53.165+0000] {process_utils.py:191} INFO -      11  butterfree             307
[2024-06-23T00:15:53.165+0000] {process_utils.py:191} INFO -      12  weedle                  88.5
[2024-06-23T00:15:53.165+0000] {process_utils.py:191} INFO -      13  kakuna                  88.5
[2024-06-23T00:15:53.165+0000] {process_utils.py:191} INFO -      14  beedrill               307
[2024-06-23T00:15:53.165+0000] {process_utils.py:191} INFO -      15  pidgey                  88.5
[2024-06-23T00:15:53.166+0000] {process_utils.py:191} INFO -      16  pidgeotto              307
[2024-06-23T00:15:53.166+0000] {process_utils.py:191} INFO -      17  pidgeot                307
[2024-06-23T00:15:53.166+0000] {process_utils.py:191} INFO -      18  rattata                 88.5
[2024-06-23T00:15:53.166+0000] {process_utils.py:191} INFO -      19  raticate                88.5
[2024-06-23T00:15:53.384+0000] {python.py:237} INFO - Done. Returned value was: None
[2024-06-23T00:15:53.385+0000] {taskinstance.py:441} INFO - ::group::Post task execution logs
[2024-06-23T00:15:53.394+0000] {taskinstance.py:1206} INFO - Marking task as SUCCESS. dag_id=pokemon_example, task_id=metricspokemonweights, run_id=manual__2024-06-23T00:05:08.961109+00:00, execution_date=20240623T000508, start_date=20240623T001544, end_date=20240623T001553
[2024-06-23T00:15:53.455+0000] {local_task_job_runner.py:240} INFO - Task exited with return code 0
[2024-06-23T00:15:53.502+0000] {taskinstance.py:3498} INFO - 0 downstream tasks scheduled from follow-on schedule check
[2024-06-23T00:15:53.507+0000] {local_task_job_runner.py:222} INFO - ::endgroup::
