[2024-06-23T00:05:53.021+0000] {local_task_job_runner.py:120} INFO - ::group::Pre task execution logs
[2024-06-23T00:05:53.044+0000] {taskinstance.py:2076} INFO - Dependencies all met for dep_context=non-requeueable deps ti=<TaskInstance: pokemon_example.metricspokemonweights manual__2024-06-23T00:05:08.961109+00:00 [queued]>
[2024-06-23T00:05:53.052+0000] {taskinstance.py:2076} INFO - Dependencies all met for dep_context=requeueable deps ti=<TaskInstance: pokemon_example.metricspokemonweights manual__2024-06-23T00:05:08.961109+00:00 [queued]>
[2024-06-23T00:05:53.053+0000] {taskinstance.py:2306} INFO - Starting attempt 1 of 1
[2024-06-23T00:05:53.066+0000] {taskinstance.py:2330} INFO - Executing <Task(_PythonVirtualenvDecoratedOperator): metricspokemonweights> on 2024-06-23 00:05:08.961109+00:00
[2024-06-23T00:05:53.072+0000] {warnings.py:110} WARNING - /home/***/.local/lib/python3.12/site-packages/***/task/task_runner/standard_task_runner.py:61: DeprecationWarning: This process (pid=5664) is multi-threaded, use of fork() may lead to deadlocks in the child.
  pid = os.fork()

[2024-06-23T00:05:53.073+0000] {standard_task_runner.py:63} INFO - Started process 5665 to run task
[2024-06-23T00:05:53.073+0000] {standard_task_runner.py:90} INFO - Running: ['***', 'tasks', 'run', 'pokemon_example', 'metricspokemonweights', 'manual__2024-06-23T00:05:08.961109+00:00', '--job-id', '77', '--raw', '--subdir', 'DAGS_FOLDER/python_operators.py', '--cfg-path', '/tmp/tmp_adz5jik']
[2024-06-23T00:05:53.074+0000] {standard_task_runner.py:91} INFO - Job 77: Subtask metricspokemonweights
[2024-06-23T00:05:53.113+0000] {task_command.py:426} INFO - Running <TaskInstance: pokemon_example.metricspokemonweights manual__2024-06-23T00:05:08.961109+00:00 [running]> on host c357804a93ab
[2024-06-23T00:05:53.209+0000] {taskinstance.py:2648} INFO - Exporting env vars: AIRFLOW_CTX_DAG_OWNER='***' AIRFLOW_CTX_DAG_ID='pokemon_example' AIRFLOW_CTX_TASK_ID='metricspokemonweights' AIRFLOW_CTX_EXECUTION_DATE='2024-06-23T00:05:08.961109+00:00' AIRFLOW_CTX_TRY_NUMBER='1' AIRFLOW_CTX_DAG_RUN_ID='manual__2024-06-23T00:05:08.961109+00:00'
[2024-06-23T00:05:53.209+0000] {taskinstance.py:430} INFO - ::endgroup::
[2024-06-23T00:05:53.211+0000] {process_utils.py:183} INFO - Executing cmd: /home/***/.local/bin/python -m virtualenv /tmp/venvrp5rtst1 --system-site-packages --python=python
[2024-06-23T00:05:53.212+0000] {process_utils.py:187} INFO - Output:
[2024-06-23T00:05:53.934+0000] {process_utils.py:191} INFO - created virtual environment CPython3.12.3.final.0-64 in 229ms
[2024-06-23T00:05:53.935+0000] {process_utils.py:191} INFO -   creator CPython3Posix(dest=/tmp/venvrp5rtst1, clear=False, no_vcs_ignore=False, global=True)
[2024-06-23T00:05:53.935+0000] {process_utils.py:191} INFO -   seeder FromAppData(download=False, pip=bundle, via=copy, app_data_dir=/home/***/.local/share/virtualenv)
[2024-06-23T00:05:53.935+0000] {process_utils.py:191} INFO -     added seed packages: pip==24.0
[2024-06-23T00:05:53.936+0000] {process_utils.py:191} INFO -   activators BashActivator,CShellActivator,FishActivator,NushellActivator,PowerShellActivator,PythonActivator
[2024-06-23T00:05:53.957+0000] {process_utils.py:183} INFO - Executing cmd: /tmp/venvrp5rtst1/bin/pip install -r /tmp/venvrp5rtst1/requirements.txt
[2024-06-23T00:05:53.958+0000] {process_utils.py:187} INFO - Output:
[2024-06-23T00:05:59.216+0000] {process_utils.py:191} INFO - 
[2024-06-23T00:05:59.217+0000] {process_utils.py:191} INFO - [notice] A new release of pip is available: 24.0 -> 24.1
[2024-06-23T00:05:59.217+0000] {process_utils.py:191} INFO - [notice] To update, run: python -m pip install --upgrade pip
[2024-06-23T00:05:59.342+0000] {process_utils.py:183} INFO - Executing cmd: /tmp/venvrp5rtst1/bin/python /tmp/venv-callhvdv2xku/script.py /tmp/venv-callhvdv2xku/script.in /tmp/venv-callhvdv2xku/script.out /tmp/venv-callhvdv2xku/string_args.txt /tmp/venv-callhvdv2xku/termination.log
[2024-06-23T00:05:59.343+0000] {process_utils.py:187} INFO - Output:
[2024-06-23T00:06:01.628+0000] {process_utils.py:191} INFO - ----------------------------------------------------------------------------------------------------
[2024-06-23T00:06:01.628+0000] {process_utils.py:191} INFO - clusters detail:
[2024-06-23T00:06:01.628+0000] {process_utils.py:191} INFO - {
[2024-06-23T00:06:01.629+0000] {process_utils.py:191} INFO -     "n_clusters": 3,
[2024-06-23T00:06:01.629+0000] {process_utils.py:191} INFO -     "centroids": [
[2024-06-23T00:06:01.629+0000] {process_utils.py:191} INFO -         88.50000000000006,
[2024-06-23T00:06:01.630+0000] {process_utils.py:191} INFO -         919.9999999999999,
[2024-06-23T00:06:01.630+0000] {process_utils.py:191} INFO -         307.0
[2024-06-23T00:06:01.630+0000] {process_utils.py:191} INFO -     ]
[2024-06-23T00:06:01.631+0000] {process_utils.py:191} INFO - }
[2024-06-23T00:06:01.631+0000] {process_utils.py:191} INFO - ----------------------------------------------------------------------------------------------------
[2024-06-23T00:06:01.631+0000] {process_utils.py:191} INFO - weight statistics:
[2024-06-23T00:06:01.632+0000] {process_utils.py:191} INFO - {
[2024-06-23T00:06:01.632+0000] {process_utils.py:191} INFO -     "max": 1000,
[2024-06-23T00:06:01.632+0000] {process_utils.py:191} INFO -     "min": 18,
[2024-06-23T00:06:01.632+0000] {process_utils.py:191} INFO -     "mean": 267.85,
[2024-06-23T00:06:01.633+0000] {process_utils.py:191} INFO -     "median": 157.5,
[2024-06-23T00:06:01.633+0000] {process_utils.py:191} INFO -     "stdev:": 301.90435484385483
[2024-06-23T00:06:01.633+0000] {process_utils.py:191} INFO - }
[2024-06-23T00:06:01.634+0000] {process_utils.py:191} INFO - ----------------------------------------------------------------------------------------------------
[2024-06-23T00:06:01.634+0000] {process_utils.py:191} INFO - anonymized information:
[2024-06-23T00:06:01.634+0000] {process_utils.py:191} INFO - 0 : bulbasaur parent cluster: 88.50000000000006
[2024-06-23T00:06:01.635+0000] {process_utils.py:191} INFO - 1 : ivysaur parent cluster: 88.50000000000006
[2024-06-23T00:06:01.635+0000] {process_utils.py:191} INFO - 2 : venusaur parent cluster: 919.9999999999999
[2024-06-23T00:06:01.636+0000] {process_utils.py:191} INFO - 3 : charmander parent cluster: 88.50000000000006
[2024-06-23T00:06:01.636+0000] {process_utils.py:191} INFO - 4 : charmeleon parent cluster: 88.50000000000006
[2024-06-23T00:06:01.636+0000] {process_utils.py:191} INFO - 5 : charizard parent cluster: 919.9999999999999
[2024-06-23T00:06:01.637+0000] {process_utils.py:191} INFO - 6 : squirtle parent cluster: 88.50000000000006
[2024-06-23T00:06:01.637+0000] {process_utils.py:191} INFO - 7 : wartortle parent cluster: 307.0
[2024-06-23T00:06:01.637+0000] {process_utils.py:191} INFO - 8 : blastoise parent cluster: 919.9999999999999
[2024-06-23T00:06:01.637+0000] {process_utils.py:191} INFO - 9 : caterpie parent cluster: 88.50000000000006
[2024-06-23T00:06:01.638+0000] {process_utils.py:191} INFO - 10 : metapod parent cluster: 88.50000000000006
[2024-06-23T00:06:01.638+0000] {process_utils.py:191} INFO - 11 : butterfree parent cluster: 307.0
[2024-06-23T00:06:01.638+0000] {process_utils.py:191} INFO - 12 : weedle parent cluster: 88.50000000000006
[2024-06-23T00:06:01.639+0000] {process_utils.py:191} INFO - 13 : kakuna parent cluster: 88.50000000000006
[2024-06-23T00:06:01.639+0000] {process_utils.py:191} INFO - 14 : beedrill parent cluster: 307.0
[2024-06-23T00:06:01.639+0000] {process_utils.py:191} INFO - 15 : pidgey parent cluster: 88.50000000000006
[2024-06-23T00:06:01.639+0000] {process_utils.py:191} INFO - 16 : pidgeotto parent cluster: 307.0
[2024-06-23T00:06:01.640+0000] {process_utils.py:191} INFO - 17 : pidgeot parent cluster: 307.0
[2024-06-23T00:06:01.640+0000] {process_utils.py:191} INFO - 18 : rattata parent cluster: 88.50000000000006
[2024-06-23T00:06:01.640+0000] {process_utils.py:191} INFO - 19 : raticate parent cluster: 88.50000000000006
[2024-06-23T00:06:01.881+0000] {python.py:237} INFO - Done. Returned value was: None
[2024-06-23T00:06:01.881+0000] {taskinstance.py:441} INFO - ::group::Post task execution logs
[2024-06-23T00:06:01.893+0000] {taskinstance.py:1206} INFO - Marking task as SUCCESS. dag_id=pokemon_example, task_id=metricspokemonweights, run_id=manual__2024-06-23T00:05:08.961109+00:00, execution_date=20240623T000508, start_date=20240623T000553, end_date=20240623T000601
[2024-06-23T00:06:01.949+0000] {local_task_job_runner.py:240} INFO - Task exited with return code 0
[2024-06-23T00:06:01.963+0000] {taskinstance.py:3498} INFO - 0 downstream tasks scheduled from follow-on schedule check
[2024-06-23T00:06:01.965+0000] {local_task_job_runner.py:222} INFO - ::endgroup::
