[2024-06-23T02:12:32.379+0000] {processor.py:161} INFO - Started process (PID=47) to work on /opt/airflow/dags/bash_operators.py
[2024-06-23T02:12:32.380+0000] {processor.py:830} INFO - Processing file /opt/airflow/dags/bash_operators.py for tasks to queue
[2024-06-23T02:12:32.383+0000] {logging_mixin.py:188} INFO - [2024-06-23T02:12:32.382+0000] {dagbag.py:545} INFO - Filling up the DagBag from /opt/airflow/dags/bash_operators.py
[2024-06-23T02:12:32.395+0000] {processor.py:840} INFO - DAG(s) 'simple_bash_operators' retrieved from /opt/airflow/dags/bash_operators.py
[2024-06-23T02:12:32.560+0000] {logging_mixin.py:188} INFO - [2024-06-23T02:12:32.560+0000] {dag.py:3096} INFO - Sync 1 DAGs
[2024-06-23T02:12:32.585+0000] {logging_mixin.py:188} INFO - [2024-06-23T02:12:32.585+0000] {dag.py:3954} INFO - Setting next_dagrun for simple_bash_operators to 2024-06-23 00:00:00+00:00, run_after=2024-06-24 00:00:00+00:00
[2024-06-23T02:12:32.618+0000] {processor.py:183} INFO - Processing /opt/airflow/dags/bash_operators.py took 0.250 seconds
[2024-06-23T02:13:02.909+0000] {processor.py:161} INFO - Started process (PID=55) to work on /opt/airflow/dags/bash_operators.py
[2024-06-23T02:13:02.913+0000] {processor.py:830} INFO - Processing file /opt/airflow/dags/bash_operators.py for tasks to queue
[2024-06-23T02:13:02.916+0000] {logging_mixin.py:188} INFO - [2024-06-23T02:13:02.915+0000] {dagbag.py:545} INFO - Filling up the DagBag from /opt/airflow/dags/bash_operators.py
[2024-06-23T02:13:02.925+0000] {processor.py:840} INFO - DAG(s) 'simple_bash_operators' retrieved from /opt/airflow/dags/bash_operators.py
[2024-06-23T02:13:02.951+0000] {logging_mixin.py:188} INFO - [2024-06-23T02:13:02.951+0000] {dag.py:3096} INFO - Sync 1 DAGs
[2024-06-23T02:13:02.969+0000] {logging_mixin.py:188} INFO - [2024-06-23T02:13:02.969+0000] {dag.py:3954} INFO - Setting next_dagrun for simple_bash_operators to 2024-06-23 00:00:00+00:00, run_after=2024-06-24 00:00:00+00:00
[2024-06-23T02:13:02.990+0000] {processor.py:183} INFO - Processing /opt/airflow/dags/bash_operators.py took 0.089 seconds
[2024-06-23T02:13:33.195+0000] {processor.py:161} INFO - Started process (PID=62) to work on /opt/airflow/dags/bash_operators.py
[2024-06-23T02:13:33.195+0000] {processor.py:830} INFO - Processing file /opt/airflow/dags/bash_operators.py for tasks to queue
[2024-06-23T02:13:33.197+0000] {logging_mixin.py:188} INFO - [2024-06-23T02:13:33.197+0000] {dagbag.py:545} INFO - Filling up the DagBag from /opt/airflow/dags/bash_operators.py
[2024-06-23T02:13:33.207+0000] {processor.py:840} INFO - DAG(s) 'simple_bash_operators' retrieved from /opt/airflow/dags/bash_operators.py
[2024-06-23T02:13:33.238+0000] {logging_mixin.py:188} INFO - [2024-06-23T02:13:33.238+0000] {dag.py:3096} INFO - Sync 1 DAGs
[2024-06-23T02:13:33.263+0000] {logging_mixin.py:188} INFO - [2024-06-23T02:13:33.263+0000] {dag.py:3954} INFO - Setting next_dagrun for simple_bash_operators to 2024-06-23 00:00:00+00:00, run_after=2024-06-24 00:00:00+00:00
[2024-06-23T02:13:33.281+0000] {processor.py:183} INFO - Processing /opt/airflow/dags/bash_operators.py took 0.093 seconds
