[2024-06-23T02:12:32.369+0000] {processor.py:161} INFO - Started process (PID=46) to work on /opt/airflow/dags/python_operators.py
[2024-06-23T02:12:32.371+0000] {processor.py:830} INFO - Processing file /opt/airflow/dags/python_operators.py for tasks to queue
[2024-06-23T02:12:32.373+0000] {logging_mixin.py:188} INFO - [2024-06-23T02:12:32.373+0000] {dagbag.py:545} INFO - Filling up the DagBag from /opt/airflow/dags/python_operators.py
[2024-06-23T02:12:32.398+0000] {processor.py:840} INFO - DAG(s) 'pokemon_example' retrieved from /opt/airflow/dags/python_operators.py
[2024-06-23T02:12:32.570+0000] {logging_mixin.py:188} INFO - [2024-06-23T02:12:32.570+0000] {dag.py:3096} INFO - Sync 1 DAGs
[2024-06-23T02:12:32.584+0000] {logging_mixin.py:188} INFO - [2024-06-23T02:12:32.584+0000] {dag.py:3954} INFO - Setting next_dagrun for pokemon_example to None, run_after=None
[2024-06-23T02:12:32.621+0000] {processor.py:183} INFO - Processing /opt/airflow/dags/python_operators.py took 0.262 seconds
[2024-06-23T02:13:02.903+0000] {processor.py:161} INFO - Started process (PID=54) to work on /opt/airflow/dags/python_operators.py
[2024-06-23T02:13:02.913+0000] {processor.py:830} INFO - Processing file /opt/airflow/dags/python_operators.py for tasks to queue
[2024-06-23T02:13:02.915+0000] {logging_mixin.py:188} INFO - [2024-06-23T02:13:02.915+0000] {dagbag.py:545} INFO - Filling up the DagBag from /opt/airflow/dags/python_operators.py
[2024-06-23T02:13:02.931+0000] {processor.py:840} INFO - DAG(s) 'pokemon_example' retrieved from /opt/airflow/dags/python_operators.py
[2024-06-23T02:13:02.958+0000] {logging_mixin.py:188} INFO - [2024-06-23T02:13:02.957+0000] {dag.py:3096} INFO - Sync 1 DAGs
[2024-06-23T02:13:02.969+0000] {logging_mixin.py:188} INFO - [2024-06-23T02:13:02.969+0000] {dag.py:3954} INFO - Setting next_dagrun for pokemon_example to None, run_after=None
[2024-06-23T02:13:02.991+0000] {processor.py:183} INFO - Processing /opt/airflow/dags/python_operators.py took 0.102 seconds
[2024-06-23T02:13:33.189+0000] {processor.py:161} INFO - Started process (PID=61) to work on /opt/airflow/dags/python_operators.py
[2024-06-23T02:13:33.190+0000] {processor.py:830} INFO - Processing file /opt/airflow/dags/python_operators.py for tasks to queue
[2024-06-23T02:13:33.192+0000] {logging_mixin.py:188} INFO - [2024-06-23T02:13:33.192+0000] {dagbag.py:545} INFO - Filling up the DagBag from /opt/airflow/dags/python_operators.py
[2024-06-23T02:13:33.207+0000] {processor.py:840} INFO - DAG(s) 'pokemon_example' retrieved from /opt/airflow/dags/python_operators.py
[2024-06-23T02:13:33.239+0000] {logging_mixin.py:188} INFO - [2024-06-23T02:13:33.239+0000] {dag.py:3096} INFO - Sync 1 DAGs
[2024-06-23T02:13:33.255+0000] {logging_mixin.py:188} INFO - [2024-06-23T02:13:33.255+0000] {dag.py:3954} INFO - Setting next_dagrun for pokemon_example to None, run_after=None
[2024-06-23T02:13:33.274+0000] {processor.py:183} INFO - Processing /opt/airflow/dags/python_operators.py took 0.097 seconds
