[2024-06-18T00:27:29.990+0000] {local_task_job_runner.py:120} INFO - ::group::Pre task execution logs
[2024-06-18T00:27:30.021+0000] {taskinstance.py:2076} INFO - Dependencies all met for dep_context=non-requeueable deps ti=<TaskInstance: tutorial.templated scheduled__2024-06-16T00:00:00+00:00 [queued]>
[2024-06-18T00:27:30.035+0000] {taskinstance.py:2076} INFO - Dependencies all met for dep_context=requeueable deps ti=<TaskInstance: tutorial.templated scheduled__2024-06-16T00:00:00+00:00 [queued]>
[2024-06-18T00:27:30.035+0000] {taskinstance.py:2306} INFO - Starting attempt 1 of 2
[2024-06-18T00:27:30.057+0000] {taskinstance.py:2330} INFO - Executing <Task(BashOperator): templated> on 2024-06-16 00:00:00+00:00
[2024-06-18T00:27:30.068+0000] {warnings.py:110} WARNING - /home/***/.local/lib/python3.12/site-packages/***/task/task_runner/standard_task_runner.py:61: DeprecationWarning: This process (pid=12642) is multi-threaded, use of fork() may lead to deadlocks in the child.
  pid = os.fork()

[2024-06-18T00:27:30.070+0000] {standard_task_runner.py:63} INFO - Started process 12651 to run task
[2024-06-18T00:27:30.071+0000] {standard_task_runner.py:90} INFO - Running: ['***', 'tasks', 'run', 'tutorial', 'templated', 'scheduled__2024-06-16T00:00:00+00:00', '--job-id', '35', '--raw', '--subdir', '/home/***/.local/lib/python3.12/site-packages/***/example_dags/tutorial.py', '--cfg-path', '/tmp/tmplwzsi1j5']
[2024-06-18T00:27:30.074+0000] {standard_task_runner.py:91} INFO - Job 35: Subtask templated
[2024-06-18T00:27:30.134+0000] {task_command.py:426} INFO - Running <TaskInstance: tutorial.templated scheduled__2024-06-16T00:00:00+00:00 [running]> on host 91fb71641d4b
[2024-06-18T00:27:30.245+0000] {taskinstance.py:2648} INFO - Exporting env vars: AIRFLOW_CTX_DAG_EMAIL='***@example.com' AIRFLOW_CTX_DAG_OWNER='***' AIRFLOW_CTX_DAG_ID='tutorial' AIRFLOW_CTX_TASK_ID='templated' AIRFLOW_CTX_EXECUTION_DATE='2024-06-16T00:00:00+00:00' AIRFLOW_CTX_TRY_NUMBER='1' AIRFLOW_CTX_DAG_RUN_ID='scheduled__2024-06-16T00:00:00+00:00'
[2024-06-18T00:27:30.247+0000] {taskinstance.py:430} INFO - ::endgroup::
[2024-06-18T00:27:30.248+0000] {subprocess.py:63} INFO - Tmp dir root location: /tmp
[2024-06-18T00:27:30.249+0000] {subprocess.py:75} INFO - Running command: ['/usr/bin/bash', '-c', '\n\n    echo "2024-06-16"\n    echo "2024-06-23"\n\n    echo "2024-06-16"\n    echo "2024-06-23"\n\n    echo "2024-06-16"\n    echo "2024-06-23"\n\n    echo "2024-06-16"\n    echo "2024-06-23"\n\n    echo "2024-06-16"\n    echo "2024-06-23"\n']
[2024-06-18T00:27:30.261+0000] {subprocess.py:86} INFO - Output:
[2024-06-18T00:27:30.263+0000] {subprocess.py:93} INFO - 2024-06-16
[2024-06-18T00:27:30.264+0000] {subprocess.py:93} INFO - 2024-06-23
[2024-06-18T00:27:30.264+0000] {subprocess.py:93} INFO - 2024-06-16
[2024-06-18T00:27:30.264+0000] {subprocess.py:93} INFO - 2024-06-23
[2024-06-18T00:27:30.265+0000] {subprocess.py:93} INFO - 2024-06-16
[2024-06-18T00:27:30.265+0000] {subprocess.py:93} INFO - 2024-06-23
[2024-06-18T00:27:30.265+0000] {subprocess.py:93} INFO - 2024-06-16
[2024-06-18T00:27:30.265+0000] {subprocess.py:93} INFO - 2024-06-23
[2024-06-18T00:27:30.266+0000] {subprocess.py:93} INFO - 2024-06-16
[2024-06-18T00:27:30.266+0000] {subprocess.py:93} INFO - 2024-06-23
[2024-06-18T00:27:30.266+0000] {subprocess.py:97} INFO - Command exited with return code 0
[2024-06-18T00:27:30.267+0000] {taskinstance.py:441} INFO - ::group::Post task execution logs
[2024-06-18T00:27:30.295+0000] {taskinstance.py:1206} INFO - Marking task as SUCCESS. dag_id=tutorial, task_id=templated, run_id=scheduled__2024-06-16T00:00:00+00:00, execution_date=20240616T000000, start_date=20240618T002730, end_date=20240618T002730
[2024-06-18T00:27:30.326+0000] {local_task_job_runner.py:240} INFO - Task exited with return code 0
[2024-06-18T00:27:30.341+0000] {taskinstance.py:3498} INFO - 0 downstream tasks scheduled from follow-on schedule check
[2024-06-18T00:27:30.344+0000] {local_task_job_runner.py:222} INFO - ::endgroup::
