[2024-06-22T22:45:36.263+0000] {local_task_job_runner.py:120} INFO - ::group::Pre task execution logs
[2024-06-22T22:45:36.288+0000] {taskinstance.py:2076} INFO - Dependencies all met for dep_context=non-requeueable deps ti=<TaskInstance: simple_operators.lstask manual__2024-06-22T22:45:35.179859+00:00 [queued]>
[2024-06-22T22:45:36.297+0000] {taskinstance.py:2076} INFO - Dependencies all met for dep_context=requeueable deps ti=<TaskInstance: simple_operators.lstask manual__2024-06-22T22:45:35.179859+00:00 [queued]>
[2024-06-22T22:45:36.297+0000] {taskinstance.py:2306} INFO - Starting attempt 1 of 1
[2024-06-22T22:45:36.313+0000] {taskinstance.py:2330} INFO - Executing <Task(BashOperator): lstask> on 2024-06-22 22:45:35.179859+00:00
[2024-06-22T22:45:36.319+0000] {warnings.py:110} WARNING - /home/***/.local/lib/python3.12/site-packages/***/task/task_runner/standard_task_runner.py:61: DeprecationWarning: This process (pid=4381) is multi-threaded, use of fork() may lead to deadlocks in the child.
  pid = os.fork()

[2024-06-22T22:45:36.320+0000] {standard_task_runner.py:63} INFO - Started process 4382 to run task
[2024-06-22T22:45:36.320+0000] {standard_task_runner.py:90} INFO - Running: ['***', 'tasks', 'run', 'simple_operators', 'lstask', 'manual__2024-06-22T22:45:35.179859+00:00', '--job-id', '66', '--raw', '--subdir', 'DAGS_FOLDER/test.py', '--cfg-path', '/tmp/tmp53l1i_ib']
[2024-06-22T22:45:36.322+0000] {standard_task_runner.py:91} INFO - Job 66: Subtask lstask
[2024-06-22T22:45:36.365+0000] {task_command.py:426} INFO - Running <TaskInstance: simple_operators.lstask manual__2024-06-22T22:45:35.179859+00:00 [running]> on host c357804a93ab
[2024-06-22T22:45:36.452+0000] {taskinstance.py:2648} INFO - Exporting env vars: AIRFLOW_CTX_DAG_OWNER='***' AIRFLOW_CTX_DAG_ID='simple_operators' AIRFLOW_CTX_TASK_ID='lstask' AIRFLOW_CTX_EXECUTION_DATE='2024-06-22T22:45:35.179859+00:00' AIRFLOW_CTX_TRY_NUMBER='1' AIRFLOW_CTX_DAG_RUN_ID='manual__2024-06-22T22:45:35.179859+00:00'
[2024-06-22T22:45:36.452+0000] {taskinstance.py:430} INFO - ::endgroup::
[2024-06-22T22:45:36.466+0000] {subprocess.py:63} INFO - Tmp dir root location: /tmp
[2024-06-22T22:45:36.466+0000] {subprocess.py:75} INFO - Running command: ['/usr/bin/bash', '-c', 'ls']
[2024-06-22T22:45:36.477+0000] {subprocess.py:86} INFO - Output:
[2024-06-22T22:45:36.481+0000] {subprocess.py:97} INFO - Command exited with return code 0
[2024-06-22T22:45:36.481+0000] {taskinstance.py:441} INFO - ::group::Post task execution logs
[2024-06-22T22:45:36.505+0000] {taskinstance.py:1206} INFO - Marking task as SUCCESS. dag_id=simple_operators, task_id=lstask, run_id=manual__2024-06-22T22:45:35.179859+00:00, execution_date=20240622T224535, start_date=20240622T224536, end_date=20240622T224536
[2024-06-22T22:45:36.534+0000] {local_task_job_runner.py:240} INFO - Task exited with return code 0
[2024-06-22T22:45:36.587+0000] {taskinstance.py:3498} INFO - 1 downstream tasks scheduled from follow-on schedule check
[2024-06-22T22:45:36.590+0000] {local_task_job_runner.py:222} INFO - ::endgroup::
