[2025-03-17T18:54:07.028+0000] {local_task_job_runner.py:120} INFO - ::group::Pre task execution logs
[2025-03-17T18:54:07.044+0000] {taskinstance.py:2076} INFO - Dependencies all met for dep_context=non-requeueable deps ti=<TaskInstance: clustering_deidentification.get_pokemon_weights manual__2025-03-17T18:53:55.428287+00:00 [queued]>
[2025-03-17T18:54:07.050+0000] {taskinstance.py:2076} INFO - Dependencies all met for dep_context=requeueable deps ti=<TaskInstance: clustering_deidentification.get_pokemon_weights manual__2025-03-17T18:53:55.428287+00:00 [queued]>
[2025-03-17T18:54:07.051+0000] {taskinstance.py:2306} INFO - Starting attempt 1 of 1
[2025-03-17T18:54:07.062+0000] {taskinstance.py:2330} INFO - Executing <Task(_PythonVirtualenvDecoratedOperator): get_pokemon_weights> on 2025-03-17 18:53:55.428287+00:00
[2025-03-17T18:54:07.066+0000] {warnings.py:110} WARNING - /home/***/.local/lib/python3.12/site-packages/***/task/task_runner/standard_task_runner.py:61: DeprecationWarning: This process (pid=161) is multi-threaded, use of fork() may lead to deadlocks in the child.
  pid = os.fork()

[2025-03-17T18:54:07.067+0000] {standard_task_runner.py:63} INFO - Started process 162 to run task
[2025-03-17T18:54:07.067+0000] {standard_task_runner.py:90} INFO - Running: ['***', 'tasks', 'run', 'clustering_deidentification', 'get_pokemon_weights', 'manual__2025-03-17T18:53:55.428287+00:00', '--job-id', '4', '--raw', '--subdir', 'DAGS_FOLDER/python_operators.py', '--cfg-path', '/tmp/tmpmzoyf5d1']
[2025-03-17T18:54:07.068+0000] {standard_task_runner.py:91} INFO - Job 4: Subtask get_pokemon_weights
[2025-03-17T18:54:07.101+0000] {task_command.py:426} INFO - Running <TaskInstance: clustering_deidentification.get_pokemon_weights manual__2025-03-17T18:53:55.428287+00:00 [running]> on host 7ed0592ccd5e
[2025-03-17T18:54:07.165+0000] {taskinstance.py:2648} INFO - Exporting env vars: AIRFLOW_CTX_DAG_OWNER='***' AIRFLOW_CTX_DAG_ID='clustering_deidentification' AIRFLOW_CTX_TASK_ID='get_pokemon_weights' AIRFLOW_CTX_EXECUTION_DATE='2025-03-17T18:53:55.428287+00:00' AIRFLOW_CTX_TRY_NUMBER='1' AIRFLOW_CTX_DAG_RUN_ID='manual__2025-03-17T18:53:55.428287+00:00'
[2025-03-17T18:54:07.166+0000] {taskinstance.py:430} INFO - ::endgroup::
[2025-03-17T18:54:07.167+0000] {process_utils.py:183} INFO - Executing cmd: /home/***/.local/bin/python -m virtualenv /tmp/venvoyl7xkxc --system-site-packages --python=python
[2025-03-17T18:54:07.168+0000] {process_utils.py:187} INFO - Output:
[2025-03-17T18:54:07.609+0000] {process_utils.py:191} INFO - created virtual environment CPython3.12.3.final.0-64 in 129ms
[2025-03-17T18:54:07.609+0000] {process_utils.py:191} INFO -   creator CPython3Posix(dest=/tmp/venvoyl7xkxc, clear=False, no_vcs_ignore=False, global=True)
[2025-03-17T18:54:07.610+0000] {process_utils.py:191} INFO -   seeder FromAppData(download=False, pip=bundle, via=copy, app_data_dir=/home/***/.local/share/virtualenv)
[2025-03-17T18:54:07.610+0000] {process_utils.py:191} INFO -     added seed packages: pip==24.0
[2025-03-17T18:54:07.611+0000] {process_utils.py:191} INFO -   activators BashActivator,CShellActivator,FishActivator,NushellActivator,PowerShellActivator,PythonActivator
[2025-03-17T18:54:07.625+0000] {process_utils.py:183} INFO - Executing cmd: /tmp/venvoyl7xkxc/bin/pip install -r /tmp/venvoyl7xkxc/requirements.txt
[2025-03-17T18:54:07.626+0000] {process_utils.py:187} INFO - Output:
[2025-03-17T18:54:08.849+0000] {process_utils.py:191} INFO - Requirement already satisfied: requests in /home/***/.local/lib/python3.12/site-packages (from -r /tmp/venvoyl7xkxc/requirements.txt (line 1)) (2.31.0)
[2025-03-17T18:54:08.855+0000] {process_utils.py:191} INFO - Requirement already satisfied: charset-normalizer<4,>=2 in /home/***/.local/lib/python3.12/site-packages (from requests->-r /tmp/venvoyl7xkxc/requirements.txt (line 1)) (3.3.2)
[2025-03-17T18:54:08.856+0000] {process_utils.py:191} INFO - Requirement already satisfied: idna<4,>=2.5 in /home/***/.local/lib/python3.12/site-packages (from requests->-r /tmp/venvoyl7xkxc/requirements.txt (line 1)) (3.7)
[2025-03-17T18:54:08.857+0000] {process_utils.py:191} INFO - Requirement already satisfied: urllib3<3,>=1.21.1 in /home/***/.local/lib/python3.12/site-packages (from requests->-r /tmp/venvoyl7xkxc/requirements.txt (line 1)) (2.2.1)
[2025-03-17T18:54:08.858+0000] {process_utils.py:191} INFO - Requirement already satisfied: certifi>=2017.4.17 in /home/***/.local/lib/python3.12/site-packages (from requests->-r /tmp/venvoyl7xkxc/requirements.txt (line 1)) (2024.2.2)
[2025-03-17T18:54:10.682+0000] {process_utils.py:191} INFO - 
[2025-03-17T18:54:10.683+0000] {process_utils.py:191} INFO - [notice] A new release of pip is available: 24.0 -> 25.0.1
[2025-03-17T18:54:10.683+0000] {process_utils.py:191} INFO - [notice] To update, run: python -m pip install --upgrade pip
[2025-03-17T18:54:10.753+0000] {process_utils.py:183} INFO - Executing cmd: /tmp/venvoyl7xkxc/bin/python /tmp/venv-callwjxzr35o/script.py /tmp/venv-callwjxzr35o/script.in /tmp/venv-callwjxzr35o/script.out /tmp/venv-callwjxzr35o/string_args.txt /tmp/venv-callwjxzr35o/termination.log
[2025-03-17T18:54:10.754+0000] {process_utils.py:187} INFO - Output:
[2025-03-17T18:54:11.630+0000] {process_utils.py:191} INFO - /opt/***/logs/scheduler/latest already exists as a dir/file. Skip creating symlink.
[2025-03-17T18:55:07.317+0000] {process_utils.py:191} INFO - getting: bulbasaur
[2025-03-17T18:55:07.318+0000] {process_utils.py:191} INFO - getting: ivysaur
[2025-03-17T18:55:07.319+0000] {process_utils.py:191} INFO - getting: venusaur
[2025-03-17T18:55:07.320+0000] {process_utils.py:191} INFO - getting: charmander
[2025-03-17T18:55:07.320+0000] {process_utils.py:191} INFO - getting: charmeleon
[2025-03-17T18:55:07.320+0000] {process_utils.py:191} INFO - getting: charizard
[2025-03-17T18:55:07.321+0000] {process_utils.py:191} INFO - getting: squirtle
[2025-03-17T18:55:07.321+0000] {process_utils.py:191} INFO - getting: wartortle
[2025-03-17T18:55:07.322+0000] {process_utils.py:191} INFO - getting: blastoise
[2025-03-17T18:55:07.322+0000] {process_utils.py:191} INFO - getting: caterpie
[2025-03-17T18:55:07.323+0000] {process_utils.py:191} INFO - getting: metapod
[2025-03-17T18:55:07.323+0000] {process_utils.py:191} INFO - getting: butterfree
[2025-03-17T18:55:07.323+0000] {process_utils.py:191} INFO - getting: weedle
[2025-03-17T18:55:07.323+0000] {process_utils.py:191} INFO - getting: kakuna
[2025-03-17T18:55:07.324+0000] {process_utils.py:191} INFO - getting: beedrill
[2025-03-17T18:55:07.324+0000] {process_utils.py:191} INFO - getting: pidgey
[2025-03-17T18:55:07.324+0000] {process_utils.py:191} INFO - getting: pidgeotto
[2025-03-17T18:55:07.324+0000] {process_utils.py:191} INFO - getting: pidgeot
[2025-03-17T18:55:07.325+0000] {process_utils.py:191} INFO - getting: rattata
[2025-03-17T18:55:07.326+0000] {process_utils.py:191} INFO - getting: raticate
[2025-03-17T18:55:07.327+0000] {process_utils.py:191} INFO - getting: spearow
[2025-03-17T18:55:07.327+0000] {process_utils.py:191} INFO - getting: fearow
[2025-03-17T18:55:07.327+0000] {process_utils.py:191} INFO - getting: ekans
[2025-03-17T18:55:07.328+0000] {process_utils.py:191} INFO - getting: arbok
[2025-03-17T18:55:07.328+0000] {process_utils.py:191} INFO - getting: pikachu
[2025-03-17T18:55:07.329+0000] {process_utils.py:191} INFO - getting: raichu
[2025-03-17T18:55:07.330+0000] {process_utils.py:191} INFO - getting: sandshrew
[2025-03-17T18:55:07.330+0000] {process_utils.py:191} INFO - getting: sandslash
[2025-03-17T18:55:07.330+0000] {process_utils.py:191} INFO - getting: nidoran-f
[2025-03-17T18:55:07.331+0000] {process_utils.py:191} INFO - getting: nidorina
[2025-03-17T18:55:07.331+0000] {process_utils.py:191} INFO - getting: nidoqueen
[2025-03-17T18:55:07.331+0000] {process_utils.py:191} INFO - getting: nidoran-m
[2025-03-17T18:55:07.332+0000] {process_utils.py:191} INFO - getting: nidorino
[2025-03-17T18:55:07.332+0000] {process_utils.py:191} INFO - getting: nidoking
[2025-03-17T18:55:07.333+0000] {process_utils.py:191} INFO - getting: clefairy
[2025-03-17T18:55:07.333+0000] {process_utils.py:191} INFO - getting: clefable
[2025-03-17T18:55:07.333+0000] {process_utils.py:191} INFO - getting: vulpix
[2025-03-17T18:55:07.334+0000] {process_utils.py:191} INFO - getting: ninetales
[2025-03-17T18:55:07.334+0000] {process_utils.py:191} INFO - getting: jigglypuff
[2025-03-17T18:55:07.334+0000] {process_utils.py:191} INFO - getting: wigglytuff
[2025-03-17T18:55:07.335+0000] {process_utils.py:191} INFO - getting: zubat
[2025-03-17T18:55:07.335+0000] {process_utils.py:191} INFO - getting: golbat
[2025-03-17T18:55:07.336+0000] {process_utils.py:191} INFO - getting: oddish
[2025-03-17T18:55:07.336+0000] {process_utils.py:191} INFO - getting: gloom
[2025-03-17T18:55:07.336+0000] {process_utils.py:191} INFO - getting: vileplume
[2025-03-17T18:55:07.337+0000] {process_utils.py:191} INFO - getting: paras
[2025-03-17T18:55:07.337+0000] {process_utils.py:191} INFO - getting: parasect
[2025-03-17T18:55:07.338+0000] {process_utils.py:191} INFO - getting: venonat
[2025-03-17T18:55:07.338+0000] {process_utils.py:191} INFO - getting: venomoth
[2025-03-17T18:55:07.338+0000] {process_utils.py:191} INFO - getting: diglett
[2025-03-17T18:55:07.339+0000] {process_utils.py:191} INFO - getting: dugtrio
[2025-03-17T18:55:07.339+0000] {process_utils.py:191} INFO - getting: meowth
[2025-03-17T18:55:07.339+0000] {process_utils.py:191} INFO - getting: persian
[2025-03-17T18:55:07.340+0000] {process_utils.py:191} INFO - getting: psyduck
[2025-03-17T18:55:07.340+0000] {process_utils.py:191} INFO - getting: golduck
[2025-03-17T18:55:07.341+0000] {process_utils.py:191} INFO - getting: mankey
[2025-03-17T18:55:07.341+0000] {process_utils.py:191} INFO - getting: primeape
[2025-03-17T18:55:07.341+0000] {process_utils.py:191} INFO - getting: growlithe
[2025-03-17T18:55:07.342+0000] {process_utils.py:191} INFO - getting: arcanine
[2025-03-17T18:55:07.342+0000] {process_utils.py:191} INFO - getting: poliwag
[2025-03-17T18:55:07.343+0000] {process_utils.py:191} INFO - getting: poliwhirl
[2025-03-17T18:55:07.343+0000] {process_utils.py:191} INFO - getting: poliwrath
[2025-03-17T18:55:07.344+0000] {process_utils.py:191} INFO - getting: abra
[2025-03-17T18:55:07.344+0000] {process_utils.py:191} INFO - getting: kadabra
[2025-03-17T18:55:07.344+0000] {process_utils.py:191} INFO - getting: alakazam
[2025-03-17T18:55:07.345+0000] {process_utils.py:191} INFO - getting: machop
[2025-03-17T18:55:07.345+0000] {process_utils.py:191} INFO - getting: machoke
[2025-03-17T18:55:07.345+0000] {process_utils.py:191} INFO - getting: machamp
[2025-03-17T18:55:07.345+0000] {process_utils.py:191} INFO - getting: bellsprout
[2025-03-17T18:55:07.346+0000] {process_utils.py:191} INFO - getting: weepinbell
[2025-03-17T18:55:07.347+0000] {process_utils.py:191} INFO - getting: victreebel
[2025-03-17T18:55:07.348+0000] {process_utils.py:191} INFO - getting: tentacool
[2025-03-17T18:55:07.348+0000] {process_utils.py:191} INFO - getting: tentacruel
[2025-03-17T18:55:07.348+0000] {process_utils.py:191} INFO - getting: geodude
[2025-03-17T18:55:07.349+0000] {process_utils.py:191} INFO - getting: graveler
[2025-03-17T18:55:07.350+0000] {process_utils.py:191} INFO - getting: golem
[2025-03-17T18:55:07.350+0000] {process_utils.py:191} INFO - getting: ponyta
[2025-03-17T18:55:07.350+0000] {process_utils.py:191} INFO - getting: rapidash
[2025-03-17T18:55:07.351+0000] {process_utils.py:191} INFO - getting: slowpoke
[2025-03-17T18:55:07.351+0000] {process_utils.py:191} INFO - getting: slowbro
[2025-03-17T18:55:07.351+0000] {process_utils.py:191} INFO - getting: poliwhirl
[2025-03-17T18:55:07.352+0000] {process_utils.py:191} INFO - getting: poliwrath
[2025-03-17T18:55:07.352+0000] {process_utils.py:191} INFO - getting: abra
[2025-03-17T18:55:07.353+0000] {process_utils.py:191} INFO - getting: kadabra
[2025-03-17T18:55:07.353+0000] {process_utils.py:191} INFO - getting: alakazam
[2025-03-17T18:55:07.354+0000] {process_utils.py:191} INFO - getting: machop
[2025-03-17T18:55:07.354+0000] {process_utils.py:191} INFO - getting: machoke
[2025-03-17T18:55:07.354+0000] {process_utils.py:191} INFO - getting: machamp
[2025-03-17T18:55:07.355+0000] {process_utils.py:191} INFO - getting: bellsprout
[2025-03-17T18:55:07.355+0000] {process_utils.py:191} INFO - getting: weepinbell
[2025-03-17T18:55:07.355+0000] {process_utils.py:191} INFO - getting: victreebel
[2025-03-17T18:55:07.356+0000] {process_utils.py:191} INFO - getting: tentacool
[2025-03-17T18:55:07.356+0000] {process_utils.py:191} INFO - getting: tentacruel
[2025-03-17T18:55:07.356+0000] {process_utils.py:191} INFO - getting: geodude
[2025-03-17T18:55:07.357+0000] {process_utils.py:191} INFO - getting: graveler
[2025-03-17T18:55:07.357+0000] {process_utils.py:191} INFO - getting: golem
[2025-03-17T18:55:07.358+0000] {process_utils.py:191} INFO - getting: ponyta
[2025-03-17T18:55:07.358+0000] {process_utils.py:191} INFO - getting: rapidash
[2025-03-17T18:55:07.359+0000] {process_utils.py:191} INFO - getting: slowpoke
[2025-03-17T18:55:07.359+0000] {process_utils.py:191} INFO - getting: slowbro
[2025-03-17T18:55:07.360+0000] {process_utils.py:191} INFO - getting: magnemite
[2025-03-17T18:55:07.360+0000] {process_utils.py:191} INFO - getting: magneton
[2025-03-17T18:55:07.361+0000] {process_utils.py:191} INFO - getting: farfetchd
[2025-03-17T18:55:07.361+0000] {process_utils.py:191} INFO - getting: doduo
[2025-03-17T18:55:07.361+0000] {process_utils.py:191} INFO - getting: dodrio
[2025-03-17T18:55:07.362+0000] {process_utils.py:191} INFO - getting: seel
[2025-03-17T18:55:07.362+0000] {process_utils.py:191} INFO - getting: dewgong
[2025-03-17T18:55:07.362+0000] {process_utils.py:191} INFO - getting: grimer
[2025-03-17T18:55:07.363+0000] {process_utils.py:191} INFO - getting: muk
[2025-03-17T18:55:07.363+0000] {process_utils.py:191} INFO - getting: shellder
[2025-03-17T18:55:07.363+0000] {process_utils.py:191} INFO - getting: cloyster
[2025-03-17T18:55:07.364+0000] {process_utils.py:191} INFO - getting: gastly
[2025-03-17T18:55:07.364+0000] {process_utils.py:191} INFO - getting: haunter
[2025-03-17T18:55:07.364+0000] {process_utils.py:191} INFO - getting: gengar
[2025-03-17T18:55:07.365+0000] {process_utils.py:191} INFO - getting: onix
[2025-03-17T18:55:07.365+0000] {process_utils.py:191} INFO - getting: drowzee
[2025-03-17T18:55:07.365+0000] {process_utils.py:191} INFO - getting: hypno
[2025-03-17T18:55:07.366+0000] {process_utils.py:191} INFO - getting: krabby
[2025-03-17T18:55:07.366+0000] {process_utils.py:191} INFO - getting: kingler
[2025-03-17T18:55:07.367+0000] {process_utils.py:191} INFO - getting: voltorb
[2025-03-17T18:55:07.367+0000] {process_utils.py:191} INFO - getting: electrode
[2025-03-17T18:55:07.368+0000] {process_utils.py:191} INFO - getting: exeggcute
[2025-03-17T18:55:07.368+0000] {process_utils.py:191} INFO - getting: exeggutor
[2025-03-17T18:55:07.368+0000] {process_utils.py:191} INFO - getting: cubone
[2025-03-17T18:55:07.369+0000] {process_utils.py:191} INFO - getting: marowak
[2025-03-17T18:55:07.369+0000] {process_utils.py:191} INFO - getting: hitmonlee
[2025-03-17T18:55:07.370+0000] {process_utils.py:191} INFO - getting: hitmonchan
[2025-03-17T18:55:07.370+0000] {process_utils.py:191} INFO - getting: lickitung
[2025-03-17T18:55:07.370+0000] {process_utils.py:191} INFO - getting: koffing
[2025-03-17T18:55:07.371+0000] {process_utils.py:191} INFO - getting: weezing
[2025-03-17T18:55:07.371+0000] {process_utils.py:191} INFO - getting: rhyhorn
[2025-03-17T18:55:07.372+0000] {process_utils.py:191} INFO - getting: rhydon
[2025-03-17T18:55:07.372+0000] {process_utils.py:191} INFO - getting: chansey
[2025-03-17T18:55:07.372+0000] {process_utils.py:191} INFO - getting: tangela
[2025-03-17T18:55:07.373+0000] {process_utils.py:191} INFO - getting: kangaskhan
[2025-03-17T18:55:07.373+0000] {process_utils.py:191} INFO - getting: horsea
[2025-03-17T18:55:07.373+0000] {process_utils.py:191} INFO - getting: seadra
[2025-03-17T18:55:07.374+0000] {process_utils.py:191} INFO - getting: goldeen
[2025-03-17T18:55:07.374+0000] {process_utils.py:191} INFO - getting: seaking
[2025-03-17T18:55:07.375+0000] {process_utils.py:191} INFO - getting: staryu
[2025-03-17T18:55:07.375+0000] {process_utils.py:191} INFO - getting: magnemite
[2025-03-17T18:55:07.376+0000] {process_utils.py:191} INFO - getting: magneton
[2025-03-17T18:55:07.376+0000] {process_utils.py:191} INFO - getting: farfetchd
[2025-03-17T18:55:07.376+0000] {process_utils.py:191} INFO - getting: doduo
[2025-03-17T18:55:07.377+0000] {process_utils.py:191} INFO - getting: dodrio
[2025-03-17T18:55:07.378+0000] {process_utils.py:191} INFO - getting: seel
[2025-03-17T18:55:07.378+0000] {process_utils.py:191} INFO - getting: dewgong
[2025-03-17T18:55:07.379+0000] {process_utils.py:191} INFO - getting: grimer
[2025-03-17T18:55:07.379+0000] {process_utils.py:191} INFO - getting: muk
[2025-03-17T18:55:07.379+0000] {process_utils.py:191} INFO - getting: shellder
[2025-03-17T18:55:07.380+0000] {process_utils.py:191} INFO - getting: cloyster
[2025-03-17T18:55:07.380+0000] {process_utils.py:191} INFO - getting: gastly
[2025-03-17T18:55:07.381+0000] {process_utils.py:191} INFO - getting: haunter
[2025-03-17T18:55:07.381+0000] {process_utils.py:191} INFO - getting: gengar
[2025-03-17T18:55:07.382+0000] {process_utils.py:191} INFO - getting: onix
[2025-03-17T18:55:07.382+0000] {process_utils.py:191} INFO - getting: drowzee
[2025-03-17T18:55:07.383+0000] {process_utils.py:191} INFO - getting: hypno
[2025-03-17T18:55:07.383+0000] {process_utils.py:191} INFO - getting: krabby
[2025-03-17T18:55:07.383+0000] {process_utils.py:191} INFO - getting: kingler
[2025-03-17T18:55:07.384+0000] {process_utils.py:191} INFO - getting: voltorb
[2025-03-17T18:55:07.384+0000] {process_utils.py:191} INFO - getting: electrode
[2025-03-17T18:55:07.384+0000] {process_utils.py:191} INFO - getting: exeggcute
[2025-03-17T18:55:07.385+0000] {process_utils.py:191} INFO - getting: exeggutor
[2025-03-17T18:55:07.385+0000] {process_utils.py:191} INFO - getting: cubone
[2025-03-17T18:55:07.385+0000] {process_utils.py:191} INFO - getting: marowak
[2025-03-17T18:55:07.386+0000] {process_utils.py:191} INFO - getting: hitmonlee
[2025-03-17T18:55:07.386+0000] {process_utils.py:191} INFO - getting: hitmonchan
[2025-03-17T18:55:07.386+0000] {process_utils.py:191} INFO - getting: lickitung
[2025-03-17T18:55:07.387+0000] {process_utils.py:191} INFO - getting: koffing
[2025-03-17T18:55:07.387+0000] {process_utils.py:191} INFO - getting: weezing
[2025-03-17T18:55:07.388+0000] {process_utils.py:191} INFO - getting: rhyhorn
[2025-03-17T18:55:07.388+0000] {process_utils.py:191} INFO - getting: rhydon
[2025-03-17T18:55:07.388+0000] {process_utils.py:191} INFO - getting: chansey
[2025-03-17T18:55:07.389+0000] {process_utils.py:191} INFO - getting: tangela
[2025-03-17T18:55:07.389+0000] {process_utils.py:191} INFO - getting: kangaskhan
[2025-03-17T18:55:07.389+0000] {process_utils.py:191} INFO - getting: horsea
[2025-03-17T18:55:07.390+0000] {process_utils.py:191} INFO - getting: seadra
[2025-03-17T18:55:07.390+0000] {process_utils.py:191} INFO - getting: goldeen
[2025-03-17T18:55:07.390+0000] {process_utils.py:191} INFO - getting: seaking
[2025-03-17T18:55:07.391+0000] {process_utils.py:191} INFO - getting: staryu
[2025-03-17T18:55:07.391+0000] {process_utils.py:191} INFO - getting: starmie
[2025-03-17T18:55:07.391+0000] {process_utils.py:191} INFO - getting: mr-mime
[2025-03-17T18:55:07.392+0000] {process_utils.py:191} INFO - getting: scyther
[2025-03-17T18:55:07.392+0000] {process_utils.py:191} INFO - getting: jynx
[2025-03-17T18:55:07.393+0000] {process_utils.py:191} INFO - getting: electabuzz
[2025-03-17T18:55:07.393+0000] {process_utils.py:191} INFO - getting: magmar
[2025-03-17T18:55:07.394+0000] {process_utils.py:191} INFO - getting: pinsir
[2025-03-17T18:55:07.394+0000] {process_utils.py:191} INFO - getting: tauros
[2025-03-17T18:55:07.394+0000] {process_utils.py:191} INFO - getting: magikarp
[2025-03-17T18:55:07.395+0000] {process_utils.py:191} INFO - getting: gyarados
[2025-03-17T18:55:07.395+0000] {process_utils.py:191} INFO - getting: lapras
[2025-03-17T18:55:07.396+0000] {process_utils.py:191} INFO - getting: ditto
[2025-03-17T18:55:07.396+0000] {process_utils.py:191} INFO - getting: eevee
[2025-03-17T18:55:07.396+0000] {process_utils.py:191} INFO - getting: vaporeon
[2025-03-17T18:55:07.397+0000] {process_utils.py:191} INFO - getting: jolteon
[2025-03-17T18:55:07.397+0000] {process_utils.py:191} INFO - getting: flareon
[2025-03-17T18:55:07.397+0000] {process_utils.py:191} INFO - getting: porygon
[2025-03-17T18:55:07.398+0000] {process_utils.py:191} INFO - getting: omanyte
[2025-03-17T18:55:07.398+0000] {process_utils.py:191} INFO - getting: omastar
[2025-03-17T18:55:07.399+0000] {process_utils.py:191} INFO - getting: kabuto
[2025-03-17T18:55:07.399+0000] {process_utils.py:191} INFO - getting: kabutops
[2025-03-17T18:55:07.399+0000] {process_utils.py:191} INFO - getting: aerodactyl
[2025-03-17T18:55:07.400+0000] {process_utils.py:191} INFO - getting: snorlax
[2025-03-17T18:55:07.400+0000] {process_utils.py:191} INFO - getting: articuno
[2025-03-17T18:55:07.400+0000] {process_utils.py:191} INFO - getting: zapdos
[2025-03-17T18:55:07.401+0000] {process_utils.py:191} INFO - getting: moltres
[2025-03-17T18:55:07.401+0000] {process_utils.py:191} INFO - getting: dratini
[2025-03-17T18:55:07.402+0000] {process_utils.py:191} INFO - getting: dragonair
[2025-03-17T18:55:07.402+0000] {process_utils.py:191} INFO - getting: dragonite
[2025-03-17T18:55:07.403+0000] {process_utils.py:191} INFO - getting: mewtwo
[2025-03-17T18:55:07.403+0000] {process_utils.py:191} INFO - getting: mew
[2025-03-17T18:55:07.403+0000] {process_utils.py:191} INFO - getting: chikorita
[2025-03-17T18:55:07.404+0000] {process_utils.py:191} INFO - getting: bayleef
[2025-03-17T18:55:07.404+0000] {process_utils.py:191} INFO - getting: meganium
[2025-03-17T18:55:07.405+0000] {process_utils.py:191} INFO - getting: cyndaquil
[2025-03-17T18:55:07.405+0000] {process_utils.py:191} INFO - getting: quilava
[2025-03-17T18:55:07.406+0000] {process_utils.py:191} INFO - getting: typhlosion
[2025-03-17T18:55:07.406+0000] {process_utils.py:191} INFO - getting: totodile
[2025-03-17T18:55:07.406+0000] {process_utils.py:191} INFO - getting: croconaw
[2025-03-17T18:55:07.407+0000] {process_utils.py:191} INFO - getting: feraligatr
[2025-03-17T18:55:07.509+0000] {python.py:237} INFO - Done. Returned value was: [{'name': 'bulbasaur', 'url': 'https://pokeapi.co/api/v2/pokemon/1/', 'weight': 69}, {'name': 'ivysaur', 'url': 'https://pokeapi.co/api/v2/pokemon/2/', 'weight': 130}, {'name': 'venusaur', 'url': 'https://pokeapi.co/api/v2/pokemon/3/', 'weight': 1000}, {'name': 'charmander', 'url': 'https://pokeapi.co/api/v2/pokemon/4/', 'weight': 85}, {'name': 'charmeleon', 'url': 'https://pokeapi.co/api/v2/pokemon/5/', 'weight': 190}, {'name': 'charizard', 'url': 'https://pokeapi.co/api/v2/pokemon/6/', 'weight': 905}, {'name': 'squirtle', 'url': 'https://pokeapi.co/api/v2/pokemon/7/', 'weight': 90}, {'name': 'wartortle', 'url': 'https://pokeapi.co/api/v2/pokemon/8/', 'weight': 225}, {'name': 'blastoise', 'url': 'https://pokeapi.co/api/v2/pokemon/9/', 'weight': 855}, {'name': 'caterpie', 'url': 'https://pokeapi.co/api/v2/pokemon/10/', 'weight': 29}, {'name': 'metapod', 'url': 'https://pokeapi.co/api/v2/pokemon/11/', 'weight': 99}, {'name': 'butterfree', 'url': 'https://pokeapi.co/api/v2/pokemon/12/', 'weight': 320}, {'name': 'weedle', 'url': 'https://pokeapi.co/api/v2/pokemon/13/', 'weight': 32}, {'name': 'kakuna', 'url': 'https://pokeapi.co/api/v2/pokemon/14/', 'weight': 100}, {'name': 'beedrill', 'url': 'https://pokeapi.co/api/v2/pokemon/15/', 'weight': 295}, {'name': 'pidgey', 'url': 'https://pokeapi.co/api/v2/pokemon/16/', 'weight': 18}, {'name': 'pidgeotto', 'url': 'https://pokeapi.co/api/v2/pokemon/17/', 'weight': 300}, {'name': 'pidgeot', 'url': 'https://pokeapi.co/api/v2/pokemon/18/', 'weight': 395}, {'name': 'rattata', 'url': 'https://pokeapi.co/api/v2/pokemon/19/', 'weight': 35}, {'name': 'raticate', 'url': 'https://pokeapi.co/api/v2/pokemon/20/', 'weight': 185}, {'name': 'spearow', 'url': 'https://pokeapi.co/api/v2/pokemon/21/', 'weight': 20}, {'name': 'fearow', 'url': 'https://pokeapi.co/api/v2/pokemon/22/', 'weight': 380}, {'name': 'ekans', 'url': 'https://pokeapi.co/api/v2/pokemon/23/', 'weight': 69}, {'name': 'arbok', 'url': 'https://pokeapi.co/api/v2/pokemon/24/', 'weight': 650}, {'name': 'pikachu', 'url': 'https://pokeapi.co/api/v2/pokemon/25/', 'weight': 60}, {'name': 'raichu', 'url': 'https://pokeapi.co/api/v2/pokemon/26/', 'weight': 300}, {'name': 'sandshrew', 'url': 'https://pokeapi.co/api/v2/pokemon/27/', 'weight': 120}, {'name': 'sandslash', 'url': 'https://pokeapi.co/api/v2/pokemon/28/', 'weight': 295}, {'name': 'nidoran-f', 'url': 'https://pokeapi.co/api/v2/pokemon/29/', 'weight': 70}, {'name': 'nidorina', 'url': 'https://pokeapi.co/api/v2/pokemon/30/', 'weight': 200}, {'name': 'nidoqueen', 'url': 'https://pokeapi.co/api/v2/pokemon/31/', 'weight': 600}, {'name': 'nidoran-m', 'url': 'https://pokeapi.co/api/v2/pokemon/32/', 'weight': 90}, {'name': 'nidorino', 'url': 'https://pokeapi.co/api/v2/pokemon/33/', 'weight': 195}, {'name': 'nidoking', 'url': 'https://pokeapi.co/api/v2/pokemon/34/', 'weight': 620}, {'name': 'clefairy', 'url': 'https://pokeapi.co/api/v2/pokemon/35/', 'weight': 75}, {'name': 'clefable', 'url': 'https://pokeapi.co/api/v2/pokemon/36/', 'weight': 400}, {'name': 'vulpix', 'url': 'https://pokeapi.co/api/v2/pokemon/37/', 'weight': 99}, {'name': 'ninetales', 'url': 'https://pokeapi.co/api/v2/pokemon/38/', 'weight': 199}, {'name': 'jigglypuff', 'url': 'https://pokeapi.co/api/v2/pokemon/39/', 'weight': 55}, {'name': 'wigglytuff', 'url': 'https://pokeapi.co/api/v2/pokemon/40/', 'weight': 120}, {'name': 'zubat', 'url': 'https://pokeapi.co/api/v2/pokemon/41/', 'weight': 75}, {'name': 'golbat', 'url': 'https://pokeapi.co/api/v2/pokemon/42/', 'weight': 550}, {'name': 'oddish', 'url': 'https://pokeapi.co/api/v2/pokemon/43/', 'weight': 54}, {'name': 'gloom', 'url': 'https://pokeapi.co/api/v2/pokemon/44/', 'weight': 86}, {'name': 'vileplume', 'url': 'https://pokeapi.co/api/v2/pokemon/45/', 'weight': 186}, {'name': 'paras', 'url': 'https://pokeapi.co/api/v2/pokemon/46/', 'weight': 54}, {'name': 'parasect', 'url': 'https://pokeapi.co/api/v2/pokemon/47/', 'weight': 295}, {'name': 'venonat', 'url': 'https://pokeapi.co/api/v2/pokemon/48/', 'weight': 300}, {'name': 'venomoth', 'url': 'https://pokeapi.co/api/v2/pokemon/49/', 'weight': 125}, {'name': 'diglett', 'url': 'https://pokeapi.co/api/v2/pokemon/50/', 'weight': 8}, {'name': 'dugtrio', 'url': 'https://pokeapi.co/api/v2/pokemon/51/', 'weight': 333}, {'name': 'meowth', 'url': 'https://pokeapi.co/api/v2/pokemon/52/', 'weight': 42}, {'name': 'persian', 'url': 'https://pokeapi.co/api/v2/pokemon/53/', 'weight': 320}, {'name': 'psyduck', 'url': 'https://pokeapi.co/api/v2/pokemon/54/', 'weight': 196}, {'name': 'golduck', 'url': 'https://pokeapi.co/api/v2/pokemon/55/', 'weight': 766}, {'name': 'mankey', 'url': 'https://pokeapi.co/api/v2/pokemon/56/', 'weight': 280}, {'name': 'primeape', 'url': 'https://pokeapi.co/api/v2/pokemon/57/', 'weight': 320}, {'name': 'growlithe', 'url': 'https://pokeapi.co/api/v2/pokemon/58/', 'weight': 190}, {'name': 'arcanine', 'url': 'https://pokeapi.co/api/v2/pokemon/59/', 'weight': 1550}, {'name': 'poliwag', 'url': 'https://pokeapi.co/api/v2/pokemon/60/', 'weight': 124}, {'name': 'poliwhirl', 'url': 'https://pokeapi.co/api/v2/pokemon/61/', 'weight': 200}, {'name': 'poliwrath', 'url': 'https://pokeapi.co/api/v2/pokemon/62/', 'weight': 540}, {'name': 'abra', 'url': 'https://pokeapi.co/api/v2/pokemon/63/', 'weight': 195}, {'name': 'kadabra', 'url': 'https://pokeapi.co/api/v2/pokemon/64/', 'weight': 565}, {'name': 'alakazam', 'url': 'https://pokeapi.co/api/v2/pokemon/65/', 'weight': 480}, {'name': 'machop', 'url': 'https://pokeapi.co/api/v2/pokemon/66/', 'weight': 195}, {'name': 'machoke', 'url': 'https://pokeapi.co/api/v2/pokemon/67/', 'weight': 705}, {'name': 'machamp', 'url': 'https://pokeapi.co/api/v2/pokemon/68/', 'weight': 1300}, {'name': 'bellsprout', 'url': 'https://pokeapi.co/api/v2/pokemon/69/', 'weight': 40}, {'name': 'weepinbell', 'url': 'https://pokeapi.co/api/v2/pokemon/70/', 'weight': 64}, {'name': 'victreebel', 'url': 'https://pokeapi.co/api/v2/pokemon/71/', 'weight': 155}, {'name': 'tentacool', 'url': 'https://pokeapi.co/api/v2/pokemon/72/', 'weight': 455}, {'name': 'tentacruel', 'url': 'https://pokeapi.co/api/v2/pokemon/73/', 'weight': 550}, {'name': 'geodude', 'url': 'https://pokeapi.co/api/v2/pokemon/74/', 'weight': 200}, {'name': 'graveler', 'url': 'https://pokeapi.co/api/v2/pokemon/75/', 'weight': 1050}, {'name': 'golem', 'url': 'https://pokeapi.co/api/v2/pokemon/76/', 'weight': 3000}, {'name': 'ponyta', 'url': 'https://pokeapi.co/api/v2/pokemon/77/', 'weight': 300}, {'name': 'rapidash', 'url': 'https://pokeapi.co/api/v2/pokemon/78/', 'weight': 950}, {'name': 'slowpoke', 'url': 'https://pokeapi.co/api/v2/pokemon/79/', 'weight': 360}, {'name': 'slowbro', 'url': 'https://pokeapi.co/api/v2/pokemon/80/', 'weight': 785}, {'name': 'poliwhirl', 'url': 'https://pokeapi.co/api/v2/pokemon/61/', 'weight': 200}, {'name': 'poliwrath', 'url': 'https://pokeapi.co/api/v2/pokemon/62/', 'weight': 540}, {'name': 'abra', 'url': 'https://pokeapi.co/api/v2/pokemon/63/', 'weight': 195}, {'name': 'kadabra', 'url': 'https://pokeapi.co/api/v2/pokemon/64/', 'weight': 565}, {'name': 'alakazam', 'url': 'https://pokeapi.co/api/v2/pokemon/65/', 'weight': 480}, {'name': 'machop', 'url': 'https://pokeapi.co/api/v2/pokemon/66/', 'weight': 195}, {'name': 'machoke', 'url': 'https://pokeapi.co/api/v2/pokemon/67/', 'weight': 705}, {'name': 'machamp', 'url': 'https://pokeapi.co/api/v2/pokemon/68/', 'weight': 1300}, {'name': 'bellsprout', 'url': 'https://pokeapi.co/api/v2/pokemon/69/', 'weight': 40}, {'name': 'weepinbell', 'url': 'https://pokeapi.co/api/v2/pokemon/70/', 'weight': 64}, {'name': 'victreebel', 'url': 'https://pokeapi.co/api/v2/pokemon/71/', 'weight': 155}, {'name': 'tentacool', 'url': 'https://pokeapi.co/api/v2/pokemon/72/', 'weight': 455}, {'name': 'tentacruel', 'url': 'https://pokeapi.co/api/v2/pokemon/73/', 'weight': 550}, {'name': 'geodude', 'url': 'https://pokeapi.co/api/v2/pokemon/74/', 'weight': 200}, {'name': 'graveler', 'url': 'https://pokeapi.co/api/v2/pokemon/75/', 'weight': 1050}, {'name': 'golem', 'url': 'https://pokeapi.co/api/v2/pokemon/76/', 'weight': 3000}, {'name': 'ponyta', 'url': 'https://pokeapi.co/api/v2/pokemon/77/', 'weight': 300}, {'name': 'rapidash', 'url': 'https://pokeapi.co/api/v2/pokemon/78/', 'weight': 950}, {'name': 'slowpoke', 'url': 'https://pokeapi.co/api/v2/pokemon/79/', 'weight': 360}, {'name': 'slowbro', 'url': 'https://pokeapi.co/api/v2/pokemon/80/', 'weight': 785}, {'name': 'magnemite', 'url': 'https://pokeapi.co/api/v2/pokemon/81/', 'weight': 60}, {'name': 'magneton', 'url': 'https://pokeapi.co/api/v2/pokemon/82/', 'weight': 600}, {'name': 'farfetchd', 'url': 'https://pokeapi.co/api/v2/pokemon/83/', 'weight': 150}, {'name': 'doduo', 'url': 'https://pokeapi.co/api/v2/pokemon/84/', 'weight': 392}, {'name': 'dodrio', 'url': 'https://pokeapi.co/api/v2/pokemon/85/', 'weight': 852}, {'name': 'seel', 'url': 'https://pokeapi.co/api/v2/pokemon/86/', 'weight': 900}, {'name': 'dewgong', 'url': 'https://pokeapi.co/api/v2/pokemon/87/', 'weight': 1200}, {'name': 'grimer', 'url': 'https://pokeapi.co/api/v2/pokemon/88/', 'weight': 300}, {'name': 'muk', 'url': 'https://pokeapi.co/api/v2/pokemon/89/', 'weight': 300}, {'name': 'shellder', 'url': 'https://pokeapi.co/api/v2/pokemon/90/', 'weight': 40}, {'name': 'cloyster', 'url': 'https://pokeapi.co/api/v2/pokemon/91/', 'weight': 1325}, {'name': 'gastly', 'url': 'https://pokeapi.co/api/v2/pokemon/92/', 'weight': 1}, {'name': 'haunter', 'url': 'https://pokeapi.co/api/v2/pokemon/93/', 'weight': 1}, {'name': 'gengar', 'url': 'https://pokeapi.co/api/v2/pokemon/94/', 'weight': 405}, {'name': 'onix', 'url': 'https://pokeapi.co/api/v2/pokemon/95/', 'weight': 2100}, {'name': 'drowzee', 'url': 'https://pokeapi.co/api/v2/pokemon/96/', 'weight': 324}, {'name': 'hypno', 'url': 'https://pokeapi.co/api/v2/pokemon/97/', 'weight': 756}, {'name': 'krabby', 'url': 'https://pokeapi.co/api/v2/pokemon/98/', 'weight': 65}, {'name': 'kingler', 'url': 'https://pokeapi.co/api/v2/pokemon/99/', 'weight': 600}, {'name': 'voltorb', 'url': 'https://pokeapi.co/api/v2/pokemon/100/', 'weight': 104}, {'name': 'electrode', 'url': 'https://pokeapi.co/api/v2/pokemon/101/', 'weight': 666}, {'name': 'exeggcute', 'url': 'https://pokeapi.co/api/v2/pokemon/102/', 'weight': 25}, {'name': 'exeggutor', 'url': 'https://pokeapi.co/api/v2/pokemon/103/', 'weight': 1200}, {'name': 'cubone', 'url': 'https://pokeapi.co/api/v2/pokemon/104/', 'weight': 65}, {'name': 'marowak', 'url': 'https://pokeapi.co/api/v2/pokemon/105/', 'weight': 450}, {'name': 'hitmonlee', 'url': 'https://pokeapi.co/api/v2/pokemon/106/', 'weight': 498}, {'name': 'hitmonchan', 'url': 'https://pokeapi.co/api/v2/pokemon/107/', 'weight': 502}, {'name': 'lickitung', 'url': 'https://pokeapi.co/api/v2/pokemon/108/', 'weight': 655}, {'name': 'koffing', 'url': 'https://pokeapi.co/api/v2/pokemon/109/', 'weight': 10}, {'name': 'weezing', 'url': 'https://pokeapi.co/api/v2/pokemon/110/', 'weight': 95}, {'name': 'rhyhorn', 'url': 'https://pokeapi.co/api/v2/pokemon/111/', 'weight': 1150}, {'name': 'rhydon', 'url': 'https://pokeapi.co/api/v2/pokemon/112/', 'weight': 1200}, {'name': 'chansey', 'url': 'https://pokeapi.co/api/v2/pokemon/113/', 'weight': 346}, {'name': 'tangela', 'url': 'https://pokeapi.co/api/v2/pokemon/114/', 'weight': 350}, {'name': 'kangaskhan', 'url': 'https://pokeapi.co/api/v2/pokemon/115/', 'weight': 800}, {'name': 'horsea', 'url': 'https://pokeapi.co/api/v2/pokemon/116/', 'weight': 80}, {'name': 'seadra', 'url': 'https://pokeapi.co/api/v2/pokemon/117/', 'weight': 250}, {'name': 'goldeen', 'url': 'https://pokeapi.co/api/v2/pokemon/118/', 'weight': 150}, {'name': 'seaking', 'url': 'https://pokeapi.co/api/v2/pokemon/119/', 'weight': 390}, {'name': 'staryu', 'url': 'https://pokeapi.co/api/v2/pokemon/120/', 'weight': 345}, {'name': 'magnemite', 'url': 'https://pokeapi.co/api/v2/pokemon/81/', 'weight': 60}, {'name': 'magneton', 'url': 'https://pokeapi.co/api/v2/pokemon/82/', 'weight': 600}, {'name': 'farfetchd', 'url': 'https://pokeapi.co/api/v2/pokemon/83/', 'weight': 150}, {'name': 'doduo', 'url': 'https://pokeapi.co/api/v2/pokemon/84/', 'weight': 392}, {'name': 'dodrio', 'url': 'https://pokeapi.co/api/v2/pokemon/85/', 'weight': 852}, {'name': 'seel', 'url': 'https://pokeapi.co/api/v2/pokemon/86/', 'weight': 900}, {'name': 'dewgong', 'url': 'https://pokeapi.co/api/v2/pokemon/87/', 'weight': 1200}, {'name': 'grimer', 'url': 'https://pokeapi.co/api/v2/pokemon/88/', 'weight': 300}, {'name': 'muk', 'url': 'https://pokeapi.co/api/v2/pokemon/89/', 'weight': 300}, {'name': 'shellder', 'url': 'https://pokeapi.co/api/v2/pokemon/90/', 'weight': 40}, {'name': 'cloyster', 'url': 'https://pokeapi.co/api/v2/pokemon/91/', 'weight': 1325}, {'name': 'gastly', 'url': 'https://pokeapi.co/api/v2/pokemon/92/', 'weight': 1}, {'name': 'haunter', 'url': 'https://pokeapi.co/api/v2/pokemon/93/', 'weight': 1}, {'name': 'gengar', 'url': 'https://pokeapi.co/api/v2/pokemon/94/', 'weight': 405}, {'name': 'onix', 'url': 'https://pokeapi.co/api/v2/pokemon/95/', 'weight': 2100}, {'name': 'drowzee', 'url': 'https://pokeapi.co/api/v2/pokemon/96/', 'weight': 324}, {'name': 'hypno', 'url': 'https://pokeapi.co/api/v2/pokemon/97/', 'weight': 756}, {'name': 'krabby', 'url': 'https://pokeapi.co/api/v2/pokemon/98/', 'weight': 65}, {'name': 'kingler', 'url': 'https://pokeapi.co/api/v2/pokemon/99/', 'weight': 600}, {'name': 'voltorb', 'url': 'https://pokeapi.co/api/v2/pokemon/100/', 'weight': 104}, {'name': 'electrode', 'url': 'https://pokeapi.co/api/v2/pokemon/101/', 'weight': 666}, {'name': 'exeggcute', 'url': 'https://pokeapi.co/api/v2/pokemon/102/', 'weight': 25}, {'name': 'exeggutor', 'url': 'https://pokeapi.co/api/v2/pokemon/103/', 'weight': 1200}, {'name': 'cubone', 'url': 'https://pokeapi.co/api/v2/pokemon/104/', 'weight': 65}, {'name': 'marowak', 'url': 'https://pokeapi.co/api/v2/pokemon/105/', 'weight': 450}, {'name': 'hitmonlee', 'url': 'https://pokeapi.co/api/v2/pokemon/106/', 'weight': 498}, {'name': 'hitmonchan', 'url': 'https://pokeapi.co/api/v2/pokemon/107/', 'weight': 502}, {'name': 'lickitung', 'url': 'https://pokeapi.co/api/v2/pokemon/108/', 'weight': 655}, {'name': 'koffing', 'url': 'https://pokeapi.co/api/v2/pokemon/109/', 'weight': 10}, {'name': 'weezing', 'url': 'https://pokeapi.co/api/v2/pokemon/110/', 'weight': 95}, {'name': 'rhyhorn', 'url': 'https://pokeapi.co/api/v2/pokemon/111/', 'weight': 1150}, {'name': 'rhydon', 'url': 'https://pokeapi.co/api/v2/pokemon/112/', 'weight': 1200}, {'name': 'chansey', 'url': 'https://pokeapi.co/api/v2/pokemon/113/', 'weight': 346}, {'name': 'tangela', 'url': 'https://pokeapi.co/api/v2/pokemon/114/', 'weight': 350}, {'name': 'kangaskhan', 'url': 'https://pokeapi.co/api/v2/pokemon/115/', 'weight': 800}, {'name': 'horsea', 'url': 'https://pokeapi.co/api/v2/pokemon/116/', 'weight': 80}, {'name': 'seadra', 'url': 'https://pokeapi.co/api/v2/pokemon/117/', 'weight': 250}, {'name': 'goldeen', 'url': 'https://pokeapi.co/api/v2/pokemon/118/', 'weight': 150}, {'name': 'seaking', 'url': 'https://pokeapi.co/api/v2/pokemon/119/', 'weight': 390}, {'name': 'staryu', 'url': 'https://pokeapi.co/api/v2/pokemon/120/', 'weight': 345}, {'name': 'starmie', 'url': 'https://pokeapi.co/api/v2/pokemon/121/', 'weight': 800}, {'name': 'mr-mime', 'url': 'https://pokeapi.co/api/v2/pokemon/122/', 'weight': 545}, {'name': 'scyther', 'url': 'https://pokeapi.co/api/v2/pokemon/123/', 'weight': 560}, {'name': 'jynx', 'url': 'https://pokeapi.co/api/v2/pokemon/124/', 'weight': 406}, {'name': 'electabuzz', 'url': 'https://pokeapi.co/api/v2/pokemon/125/', 'weight': 300}, {'name': 'magmar', 'url': 'https://pokeapi.co/api/v2/pokemon/126/', 'weight': 445}, {'name': 'pinsir', 'url': 'https://pokeapi.co/api/v2/pokemon/127/', 'weight': 550}, {'name': 'tauros', 'url': 'https://pokeapi.co/api/v2/pokemon/128/', 'weight': 884}, {'name': 'magikarp', 'url': 'https://pokeapi.co/api/v2/pokemon/129/', 'weight': 100}, {'name': 'gyarados', 'url': 'https://pokeapi.co/api/v2/pokemon/130/', 'weight': 2350}, {'name': 'lapras', 'url': 'https://pokeapi.co/api/v2/pokemon/131/', 'weight': 2200}, {'name': 'ditto', 'url': 'https://pokeapi.co/api/v2/pokemon/132/', 'weight': 40}, {'name': 'eevee', 'url': 'https://pokeapi.co/api/v2/pokemon/133/', 'weight': 65}, {'name': 'vaporeon', 'url': 'https://pokeapi.co/api/v2/pokemon/134/', 'weight': 290}, {'name': 'jolteon', 'url': 'https://pokeapi.co/api/v2/pokemon/135/', 'weight': 245}, {'name': 'flareon', 'url': 'https://pokeapi.co/api/v2/pokemon/136/', 'weight': 250}, {'name': 'porygon', 'url': 'https://pokeapi.co/api/v2/pokemon/137/', 'weight': 365}, {'name': 'omanyte', 'url': 'https://pokeapi.co/api/v2/pokemon/138/', 'weight': 75}, {'name': 'omastar', 'url': 'https://pokeapi.co/api/v2/pokemon/139/', 'weight': 350}, {'name': 'kabuto', 'url': 'https://pokeapi.co/api/v2/pokemon/140/', 'weight': 115}, {'name': 'kabutops', 'url': 'https://pokeapi.co/api/v2/pokemon/141/', 'weight': 405}, {'name': 'aerodactyl', 'url': 'https://pokeapi.co/api/v2/pokemon/142/', 'weight': 590}, {'name': 'snorlax', 'url': 'https://pokeapi.co/api/v2/pokemon/143/', 'weight': 4600}, {'name': 'articuno', 'url': 'https://pokeapi.co/api/v2/pokemon/144/', 'weight': 554}, {'name': 'zapdos', 'url': 'https://pokeapi.co/api/v2/pokemon/145/', 'weight': 526}, {'name': 'moltres', 'url': 'https://pokeapi.co/api/v2/pokemon/146/', 'weight': 600}, {'name': 'dratini', 'url': 'https://pokeapi.co/api/v2/pokemon/147/', 'weight': 33}, {'name': 'dragonair', 'url': 'https://pokeapi.co/api/v2/pokemon/148/', 'weight': 165}, {'name': 'dragonite', 'url': 'https://pokeapi.co/api/v2/pokemon/149/', 'weight': 2100}, {'name': 'mewtwo', 'url': 'https://pokeapi.co/api/v2/pokemon/150/', 'weight': 1220}, {'name': 'mew', 'url': 'https://pokeapi.co/api/v2/pokemon/151/', 'weight': 40}, {'name': 'chikorita', 'url': 'https://pokeapi.co/api/v2/pokemon/152/', 'weight': 64}, {'name': 'bayleef', 'url': 'https://pokeapi.co/api/v2/pokemon/153/', 'weight': 158}, {'name': 'meganium', 'url': 'https://pokeapi.co/api/v2/pokemon/154/', 'weight': 1005}, {'name': 'cyndaquil', 'url': 'https://pokeapi.co/api/v2/pokemon/155/', 'weight': 79}, {'name': 'quilava', 'url': 'https://pokeapi.co/api/v2/pokemon/156/', 'weight': 190}, {'name': 'typhlosion', 'url': 'https://pokeapi.co/api/v2/pokemon/157/', 'weight': 795}, {'name': 'totodile', 'url': 'https://pokeapi.co/api/v2/pokemon/158/', 'weight': 95}, {'name': 'croconaw', 'url': 'https://pokeapi.co/api/v2/pokemon/159/', 'weight': 250}, {'name': 'feraligatr', 'url': 'https://pokeapi.co/api/v2/pokemon/160/', 'weight': 888}]
[2025-03-17T18:55:07.513+0000] {taskinstance.py:441} INFO - ::group::Post task execution logs
[2025-03-17T18:55:07.532+0000] {taskinstance.py:1206} INFO - Marking task as SUCCESS. dag_id=clustering_deidentification, task_id=get_pokemon_weights, run_id=manual__2025-03-17T18:53:55.428287+00:00, execution_date=20250317T185355, start_date=20250317T185407, end_date=20250317T185507
[2025-03-17T18:55:07.552+0000] {local_task_job_runner.py:240} INFO - Task exited with return code 0
[2025-03-17T18:55:07.569+0000] {taskinstance.py:3498} INFO - 1 downstream tasks scheduled from follow-on schedule check
[2025-03-17T18:55:07.572+0000] {local_task_job_runner.py:222} INFO - ::endgroup::
