[2024-06-23T01:04:24.902+0000] {local_task_job_runner.py:120} INFO - ::group::Pre task execution logs
[2024-06-23T01:04:24.927+0000] {taskinstance.py:2076} INFO - Dependencies all met for dep_context=non-requeueable deps ti=<TaskInstance: pokemon_example.clusterpokemonweights manual__2024-06-23T01:03:59.113952+00:00 [queued]>
[2024-06-23T01:04:24.935+0000] {taskinstance.py:2076} INFO - Dependencies all met for dep_context=requeueable deps ti=<TaskInstance: pokemon_example.clusterpokemonweights manual__2024-06-23T01:03:59.113952+00:00 [queued]>
[2024-06-23T01:04:24.935+0000] {taskinstance.py:2306} INFO - Starting attempt 1 of 1
[2024-06-23T01:04:24.950+0000] {taskinstance.py:2330} INFO - Executing <Task(_PythonVirtualenvDecoratedOperator): clusterpokemonweights> on 2024-06-23 01:03:59.113952+00:00
[2024-06-23T01:04:24.957+0000] {warnings.py:110} WARNING - /home/***/.local/lib/python3.12/site-packages/***/task/task_runner/standard_task_runner.py:61: DeprecationWarning: This process (pid=6749) is multi-threaded, use of fork() may lead to deadlocks in the child.
  pid = os.fork()

[2024-06-23T01:04:24.958+0000] {standard_task_runner.py:63} INFO - Started process 6750 to run task
[2024-06-23T01:04:24.959+0000] {standard_task_runner.py:90} INFO - Running: ['***', 'tasks', 'run', 'pokemon_example', 'clusterpokemonweights', 'manual__2024-06-23T01:03:59.113952+00:00', '--job-id', '88', '--raw', '--subdir', 'DAGS_FOLDER/python_operators.py', '--cfg-path', '/tmp/tmphtxt_sn_']
[2024-06-23T01:04:24.960+0000] {standard_task_runner.py:91} INFO - Job 88: Subtask clusterpokemonweights
[2024-06-23T01:04:25.001+0000] {task_command.py:426} INFO - Running <TaskInstance: pokemon_example.clusterpokemonweights manual__2024-06-23T01:03:59.113952+00:00 [running]> on host c357804a93ab
[2024-06-23T01:04:25.109+0000] {taskinstance.py:2648} INFO - Exporting env vars: AIRFLOW_CTX_DAG_OWNER='***' AIRFLOW_CTX_DAG_ID='pokemon_example' AIRFLOW_CTX_TASK_ID='clusterpokemonweights' AIRFLOW_CTX_EXECUTION_DATE='2024-06-23T01:03:59.113952+00:00' AIRFLOW_CTX_TRY_NUMBER='1' AIRFLOW_CTX_DAG_RUN_ID='manual__2024-06-23T01:03:59.113952+00:00'
[2024-06-23T01:04:25.110+0000] {taskinstance.py:430} INFO - ::endgroup::
[2024-06-23T01:04:25.111+0000] {process_utils.py:183} INFO - Executing cmd: /home/***/.local/bin/python -m virtualenv /tmp/venv27hyezzk --system-site-packages --python=python
[2024-06-23T01:04:25.112+0000] {process_utils.py:187} INFO - Output:
[2024-06-23T01:04:25.927+0000] {process_utils.py:191} INFO - created virtual environment CPython3.12.3.final.0-64 in 261ms
[2024-06-23T01:04:25.927+0000] {process_utils.py:191} INFO -   creator CPython3Posix(dest=/tmp/venv27hyezzk, clear=False, no_vcs_ignore=False, global=True)
[2024-06-23T01:04:25.928+0000] {process_utils.py:191} INFO -   seeder FromAppData(download=False, pip=bundle, via=copy, app_data_dir=/home/***/.local/share/virtualenv)
[2024-06-23T01:04:25.928+0000] {process_utils.py:191} INFO -     added seed packages: pip==24.0
[2024-06-23T01:04:25.929+0000] {process_utils.py:191} INFO -   activators BashActivator,CShellActivator,FishActivator,NushellActivator,PowerShellActivator,PythonActivator
[2024-06-23T01:04:25.949+0000] {process_utils.py:183} INFO - Executing cmd: /tmp/venv27hyezzk/bin/pip install -r /tmp/venv27hyezzk/requirements.txt
[2024-06-23T01:04:25.950+0000] {process_utils.py:187} INFO - Output:
[2024-06-23T01:04:28.059+0000] {process_utils.py:191} INFO - Requirement already satisfied: numpy in /home/***/.local/lib/python3.12/site-packages (from -r /tmp/venv27hyezzk/requirements.txt (line 1)) (1.26.4)
[2024-06-23T01:04:28.489+0000] {process_utils.py:191} INFO - Collecting scikit-learn (from -r /tmp/venv27hyezzk/requirements.txt (line 2))
[2024-06-23T01:04:28.491+0000] {process_utils.py:191} INFO -   Using cached scikit_learn-1.5.0-cp312-cp312-manylinux_2_17_x86_64.manylinux2014_x86_64.whl.metadata (11 kB)
[2024-06-23T01:04:28.768+0000] {process_utils.py:191} INFO - Collecting scipy>=1.6.0 (from scikit-learn->-r /tmp/venv27hyezzk/requirements.txt (line 2))
[2024-06-23T01:04:28.770+0000] {process_utils.py:191} INFO -   Using cached scipy-1.13.1-cp312-cp312-manylinux_2_17_x86_64.manylinux2014_x86_64.whl.metadata (60 kB)
[2024-06-23T01:04:28.875+0000] {process_utils.py:191} INFO - Collecting joblib>=1.2.0 (from scikit-learn->-r /tmp/venv27hyezzk/requirements.txt (line 2))
[2024-06-23T01:04:28.876+0000] {process_utils.py:191} INFO -   Using cached joblib-1.4.2-py3-none-any.whl.metadata (5.4 kB)
[2024-06-23T01:04:28.931+0000] {process_utils.py:191} INFO - Collecting threadpoolctl>=3.1.0 (from scikit-learn->-r /tmp/venv27hyezzk/requirements.txt (line 2))
[2024-06-23T01:04:28.933+0000] {process_utils.py:191} INFO -   Using cached threadpoolctl-3.5.0-py3-none-any.whl.metadata (13 kB)
[2024-06-23T01:04:28.975+0000] {process_utils.py:191} INFO - Using cached scikit_learn-1.5.0-cp312-cp312-manylinux_2_17_x86_64.manylinux2014_x86_64.whl (13.1 MB)
[2024-06-23T01:04:29.002+0000] {process_utils.py:191} INFO - Using cached joblib-1.4.2-py3-none-any.whl (301 kB)
[2024-06-23T01:04:29.005+0000] {process_utils.py:191} INFO - Using cached scipy-1.13.1-cp312-cp312-manylinux_2_17_x86_64.manylinux2014_x86_64.whl (38.2 MB)
[2024-06-23T01:04:29.085+0000] {process_utils.py:191} INFO - Using cached threadpoolctl-3.5.0-py3-none-any.whl (18 kB)
[2024-06-23T01:04:32.122+0000] {process_utils.py:191} INFO - Installing collected packages: threadpoolctl, scipy, joblib, scikit-learn
[2024-06-23T01:04:38.796+0000] {process_utils.py:191} INFO - Successfully installed joblib-1.4.2 scikit-learn-1.5.0 scipy-1.13.1 threadpoolctl-3.5.0
[2024-06-23T01:04:39.086+0000] {process_utils.py:191} INFO - 
[2024-06-23T01:04:39.087+0000] {process_utils.py:191} INFO - [notice] A new release of pip is available: 24.0 -> 24.1
[2024-06-23T01:04:39.087+0000] {process_utils.py:191} INFO - [notice] To update, run: python -m pip install --upgrade pip
[2024-06-23T01:04:39.234+0000] {process_utils.py:183} INFO - Executing cmd: /tmp/venv27hyezzk/bin/python /tmp/venv-call2va7rjuw/script.py /tmp/venv-call2va7rjuw/script.in /tmp/venv-call2va7rjuw/script.out /tmp/venv-call2va7rjuw/string_args.txt /tmp/venv-call2va7rjuw/termination.log
[2024-06-23T01:04:39.235+0000] {process_utils.py:187} INFO - Output:
[2024-06-23T01:04:42.524+0000] {python.py:237} INFO - Done. Returned value was: {'clusterdata': {'n_clusters': 3, 'centroids': [88.50000000000006, 919.9999999999999, 307.0]}, 'pokemondata': [{'name': 'bulbasaur', 'url': 'https://pokeapi.co/api/v2/pokemon/1/', 'weight': 69, 'parent_cluster': 0, 'parent_centroid': 88.50000000000006, 'deviation_factor': 0.22033898305084795}, {'name': 'ivysaur', 'url': 'https://pokeapi.co/api/v2/pokemon/2/', 'weight': 130, 'parent_cluster': 0, 'parent_centroid': 88.50000000000006, 'deviation_factor': 0.46892655367231545}, {'name': 'venusaur', 'url': 'https://pokeapi.co/api/v2/pokemon/3/', 'weight': 1000, 'parent_cluster': 1, 'parent_centroid': 919.9999999999999, 'deviation_factor': 0.08695652173913057}, {'name': 'charmander', 'url': 'https://pokeapi.co/api/v2/pokemon/4/', 'weight': 85, 'parent_cluster': 0, 'parent_centroid': 88.50000000000006, 'deviation_factor': 0.03954802259887067}, {'name': 'charmeleon', 'url': 'https://pokeapi.co/api/v2/pokemon/5/', 'weight': 190, 'parent_cluster': 0, 'parent_centroid': 88.50000000000006, 'deviation_factor': 1.1468926553672303}, {'name': 'charizard', 'url': 'https://pokeapi.co/api/v2/pokemon/6/', 'weight': 905, 'parent_cluster': 1, 'parent_centroid': 919.9999999999999, 'deviation_factor': 0.016304347826086835}, {'name': 'squirtle', 'url': 'https://pokeapi.co/api/v2/pokemon/7/', 'weight': 90, 'parent_cluster': 0, 'parent_centroid': 88.50000000000006, 'deviation_factor': 0.01694915254237223}, {'name': 'wartortle', 'url': 'https://pokeapi.co/api/v2/pokemon/8/', 'weight': 225, 'parent_cluster': 2, 'parent_centroid': 307.0, 'deviation_factor': 0.2671009771986971}, {'name': 'blastoise', 'url': 'https://pokeapi.co/api/v2/pokemon/9/', 'weight': 855, 'parent_cluster': 1, 'parent_centroid': 919.9999999999999, 'deviation_factor': 0.07065217391304336}, {'name': 'caterpie', 'url': 'https://pokeapi.co/api/v2/pokemon/10/', 'weight': 29, 'parent_cluster': 0, 'parent_centroid': 88.50000000000006, 'deviation_factor': 0.6723163841807912}, {'name': 'metapod', 'url': 'https://pokeapi.co/api/v2/pokemon/11/', 'weight': 99, 'parent_cluster': 0, 'parent_centroid': 88.50000000000006, 'deviation_factor': 0.11864406779660945}, {'name': 'butterfree', 'url': 'https://pokeapi.co/api/v2/pokemon/12/', 'weight': 320, 'parent_cluster': 2, 'parent_centroid': 307.0, 'deviation_factor': 0.04234527687296417}, {'name': 'weedle', 'url': 'https://pokeapi.co/api/v2/pokemon/13/', 'weight': 32, 'parent_cluster': 0, 'parent_centroid': 88.50000000000006, 'deviation_factor': 0.6384180790960454}, {'name': 'kakuna', 'url': 'https://pokeapi.co/api/v2/pokemon/14/', 'weight': 100, 'parent_cluster': 0, 'parent_centroid': 88.50000000000006, 'deviation_factor': 0.12994350282485803}, {'name': 'beedrill', 'url': 'https://pokeapi.co/api/v2/pokemon/15/', 'weight': 295, 'parent_cluster': 2, 'parent_centroid': 307.0, 'deviation_factor': 0.03908794788273615}, {'name': 'pidgey', 'url': 'https://pokeapi.co/api/v2/pokemon/16/', 'weight': 18, 'parent_cluster': 0, 'parent_centroid': 88.50000000000006, 'deviation_factor': 0.7966101694915255}, {'name': 'pidgeotto', 'url': 'https://pokeapi.co/api/v2/pokemon/17/', 'weight': 300, 'parent_cluster': 2, 'parent_centroid': 307.0, 'deviation_factor': 0.02280130293159609}, {'name': 'pidgeot', 'url': 'https://pokeapi.co/api/v2/pokemon/18/', 'weight': 395, 'parent_cluster': 2, 'parent_centroid': 307.0, 'deviation_factor': 0.28664495114006516}, {'name': 'rattata', 'url': 'https://pokeapi.co/api/v2/pokemon/19/', 'weight': 35, 'parent_cluster': 0, 'parent_centroid': 88.50000000000006, 'deviation_factor': 0.6045197740112996}, {'name': 'raticate', 'url': 'https://pokeapi.co/api/v2/pokemon/20/', 'weight': 185, 'parent_cluster': 0, 'parent_centroid': 88.50000000000006, 'deviation_factor': 1.0903954802259874}]}
[2024-06-23T01:04:42.525+0000] {taskinstance.py:441} INFO - ::group::Post task execution logs
[2024-06-23T01:04:42.560+0000] {taskinstance.py:1206} INFO - Marking task as SUCCESS. dag_id=pokemon_example, task_id=clusterpokemonweights, run_id=manual__2024-06-23T01:03:59.113952+00:00, execution_date=20240623T010359, start_date=20240623T010424, end_date=20240623T010442
[2024-06-23T01:04:42.619+0000] {local_task_job_runner.py:240} INFO - Task exited with return code 0
[2024-06-23T01:04:42.642+0000] {taskinstance.py:3498} INFO - 1 downstream tasks scheduled from follow-on schedule check
[2024-06-23T01:04:42.645+0000] {local_task_job_runner.py:222} INFO - ::endgroup::
