[2024-06-14T14:13:11.199+0000] {local_task_job_runner.py:120} INFO - ::group::Pre task execution logs
[2024-06-14T14:13:11.220+0000] {taskinstance.py:2076} INFO - Dependencies all met for dep_context=non-requeueable deps ti=<TaskInstance: tutorial.sleep scheduled__2024-06-13T00:00:00+00:00 [queued]>
[2024-06-14T14:13:11.227+0000] {taskinstance.py:2076} INFO - Dependencies all met for dep_context=requeueable deps ti=<TaskInstance: tutorial.sleep scheduled__2024-06-13T00:00:00+00:00 [queued]>
[2024-06-14T14:13:11.228+0000] {taskinstance.py:2306} INFO - Starting attempt 1 of 4
[2024-06-14T14:13:11.245+0000] {taskinstance.py:2330} INFO - Executing <Task(BashOperator): sleep> on 2024-06-13 00:00:00+00:00
[2024-06-14T14:13:11.251+0000] {warnings.py:110} WARNING - /home/***/.local/lib/python3.12/site-packages/***/task/task_runner/standard_task_runner.py:61: DeprecationWarning: This process (pid=53) is multi-threaded, use of fork() may lead to deadlocks in the child.
  pid = os.fork()

[2024-06-14T14:13:11.253+0000] {standard_task_runner.py:63} INFO - Started process 58 to run task
[2024-06-14T14:13:11.253+0000] {standard_task_runner.py:90} INFO - Running: ['***', 'tasks', 'run', 'tutorial', 'sleep', 'scheduled__2024-06-13T00:00:00+00:00', '--job-id', '23', '--raw', '--subdir', '/home/***/.local/lib/python3.12/site-packages/***/example_dags/tutorial.py', '--cfg-path', '/tmp/tmpop4t54ig']
[2024-06-14T14:13:11.256+0000] {standard_task_runner.py:91} INFO - Job 23: Subtask sleep
[2024-06-14T14:13:11.302+0000] {task_command.py:426} INFO - Running <TaskInstance: tutorial.sleep scheduled__2024-06-13T00:00:00+00:00 [running]> on host 91fb71641d4b
[2024-06-14T14:13:11.409+0000] {taskinstance.py:2648} INFO - Exporting env vars: AIRFLOW_CTX_DAG_EMAIL='***@example.com' AIRFLOW_CTX_DAG_OWNER='***' AIRFLOW_CTX_DAG_ID='tutorial' AIRFLOW_CTX_TASK_ID='sleep' AIRFLOW_CTX_EXECUTION_DATE='2024-06-13T00:00:00+00:00' AIRFLOW_CTX_TRY_NUMBER='1' AIRFLOW_CTX_DAG_RUN_ID='scheduled__2024-06-13T00:00:00+00:00'
[2024-06-14T14:13:11.410+0000] {taskinstance.py:430} INFO - ::endgroup::
[2024-06-14T14:13:11.411+0000] {subprocess.py:63} INFO - Tmp dir root location: /tmp
[2024-06-14T14:13:11.411+0000] {subprocess.py:75} INFO - Running command: ['/usr/bin/bash', '-c', 'sleep 5']
[2024-06-14T14:13:11.424+0000] {subprocess.py:86} INFO - Output:
[2024-06-14T14:13:16.428+0000] {subprocess.py:97} INFO - Command exited with return code 0
[2024-06-14T14:13:16.428+0000] {taskinstance.py:441} INFO - ::group::Post task execution logs
[2024-06-14T14:13:16.465+0000] {taskinstance.py:1206} INFO - Marking task as SUCCESS. dag_id=tutorial, task_id=sleep, run_id=scheduled__2024-06-13T00:00:00+00:00, execution_date=20240613T000000, start_date=20240614T141311, end_date=20240614T141316
[2024-06-14T14:13:16.525+0000] {local_task_job_runner.py:240} INFO - Task exited with return code 0
[2024-06-14T14:13:16.541+0000] {taskinstance.py:3498} INFO - 0 downstream tasks scheduled from follow-on schedule check
[2024-06-14T14:13:16.544+0000] {local_task_job_runner.py:222} INFO - ::endgroup::
