[2024-06-23T01:04:44.067+0000] {local_task_job_runner.py:120} INFO - ::group::Pre task execution logs
[2024-06-23T01:04:44.090+0000] {taskinstance.py:2076} INFO - Dependencies all met for dep_context=non-requeueable deps ti=<TaskInstance: pokemon_example.metricspokemonweights manual__2024-06-23T01:03:59.113952+00:00 [queued]>
[2024-06-23T01:04:44.099+0000] {taskinstance.py:2076} INFO - Dependencies all met for dep_context=requeueable deps ti=<TaskInstance: pokemon_example.metricspokemonweights manual__2024-06-23T01:03:59.113952+00:00 [queued]>
[2024-06-23T01:04:44.099+0000] {taskinstance.py:2306} INFO - Starting attempt 1 of 1
[2024-06-23T01:04:44.113+0000] {taskinstance.py:2330} INFO - Executing <Task(_PythonVirtualenvDecoratedOperator): metricspokemonweights> on 2024-06-23 01:03:59.113952+00:00
[2024-06-23T01:04:44.120+0000] {warnings.py:110} WARNING - /home/***/.local/lib/python3.12/site-packages/***/task/task_runner/standard_task_runner.py:61: DeprecationWarning: This process (pid=6798) is multi-threaded, use of fork() may lead to deadlocks in the child.
  pid = os.fork()

[2024-06-23T01:04:44.121+0000] {standard_task_runner.py:63} INFO - Started process 6799 to run task
[2024-06-23T01:04:44.122+0000] {standard_task_runner.py:90} INFO - Running: ['***', 'tasks', 'run', 'pokemon_example', 'metricspokemonweights', 'manual__2024-06-23T01:03:59.113952+00:00', '--job-id', '89', '--raw', '--subdir', 'DAGS_FOLDER/python_operators.py', '--cfg-path', '/tmp/tmpthtn44m9']
[2024-06-23T01:04:44.123+0000] {standard_task_runner.py:91} INFO - Job 89: Subtask metricspokemonweights
[2024-06-23T01:04:44.165+0000] {task_command.py:426} INFO - Running <TaskInstance: pokemon_example.metricspokemonweights manual__2024-06-23T01:03:59.113952+00:00 [running]> on host c357804a93ab
[2024-06-23T01:04:44.271+0000] {taskinstance.py:2648} INFO - Exporting env vars: AIRFLOW_CTX_DAG_OWNER='***' AIRFLOW_CTX_DAG_ID='pokemon_example' AIRFLOW_CTX_TASK_ID='metricspokemonweights' AIRFLOW_CTX_EXECUTION_DATE='2024-06-23T01:03:59.113952+00:00' AIRFLOW_CTX_TRY_NUMBER='1' AIRFLOW_CTX_DAG_RUN_ID='manual__2024-06-23T01:03:59.113952+00:00'
[2024-06-23T01:04:44.272+0000] {taskinstance.py:430} INFO - ::endgroup::
[2024-06-23T01:04:44.273+0000] {process_utils.py:183} INFO - Executing cmd: /home/***/.local/bin/python -m virtualenv /tmp/venvtekxn5dh --system-site-packages --python=python
[2024-06-23T01:04:44.274+0000] {process_utils.py:187} INFO - Output:
[2024-06-23T01:04:45.069+0000] {process_utils.py:191} INFO - created virtual environment CPython3.12.3.final.0-64 in 260ms
[2024-06-23T01:04:45.069+0000] {process_utils.py:191} INFO -   creator CPython3Posix(dest=/tmp/venvtekxn5dh, clear=False, no_vcs_ignore=False, global=True)
[2024-06-23T01:04:45.070+0000] {process_utils.py:191} INFO -   seeder FromAppData(download=False, pip=bundle, via=copy, app_data_dir=/home/***/.local/share/virtualenv)
[2024-06-23T01:04:45.071+0000] {process_utils.py:191} INFO -     added seed packages: pip==24.0
[2024-06-23T01:04:45.071+0000] {process_utils.py:191} INFO -   activators BashActivator,CShellActivator,FishActivator,NushellActivator,PowerShellActivator,PythonActivator
[2024-06-23T01:04:45.091+0000] {process_utils.py:183} INFO - Executing cmd: /tmp/venvtekxn5dh/bin/pip install -r /tmp/venvtekxn5dh/requirements.txt
[2024-06-23T01:04:45.092+0000] {process_utils.py:187} INFO - Output:
[2024-06-23T01:04:50.060+0000] {process_utils.py:191} INFO - 
[2024-06-23T01:04:50.061+0000] {process_utils.py:191} INFO - [notice] A new release of pip is available: 24.0 -> 24.1
[2024-06-23T01:04:50.061+0000] {process_utils.py:191} INFO - [notice] To update, run: python -m pip install --upgrade pip
[2024-06-23T01:04:50.157+0000] {process_utils.py:183} INFO - Executing cmd: /tmp/venvtekxn5dh/bin/python /tmp/venv-callnbcdijdi/script.py /tmp/venv-callnbcdijdi/script.in /tmp/venv-callnbcdijdi/script.out /tmp/venv-callnbcdijdi/string_args.txt /tmp/venv-callnbcdijdi/termination.log
[2024-06-23T01:04:50.158+0000] {process_utils.py:187} INFO - Output:
[2024-06-23T01:04:52.325+0000] {process_utils.py:191} INFO - ----------------------------------------------------------------------------------------------------
[2024-06-23T01:04:52.325+0000] {process_utils.py:191} INFO - raw data:
[2024-06-23T01:04:52.326+0000] {process_utils.py:191} INFO - name        url                                      weight    parent_cluster    parent_centroid    deviation_factor
[2024-06-23T01:04:52.326+0000] {process_utils.py:191} INFO - ----------  -------------------------------------  --------  ----------------  -----------------  ------------------
[2024-06-23T01:04:52.326+0000] {process_utils.py:191} INFO - bulbasaur   https://pokeapi.co/api/v2/pokemon/1/         69                 0               88.5           0.220339
[2024-06-23T01:04:52.327+0000] {process_utils.py:191} INFO - ivysaur     https://pokeapi.co/api/v2/pokemon/2/        130                 0               88.5           0.468927
[2024-06-23T01:04:52.327+0000] {process_utils.py:191} INFO - venusaur    https://pokeapi.co/api/v2/pokemon/3/       1000                 1              920             0.0869565
[2024-06-23T01:04:52.328+0000] {process_utils.py:191} INFO - charmander  https://pokeapi.co/api/v2/pokemon/4/         85                 0               88.5           0.039548
[2024-06-23T01:04:52.328+0000] {process_utils.py:191} INFO - charmeleon  https://pokeapi.co/api/v2/pokemon/5/        190                 0               88.5           1.14689
[2024-06-23T01:04:52.329+0000] {process_utils.py:191} INFO - charizard   https://pokeapi.co/api/v2/pokemon/6/        905                 1              920             0.0163043
[2024-06-23T01:04:52.329+0000] {process_utils.py:191} INFO - squirtle    https://pokeapi.co/api/v2/pokemon/7/         90                 0               88.5           0.0169492
[2024-06-23T01:04:52.330+0000] {process_utils.py:191} INFO - wartortle   https://pokeapi.co/api/v2/pokemon/8/        225                 2              307             0.267101
[2024-06-23T01:04:52.330+0000] {process_utils.py:191} INFO - blastoise   https://pokeapi.co/api/v2/pokemon/9/        855                 1              920             0.0706522
[2024-06-23T01:04:52.330+0000] {process_utils.py:191} INFO - caterpie    https://pokeapi.co/api/v2/pokemon/10/        29                 0               88.5           0.672316
[2024-06-23T01:04:52.331+0000] {process_utils.py:191} INFO - metapod     https://pokeapi.co/api/v2/pokemon/11/        99                 0               88.5           0.118644
[2024-06-23T01:04:52.331+0000] {process_utils.py:191} INFO - butterfree  https://pokeapi.co/api/v2/pokemon/12/       320                 2              307             0.0423453
[2024-06-23T01:04:52.332+0000] {process_utils.py:191} INFO - weedle      https://pokeapi.co/api/v2/pokemon/13/        32                 0               88.5           0.638418
[2024-06-23T01:04:52.332+0000] {process_utils.py:191} INFO - kakuna      https://pokeapi.co/api/v2/pokemon/14/       100                 0               88.5           0.129944
[2024-06-23T01:04:52.333+0000] {process_utils.py:191} INFO - beedrill    https://pokeapi.co/api/v2/pokemon/15/       295                 2              307             0.0390879
[2024-06-23T01:04:52.333+0000] {process_utils.py:191} INFO - pidgey      https://pokeapi.co/api/v2/pokemon/16/        18                 0               88.5           0.79661
[2024-06-23T01:04:52.333+0000] {process_utils.py:191} INFO - pidgeotto   https://pokeapi.co/api/v2/pokemon/17/       300                 2              307             0.0228013
[2024-06-23T01:04:52.334+0000] {process_utils.py:191} INFO - pidgeot     https://pokeapi.co/api/v2/pokemon/18/       395                 2              307             0.286645
[2024-06-23T01:04:52.334+0000] {process_utils.py:191} INFO - rattata     https://pokeapi.co/api/v2/pokemon/19/        35                 0               88.5           0.60452
[2024-06-23T01:04:52.334+0000] {process_utils.py:191} INFO - raticate    https://pokeapi.co/api/v2/pokemon/20/       185                 0               88.5           1.0904
[2024-06-23T01:04:52.335+0000] {process_utils.py:191} INFO - ----------------------------------------------------------------------------------------------------
[2024-06-23T01:04:52.335+0000] {process_utils.py:191} INFO - clusters detail:
[2024-06-23T01:04:52.335+0000] {process_utils.py:191} INFO - {
[2024-06-23T01:04:52.336+0000] {process_utils.py:191} INFO -     "n_clusters": 3,
[2024-06-23T01:04:52.336+0000] {process_utils.py:191} INFO -     "centroids": [
[2024-06-23T01:04:52.336+0000] {process_utils.py:191} INFO -         88.50000000000006,
[2024-06-23T01:04:52.337+0000] {process_utils.py:191} INFO -         919.9999999999999,
[2024-06-23T01:04:52.337+0000] {process_utils.py:191} INFO -         307.0
[2024-06-23T01:04:52.337+0000] {process_utils.py:191} INFO -     ]
[2024-06-23T01:04:52.337+0000] {process_utils.py:191} INFO - }
[2024-06-23T01:04:52.338+0000] {process_utils.py:191} INFO - ----------------------------------------------------------------------------------------------------
[2024-06-23T01:04:52.338+0000] {process_utils.py:191} INFO - weight statistics:
[2024-06-23T01:04:52.338+0000] {process_utils.py:191} INFO - {
[2024-06-23T01:04:52.339+0000] {process_utils.py:191} INFO -     "max": 1000,
[2024-06-23T01:04:52.339+0000] {process_utils.py:191} INFO -     "min": 18,
[2024-06-23T01:04:52.339+0000] {process_utils.py:191} INFO -     "mean": 267.85,
[2024-06-23T01:04:52.339+0000] {process_utils.py:191} INFO -     "median": 157.5,
[2024-06-23T01:04:52.340+0000] {process_utils.py:191} INFO -     "stdev:": 301.90435484385483
[2024-06-23T01:04:52.340+0000] {process_utils.py:191} INFO - }
[2024-06-23T01:04:52.341+0000] {process_utils.py:191} INFO - ----------------------------------------------------------------------------------------------------
[2024-06-23T01:04:52.341+0000] {process_utils.py:191} INFO - anonymized information:
[2024-06-23T01:04:52.341+0000] {process_utils.py:191} INFO -   index  name          parent cluster
[2024-06-23T01:04:52.342+0000] {process_utils.py:191} INFO - -------  ----------  ----------------
[2024-06-23T01:04:52.342+0000] {process_utils.py:191} INFO -       0  bulbasaur               88.5
[2024-06-23T01:04:52.342+0000] {process_utils.py:191} INFO -       1  ivysaur                 88.5
[2024-06-23T01:04:52.343+0000] {process_utils.py:191} INFO -       2  venusaur               920
[2024-06-23T01:04:52.343+0000] {process_utils.py:191} INFO -       3  charmander              88.5
[2024-06-23T01:04:52.343+0000] {process_utils.py:191} INFO -       4  charmeleon              88.5
[2024-06-23T01:04:52.344+0000] {process_utils.py:191} INFO -       5  charizard              920
[2024-06-23T01:04:52.344+0000] {process_utils.py:191} INFO -       6  squirtle                88.5
[2024-06-23T01:04:52.344+0000] {process_utils.py:191} INFO -       7  wartortle              307
[2024-06-23T01:04:52.345+0000] {process_utils.py:191} INFO -       8  blastoise              920
[2024-06-23T01:04:52.345+0000] {process_utils.py:191} INFO -       9  caterpie                88.5
[2024-06-23T01:04:52.345+0000] {process_utils.py:191} INFO -      10  metapod                 88.5
[2024-06-23T01:04:52.346+0000] {process_utils.py:191} INFO -      11  butterfree             307
[2024-06-23T01:04:52.346+0000] {process_utils.py:191} INFO -      12  weedle                  88.5
[2024-06-23T01:04:52.346+0000] {process_utils.py:191} INFO -      13  kakuna                  88.5
[2024-06-23T01:04:52.347+0000] {process_utils.py:191} INFO -      14  beedrill               307
[2024-06-23T01:04:52.347+0000] {process_utils.py:191} INFO -      15  pidgey                  88.5
[2024-06-23T01:04:52.347+0000] {process_utils.py:191} INFO -      16  pidgeotto              307
[2024-06-23T01:04:52.347+0000] {process_utils.py:191} INFO -      17  pidgeot                307
[2024-06-23T01:04:52.348+0000] {process_utils.py:191} INFO -      18  rattata                 88.5
[2024-06-23T01:04:52.348+0000] {process_utils.py:191} INFO -      19  raticate                88.5
[2024-06-23T01:04:52.559+0000] {python.py:237} INFO - Done. Returned value was: None
[2024-06-23T01:04:52.559+0000] {taskinstance.py:441} INFO - ::group::Post task execution logs
[2024-06-23T01:04:52.568+0000] {taskinstance.py:1206} INFO - Marking task as SUCCESS. dag_id=pokemon_example, task_id=metricspokemonweights, run_id=manual__2024-06-23T01:03:59.113952+00:00, execution_date=20240623T010359, start_date=20240623T010444, end_date=20240623T010452
[2024-06-23T01:04:52.631+0000] {local_task_job_runner.py:240} INFO - Task exited with return code 0
[2024-06-23T01:04:52.676+0000] {taskinstance.py:3498} INFO - 0 downstream tasks scheduled from follow-on schedule check
[2024-06-23T01:04:52.679+0000] {local_task_job_runner.py:222} INFO - ::endgroup::
