[2025-03-17T19:54:59.675+0000] {processor.py:161} INFO - Started process (PID=73) to work on /opt/airflow/dags/my_dag.py
[2025-03-17T19:54:59.677+0000] {processor.py:830} INFO - Processing file /opt/airflow/dags/my_dag.py for tasks to queue
[2025-03-17T19:54:59.679+0000] {logging_mixin.py:188} INFO - [2025-03-17T19:54:59.679+0000] {dagbag.py:545} INFO - Filling up the DagBag from /opt/airflow/dags/my_dag.py
[2025-03-17T19:55:00.154+0000] {logging_mixin.py:188} INFO - [2025-03-17T19:55:00.150+0000] {dagbag.py:355} ERROR - Failed to import: /opt/airflow/dags/my_dag.py
Traceback (most recent call last):
  File "/home/airflow/.local/lib/python3.12/site-packages/airflow/models/dagbag.py", line 351, in parse
    loader.exec_module(new_module)
  File "<frozen importlib._bootstrap_external>", line 991, in exec_module
  File "<frozen importlib._bootstrap_external>", line 1129, in get_code
  File "<frozen importlib._bootstrap_external>", line 1059, in source_to_code
  File "<frozen importlib._bootstrap>", line 488, in _call_with_frames_removed
  File "/opt/airflow/dags/my_dag.py", line 38
    task_id = "choose_best_model"
              ^^^^^
SyntaxError: invalid syntax. Perhaps you forgot a comma?
[2025-03-17T19:55:00.158+0000] {processor.py:842} WARNING - No viable dags retrieved from /opt/airflow/dags/my_dag.py
[2025-03-17T19:55:00.208+0000] {processor.py:183} INFO - Processing /opt/airflow/dags/my_dag.py took 0.544 seconds
[2025-03-17T19:55:31.209+0000] {processor.py:161} INFO - Started process (PID=87) to work on /opt/airflow/dags/my_dag.py
[2025-03-17T19:55:31.209+0000] {processor.py:830} INFO - Processing file /opt/airflow/dags/my_dag.py for tasks to queue
[2025-03-17T19:55:31.210+0000] {logging_mixin.py:188} INFO - [2025-03-17T19:55:31.210+0000] {dagbag.py:545} INFO - Filling up the DagBag from /opt/airflow/dags/my_dag.py
[2025-03-17T19:55:31.229+0000] {logging_mixin.py:188} INFO - [2025-03-17T19:55:31.228+0000] {dagbag.py:355} ERROR - Failed to import: /opt/airflow/dags/my_dag.py
Traceback (most recent call last):
  File "/home/airflow/.local/lib/python3.12/site-packages/airflow/models/dagbag.py", line 351, in parse
    loader.exec_module(new_module)
  File "<frozen importlib._bootstrap_external>", line 991, in exec_module
  File "<frozen importlib._bootstrap_external>", line 1129, in get_code
  File "<frozen importlib._bootstrap_external>", line 1059, in source_to_code
  File "<frozen importlib._bootstrap>", line 488, in _call_with_frames_removed
  File "/opt/airflow/dags/my_dag.py", line 38
    task_id = "choose_best_model"
              ^^^^^
SyntaxError: invalid syntax. Perhaps you forgot a comma?
[2025-03-17T19:55:31.229+0000] {processor.py:842} WARNING - No viable dags retrieved from /opt/airflow/dags/my_dag.py
[2025-03-17T19:55:31.249+0000] {processor.py:183} INFO - Processing /opt/airflow/dags/my_dag.py took 0.044 seconds
[2025-03-17T19:56:01.575+0000] {processor.py:161} INFO - Started process (PID=96) to work on /opt/airflow/dags/my_dag.py
[2025-03-17T19:56:01.575+0000] {processor.py:830} INFO - Processing file /opt/airflow/dags/my_dag.py for tasks to queue
[2025-03-17T19:56:01.576+0000] {logging_mixin.py:188} INFO - [2025-03-17T19:56:01.575+0000] {dagbag.py:545} INFO - Filling up the DagBag from /opt/airflow/dags/my_dag.py
[2025-03-17T19:56:01.588+0000] {logging_mixin.py:188} INFO - [2025-03-17T19:56:01.587+0000] {dagbag.py:355} ERROR - Failed to import: /opt/airflow/dags/my_dag.py
Traceback (most recent call last):
  File "/home/airflow/.local/lib/python3.12/site-packages/airflow/models/dagbag.py", line 351, in parse
    loader.exec_module(new_module)
  File "<frozen importlib._bootstrap_external>", line 991, in exec_module
  File "<frozen importlib._bootstrap_external>", line 1129, in get_code
  File "<frozen importlib._bootstrap_external>", line 1059, in source_to_code
  File "<frozen importlib._bootstrap>", line 488, in _call_with_frames_removed
  File "/opt/airflow/dags/my_dag.py", line 38
    task_id = "choose_best_model"
              ^^^^^
SyntaxError: invalid syntax. Perhaps you forgot a comma?
[2025-03-17T19:56:01.588+0000] {processor.py:842} WARNING - No viable dags retrieved from /opt/airflow/dags/my_dag.py
[2025-03-17T19:56:01.604+0000] {processor.py:183} INFO - Processing /opt/airflow/dags/my_dag.py took 0.033 seconds
[2025-03-17T19:56:31.870+0000] {processor.py:161} INFO - Started process (PID=105) to work on /opt/airflow/dags/my_dag.py
[2025-03-17T19:56:31.870+0000] {processor.py:830} INFO - Processing file /opt/airflow/dags/my_dag.py for tasks to queue
[2025-03-17T19:56:31.871+0000] {logging_mixin.py:188} INFO - [2025-03-17T19:56:31.871+0000] {dagbag.py:545} INFO - Filling up the DagBag from /opt/airflow/dags/my_dag.py
[2025-03-17T19:56:31.888+0000] {logging_mixin.py:188} INFO - [2025-03-17T19:56:31.887+0000] {dagbag.py:355} ERROR - Failed to import: /opt/airflow/dags/my_dag.py
Traceback (most recent call last):
  File "/home/airflow/.local/lib/python3.12/site-packages/airflow/models/dagbag.py", line 351, in parse
    loader.exec_module(new_module)
  File "<frozen importlib._bootstrap_external>", line 991, in exec_module
  File "<frozen importlib._bootstrap_external>", line 1129, in get_code
  File "<frozen importlib._bootstrap_external>", line 1059, in source_to_code
  File "<frozen importlib._bootstrap>", line 488, in _call_with_frames_removed
  File "/opt/airflow/dags/my_dag.py", line 38
    task_id = "choose_best_model"
              ^^^^^
SyntaxError: invalid syntax. Perhaps you forgot a comma?
[2025-03-17T19:56:31.888+0000] {processor.py:842} WARNING - No viable dags retrieved from /opt/airflow/dags/my_dag.py
[2025-03-17T19:56:31.902+0000] {processor.py:183} INFO - Processing /opt/airflow/dags/my_dag.py took 0.036 seconds
[2025-03-17T19:57:02.189+0000] {processor.py:161} INFO - Started process (PID=114) to work on /opt/airflow/dags/my_dag.py
[2025-03-17T19:57:02.190+0000] {processor.py:830} INFO - Processing file /opt/airflow/dags/my_dag.py for tasks to queue
[2025-03-17T19:57:02.191+0000] {logging_mixin.py:188} INFO - [2025-03-17T19:57:02.190+0000] {dagbag.py:545} INFO - Filling up the DagBag from /opt/airflow/dags/my_dag.py
[2025-03-17T19:57:02.205+0000] {logging_mixin.py:188} INFO - [2025-03-17T19:57:02.204+0000] {dagbag.py:355} ERROR - Failed to import: /opt/airflow/dags/my_dag.py
Traceback (most recent call last):
  File "/home/airflow/.local/lib/python3.12/site-packages/airflow/models/dagbag.py", line 351, in parse
    loader.exec_module(new_module)
  File "<frozen importlib._bootstrap_external>", line 991, in exec_module
  File "<frozen importlib._bootstrap_external>", line 1129, in get_code
  File "<frozen importlib._bootstrap_external>", line 1059, in source_to_code
  File "<frozen importlib._bootstrap>", line 488, in _call_with_frames_removed
  File "/opt/airflow/dags/my_dag.py", line 38
    task_id = "choose_best_model"
              ^^^^^
SyntaxError: invalid syntax. Perhaps you forgot a comma?
[2025-03-17T19:57:02.205+0000] {processor.py:842} WARNING - No viable dags retrieved from /opt/airflow/dags/my_dag.py
[2025-03-17T19:57:02.219+0000] {processor.py:183} INFO - Processing /opt/airflow/dags/my_dag.py took 0.034 seconds
[2025-03-17T19:57:32.604+0000] {processor.py:161} INFO - Started process (PID=123) to work on /opt/airflow/dags/my_dag.py
[2025-03-17T19:57:32.604+0000] {processor.py:830} INFO - Processing file /opt/airflow/dags/my_dag.py for tasks to queue
[2025-03-17T19:57:32.605+0000] {logging_mixin.py:188} INFO - [2025-03-17T19:57:32.605+0000] {dagbag.py:545} INFO - Filling up the DagBag from /opt/airflow/dags/my_dag.py
[2025-03-17T19:57:32.618+0000] {logging_mixin.py:188} INFO - [2025-03-17T19:57:32.617+0000] {dagbag.py:355} ERROR - Failed to import: /opt/airflow/dags/my_dag.py
Traceback (most recent call last):
  File "/home/airflow/.local/lib/python3.12/site-packages/airflow/models/dagbag.py", line 351, in parse
    loader.exec_module(new_module)
  File "<frozen importlib._bootstrap_external>", line 991, in exec_module
  File "<frozen importlib._bootstrap_external>", line 1129, in get_code
  File "<frozen importlib._bootstrap_external>", line 1059, in source_to_code
  File "<frozen importlib._bootstrap>", line 488, in _call_with_frames_removed
  File "/opt/airflow/dags/my_dag.py", line 38
    task_id = "choose_best_model"
              ^^^^^
SyntaxError: invalid syntax. Perhaps you forgot a comma?
[2025-03-17T19:57:32.618+0000] {processor.py:842} WARNING - No viable dags retrieved from /opt/airflow/dags/my_dag.py
[2025-03-17T19:57:32.633+0000] {processor.py:183} INFO - Processing /opt/airflow/dags/my_dag.py took 0.032 seconds
[2025-03-17T19:58:02.950+0000] {processor.py:161} INFO - Started process (PID=132) to work on /opt/airflow/dags/my_dag.py
[2025-03-17T19:58:02.950+0000] {processor.py:830} INFO - Processing file /opt/airflow/dags/my_dag.py for tasks to queue
[2025-03-17T19:58:02.951+0000] {logging_mixin.py:188} INFO - [2025-03-17T19:58:02.951+0000] {dagbag.py:545} INFO - Filling up the DagBag from /opt/airflow/dags/my_dag.py
[2025-03-17T19:58:02.964+0000] {logging_mixin.py:188} INFO - [2025-03-17T19:58:02.963+0000] {dagbag.py:355} ERROR - Failed to import: /opt/airflow/dags/my_dag.py
Traceback (most recent call last):
  File "/home/airflow/.local/lib/python3.12/site-packages/airflow/models/dagbag.py", line 351, in parse
    loader.exec_module(new_module)
  File "<frozen importlib._bootstrap_external>", line 991, in exec_module
  File "<frozen importlib._bootstrap_external>", line 1129, in get_code
  File "<frozen importlib._bootstrap_external>", line 1059, in source_to_code
  File "<frozen importlib._bootstrap>", line 488, in _call_with_frames_removed
  File "/opt/airflow/dags/my_dag.py", line 38
    task_id = "choose_best_model"
              ^^^^^
SyntaxError: invalid syntax. Perhaps you forgot a comma?
[2025-03-17T19:58:02.965+0000] {processor.py:842} WARNING - No viable dags retrieved from /opt/airflow/dags/my_dag.py
[2025-03-17T19:58:02.980+0000] {processor.py:183} INFO - Processing /opt/airflow/dags/my_dag.py took 0.034 seconds
[2025-03-17T19:58:33.311+0000] {processor.py:161} INFO - Started process (PID=141) to work on /opt/airflow/dags/my_dag.py
[2025-03-17T19:58:33.312+0000] {processor.py:830} INFO - Processing file /opt/airflow/dags/my_dag.py for tasks to queue
[2025-03-17T19:58:33.313+0000] {logging_mixin.py:188} INFO - [2025-03-17T19:58:33.313+0000] {dagbag.py:545} INFO - Filling up the DagBag from /opt/airflow/dags/my_dag.py
[2025-03-17T19:58:33.338+0000] {logging_mixin.py:188} INFO - [2025-03-17T19:58:33.337+0000] {dagbag.py:355} ERROR - Failed to import: /opt/airflow/dags/my_dag.py
Traceback (most recent call last):
  File "/home/airflow/.local/lib/python3.12/site-packages/airflow/models/dagbag.py", line 351, in parse
    loader.exec_module(new_module)
  File "<frozen importlib._bootstrap_external>", line 991, in exec_module
  File "<frozen importlib._bootstrap_external>", line 1129, in get_code
  File "<frozen importlib._bootstrap_external>", line 1059, in source_to_code
  File "<frozen importlib._bootstrap>", line 488, in _call_with_frames_removed
  File "/opt/airflow/dags/my_dag.py", line 38
    task_id = "choose_best_model"
              ^^^^^
SyntaxError: invalid syntax. Perhaps you forgot a comma?
[2025-03-17T19:58:33.339+0000] {processor.py:842} WARNING - No viable dags retrieved from /opt/airflow/dags/my_dag.py
[2025-03-17T19:58:33.354+0000] {processor.py:183} INFO - Processing /opt/airflow/dags/my_dag.py took 0.049 seconds
[2025-03-17T19:59:03.685+0000] {processor.py:161} INFO - Started process (PID=150) to work on /opt/airflow/dags/my_dag.py
[2025-03-17T19:59:03.685+0000] {processor.py:830} INFO - Processing file /opt/airflow/dags/my_dag.py for tasks to queue
[2025-03-17T19:59:03.686+0000] {logging_mixin.py:188} INFO - [2025-03-17T19:59:03.686+0000] {dagbag.py:545} INFO - Filling up the DagBag from /opt/airflow/dags/my_dag.py
[2025-03-17T19:59:03.705+0000] {logging_mixin.py:188} INFO - [2025-03-17T19:59:03.705+0000] {dagbag.py:355} ERROR - Failed to import: /opt/airflow/dags/my_dag.py
Traceback (most recent call last):
  File "/home/airflow/.local/lib/python3.12/site-packages/airflow/models/dagbag.py", line 351, in parse
    loader.exec_module(new_module)
  File "<frozen importlib._bootstrap_external>", line 991, in exec_module
  File "<frozen importlib._bootstrap_external>", line 1129, in get_code
  File "<frozen importlib._bootstrap_external>", line 1059, in source_to_code
  File "<frozen importlib._bootstrap>", line 488, in _call_with_frames_removed
  File "/opt/airflow/dags/my_dag.py", line 38
    task_id = "choose_best_model"
              ^^^^^
SyntaxError: invalid syntax. Perhaps you forgot a comma?
[2025-03-17T19:59:03.706+0000] {processor.py:842} WARNING - No viable dags retrieved from /opt/airflow/dags/my_dag.py
[2025-03-17T19:59:03.722+0000] {processor.py:183} INFO - Processing /opt/airflow/dags/my_dag.py took 0.042 seconds
[2025-03-17T19:59:34.053+0000] {processor.py:161} INFO - Started process (PID=159) to work on /opt/airflow/dags/my_dag.py
[2025-03-17T19:59:34.054+0000] {processor.py:830} INFO - Processing file /opt/airflow/dags/my_dag.py for tasks to queue
[2025-03-17T19:59:34.055+0000] {logging_mixin.py:188} INFO - [2025-03-17T19:59:34.055+0000] {dagbag.py:545} INFO - Filling up the DagBag from /opt/airflow/dags/my_dag.py
[2025-03-17T19:59:34.076+0000] {logging_mixin.py:188} INFO - [2025-03-17T19:59:34.075+0000] {dagbag.py:355} ERROR - Failed to import: /opt/airflow/dags/my_dag.py
Traceback (most recent call last):
  File "/home/airflow/.local/lib/python3.12/site-packages/airflow/models/dagbag.py", line 351, in parse
    loader.exec_module(new_module)
  File "<frozen importlib._bootstrap_external>", line 991, in exec_module
  File "<frozen importlib._bootstrap_external>", line 1129, in get_code
  File "<frozen importlib._bootstrap_external>", line 1059, in source_to_code
  File "<frozen importlib._bootstrap>", line 488, in _call_with_frames_removed
  File "/opt/airflow/dags/my_dag.py", line 38
    task_id = "choose_best_model"
              ^^^^^
SyntaxError: invalid syntax. Perhaps you forgot a comma?
[2025-03-17T19:59:34.077+0000] {processor.py:842} WARNING - No viable dags retrieved from /opt/airflow/dags/my_dag.py
[2025-03-17T19:59:34.094+0000] {processor.py:183} INFO - Processing /opt/airflow/dags/my_dag.py took 0.047 seconds
[2025-03-17T20:00:04.425+0000] {processor.py:161} INFO - Started process (PID=168) to work on /opt/airflow/dags/my_dag.py
[2025-03-17T20:00:04.426+0000] {processor.py:830} INFO - Processing file /opt/airflow/dags/my_dag.py for tasks to queue
[2025-03-17T20:00:04.427+0000] {logging_mixin.py:188} INFO - [2025-03-17T20:00:04.427+0000] {dagbag.py:545} INFO - Filling up the DagBag from /opt/airflow/dags/my_dag.py
[2025-03-17T20:00:04.445+0000] {logging_mixin.py:188} INFO - [2025-03-17T20:00:04.445+0000] {dagbag.py:355} ERROR - Failed to import: /opt/airflow/dags/my_dag.py
Traceback (most recent call last):
  File "/home/airflow/.local/lib/python3.12/site-packages/airflow/models/dagbag.py", line 351, in parse
    loader.exec_module(new_module)
  File "<frozen importlib._bootstrap_external>", line 991, in exec_module
  File "<frozen importlib._bootstrap_external>", line 1129, in get_code
  File "<frozen importlib._bootstrap_external>", line 1059, in source_to_code
  File "<frozen importlib._bootstrap>", line 488, in _call_with_frames_removed
  File "/opt/airflow/dags/my_dag.py", line 38
    task_id = "choose_best_model"
              ^^^^^
SyntaxError: invalid syntax. Perhaps you forgot a comma?
[2025-03-17T20:00:04.446+0000] {processor.py:842} WARNING - No viable dags retrieved from /opt/airflow/dags/my_dag.py
[2025-03-17T20:00:04.460+0000] {processor.py:183} INFO - Processing /opt/airflow/dags/my_dag.py took 0.039 seconds
[2025-03-17T20:00:11.627+0000] {processor.py:161} INFO - Started process (PID=171) to work on /opt/airflow/dags/my_dag.py
[2025-03-17T20:00:11.627+0000] {processor.py:830} INFO - Processing file /opt/airflow/dags/my_dag.py for tasks to queue
[2025-03-17T20:00:11.628+0000] {logging_mixin.py:188} INFO - [2025-03-17T20:00:11.628+0000] {dagbag.py:545} INFO - Filling up the DagBag from /opt/airflow/dags/my_dag.py
[2025-03-17T20:00:11.638+0000] {logging_mixin.py:188} INFO - [2025-03-17T20:00:11.637+0000] {dagbag.py:355} ERROR - Failed to import: /opt/airflow/dags/my_dag.py
Traceback (most recent call last):
  File "/home/airflow/.local/lib/python3.12/site-packages/airflow/models/dagbag.py", line 351, in parse
    loader.exec_module(new_module)
  File "<frozen importlib._bootstrap_external>", line 991, in exec_module
  File "<frozen importlib._bootstrap_external>", line 1129, in get_code
  File "<frozen importlib._bootstrap_external>", line 1059, in source_to_code
  File "<frozen importlib._bootstrap>", line 488, in _call_with_frames_removed
  File "/opt/airflow/dags/my_dag.py", line 43
    task_id = "accurate"
              ^^
SyntaxError: invalid syntax. Perhaps you forgot a comma?
[2025-03-17T20:00:11.638+0000] {processor.py:842} WARNING - No viable dags retrieved from /opt/airflow/dags/my_dag.py
[2025-03-17T20:00:11.654+0000] {processor.py:183} INFO - Processing /opt/airflow/dags/my_dag.py took 0.031 seconds
[2025-03-17T20:00:36.971+0000] {processor.py:161} INFO - Started process (PID=180) to work on /opt/airflow/dags/my_dag.py
[2025-03-17T20:00:36.972+0000] {processor.py:830} INFO - Processing file /opt/airflow/dags/my_dag.py for tasks to queue
[2025-03-17T20:00:36.973+0000] {logging_mixin.py:188} INFO - [2025-03-17T20:00:36.973+0000] {dagbag.py:545} INFO - Filling up the DagBag from /opt/airflow/dags/my_dag.py
[2025-03-17T20:00:37.002+0000] {logging_mixin.py:188} INFO - [2025-03-17T20:00:36.997+0000] {dagbag.py:355} ERROR - Failed to import: /opt/airflow/dags/my_dag.py
Traceback (most recent call last):
  File "/home/airflow/.local/lib/python3.12/site-packages/airflow/models/dagbag.py", line 351, in parse
    loader.exec_module(new_module)
  File "<frozen importlib._bootstrap_external>", line 995, in exec_module
  File "<frozen importlib._bootstrap>", line 488, in _call_with_frames_removed
  File "/opt/airflow/dags/my_dag.py", line 1, in <module>
    from airflow import dag
ImportError: cannot import name 'dag' from 'airflow' (/home/airflow/.local/lib/python3.12/site-packages/airflow/__init__.py)
[2025-03-17T20:00:37.004+0000] {processor.py:842} WARNING - No viable dags retrieved from /opt/airflow/dags/my_dag.py
[2025-03-17T20:00:37.018+0000] {processor.py:183} INFO - Processing /opt/airflow/dags/my_dag.py took 0.050 seconds
[2025-03-17T20:01:07.304+0000] {processor.py:161} INFO - Started process (PID=189) to work on /opt/airflow/dags/my_dag.py
[2025-03-17T20:01:07.305+0000] {processor.py:830} INFO - Processing file /opt/airflow/dags/my_dag.py for tasks to queue
[2025-03-17T20:01:07.306+0000] {logging_mixin.py:188} INFO - [2025-03-17T20:01:07.305+0000] {dagbag.py:545} INFO - Filling up the DagBag from /opt/airflow/dags/my_dag.py
[2025-03-17T20:01:07.320+0000] {logging_mixin.py:188} INFO - [2025-03-17T20:01:07.317+0000] {dagbag.py:355} ERROR - Failed to import: /opt/airflow/dags/my_dag.py
Traceback (most recent call last):
  File "/home/airflow/.local/lib/python3.12/site-packages/airflow/models/dagbag.py", line 351, in parse
    loader.exec_module(new_module)
  File "<frozen importlib._bootstrap_external>", line 995, in exec_module
  File "<frozen importlib._bootstrap>", line 488, in _call_with_frames_removed
  File "/opt/airflow/dags/my_dag.py", line 1, in <module>
    from airflow import dag
ImportError: cannot import name 'dag' from 'airflow' (/home/airflow/.local/lib/python3.12/site-packages/airflow/__init__.py)
[2025-03-17T20:01:07.321+0000] {processor.py:842} WARNING - No viable dags retrieved from /opt/airflow/dags/my_dag.py
[2025-03-17T20:01:07.337+0000] {processor.py:183} INFO - Processing /opt/airflow/dags/my_dag.py took 0.036 seconds
[2025-03-17T20:01:21.478+0000] {processor.py:161} INFO - Started process (PID=190) to work on /opt/airflow/dags/my_dag.py
[2025-03-17T20:01:21.479+0000] {processor.py:830} INFO - Processing file /opt/airflow/dags/my_dag.py for tasks to queue
[2025-03-17T20:01:21.480+0000] {logging_mixin.py:188} INFO - [2025-03-17T20:01:21.480+0000] {dagbag.py:545} INFO - Filling up the DagBag from /opt/airflow/dags/my_dag.py
[2025-03-17T20:01:21.512+0000] {logging_mixin.py:188} INFO - [2025-03-17T20:01:21.507+0000] {dagbag.py:355} ERROR - Failed to import: /opt/airflow/dags/my_dag.py
Traceback (most recent call last):
  File "/home/airflow/.local/lib/python3.12/site-packages/airflow/models/dagbag.py", line 351, in parse
    loader.exec_module(new_module)
  File "<frozen importlib._bootstrap_external>", line 995, in exec_module
  File "<frozen importlib._bootstrap>", line 488, in _call_with_frames_removed
  File "/opt/airflow/dags/my_dag.py", line 23, in <module>
    with DAG("my_dag", start_date = datetime(2025, 1, 1), schedule_interval = "@daily", catchup = False) as dag:
         ^^^
NameError: name 'DAG' is not defined
[2025-03-17T20:01:21.515+0000] {processor.py:842} WARNING - No viable dags retrieved from /opt/airflow/dags/my_dag.py
[2025-03-17T20:01:21.529+0000] {processor.py:183} INFO - Processing /opt/airflow/dags/my_dag.py took 0.055 seconds
[2025-03-17T20:01:48.862+0000] {processor.py:161} INFO - Started process (PID=199) to work on /opt/airflow/dags/my_dag.py
[2025-03-17T20:01:48.862+0000] {processor.py:830} INFO - Processing file /opt/airflow/dags/my_dag.py for tasks to queue
[2025-03-17T20:01:48.863+0000] {logging_mixin.py:188} INFO - [2025-03-17T20:01:48.863+0000] {dagbag.py:545} INFO - Filling up the DagBag from /opt/airflow/dags/my_dag.py
[2025-03-17T20:01:48.884+0000] {logging_mixin.py:188} INFO - [2025-03-17T20:01:48.881+0000] {dagbag.py:355} ERROR - Failed to import: /opt/airflow/dags/my_dag.py
Traceback (most recent call last):
  File "/home/airflow/.local/lib/python3.12/site-packages/airflow/models/dagbag.py", line 351, in parse
    loader.exec_module(new_module)
  File "<frozen importlib._bootstrap_external>", line 995, in exec_module
  File "<frozen importlib._bootstrap>", line 488, in _call_with_frames_removed
  File "/opt/airflow/dags/my_dag.py", line 23, in <module>
    with dag("my_dag", start_date = datetime(2025, 1, 1), schedule_interval = "@daily", catchup = False) as dag:
TypeError: 'function' object does not support the context manager protocol
[2025-03-17T20:01:48.885+0000] {processor.py:842} WARNING - No viable dags retrieved from /opt/airflow/dags/my_dag.py
[2025-03-17T20:01:48.900+0000] {processor.py:183} INFO - Processing /opt/airflow/dags/my_dag.py took 0.042 seconds
[2025-03-17T20:02:19.154+0000] {processor.py:161} INFO - Started process (PID=208) to work on /opt/airflow/dags/my_dag.py
[2025-03-17T20:02:19.155+0000] {processor.py:830} INFO - Processing file /opt/airflow/dags/my_dag.py for tasks to queue
[2025-03-17T20:02:19.155+0000] {logging_mixin.py:188} INFO - [2025-03-17T20:02:19.155+0000] {dagbag.py:545} INFO - Filling up the DagBag from /opt/airflow/dags/my_dag.py
[2025-03-17T20:02:19.173+0000] {logging_mixin.py:188} INFO - [2025-03-17T20:02:19.169+0000] {dagbag.py:355} ERROR - Failed to import: /opt/airflow/dags/my_dag.py
Traceback (most recent call last):
  File "/home/airflow/.local/lib/python3.12/site-packages/airflow/models/dagbag.py", line 351, in parse
    loader.exec_module(new_module)
  File "<frozen importlib._bootstrap_external>", line 995, in exec_module
  File "<frozen importlib._bootstrap>", line 488, in _call_with_frames_removed
  File "/opt/airflow/dags/my_dag.py", line 23, in <module>
    with dag("my_dag", start_date = datetime(2025, 1, 1), schedule_interval = "@daily", catchup = False) as dag:
TypeError: 'function' object does not support the context manager protocol
[2025-03-17T20:02:19.175+0000] {processor.py:842} WARNING - No viable dags retrieved from /opt/airflow/dags/my_dag.py
[2025-03-17T20:02:19.192+0000] {processor.py:183} INFO - Processing /opt/airflow/dags/my_dag.py took 0.043 seconds
[2025-03-17T20:02:49.527+0000] {processor.py:161} INFO - Started process (PID=217) to work on /opt/airflow/dags/my_dag.py
[2025-03-17T20:02:49.528+0000] {processor.py:830} INFO - Processing file /opt/airflow/dags/my_dag.py for tasks to queue
[2025-03-17T20:02:49.529+0000] {logging_mixin.py:188} INFO - [2025-03-17T20:02:49.528+0000] {dagbag.py:545} INFO - Filling up the DagBag from /opt/airflow/dags/my_dag.py
[2025-03-17T20:02:49.538+0000] {logging_mixin.py:188} INFO - [2025-03-17T20:02:49.536+0000] {dagbag.py:355} ERROR - Failed to import: /opt/airflow/dags/my_dag.py
Traceback (most recent call last):
  File "/home/airflow/.local/lib/python3.12/site-packages/airflow/models/dagbag.py", line 351, in parse
    loader.exec_module(new_module)
  File "<frozen importlib._bootstrap_external>", line 995, in exec_module
  File "<frozen importlib._bootstrap>", line 488, in _call_with_frames_removed
  File "/opt/airflow/dags/my_dag.py", line 23, in <module>
    with dag("my_dag", start_date = datetime(2025, 1, 1), schedule_interval = "@daily", catchup = False) as dag:
TypeError: 'function' object does not support the context manager protocol
[2025-03-17T20:02:49.539+0000] {processor.py:842} WARNING - No viable dags retrieved from /opt/airflow/dags/my_dag.py
[2025-03-17T20:02:49.554+0000] {processor.py:183} INFO - Processing /opt/airflow/dags/my_dag.py took 0.030 seconds
[2025-03-17T20:02:59.626+0000] {processor.py:161} INFO - Started process (PID=218) to work on /opt/airflow/dags/my_dag.py
[2025-03-17T20:02:59.627+0000] {processor.py:830} INFO - Processing file /opt/airflow/dags/my_dag.py for tasks to queue
[2025-03-17T20:02:59.628+0000] {logging_mixin.py:188} INFO - [2025-03-17T20:02:59.627+0000] {dagbag.py:545} INFO - Filling up the DagBag from /opt/airflow/dags/my_dag.py
[2025-03-17T20:02:59.676+0000] {logging_mixin.py:188} INFO - [2025-03-17T20:02:59.658+0000] {dagbag.py:355} ERROR - Failed to import: /opt/airflow/dags/my_dag.py
Traceback (most recent call last):
  File "/home/airflow/.local/lib/python3.12/site-packages/airflow/models/dagbag.py", line 351, in parse
    loader.exec_module(new_module)
  File "<frozen importlib._bootstrap_external>", line 995, in exec_module
  File "<frozen importlib._bootstrap>", line 488, in _call_with_frames_removed
  File "/opt/airflow/dags/my_dag.py", line 23, in <module>
    with DAG("my_dag", start_date = datetime(2025, 1, 1), schedule_interval = "@daily", catchup = False) as dag:
         ^^^
NameError: name 'DAG' is not defined
[2025-03-17T20:02:59.677+0000] {processor.py:842} WARNING - No viable dags retrieved from /opt/airflow/dags/my_dag.py
[2025-03-17T20:02:59.693+0000] {processor.py:183} INFO - Processing /opt/airflow/dags/my_dag.py took 0.071 seconds
[2025-03-17T20:03:30.039+0000] {processor.py:161} INFO - Started process (PID=227) to work on /opt/airflow/dags/my_dag.py
[2025-03-17T20:03:30.040+0000] {processor.py:830} INFO - Processing file /opt/airflow/dags/my_dag.py for tasks to queue
[2025-03-17T20:03:30.041+0000] {logging_mixin.py:188} INFO - [2025-03-17T20:03:30.041+0000] {dagbag.py:545} INFO - Filling up the DagBag from /opt/airflow/dags/my_dag.py
[2025-03-17T20:03:30.058+0000] {logging_mixin.py:188} INFO - [2025-03-17T20:03:30.054+0000] {dagbag.py:355} ERROR - Failed to import: /opt/airflow/dags/my_dag.py
Traceback (most recent call last):
  File "/home/airflow/.local/lib/python3.12/site-packages/airflow/models/dagbag.py", line 351, in parse
    loader.exec_module(new_module)
  File "<frozen importlib._bootstrap_external>", line 995, in exec_module
  File "<frozen importlib._bootstrap>", line 488, in _call_with_frames_removed
  File "/opt/airflow/dags/my_dag.py", line 23, in <module>
    with DAG("my_dag", start_date = datetime(2025, 1, 1), schedule_interval = "@daily", catchup = False) as dag:
         ^^^
NameError: name 'DAG' is not defined
[2025-03-17T20:03:30.060+0000] {processor.py:842} WARNING - No viable dags retrieved from /opt/airflow/dags/my_dag.py
[2025-03-17T20:03:30.079+0000] {processor.py:183} INFO - Processing /opt/airflow/dags/my_dag.py took 0.044 seconds
[2025-03-17T20:03:43.248+0000] {processor.py:161} INFO - Started process (PID=236) to work on /opt/airflow/dags/my_dag.py
[2025-03-17T20:03:43.249+0000] {processor.py:830} INFO - Processing file /opt/airflow/dags/my_dag.py for tasks to queue
[2025-03-17T20:03:43.249+0000] {logging_mixin.py:188} INFO - [2025-03-17T20:03:43.249+0000] {dagbag.py:545} INFO - Filling up the DagBag from /opt/airflow/dags/my_dag.py
[2025-03-17T20:03:43.268+0000] {logging_mixin.py:188} INFO - [2025-03-17T20:03:43.265+0000] {dagbag.py:355} ERROR - Failed to import: /opt/airflow/dags/my_dag.py
Traceback (most recent call last):
  File "/home/airflow/.local/lib/python3.12/site-packages/airflow/models/dagbag.py", line 351, in parse
    loader.exec_module(new_module)
  File "<frozen importlib._bootstrap_external>", line 995, in exec_module
  File "<frozen importlib._bootstrap>", line 488, in _call_with_frames_removed
  File "/opt/airflow/dags/my_dag.py", line 23, in <module>
    with DAG(
         ^^^
NameError: name 'DAG' is not defined
[2025-03-17T20:03:43.269+0000] {processor.py:842} WARNING - No viable dags retrieved from /opt/airflow/dags/my_dag.py
[2025-03-17T20:03:43.284+0000] {processor.py:183} INFO - Processing /opt/airflow/dags/my_dag.py took 0.039 seconds
[2025-03-17T20:04:07.628+0000] {processor.py:161} INFO - Started process (PID=243) to work on /opt/airflow/dags/my_dag.py
[2025-03-17T20:04:07.629+0000] {processor.py:830} INFO - Processing file /opt/airflow/dags/my_dag.py for tasks to queue
[2025-03-17T20:04:07.629+0000] {logging_mixin.py:188} INFO - [2025-03-17T20:04:07.629+0000] {dagbag.py:545} INFO - Filling up the DagBag from /opt/airflow/dags/my_dag.py
[2025-03-17T20:04:07.676+0000] {logging_mixin.py:188} INFO - [2025-03-17T20:04:07.671+0000] {dagbag.py:355} ERROR - Failed to import: /opt/airflow/dags/my_dag.py
Traceback (most recent call last):
  File "/home/airflow/.local/lib/python3.12/site-packages/airflow/models/dagbag.py", line 351, in parse
    loader.exec_module(new_module)
  File "<frozen importlib._bootstrap_external>", line 995, in exec_module
  File "<frozen importlib._bootstrap>", line 488, in _call_with_frames_removed
  File "/opt/airflow/dags/my_dag.py", line 23, in <module>
    with DAG(
         ^^^
NameError: name 'DAG' is not defined
[2025-03-17T20:04:07.679+0000] {processor.py:842} WARNING - No viable dags retrieved from /opt/airflow/dags/my_dag.py
[2025-03-17T20:04:07.694+0000] {processor.py:183} INFO - Processing /opt/airflow/dags/my_dag.py took 0.072 seconds
[2025-03-17T20:04:38.045+0000] {processor.py:161} INFO - Started process (PID=252) to work on /opt/airflow/dags/my_dag.py
[2025-03-17T20:04:38.046+0000] {processor.py:830} INFO - Processing file /opt/airflow/dags/my_dag.py for tasks to queue
[2025-03-17T20:04:38.046+0000] {logging_mixin.py:188} INFO - [2025-03-17T20:04:38.046+0000] {dagbag.py:545} INFO - Filling up the DagBag from /opt/airflow/dags/my_dag.py
[2025-03-17T20:04:38.070+0000] {logging_mixin.py:188} INFO - [2025-03-17T20:04:38.064+0000] {dagbag.py:355} ERROR - Failed to import: /opt/airflow/dags/my_dag.py
Traceback (most recent call last):
  File "/home/airflow/.local/lib/python3.12/site-packages/airflow/models/dagbag.py", line 351, in parse
    loader.exec_module(new_module)
  File "<frozen importlib._bootstrap_external>", line 995, in exec_module
  File "<frozen importlib._bootstrap>", line 488, in _call_with_frames_removed
  File "/opt/airflow/dags/my_dag.py", line 23, in <module>
    with DAG(
         ^^^
NameError: name 'DAG' is not defined
[2025-03-17T20:04:38.072+0000] {processor.py:842} WARNING - No viable dags retrieved from /opt/airflow/dags/my_dag.py
[2025-03-17T20:04:38.087+0000] {processor.py:183} INFO - Processing /opt/airflow/dags/my_dag.py took 0.045 seconds
[2025-03-17T20:05:08.890+0000] {processor.py:161} INFO - Started process (PID=261) to work on /opt/airflow/dags/my_dag.py
[2025-03-17T20:05:08.891+0000] {processor.py:830} INFO - Processing file /opt/airflow/dags/my_dag.py for tasks to queue
[2025-03-17T20:05:08.893+0000] {logging_mixin.py:188} INFO - [2025-03-17T20:05:08.893+0000] {dagbag.py:545} INFO - Filling up the DagBag from /opt/airflow/dags/my_dag.py
[2025-03-17T20:05:08.932+0000] {logging_mixin.py:188} INFO - [2025-03-17T20:05:08.922+0000] {dagbag.py:355} ERROR - Failed to import: /opt/airflow/dags/my_dag.py
Traceback (most recent call last):
  File "/home/airflow/.local/lib/python3.12/site-packages/airflow/models/dagbag.py", line 351, in parse
    loader.exec_module(new_module)
  File "<frozen importlib._bootstrap_external>", line 995, in exec_module
  File "<frozen importlib._bootstrap>", line 488, in _call_with_frames_removed
  File "/opt/airflow/dags/my_dag.py", line 23, in <module>
    with DAG(
         ^^^
NameError: name 'DAG' is not defined
[2025-03-17T20:05:08.937+0000] {processor.py:842} WARNING - No viable dags retrieved from /opt/airflow/dags/my_dag.py
[2025-03-17T20:05:08.969+0000] {processor.py:183} INFO - Processing /opt/airflow/dags/my_dag.py took 0.086 seconds
[2025-03-17T20:05:16.212+0000] {processor.py:161} INFO - Started process (PID=264) to work on /opt/airflow/dags/my_dag.py
[2025-03-17T20:05:16.213+0000] {processor.py:830} INFO - Processing file /opt/airflow/dags/my_dag.py for tasks to queue
[2025-03-17T20:05:16.214+0000] {logging_mixin.py:188} INFO - [2025-03-17T20:05:16.214+0000] {dagbag.py:545} INFO - Filling up the DagBag from /opt/airflow/dags/my_dag.py
[2025-03-17T20:05:16.251+0000] {logging_mixin.py:188} INFO - [2025-03-17T20:05:16.244+0000] {dagbag.py:355} ERROR - Failed to import: /opt/airflow/dags/my_dag.py
Traceback (most recent call last):
  File "/home/airflow/.local/lib/python3.12/site-packages/airflow/models/dagbag.py", line 351, in parse
    loader.exec_module(new_module)
  File "<frozen importlib._bootstrap_external>", line 995, in exec_module
  File "<frozen importlib._bootstrap>", line 488, in _call_with_frames_removed
  File "/opt/airflow/dags/my_dag.py", line 58, in <module>
    [training_model_a, training_model_b, training_model_c] >> choose_best_model >> [accurate, inaccurate]
     ^^^^^^^^^^^^^^^^
NameError: name 'training_model_a' is not defined. Did you mean: 'training_model_A'?
[2025-03-17T20:05:16.254+0000] {processor.py:842} WARNING - No viable dags retrieved from /opt/airflow/dags/my_dag.py
[2025-03-17T20:05:16.275+0000] {processor.py:183} INFO - Processing /opt/airflow/dags/my_dag.py took 0.069 seconds
[2025-03-17T20:05:22.438+0000] {processor.py:161} INFO - Started process (PID=265) to work on /opt/airflow/dags/my_dag.py
[2025-03-17T20:05:22.439+0000] {processor.py:830} INFO - Processing file /opt/airflow/dags/my_dag.py for tasks to queue
[2025-03-17T20:05:22.440+0000] {logging_mixin.py:188} INFO - [2025-03-17T20:05:22.440+0000] {dagbag.py:545} INFO - Filling up the DagBag from /opt/airflow/dags/my_dag.py
[2025-03-17T20:05:22.481+0000] {logging_mixin.py:188} INFO - [2025-03-17T20:05:22.469+0000] {dagbag.py:355} ERROR - Failed to import: /opt/airflow/dags/my_dag.py
Traceback (most recent call last):
  File "/home/airflow/.local/lib/python3.12/site-packages/airflow/models/dagbag.py", line 351, in parse
    loader.exec_module(new_module)
  File "<frozen importlib._bootstrap_external>", line 995, in exec_module
  File "<frozen importlib._bootstrap>", line 488, in _call_with_frames_removed
  File "/opt/airflow/dags/my_dag.py", line 58, in <module>
    [training_model_a, training_model_b, training_model_c] >> choose_best_model >> [accurate, inaccurate]
     ^^^^^^^^^^^^^^^^
NameError: name 'training_model_a' is not defined. Did you mean: 'training_model_A'?
[2025-03-17T20:05:22.486+0000] {processor.py:842} WARNING - No viable dags retrieved from /opt/airflow/dags/my_dag.py
[2025-03-17T20:05:22.508+0000] {processor.py:183} INFO - Processing /opt/airflow/dags/my_dag.py took 0.074 seconds
[2025-03-17T20:05:53.168+0000] {processor.py:161} INFO - Started process (PID=274) to work on /opt/airflow/dags/my_dag.py
[2025-03-17T20:05:53.169+0000] {processor.py:830} INFO - Processing file /opt/airflow/dags/my_dag.py for tasks to queue
[2025-03-17T20:05:53.170+0000] {logging_mixin.py:188} INFO - [2025-03-17T20:05:53.170+0000] {dagbag.py:545} INFO - Filling up the DagBag from /opt/airflow/dags/my_dag.py
[2025-03-17T20:05:53.246+0000] {logging_mixin.py:188} INFO - [2025-03-17T20:05:53.231+0000] {dagbag.py:355} ERROR - Failed to import: /opt/airflow/dags/my_dag.py
Traceback (most recent call last):
  File "/home/airflow/.local/lib/python3.12/site-packages/airflow/models/dagbag.py", line 351, in parse
    loader.exec_module(new_module)
  File "<frozen importlib._bootstrap_external>", line 995, in exec_module
  File "<frozen importlib._bootstrap>", line 488, in _call_with_frames_removed
  File "/opt/airflow/dags/my_dag.py", line 58, in <module>
    [training_model_a, training_model_b, training_model_c] >> choose_best_model >> [accurate, inaccurate]
     ^^^^^^^^^^^^^^^^
NameError: name 'training_model_a' is not defined. Did you mean: 'training_model_A'?
[2025-03-17T20:05:53.252+0000] {processor.py:842} WARNING - No viable dags retrieved from /opt/airflow/dags/my_dag.py
[2025-03-17T20:05:53.279+0000] {processor.py:183} INFO - Processing /opt/airflow/dags/my_dag.py took 0.117 seconds
[2025-03-17T20:06:05.410+0000] {processor.py:161} INFO - Started process (PID=280) to work on /opt/airflow/dags/my_dag.py
[2025-03-17T20:06:05.411+0000] {processor.py:830} INFO - Processing file /opt/airflow/dags/my_dag.py for tasks to queue
[2025-03-17T20:06:05.412+0000] {logging_mixin.py:188} INFO - [2025-03-17T20:06:05.411+0000] {dagbag.py:545} INFO - Filling up the DagBag from /opt/airflow/dags/my_dag.py
[2025-03-17T20:06:05.452+0000] {processor.py:840} INFO - DAG(s) 'my_dag' retrieved from /opt/airflow/dags/my_dag.py
[2025-03-17T20:06:05.551+0000] {logging_mixin.py:188} INFO - [2025-03-17T20:06:05.550+0000] {override.py:1829} INFO - Created Permission View: can read on DAG:my_dag
[2025-03-17T20:06:05.562+0000] {logging_mixin.py:188} INFO - [2025-03-17T20:06:05.561+0000] {override.py:1829} INFO - Created Permission View: can edit on DAG:my_dag
[2025-03-17T20:06:05.570+0000] {logging_mixin.py:188} INFO - [2025-03-17T20:06:05.569+0000] {override.py:1829} INFO - Created Permission View: can delete on DAG:my_dag
[2025-03-17T20:06:05.570+0000] {logging_mixin.py:188} INFO - [2025-03-17T20:06:05.570+0000] {dag.py:3096} INFO - Sync 1 DAGs
[2025-03-17T20:06:05.579+0000] {logging_mixin.py:188} INFO - [2025-03-17T20:06:05.579+0000] {dag.py:3118} INFO - Creating ORM DAG for my_dag
[2025-03-17T20:06:05.588+0000] {logging_mixin.py:188} INFO - [2025-03-17T20:06:05.588+0000] {dag.py:3954} INFO - Setting next_dagrun for my_dag to 2025-03-16 00:00:00+00:00, run_after=2025-03-17 00:00:00+00:00
[2025-03-17T20:06:05.617+0000] {processor.py:183} INFO - Processing /opt/airflow/dags/my_dag.py took 0.213 seconds
[2025-03-17T20:06:36.170+0000] {processor.py:161} INFO - Started process (PID=301) to work on /opt/airflow/dags/my_dag.py
[2025-03-17T20:06:36.171+0000] {processor.py:830} INFO - Processing file /opt/airflow/dags/my_dag.py for tasks to queue
[2025-03-17T20:06:36.173+0000] {logging_mixin.py:188} INFO - [2025-03-17T20:06:36.172+0000] {dagbag.py:545} INFO - Filling up the DagBag from /opt/airflow/dags/my_dag.py
[2025-03-17T20:06:36.204+0000] {processor.py:840} INFO - DAG(s) 'my_dag' retrieved from /opt/airflow/dags/my_dag.py
[2025-03-17T20:06:36.240+0000] {logging_mixin.py:188} INFO - [2025-03-17T20:06:36.240+0000] {dag.py:3096} INFO - Sync 1 DAGs
[2025-03-17T20:06:36.268+0000] {logging_mixin.py:188} INFO - [2025-03-17T20:06:36.267+0000] {dag.py:3954} INFO - Setting next_dagrun for my_dag to 2025-03-17 00:00:00+00:00, run_after=2025-03-18 00:00:00+00:00
[2025-03-17T20:06:36.296+0000] {processor.py:183} INFO - Processing /opt/airflow/dags/my_dag.py took 0.135 seconds
[2025-03-17T20:07:06.797+0000] {processor.py:161} INFO - Started process (PID=310) to work on /opt/airflow/dags/my_dag.py
[2025-03-17T20:07:06.797+0000] {processor.py:830} INFO - Processing file /opt/airflow/dags/my_dag.py for tasks to queue
[2025-03-17T20:07:06.798+0000] {logging_mixin.py:188} INFO - [2025-03-17T20:07:06.798+0000] {dagbag.py:545} INFO - Filling up the DagBag from /opt/airflow/dags/my_dag.py
[2025-03-17T20:07:06.844+0000] {processor.py:840} INFO - DAG(s) 'my_dag' retrieved from /opt/airflow/dags/my_dag.py
[2025-03-17T20:07:06.872+0000] {logging_mixin.py:188} INFO - [2025-03-17T20:07:06.872+0000] {dag.py:3096} INFO - Sync 1 DAGs
[2025-03-17T20:07:06.894+0000] {logging_mixin.py:188} INFO - [2025-03-17T20:07:06.894+0000] {dag.py:3954} INFO - Setting next_dagrun for my_dag to 2025-03-17 00:00:00+00:00, run_after=2025-03-18 00:00:00+00:00
[2025-03-17T20:07:06.920+0000] {processor.py:183} INFO - Processing /opt/airflow/dags/my_dag.py took 0.128 seconds
[2025-03-17T20:07:37.450+0000] {processor.py:161} INFO - Started process (PID=319) to work on /opt/airflow/dags/my_dag.py
[2025-03-17T20:07:37.451+0000] {processor.py:830} INFO - Processing file /opt/airflow/dags/my_dag.py for tasks to queue
[2025-03-17T20:07:37.453+0000] {logging_mixin.py:188} INFO - [2025-03-17T20:07:37.453+0000] {dagbag.py:545} INFO - Filling up the DagBag from /opt/airflow/dags/my_dag.py
[2025-03-17T20:07:37.500+0000] {processor.py:840} INFO - DAG(s) 'my_dag' retrieved from /opt/airflow/dags/my_dag.py
[2025-03-17T20:07:37.536+0000] {logging_mixin.py:188} INFO - [2025-03-17T20:07:37.536+0000] {dag.py:3096} INFO - Sync 1 DAGs
[2025-03-17T20:07:37.563+0000] {logging_mixin.py:188} INFO - [2025-03-17T20:07:37.563+0000] {dag.py:3954} INFO - Setting next_dagrun for my_dag to 2025-03-17 00:00:00+00:00, run_after=2025-03-18 00:00:00+00:00
[2025-03-17T20:07:37.593+0000] {processor.py:183} INFO - Processing /opt/airflow/dags/my_dag.py took 0.152 seconds
[2025-03-17T20:08:00.998+0000] {processor.py:161} INFO - Started process (PID=328) to work on /opt/airflow/dags/my_dag.py
[2025-03-17T20:08:00.998+0000] {processor.py:830} INFO - Processing file /opt/airflow/dags/my_dag.py for tasks to queue
[2025-03-17T20:08:01.000+0000] {logging_mixin.py:188} INFO - [2025-03-17T20:08:00.999+0000] {dagbag.py:545} INFO - Filling up the DagBag from /opt/airflow/dags/my_dag.py
[2025-03-17T20:08:01.061+0000] {processor.py:840} INFO - DAG(s) 'my_dag' retrieved from /opt/airflow/dags/my_dag.py
[2025-03-17T20:08:01.089+0000] {logging_mixin.py:188} INFO - [2025-03-17T20:08:01.089+0000] {dag.py:3096} INFO - Sync 1 DAGs
[2025-03-17T20:08:01.111+0000] {logging_mixin.py:188} INFO - [2025-03-17T20:08:01.110+0000] {dag.py:3954} INFO - Setting next_dagrun for my_dag to 2025-03-17 00:00:00+00:00, run_after=2025-03-18 00:00:00+00:00
[2025-03-17T20:08:01.144+0000] {processor.py:183} INFO - Processing /opt/airflow/dags/my_dag.py took 0.152 seconds
[2025-03-17T20:08:31.705+0000] {processor.py:161} INFO - Started process (PID=342) to work on /opt/airflow/dags/my_dag.py
[2025-03-17T20:08:31.706+0000] {processor.py:830} INFO - Processing file /opt/airflow/dags/my_dag.py for tasks to queue
[2025-03-17T20:08:31.707+0000] {logging_mixin.py:188} INFO - [2025-03-17T20:08:31.707+0000] {dagbag.py:545} INFO - Filling up the DagBag from /opt/airflow/dags/my_dag.py
[2025-03-17T20:08:31.753+0000] {processor.py:840} INFO - DAG(s) 'my_dag' retrieved from /opt/airflow/dags/my_dag.py
[2025-03-17T20:08:31.785+0000] {logging_mixin.py:188} INFO - [2025-03-17T20:08:31.785+0000] {dag.py:3096} INFO - Sync 1 DAGs
[2025-03-17T20:08:31.810+0000] {logging_mixin.py:188} INFO - [2025-03-17T20:08:31.809+0000] {dag.py:3954} INFO - Setting next_dagrun for my_dag to 2025-03-17 00:00:00+00:00, run_after=2025-03-18 00:00:00+00:00
[2025-03-17T20:08:31.843+0000] {processor.py:183} INFO - Processing /opt/airflow/dags/my_dag.py took 0.145 seconds
[2025-03-17T20:09:02.498+0000] {processor.py:161} INFO - Started process (PID=351) to work on /opt/airflow/dags/my_dag.py
[2025-03-17T20:09:02.499+0000] {processor.py:830} INFO - Processing file /opt/airflow/dags/my_dag.py for tasks to queue
[2025-03-17T20:09:02.501+0000] {logging_mixin.py:188} INFO - [2025-03-17T20:09:02.500+0000] {dagbag.py:545} INFO - Filling up the DagBag from /opt/airflow/dags/my_dag.py
[2025-03-17T20:09:02.549+0000] {processor.py:840} INFO - DAG(s) 'my_dag' retrieved from /opt/airflow/dags/my_dag.py
[2025-03-17T20:09:02.579+0000] {logging_mixin.py:188} INFO - [2025-03-17T20:09:02.578+0000] {dag.py:3096} INFO - Sync 1 DAGs
[2025-03-17T20:09:02.603+0000] {logging_mixin.py:188} INFO - [2025-03-17T20:09:02.602+0000] {dag.py:3954} INFO - Setting next_dagrun for my_dag to 2025-03-17 00:00:00+00:00, run_after=2025-03-18 00:00:00+00:00
[2025-03-17T20:09:02.632+0000] {processor.py:183} INFO - Processing /opt/airflow/dags/my_dag.py took 0.143 seconds
[2025-03-17T20:09:33.465+0000] {processor.py:161} INFO - Started process (PID=360) to work on /opt/airflow/dags/my_dag.py
[2025-03-17T20:09:33.466+0000] {processor.py:830} INFO - Processing file /opt/airflow/dags/my_dag.py for tasks to queue
[2025-03-17T20:09:33.468+0000] {logging_mixin.py:188} INFO - [2025-03-17T20:09:33.467+0000] {dagbag.py:545} INFO - Filling up the DagBag from /opt/airflow/dags/my_dag.py
[2025-03-17T20:09:33.517+0000] {processor.py:840} INFO - DAG(s) 'my_dag' retrieved from /opt/airflow/dags/my_dag.py
[2025-03-17T20:09:33.547+0000] {logging_mixin.py:188} INFO - [2025-03-17T20:09:33.547+0000] {dag.py:3096} INFO - Sync 1 DAGs
[2025-03-17T20:09:33.571+0000] {logging_mixin.py:188} INFO - [2025-03-17T20:09:33.571+0000] {dag.py:3954} INFO - Setting next_dagrun for my_dag to 2025-03-17 00:00:00+00:00, run_after=2025-03-18 00:00:00+00:00
[2025-03-17T20:09:33.608+0000] {processor.py:183} INFO - Processing /opt/airflow/dags/my_dag.py took 0.149 seconds
[2025-03-17T20:10:04.548+0000] {processor.py:161} INFO - Started process (PID=369) to work on /opt/airflow/dags/my_dag.py
[2025-03-17T20:10:04.550+0000] {processor.py:830} INFO - Processing file /opt/airflow/dags/my_dag.py for tasks to queue
[2025-03-17T20:10:04.552+0000] {logging_mixin.py:188} INFO - [2025-03-17T20:10:04.552+0000] {dagbag.py:545} INFO - Filling up the DagBag from /opt/airflow/dags/my_dag.py
[2025-03-17T20:10:04.615+0000] {processor.py:840} INFO - DAG(s) 'my_dag' retrieved from /opt/airflow/dags/my_dag.py
[2025-03-17T20:10:04.646+0000] {logging_mixin.py:188} INFO - [2025-03-17T20:10:04.645+0000] {dag.py:3096} INFO - Sync 1 DAGs
[2025-03-17T20:10:04.670+0000] {logging_mixin.py:188} INFO - [2025-03-17T20:10:04.670+0000] {dag.py:3954} INFO - Setting next_dagrun for my_dag to 2025-03-17 00:00:00+00:00, run_after=2025-03-18 00:00:00+00:00
[2025-03-17T20:10:04.703+0000] {processor.py:183} INFO - Processing /opt/airflow/dags/my_dag.py took 0.164 seconds
[2025-03-17T20:10:35.372+0000] {processor.py:161} INFO - Started process (PID=378) to work on /opt/airflow/dags/my_dag.py
[2025-03-17T20:10:35.374+0000] {processor.py:830} INFO - Processing file /opt/airflow/dags/my_dag.py for tasks to queue
[2025-03-17T20:10:35.376+0000] {logging_mixin.py:188} INFO - [2025-03-17T20:10:35.376+0000] {dagbag.py:545} INFO - Filling up the DagBag from /opt/airflow/dags/my_dag.py
[2025-03-17T20:10:35.429+0000] {processor.py:840} INFO - DAG(s) 'my_dag' retrieved from /opt/airflow/dags/my_dag.py
[2025-03-17T20:10:35.459+0000] {logging_mixin.py:188} INFO - [2025-03-17T20:10:35.459+0000] {dag.py:3096} INFO - Sync 1 DAGs
[2025-03-17T20:10:35.483+0000] {logging_mixin.py:188} INFO - [2025-03-17T20:10:35.483+0000] {dag.py:3954} INFO - Setting next_dagrun for my_dag to 2025-03-17 00:00:00+00:00, run_after=2025-03-18 00:00:00+00:00
[2025-03-17T20:10:35.516+0000] {processor.py:183} INFO - Processing /opt/airflow/dags/my_dag.py took 0.153 seconds
[2025-03-17T20:11:06.171+0000] {processor.py:161} INFO - Started process (PID=386) to work on /opt/airflow/dags/my_dag.py
[2025-03-17T20:11:06.173+0000] {processor.py:830} INFO - Processing file /opt/airflow/dags/my_dag.py for tasks to queue
[2025-03-17T20:11:06.174+0000] {logging_mixin.py:188} INFO - [2025-03-17T20:11:06.174+0000] {dagbag.py:545} INFO - Filling up the DagBag from /opt/airflow/dags/my_dag.py
[2025-03-17T20:11:06.234+0000] {processor.py:840} INFO - DAG(s) 'my_dag' retrieved from /opt/airflow/dags/my_dag.py
[2025-03-17T20:11:06.271+0000] {logging_mixin.py:188} INFO - [2025-03-17T20:11:06.270+0000] {dag.py:3096} INFO - Sync 1 DAGs
[2025-03-17T20:11:06.298+0000] {logging_mixin.py:188} INFO - [2025-03-17T20:11:06.298+0000] {dag.py:3954} INFO - Setting next_dagrun for my_dag to 2025-03-17 00:00:00+00:00, run_after=2025-03-18 00:00:00+00:00
[2025-03-17T20:11:06.328+0000] {processor.py:183} INFO - Processing /opt/airflow/dags/my_dag.py took 0.164 seconds
[2025-03-17T20:11:37.035+0000] {processor.py:161} INFO - Started process (PID=395) to work on /opt/airflow/dags/my_dag.py
[2025-03-17T20:11:37.037+0000] {processor.py:830} INFO - Processing file /opt/airflow/dags/my_dag.py for tasks to queue
[2025-03-17T20:11:37.038+0000] {logging_mixin.py:188} INFO - [2025-03-17T20:11:37.037+0000] {dagbag.py:545} INFO - Filling up the DagBag from /opt/airflow/dags/my_dag.py
[2025-03-17T20:11:37.081+0000] {processor.py:840} INFO - DAG(s) 'my_dag' retrieved from /opt/airflow/dags/my_dag.py
[2025-03-17T20:11:37.118+0000] {logging_mixin.py:188} INFO - [2025-03-17T20:11:37.118+0000] {dag.py:3096} INFO - Sync 1 DAGs
[2025-03-17T20:11:37.148+0000] {logging_mixin.py:188} INFO - [2025-03-17T20:11:37.147+0000] {dag.py:3954} INFO - Setting next_dagrun for my_dag to 2025-03-17 00:00:00+00:00, run_after=2025-03-18 00:00:00+00:00
[2025-03-17T20:11:37.177+0000] {processor.py:183} INFO - Processing /opt/airflow/dags/my_dag.py took 0.151 seconds
[2025-03-17T20:12:07.791+0000] {processor.py:161} INFO - Started process (PID=404) to work on /opt/airflow/dags/my_dag.py
[2025-03-17T20:12:07.792+0000] {processor.py:830} INFO - Processing file /opt/airflow/dags/my_dag.py for tasks to queue
[2025-03-17T20:12:07.794+0000] {logging_mixin.py:188} INFO - [2025-03-17T20:12:07.793+0000] {dagbag.py:545} INFO - Filling up the DagBag from /opt/airflow/dags/my_dag.py
[2025-03-17T20:12:07.832+0000] {processor.py:840} INFO - DAG(s) 'my_dag' retrieved from /opt/airflow/dags/my_dag.py
[2025-03-17T20:12:07.861+0000] {logging_mixin.py:188} INFO - [2025-03-17T20:12:07.861+0000] {dag.py:3096} INFO - Sync 1 DAGs
[2025-03-17T20:12:07.884+0000] {logging_mixin.py:188} INFO - [2025-03-17T20:12:07.884+0000] {dag.py:3954} INFO - Setting next_dagrun for my_dag to 2025-03-17 00:00:00+00:00, run_after=2025-03-18 00:00:00+00:00
[2025-03-17T20:12:07.909+0000] {processor.py:183} INFO - Processing /opt/airflow/dags/my_dag.py took 0.125 seconds
[2025-03-17T20:12:38.550+0000] {processor.py:161} INFO - Started process (PID=413) to work on /opt/airflow/dags/my_dag.py
[2025-03-17T20:12:38.551+0000] {processor.py:830} INFO - Processing file /opt/airflow/dags/my_dag.py for tasks to queue
[2025-03-17T20:12:38.552+0000] {logging_mixin.py:188} INFO - [2025-03-17T20:12:38.552+0000] {dagbag.py:545} INFO - Filling up the DagBag from /opt/airflow/dags/my_dag.py
[2025-03-17T20:12:38.589+0000] {processor.py:840} INFO - DAG(s) 'my_dag' retrieved from /opt/airflow/dags/my_dag.py
[2025-03-17T20:12:38.619+0000] {logging_mixin.py:188} INFO - [2025-03-17T20:12:38.618+0000] {dag.py:3096} INFO - Sync 1 DAGs
[2025-03-17T20:12:38.641+0000] {logging_mixin.py:188} INFO - [2025-03-17T20:12:38.641+0000] {dag.py:3954} INFO - Setting next_dagrun for my_dag to 2025-03-17 00:00:00+00:00, run_after=2025-03-18 00:00:00+00:00
[2025-03-17T20:12:38.669+0000] {processor.py:183} INFO - Processing /opt/airflow/dags/my_dag.py took 0.125 seconds
[2025-03-17T20:13:09.259+0000] {processor.py:161} INFO - Started process (PID=421) to work on /opt/airflow/dags/my_dag.py
[2025-03-17T20:13:09.260+0000] {processor.py:830} INFO - Processing file /opt/airflow/dags/my_dag.py for tasks to queue
[2025-03-17T20:13:09.261+0000] {logging_mixin.py:188} INFO - [2025-03-17T20:13:09.261+0000] {dagbag.py:545} INFO - Filling up the DagBag from /opt/airflow/dags/my_dag.py
[2025-03-17T20:13:09.320+0000] {processor.py:840} INFO - DAG(s) 'my_dag' retrieved from /opt/airflow/dags/my_dag.py
[2025-03-17T20:13:09.350+0000] {logging_mixin.py:188} INFO - [2025-03-17T20:13:09.350+0000] {dag.py:3096} INFO - Sync 1 DAGs
[2025-03-17T20:13:09.373+0000] {logging_mixin.py:188} INFO - [2025-03-17T20:13:09.373+0000] {dag.py:3954} INFO - Setting next_dagrun for my_dag to 2025-03-17 00:00:00+00:00, run_after=2025-03-18 00:00:00+00:00
[2025-03-17T20:13:09.405+0000] {processor.py:183} INFO - Processing /opt/airflow/dags/my_dag.py took 0.152 seconds
[2025-03-17T20:13:39.826+0000] {processor.py:161} INFO - Started process (PID=430) to work on /opt/airflow/dags/my_dag.py
[2025-03-17T20:13:39.828+0000] {processor.py:830} INFO - Processing file /opt/airflow/dags/my_dag.py for tasks to queue
[2025-03-17T20:13:39.830+0000] {logging_mixin.py:188} INFO - [2025-03-17T20:13:39.829+0000] {dagbag.py:545} INFO - Filling up the DagBag from /opt/airflow/dags/my_dag.py
[2025-03-17T20:13:39.919+0000] {processor.py:840} INFO - DAG(s) 'my_dag' retrieved from /opt/airflow/dags/my_dag.py
[2025-03-17T20:13:39.954+0000] {logging_mixin.py:188} INFO - [2025-03-17T20:13:39.954+0000] {dag.py:3096} INFO - Sync 1 DAGs
[2025-03-17T20:13:39.979+0000] {logging_mixin.py:188} INFO - [2025-03-17T20:13:39.979+0000] {dag.py:3954} INFO - Setting next_dagrun for my_dag to 2025-03-17 00:00:00+00:00, run_after=2025-03-18 00:00:00+00:00
[2025-03-17T20:13:40.018+0000] {processor.py:183} INFO - Processing /opt/airflow/dags/my_dag.py took 0.204 seconds
[2025-03-17T20:14:10.503+0000] {processor.py:161} INFO - Started process (PID=439) to work on /opt/airflow/dags/my_dag.py
[2025-03-17T20:14:10.504+0000] {processor.py:830} INFO - Processing file /opt/airflow/dags/my_dag.py for tasks to queue
[2025-03-17T20:14:10.505+0000] {logging_mixin.py:188} INFO - [2025-03-17T20:14:10.505+0000] {dagbag.py:545} INFO - Filling up the DagBag from /opt/airflow/dags/my_dag.py
[2025-03-17T20:14:10.548+0000] {processor.py:840} INFO - DAG(s) 'my_dag' retrieved from /opt/airflow/dags/my_dag.py
[2025-03-17T20:14:10.578+0000] {logging_mixin.py:188} INFO - [2025-03-17T20:14:10.577+0000] {dag.py:3096} INFO - Sync 1 DAGs
[2025-03-17T20:14:10.601+0000] {logging_mixin.py:188} INFO - [2025-03-17T20:14:10.600+0000] {dag.py:3954} INFO - Setting next_dagrun for my_dag to 2025-03-17 00:00:00+00:00, run_after=2025-03-18 00:00:00+00:00
[2025-03-17T20:14:10.628+0000] {processor.py:183} INFO - Processing /opt/airflow/dags/my_dag.py took 0.131 seconds
[2025-03-17T20:14:41.441+0000] {processor.py:161} INFO - Started process (PID=448) to work on /opt/airflow/dags/my_dag.py
[2025-03-17T20:14:41.442+0000] {processor.py:830} INFO - Processing file /opt/airflow/dags/my_dag.py for tasks to queue
[2025-03-17T20:14:41.444+0000] {logging_mixin.py:188} INFO - [2025-03-17T20:14:41.443+0000] {dagbag.py:545} INFO - Filling up the DagBag from /opt/airflow/dags/my_dag.py
[2025-03-17T20:14:41.473+0000] {processor.py:840} INFO - DAG(s) 'my_dag' retrieved from /opt/airflow/dags/my_dag.py
[2025-03-17T20:14:41.505+0000] {logging_mixin.py:188} INFO - [2025-03-17T20:14:41.505+0000] {dag.py:3096} INFO - Sync 1 DAGs
[2025-03-17T20:14:41.527+0000] {logging_mixin.py:188} INFO - [2025-03-17T20:14:41.527+0000] {dag.py:3954} INFO - Setting next_dagrun for my_dag to 2025-03-17 00:00:00+00:00, run_after=2025-03-18 00:00:00+00:00
[2025-03-17T20:14:41.550+0000] {processor.py:183} INFO - Processing /opt/airflow/dags/my_dag.py took 0.115 seconds
[2025-03-17T20:15:12.376+0000] {processor.py:161} INFO - Started process (PID=457) to work on /opt/airflow/dags/my_dag.py
[2025-03-17T20:15:12.377+0000] {processor.py:830} INFO - Processing file /opt/airflow/dags/my_dag.py for tasks to queue
[2025-03-17T20:15:12.379+0000] {logging_mixin.py:188} INFO - [2025-03-17T20:15:12.378+0000] {dagbag.py:545} INFO - Filling up the DagBag from /opt/airflow/dags/my_dag.py
[2025-03-17T20:15:12.431+0000] {processor.py:840} INFO - DAG(s) 'my_dag' retrieved from /opt/airflow/dags/my_dag.py
[2025-03-17T20:15:12.461+0000] {logging_mixin.py:188} INFO - [2025-03-17T20:15:12.461+0000] {dag.py:3096} INFO - Sync 1 DAGs
[2025-03-17T20:15:12.486+0000] {logging_mixin.py:188} INFO - [2025-03-17T20:15:12.486+0000] {dag.py:3954} INFO - Setting next_dagrun for my_dag to 2025-03-17 00:00:00+00:00, run_after=2025-03-18 00:00:00+00:00
[2025-03-17T20:15:12.518+0000] {processor.py:183} INFO - Processing /opt/airflow/dags/my_dag.py took 0.149 seconds
[2025-03-17T20:15:43.197+0000] {processor.py:161} INFO - Started process (PID=466) to work on /opt/airflow/dags/my_dag.py
[2025-03-17T20:15:43.198+0000] {processor.py:830} INFO - Processing file /opt/airflow/dags/my_dag.py for tasks to queue
[2025-03-17T20:15:43.199+0000] {logging_mixin.py:188} INFO - [2025-03-17T20:15:43.199+0000] {dagbag.py:545} INFO - Filling up the DagBag from /opt/airflow/dags/my_dag.py
[2025-03-17T20:15:43.250+0000] {processor.py:840} INFO - DAG(s) 'my_dag' retrieved from /opt/airflow/dags/my_dag.py
[2025-03-17T20:15:43.283+0000] {logging_mixin.py:188} INFO - [2025-03-17T20:15:43.282+0000] {dag.py:3096} INFO - Sync 1 DAGs
[2025-03-17T20:15:43.307+0000] {logging_mixin.py:188} INFO - [2025-03-17T20:15:43.306+0000] {dag.py:3954} INFO - Setting next_dagrun for my_dag to 2025-03-17 00:00:00+00:00, run_after=2025-03-18 00:00:00+00:00
[2025-03-17T20:15:43.336+0000] {processor.py:183} INFO - Processing /opt/airflow/dags/my_dag.py took 0.146 seconds
[2025-03-17T20:16:14.000+0000] {processor.py:161} INFO - Started process (PID=475) to work on /opt/airflow/dags/my_dag.py
[2025-03-17T20:16:14.001+0000] {processor.py:830} INFO - Processing file /opt/airflow/dags/my_dag.py for tasks to queue
[2025-03-17T20:16:14.002+0000] {logging_mixin.py:188} INFO - [2025-03-17T20:16:14.002+0000] {dagbag.py:545} INFO - Filling up the DagBag from /opt/airflow/dags/my_dag.py
[2025-03-17T20:16:14.042+0000] {processor.py:840} INFO - DAG(s) 'my_dag' retrieved from /opt/airflow/dags/my_dag.py
[2025-03-17T20:16:14.072+0000] {logging_mixin.py:188} INFO - [2025-03-17T20:16:14.071+0000] {dag.py:3096} INFO - Sync 1 DAGs
[2025-03-17T20:16:14.094+0000] {logging_mixin.py:188} INFO - [2025-03-17T20:16:14.093+0000] {dag.py:3954} INFO - Setting next_dagrun for my_dag to 2025-03-17 00:00:00+00:00, run_after=2025-03-18 00:00:00+00:00
[2025-03-17T20:16:14.119+0000] {processor.py:183} INFO - Processing /opt/airflow/dags/my_dag.py took 0.127 seconds
[2025-03-17T20:16:44.772+0000] {processor.py:161} INFO - Started process (PID=484) to work on /opt/airflow/dags/my_dag.py
[2025-03-17T20:16:44.773+0000] {processor.py:830} INFO - Processing file /opt/airflow/dags/my_dag.py for tasks to queue
[2025-03-17T20:16:44.775+0000] {logging_mixin.py:188} INFO - [2025-03-17T20:16:44.774+0000] {dagbag.py:545} INFO - Filling up the DagBag from /opt/airflow/dags/my_dag.py
[2025-03-17T20:16:44.830+0000] {processor.py:840} INFO - DAG(s) 'my_dag' retrieved from /opt/airflow/dags/my_dag.py
[2025-03-17T20:16:44.862+0000] {logging_mixin.py:188} INFO - [2025-03-17T20:16:44.861+0000] {dag.py:3096} INFO - Sync 1 DAGs
[2025-03-17T20:16:44.898+0000] {logging_mixin.py:188} INFO - [2025-03-17T20:16:44.898+0000] {dag.py:3954} INFO - Setting next_dagrun for my_dag to 2025-03-17 00:00:00+00:00, run_after=2025-03-18 00:00:00+00:00
[2025-03-17T20:16:44.926+0000] {processor.py:183} INFO - Processing /opt/airflow/dags/my_dag.py took 0.160 seconds
[2025-03-17T20:17:15.691+0000] {processor.py:161} INFO - Started process (PID=493) to work on /opt/airflow/dags/my_dag.py
[2025-03-17T20:17:15.693+0000] {processor.py:830} INFO - Processing file /opt/airflow/dags/my_dag.py for tasks to queue
[2025-03-17T20:17:15.694+0000] {logging_mixin.py:188} INFO - [2025-03-17T20:17:15.694+0000] {dagbag.py:545} INFO - Filling up the DagBag from /opt/airflow/dags/my_dag.py
[2025-03-17T20:17:15.755+0000] {processor.py:840} INFO - DAG(s) 'my_dag' retrieved from /opt/airflow/dags/my_dag.py
[2025-03-17T20:17:15.785+0000] {logging_mixin.py:188} INFO - [2025-03-17T20:17:15.785+0000] {dag.py:3096} INFO - Sync 1 DAGs
[2025-03-17T20:17:15.808+0000] {logging_mixin.py:188} INFO - [2025-03-17T20:17:15.808+0000] {dag.py:3954} INFO - Setting next_dagrun for my_dag to 2025-03-17 00:00:00+00:00, run_after=2025-03-18 00:00:00+00:00
[2025-03-17T20:17:15.836+0000] {processor.py:183} INFO - Processing /opt/airflow/dags/my_dag.py took 0.155 seconds
[2025-03-17T20:17:46.400+0000] {processor.py:161} INFO - Started process (PID=502) to work on /opt/airflow/dags/my_dag.py
[2025-03-17T20:17:46.401+0000] {processor.py:830} INFO - Processing file /opt/airflow/dags/my_dag.py for tasks to queue
[2025-03-17T20:17:46.403+0000] {logging_mixin.py:188} INFO - [2025-03-17T20:17:46.403+0000] {dagbag.py:545} INFO - Filling up the DagBag from /opt/airflow/dags/my_dag.py
[2025-03-17T20:17:46.439+0000] {processor.py:840} INFO - DAG(s) 'my_dag' retrieved from /opt/airflow/dags/my_dag.py
[2025-03-17T20:17:46.469+0000] {logging_mixin.py:188} INFO - [2025-03-17T20:17:46.468+0000] {dag.py:3096} INFO - Sync 1 DAGs
[2025-03-17T20:17:46.492+0000] {logging_mixin.py:188} INFO - [2025-03-17T20:17:46.492+0000] {dag.py:3954} INFO - Setting next_dagrun for my_dag to 2025-03-17 00:00:00+00:00, run_after=2025-03-18 00:00:00+00:00
[2025-03-17T20:17:46.518+0000] {processor.py:183} INFO - Processing /opt/airflow/dags/my_dag.py took 0.124 seconds
[2025-03-17T20:18:17.032+0000] {processor.py:161} INFO - Started process (PID=512) to work on /opt/airflow/dags/my_dag.py
[2025-03-17T20:18:17.033+0000] {processor.py:830} INFO - Processing file /opt/airflow/dags/my_dag.py for tasks to queue
[2025-03-17T20:18:17.035+0000] {logging_mixin.py:188} INFO - [2025-03-17T20:18:17.034+0000] {dagbag.py:545} INFO - Filling up the DagBag from /opt/airflow/dags/my_dag.py
[2025-03-17T20:18:17.088+0000] {processor.py:840} INFO - DAG(s) 'my_dag' retrieved from /opt/airflow/dags/my_dag.py
[2025-03-17T20:18:17.124+0000] {logging_mixin.py:188} INFO - [2025-03-17T20:18:17.123+0000] {dag.py:3096} INFO - Sync 1 DAGs
[2025-03-17T20:18:17.148+0000] {logging_mixin.py:188} INFO - [2025-03-17T20:18:17.148+0000] {dag.py:3954} INFO - Setting next_dagrun for my_dag to 2025-03-17 00:00:00+00:00, run_after=2025-03-18 00:00:00+00:00
[2025-03-17T20:18:17.178+0000] {processor.py:183} INFO - Processing /opt/airflow/dags/my_dag.py took 0.152 seconds
[2025-03-17T20:18:47.772+0000] {processor.py:161} INFO - Started process (PID=521) to work on /opt/airflow/dags/my_dag.py
[2025-03-17T20:18:47.773+0000] {processor.py:830} INFO - Processing file /opt/airflow/dags/my_dag.py for tasks to queue
[2025-03-17T20:18:47.774+0000] {logging_mixin.py:188} INFO - [2025-03-17T20:18:47.774+0000] {dagbag.py:545} INFO - Filling up the DagBag from /opt/airflow/dags/my_dag.py
[2025-03-17T20:18:47.828+0000] {processor.py:840} INFO - DAG(s) 'my_dag' retrieved from /opt/airflow/dags/my_dag.py
[2025-03-17T20:18:47.861+0000] {logging_mixin.py:188} INFO - [2025-03-17T20:18:47.861+0000] {dag.py:3096} INFO - Sync 1 DAGs
[2025-03-17T20:18:47.887+0000] {logging_mixin.py:188} INFO - [2025-03-17T20:18:47.886+0000] {dag.py:3954} INFO - Setting next_dagrun for my_dag to 2025-03-17 00:00:00+00:00, run_after=2025-03-18 00:00:00+00:00
[2025-03-17T20:18:47.921+0000] {processor.py:183} INFO - Processing /opt/airflow/dags/my_dag.py took 0.157 seconds
[2025-03-17T20:19:18.400+0000] {processor.py:161} INFO - Started process (PID=530) to work on /opt/airflow/dags/my_dag.py
[2025-03-17T20:19:18.402+0000] {processor.py:830} INFO - Processing file /opt/airflow/dags/my_dag.py for tasks to queue
[2025-03-17T20:19:18.403+0000] {logging_mixin.py:188} INFO - [2025-03-17T20:19:18.403+0000] {dagbag.py:545} INFO - Filling up the DagBag from /opt/airflow/dags/my_dag.py
[2025-03-17T20:19:18.447+0000] {processor.py:840} INFO - DAG(s) 'my_dag' retrieved from /opt/airflow/dags/my_dag.py
[2025-03-17T20:19:18.480+0000] {logging_mixin.py:188} INFO - [2025-03-17T20:19:18.480+0000] {dag.py:3096} INFO - Sync 1 DAGs
[2025-03-17T20:19:18.504+0000] {logging_mixin.py:188} INFO - [2025-03-17T20:19:18.504+0000] {dag.py:3954} INFO - Setting next_dagrun for my_dag to 2025-03-17 00:00:00+00:00, run_after=2025-03-18 00:00:00+00:00
[2025-03-17T20:19:18.530+0000] {processor.py:183} INFO - Processing /opt/airflow/dags/my_dag.py took 0.136 seconds
[2025-03-17T20:19:48.969+0000] {processor.py:161} INFO - Started process (PID=539) to work on /opt/airflow/dags/my_dag.py
[2025-03-17T20:19:48.970+0000] {processor.py:830} INFO - Processing file /opt/airflow/dags/my_dag.py for tasks to queue
[2025-03-17T20:19:48.972+0000] {logging_mixin.py:188} INFO - [2025-03-17T20:19:48.971+0000] {dagbag.py:545} INFO - Filling up the DagBag from /opt/airflow/dags/my_dag.py
[2025-03-17T20:19:49.010+0000] {processor.py:840} INFO - DAG(s) 'my_dag' retrieved from /opt/airflow/dags/my_dag.py
[2025-03-17T20:19:49.043+0000] {logging_mixin.py:188} INFO - [2025-03-17T20:19:49.043+0000] {dag.py:3096} INFO - Sync 1 DAGs
[2025-03-17T20:19:49.068+0000] {logging_mixin.py:188} INFO - [2025-03-17T20:19:49.067+0000] {dag.py:3954} INFO - Setting next_dagrun for my_dag to 2025-03-17 00:00:00+00:00, run_after=2025-03-18 00:00:00+00:00
[2025-03-17T20:19:49.095+0000] {processor.py:183} INFO - Processing /opt/airflow/dags/my_dag.py took 0.139 seconds
[2025-03-17T20:20:20.036+0000] {processor.py:161} INFO - Started process (PID=548) to work on /opt/airflow/dags/my_dag.py
[2025-03-17T20:20:20.037+0000] {processor.py:830} INFO - Processing file /opt/airflow/dags/my_dag.py for tasks to queue
[2025-03-17T20:20:20.038+0000] {logging_mixin.py:188} INFO - [2025-03-17T20:20:20.038+0000] {dagbag.py:545} INFO - Filling up the DagBag from /opt/airflow/dags/my_dag.py
[2025-03-17T20:20:20.071+0000] {processor.py:840} INFO - DAG(s) 'my_dag' retrieved from /opt/airflow/dags/my_dag.py
[2025-03-17T20:20:20.104+0000] {logging_mixin.py:188} INFO - [2025-03-17T20:20:20.104+0000] {dag.py:3096} INFO - Sync 1 DAGs
[2025-03-17T20:20:20.130+0000] {logging_mixin.py:188} INFO - [2025-03-17T20:20:20.130+0000] {dag.py:3954} INFO - Setting next_dagrun for my_dag to 2025-03-17 00:00:00+00:00, run_after=2025-03-18 00:00:00+00:00
[2025-03-17T20:20:20.159+0000] {processor.py:183} INFO - Processing /opt/airflow/dags/my_dag.py took 0.131 seconds
[2025-03-17T20:20:50.706+0000] {processor.py:161} INFO - Started process (PID=557) to work on /opt/airflow/dags/my_dag.py
[2025-03-17T20:20:50.707+0000] {processor.py:830} INFO - Processing file /opt/airflow/dags/my_dag.py for tasks to queue
[2025-03-17T20:20:50.709+0000] {logging_mixin.py:188} INFO - [2025-03-17T20:20:50.709+0000] {dagbag.py:545} INFO - Filling up the DagBag from /opt/airflow/dags/my_dag.py
[2025-03-17T20:20:50.761+0000] {processor.py:840} INFO - DAG(s) 'my_dag' retrieved from /opt/airflow/dags/my_dag.py
[2025-03-17T20:20:50.794+0000] {logging_mixin.py:188} INFO - [2025-03-17T20:20:50.794+0000] {dag.py:3096} INFO - Sync 1 DAGs
[2025-03-17T20:20:50.817+0000] {logging_mixin.py:188} INFO - [2025-03-17T20:20:50.817+0000] {dag.py:3954} INFO - Setting next_dagrun for my_dag to 2025-03-17 00:00:00+00:00, run_after=2025-03-18 00:00:00+00:00
[2025-03-17T20:20:50.843+0000] {processor.py:183} INFO - Processing /opt/airflow/dags/my_dag.py took 0.146 seconds
[2025-03-17T20:21:21.416+0000] {processor.py:161} INFO - Started process (PID=566) to work on /opt/airflow/dags/my_dag.py
[2025-03-17T20:21:21.417+0000] {processor.py:830} INFO - Processing file /opt/airflow/dags/my_dag.py for tasks to queue
[2025-03-17T20:21:21.419+0000] {logging_mixin.py:188} INFO - [2025-03-17T20:21:21.418+0000] {dagbag.py:545} INFO - Filling up the DagBag from /opt/airflow/dags/my_dag.py
[2025-03-17T20:21:21.464+0000] {processor.py:840} INFO - DAG(s) 'my_dag' retrieved from /opt/airflow/dags/my_dag.py
[2025-03-17T20:21:21.495+0000] {logging_mixin.py:188} INFO - [2025-03-17T20:21:21.495+0000] {dag.py:3096} INFO - Sync 1 DAGs
[2025-03-17T20:21:21.519+0000] {logging_mixin.py:188} INFO - [2025-03-17T20:21:21.519+0000] {dag.py:3954} INFO - Setting next_dagrun for my_dag to 2025-03-17 00:00:00+00:00, run_after=2025-03-18 00:00:00+00:00
[2025-03-17T20:21:21.550+0000] {processor.py:183} INFO - Processing /opt/airflow/dags/my_dag.py took 0.139 seconds
[2025-03-17T20:21:52.209+0000] {processor.py:161} INFO - Started process (PID=575) to work on /opt/airflow/dags/my_dag.py
[2025-03-17T20:21:52.210+0000] {processor.py:830} INFO - Processing file /opt/airflow/dags/my_dag.py for tasks to queue
[2025-03-17T20:21:52.211+0000] {logging_mixin.py:188} INFO - [2025-03-17T20:21:52.211+0000] {dagbag.py:545} INFO - Filling up the DagBag from /opt/airflow/dags/my_dag.py
[2025-03-17T20:21:52.240+0000] {processor.py:840} INFO - DAG(s) 'my_dag' retrieved from /opt/airflow/dags/my_dag.py
[2025-03-17T20:21:52.276+0000] {logging_mixin.py:188} INFO - [2025-03-17T20:21:52.276+0000] {dag.py:3096} INFO - Sync 1 DAGs
[2025-03-17T20:21:52.305+0000] {logging_mixin.py:188} INFO - [2025-03-17T20:21:52.305+0000] {dag.py:3954} INFO - Setting next_dagrun for my_dag to 2025-03-17 00:00:00+00:00, run_after=2025-03-18 00:00:00+00:00
[2025-03-17T20:21:52.328+0000] {processor.py:183} INFO - Processing /opt/airflow/dags/my_dag.py took 0.127 seconds
[2025-03-17T20:22:22.805+0000] {processor.py:161} INFO - Started process (PID=584) to work on /opt/airflow/dags/my_dag.py
[2025-03-17T20:22:22.806+0000] {processor.py:830} INFO - Processing file /opt/airflow/dags/my_dag.py for tasks to queue
[2025-03-17T20:22:22.807+0000] {logging_mixin.py:188} INFO - [2025-03-17T20:22:22.807+0000] {dagbag.py:545} INFO - Filling up the DagBag from /opt/airflow/dags/my_dag.py
[2025-03-17T20:22:22.857+0000] {processor.py:840} INFO - DAG(s) 'my_dag' retrieved from /opt/airflow/dags/my_dag.py
[2025-03-17T20:22:22.891+0000] {logging_mixin.py:188} INFO - [2025-03-17T20:22:22.890+0000] {dag.py:3096} INFO - Sync 1 DAGs
[2025-03-17T20:22:22.916+0000] {logging_mixin.py:188} INFO - [2025-03-17T20:22:22.916+0000] {dag.py:3954} INFO - Setting next_dagrun for my_dag to 2025-03-17 00:00:00+00:00, run_after=2025-03-18 00:00:00+00:00
[2025-03-17T20:22:22.941+0000] {processor.py:183} INFO - Processing /opt/airflow/dags/my_dag.py took 0.142 seconds
[2025-03-17T20:22:53.520+0000] {processor.py:161} INFO - Started process (PID=593) to work on /opt/airflow/dags/my_dag.py
[2025-03-17T20:22:53.521+0000] {processor.py:830} INFO - Processing file /opt/airflow/dags/my_dag.py for tasks to queue
[2025-03-17T20:22:53.523+0000] {logging_mixin.py:188} INFO - [2025-03-17T20:22:53.522+0000] {dagbag.py:545} INFO - Filling up the DagBag from /opt/airflow/dags/my_dag.py
[2025-03-17T20:22:53.575+0000] {processor.py:840} INFO - DAG(s) 'my_dag' retrieved from /opt/airflow/dags/my_dag.py
[2025-03-17T20:22:53.609+0000] {logging_mixin.py:188} INFO - [2025-03-17T20:22:53.608+0000] {dag.py:3096} INFO - Sync 1 DAGs
[2025-03-17T20:22:53.632+0000] {logging_mixin.py:188} INFO - [2025-03-17T20:22:53.632+0000] {dag.py:3954} INFO - Setting next_dagrun for my_dag to 2025-03-17 00:00:00+00:00, run_after=2025-03-18 00:00:00+00:00
[2025-03-17T20:22:53.665+0000] {processor.py:183} INFO - Processing /opt/airflow/dags/my_dag.py took 0.152 seconds
[2025-03-17T20:23:24.258+0000] {processor.py:161} INFO - Started process (PID=602) to work on /opt/airflow/dags/my_dag.py
[2025-03-17T20:23:24.259+0000] {processor.py:830} INFO - Processing file /opt/airflow/dags/my_dag.py for tasks to queue
[2025-03-17T20:23:24.260+0000] {logging_mixin.py:188} INFO - [2025-03-17T20:23:24.260+0000] {dagbag.py:545} INFO - Filling up the DagBag from /opt/airflow/dags/my_dag.py
[2025-03-17T20:23:24.310+0000] {processor.py:840} INFO - DAG(s) 'my_dag' retrieved from /opt/airflow/dags/my_dag.py
[2025-03-17T20:23:24.348+0000] {logging_mixin.py:188} INFO - [2025-03-17T20:23:24.348+0000] {dag.py:3096} INFO - Sync 1 DAGs
[2025-03-17T20:23:24.376+0000] {logging_mixin.py:188} INFO - [2025-03-17T20:23:24.375+0000] {dag.py:3954} INFO - Setting next_dagrun for my_dag to 2025-03-17 00:00:00+00:00, run_after=2025-03-18 00:00:00+00:00
[2025-03-17T20:23:24.403+0000] {processor.py:183} INFO - Processing /opt/airflow/dags/my_dag.py took 0.151 seconds
[2025-03-17T20:23:54.973+0000] {processor.py:161} INFO - Started process (PID=611) to work on /opt/airflow/dags/my_dag.py
[2025-03-17T20:23:54.974+0000] {processor.py:830} INFO - Processing file /opt/airflow/dags/my_dag.py for tasks to queue
[2025-03-17T20:23:54.976+0000] {logging_mixin.py:188} INFO - [2025-03-17T20:23:54.976+0000] {dagbag.py:545} INFO - Filling up the DagBag from /opt/airflow/dags/my_dag.py
[2025-03-17T20:23:55.031+0000] {processor.py:840} INFO - DAG(s) 'my_dag' retrieved from /opt/airflow/dags/my_dag.py
[2025-03-17T20:23:55.063+0000] {logging_mixin.py:188} INFO - [2025-03-17T20:23:55.062+0000] {dag.py:3096} INFO - Sync 1 DAGs
[2025-03-17T20:23:55.086+0000] {logging_mixin.py:188} INFO - [2025-03-17T20:23:55.086+0000] {dag.py:3954} INFO - Setting next_dagrun for my_dag to 2025-03-17 00:00:00+00:00, run_after=2025-03-18 00:00:00+00:00
[2025-03-17T20:23:55.113+0000] {processor.py:183} INFO - Processing /opt/airflow/dags/my_dag.py took 0.147 seconds
[2025-03-17T20:24:25.753+0000] {processor.py:161} INFO - Started process (PID=620) to work on /opt/airflow/dags/my_dag.py
[2025-03-17T20:24:25.754+0000] {processor.py:830} INFO - Processing file /opt/airflow/dags/my_dag.py for tasks to queue
[2025-03-17T20:24:25.755+0000] {logging_mixin.py:188} INFO - [2025-03-17T20:24:25.755+0000] {dagbag.py:545} INFO - Filling up the DagBag from /opt/airflow/dags/my_dag.py
[2025-03-17T20:24:25.807+0000] {processor.py:840} INFO - DAG(s) 'my_dag' retrieved from /opt/airflow/dags/my_dag.py
[2025-03-17T20:24:25.839+0000] {logging_mixin.py:188} INFO - [2025-03-17T20:24:25.838+0000] {dag.py:3096} INFO - Sync 1 DAGs
[2025-03-17T20:24:25.864+0000] {logging_mixin.py:188} INFO - [2025-03-17T20:24:25.863+0000] {dag.py:3954} INFO - Setting next_dagrun for my_dag to 2025-03-17 00:00:00+00:00, run_after=2025-03-18 00:00:00+00:00
[2025-03-17T20:24:25.892+0000] {processor.py:183} INFO - Processing /opt/airflow/dags/my_dag.py took 0.145 seconds
[2025-03-17T20:24:56.490+0000] {processor.py:161} INFO - Started process (PID=629) to work on /opt/airflow/dags/my_dag.py
[2025-03-17T20:24:56.491+0000] {processor.py:830} INFO - Processing file /opt/airflow/dags/my_dag.py for tasks to queue
[2025-03-17T20:24:56.492+0000] {logging_mixin.py:188} INFO - [2025-03-17T20:24:56.492+0000] {dagbag.py:545} INFO - Filling up the DagBag from /opt/airflow/dags/my_dag.py
[2025-03-17T20:24:56.543+0000] {processor.py:840} INFO - DAG(s) 'my_dag' retrieved from /opt/airflow/dags/my_dag.py
[2025-03-17T20:24:56.575+0000] {logging_mixin.py:188} INFO - [2025-03-17T20:24:56.575+0000] {dag.py:3096} INFO - Sync 1 DAGs
[2025-03-17T20:24:56.611+0000] {logging_mixin.py:188} INFO - [2025-03-17T20:24:56.611+0000] {dag.py:3954} INFO - Setting next_dagrun for my_dag to 2025-03-17 00:00:00+00:00, run_after=2025-03-18 00:00:00+00:00
[2025-03-17T20:24:56.640+0000] {processor.py:183} INFO - Processing /opt/airflow/dags/my_dag.py took 0.156 seconds
[2025-03-17T20:25:27.268+0000] {processor.py:161} INFO - Started process (PID=638) to work on /opt/airflow/dags/my_dag.py
[2025-03-17T20:25:27.269+0000] {processor.py:830} INFO - Processing file /opt/airflow/dags/my_dag.py for tasks to queue
[2025-03-17T20:25:27.270+0000] {logging_mixin.py:188} INFO - [2025-03-17T20:25:27.269+0000] {dagbag.py:545} INFO - Filling up the DagBag from /opt/airflow/dags/my_dag.py
[2025-03-17T20:25:27.298+0000] {processor.py:840} INFO - DAG(s) 'my_dag' retrieved from /opt/airflow/dags/my_dag.py
[2025-03-17T20:25:27.326+0000] {logging_mixin.py:188} INFO - [2025-03-17T20:25:27.326+0000] {dag.py:3096} INFO - Sync 1 DAGs
[2025-03-17T20:25:27.348+0000] {logging_mixin.py:188} INFO - [2025-03-17T20:25:27.348+0000] {dag.py:3954} INFO - Setting next_dagrun for my_dag to 2025-03-17 00:00:00+00:00, run_after=2025-03-18 00:00:00+00:00
[2025-03-17T20:25:27.372+0000] {processor.py:183} INFO - Processing /opt/airflow/dags/my_dag.py took 0.110 seconds
[2025-03-17T20:25:57.992+0000] {processor.py:161} INFO - Started process (PID=647) to work on /opt/airflow/dags/my_dag.py
[2025-03-17T20:25:57.994+0000] {processor.py:830} INFO - Processing file /opt/airflow/dags/my_dag.py for tasks to queue
[2025-03-17T20:25:57.995+0000] {logging_mixin.py:188} INFO - [2025-03-17T20:25:57.995+0000] {dagbag.py:545} INFO - Filling up the DagBag from /opt/airflow/dags/my_dag.py
[2025-03-17T20:25:58.041+0000] {processor.py:840} INFO - DAG(s) 'my_dag' retrieved from /opt/airflow/dags/my_dag.py
[2025-03-17T20:25:58.069+0000] {logging_mixin.py:188} INFO - [2025-03-17T20:25:58.068+0000] {dag.py:3096} INFO - Sync 1 DAGs
[2025-03-17T20:25:58.091+0000] {logging_mixin.py:188} INFO - [2025-03-17T20:25:58.091+0000] {dag.py:3954} INFO - Setting next_dagrun for my_dag to 2025-03-17 00:00:00+00:00, run_after=2025-03-18 00:00:00+00:00
[2025-03-17T20:25:58.119+0000] {processor.py:183} INFO - Processing /opt/airflow/dags/my_dag.py took 0.133 seconds
[2025-03-17T20:26:28.662+0000] {processor.py:161} INFO - Started process (PID=656) to work on /opt/airflow/dags/my_dag.py
[2025-03-17T20:26:28.664+0000] {processor.py:830} INFO - Processing file /opt/airflow/dags/my_dag.py for tasks to queue
[2025-03-17T20:26:28.665+0000] {logging_mixin.py:188} INFO - [2025-03-17T20:26:28.665+0000] {dagbag.py:545} INFO - Filling up the DagBag from /opt/airflow/dags/my_dag.py
[2025-03-17T20:26:28.701+0000] {processor.py:840} INFO - DAG(s) 'my_dag' retrieved from /opt/airflow/dags/my_dag.py
[2025-03-17T20:26:28.730+0000] {logging_mixin.py:188} INFO - [2025-03-17T20:26:28.730+0000] {dag.py:3096} INFO - Sync 1 DAGs
[2025-03-17T20:26:28.755+0000] {logging_mixin.py:188} INFO - [2025-03-17T20:26:28.754+0000] {dag.py:3954} INFO - Setting next_dagrun for my_dag to 2025-03-17 00:00:00+00:00, run_after=2025-03-18 00:00:00+00:00
[2025-03-17T20:26:28.783+0000] {processor.py:183} INFO - Processing /opt/airflow/dags/my_dag.py took 0.127 seconds
[2025-03-17T20:26:59.351+0000] {processor.py:161} INFO - Started process (PID=664) to work on /opt/airflow/dags/my_dag.py
[2025-03-17T20:26:59.352+0000] {processor.py:830} INFO - Processing file /opt/airflow/dags/my_dag.py for tasks to queue
[2025-03-17T20:26:59.354+0000] {logging_mixin.py:188} INFO - [2025-03-17T20:26:59.353+0000] {dagbag.py:545} INFO - Filling up the DagBag from /opt/airflow/dags/my_dag.py
[2025-03-17T20:26:59.397+0000] {processor.py:840} INFO - DAG(s) 'my_dag' retrieved from /opt/airflow/dags/my_dag.py
[2025-03-17T20:26:59.433+0000] {logging_mixin.py:188} INFO - [2025-03-17T20:26:59.433+0000] {dag.py:3096} INFO - Sync 1 DAGs
[2025-03-17T20:26:59.458+0000] {logging_mixin.py:188} INFO - [2025-03-17T20:26:59.458+0000] {dag.py:3954} INFO - Setting next_dagrun for my_dag to 2025-03-17 00:00:00+00:00, run_after=2025-03-18 00:00:00+00:00
[2025-03-17T20:26:59.489+0000] {processor.py:183} INFO - Processing /opt/airflow/dags/my_dag.py took 0.148 seconds
[2025-03-17T20:27:30.076+0000] {processor.py:161} INFO - Started process (PID=673) to work on /opt/airflow/dags/my_dag.py
[2025-03-17T20:27:30.077+0000] {processor.py:830} INFO - Processing file /opt/airflow/dags/my_dag.py for tasks to queue
[2025-03-17T20:27:30.080+0000] {logging_mixin.py:188} INFO - [2025-03-17T20:27:30.079+0000] {dagbag.py:545} INFO - Filling up the DagBag from /opt/airflow/dags/my_dag.py
[2025-03-17T20:27:30.147+0000] {processor.py:840} INFO - DAG(s) 'my_dag' retrieved from /opt/airflow/dags/my_dag.py
[2025-03-17T20:27:30.183+0000] {logging_mixin.py:188} INFO - [2025-03-17T20:27:30.182+0000] {dag.py:3096} INFO - Sync 1 DAGs
[2025-03-17T20:27:30.206+0000] {logging_mixin.py:188} INFO - [2025-03-17T20:27:30.205+0000] {dag.py:3954} INFO - Setting next_dagrun for my_dag to 2025-03-17 00:00:00+00:00, run_after=2025-03-18 00:00:00+00:00
[2025-03-17T20:27:30.237+0000] {processor.py:183} INFO - Processing /opt/airflow/dags/my_dag.py took 0.168 seconds
[2025-03-17T20:28:00.787+0000] {processor.py:161} INFO - Started process (PID=682) to work on /opt/airflow/dags/my_dag.py
[2025-03-17T20:28:00.787+0000] {processor.py:830} INFO - Processing file /opt/airflow/dags/my_dag.py for tasks to queue
[2025-03-17T20:28:00.789+0000] {logging_mixin.py:188} INFO - [2025-03-17T20:28:00.788+0000] {dagbag.py:545} INFO - Filling up the DagBag from /opt/airflow/dags/my_dag.py
[2025-03-17T20:28:00.839+0000] {processor.py:840} INFO - DAG(s) 'my_dag' retrieved from /opt/airflow/dags/my_dag.py
[2025-03-17T20:28:00.872+0000] {logging_mixin.py:188} INFO - [2025-03-17T20:28:00.872+0000] {dag.py:3096} INFO - Sync 1 DAGs
[2025-03-17T20:28:00.897+0000] {logging_mixin.py:188} INFO - [2025-03-17T20:28:00.896+0000] {dag.py:3954} INFO - Setting next_dagrun for my_dag to 2025-03-17 00:00:00+00:00, run_after=2025-03-18 00:00:00+00:00
[2025-03-17T20:28:00.925+0000] {processor.py:183} INFO - Processing /opt/airflow/dags/my_dag.py took 0.145 seconds
[2025-03-17T20:28:31.457+0000] {processor.py:161} INFO - Started process (PID=691) to work on /opt/airflow/dags/my_dag.py
[2025-03-17T20:28:31.458+0000] {processor.py:830} INFO - Processing file /opt/airflow/dags/my_dag.py for tasks to queue
[2025-03-17T20:28:31.459+0000] {logging_mixin.py:188} INFO - [2025-03-17T20:28:31.459+0000] {dagbag.py:545} INFO - Filling up the DagBag from /opt/airflow/dags/my_dag.py
[2025-03-17T20:28:31.489+0000] {processor.py:840} INFO - DAG(s) 'my_dag' retrieved from /opt/airflow/dags/my_dag.py
[2025-03-17T20:28:31.526+0000] {logging_mixin.py:188} INFO - [2025-03-17T20:28:31.526+0000] {dag.py:3096} INFO - Sync 1 DAGs
[2025-03-17T20:28:31.555+0000] {logging_mixin.py:188} INFO - [2025-03-17T20:28:31.554+0000] {dag.py:3954} INFO - Setting next_dagrun for my_dag to 2025-03-17 00:00:00+00:00, run_after=2025-03-18 00:00:00+00:00
[2025-03-17T20:28:31.582+0000] {processor.py:183} INFO - Processing /opt/airflow/dags/my_dag.py took 0.132 seconds
[2025-03-17T20:29:02.173+0000] {processor.py:161} INFO - Started process (PID=700) to work on /opt/airflow/dags/my_dag.py
[2025-03-17T20:29:02.174+0000] {processor.py:830} INFO - Processing file /opt/airflow/dags/my_dag.py for tasks to queue
[2025-03-17T20:29:02.175+0000] {logging_mixin.py:188} INFO - [2025-03-17T20:29:02.175+0000] {dagbag.py:545} INFO - Filling up the DagBag from /opt/airflow/dags/my_dag.py
[2025-03-17T20:29:02.210+0000] {processor.py:840} INFO - DAG(s) 'my_dag' retrieved from /opt/airflow/dags/my_dag.py
[2025-03-17T20:29:02.239+0000] {logging_mixin.py:188} INFO - [2025-03-17T20:29:02.239+0000] {dag.py:3096} INFO - Sync 1 DAGs
[2025-03-17T20:29:02.265+0000] {logging_mixin.py:188} INFO - [2025-03-17T20:29:02.264+0000] {dag.py:3954} INFO - Setting next_dagrun for my_dag to 2025-03-17 00:00:00+00:00, run_after=2025-03-18 00:00:00+00:00
[2025-03-17T20:29:02.288+0000] {processor.py:183} INFO - Processing /opt/airflow/dags/my_dag.py took 0.122 seconds
[2025-03-17T20:29:32.816+0000] {processor.py:161} INFO - Started process (PID=709) to work on /opt/airflow/dags/my_dag.py
[2025-03-17T20:29:32.817+0000] {processor.py:830} INFO - Processing file /opt/airflow/dags/my_dag.py for tasks to queue
[2025-03-17T20:29:32.819+0000] {logging_mixin.py:188} INFO - [2025-03-17T20:29:32.819+0000] {dagbag.py:545} INFO - Filling up the DagBag from /opt/airflow/dags/my_dag.py
[2025-03-17T20:29:32.864+0000] {processor.py:840} INFO - DAG(s) 'my_dag' retrieved from /opt/airflow/dags/my_dag.py
[2025-03-17T20:29:32.899+0000] {logging_mixin.py:188} INFO - [2025-03-17T20:29:32.899+0000] {dag.py:3096} INFO - Sync 1 DAGs
[2025-03-17T20:29:32.922+0000] {logging_mixin.py:188} INFO - [2025-03-17T20:29:32.922+0000] {dag.py:3954} INFO - Setting next_dagrun for my_dag to 2025-03-17 00:00:00+00:00, run_after=2025-03-18 00:00:00+00:00
[2025-03-17T20:29:32.962+0000] {processor.py:183} INFO - Processing /opt/airflow/dags/my_dag.py took 0.152 seconds
[2025-03-17T20:30:03.931+0000] {processor.py:161} INFO - Started process (PID=724) to work on /opt/airflow/dags/my_dag.py
[2025-03-17T20:30:03.931+0000] {processor.py:830} INFO - Processing file /opt/airflow/dags/my_dag.py for tasks to queue
[2025-03-17T20:30:03.933+0000] {logging_mixin.py:188} INFO - [2025-03-17T20:30:03.932+0000] {dagbag.py:545} INFO - Filling up the DagBag from /opt/airflow/dags/my_dag.py
[2025-03-17T20:30:03.967+0000] {processor.py:840} INFO - DAG(s) 'my_dag' retrieved from /opt/airflow/dags/my_dag.py
[2025-03-17T20:30:03.996+0000] {logging_mixin.py:188} INFO - [2025-03-17T20:30:03.995+0000] {dag.py:3096} INFO - Sync 1 DAGs
[2025-03-17T20:30:04.022+0000] {logging_mixin.py:188} INFO - [2025-03-17T20:30:04.021+0000] {dag.py:3954} INFO - Setting next_dagrun for my_dag to 2025-03-17 00:00:00+00:00, run_after=2025-03-18 00:00:00+00:00
[2025-03-17T20:30:04.043+0000] {processor.py:183} INFO - Processing /opt/airflow/dags/my_dag.py took 0.119 seconds
[2025-03-17T20:30:34.797+0000] {processor.py:161} INFO - Started process (PID=733) to work on /opt/airflow/dags/my_dag.py
[2025-03-17T20:30:34.799+0000] {processor.py:830} INFO - Processing file /opt/airflow/dags/my_dag.py for tasks to queue
[2025-03-17T20:30:34.800+0000] {logging_mixin.py:188} INFO - [2025-03-17T20:30:34.800+0000] {dagbag.py:545} INFO - Filling up the DagBag from /opt/airflow/dags/my_dag.py
[2025-03-17T20:30:34.881+0000] {processor.py:840} INFO - DAG(s) 'my_dag' retrieved from /opt/airflow/dags/my_dag.py
[2025-03-17T20:30:34.940+0000] {logging_mixin.py:188} INFO - [2025-03-17T20:30:34.939+0000] {dag.py:3096} INFO - Sync 1 DAGs
[2025-03-17T20:30:34.968+0000] {logging_mixin.py:188} INFO - [2025-03-17T20:30:34.968+0000] {dag.py:3954} INFO - Setting next_dagrun for my_dag to 2025-03-17 00:00:00+00:00, run_after=2025-03-18 00:00:00+00:00
[2025-03-17T20:30:35.007+0000] {processor.py:183} INFO - Processing /opt/airflow/dags/my_dag.py took 0.227 seconds
[2025-03-17T20:31:05.666+0000] {processor.py:161} INFO - Started process (PID=742) to work on /opt/airflow/dags/my_dag.py
[2025-03-17T20:31:05.667+0000] {processor.py:830} INFO - Processing file /opt/airflow/dags/my_dag.py for tasks to queue
[2025-03-17T20:31:05.669+0000] {logging_mixin.py:188} INFO - [2025-03-17T20:31:05.668+0000] {dagbag.py:545} INFO - Filling up the DagBag from /opt/airflow/dags/my_dag.py
[2025-03-17T20:31:05.713+0000] {processor.py:840} INFO - DAG(s) 'my_dag' retrieved from /opt/airflow/dags/my_dag.py
[2025-03-17T20:31:05.746+0000] {logging_mixin.py:188} INFO - [2025-03-17T20:31:05.746+0000] {dag.py:3096} INFO - Sync 1 DAGs
[2025-03-17T20:31:05.773+0000] {logging_mixin.py:188} INFO - [2025-03-17T20:31:05.773+0000] {dag.py:3954} INFO - Setting next_dagrun for my_dag to 2025-03-17 00:00:00+00:00, run_after=2025-03-18 00:00:00+00:00
[2025-03-17T20:31:05.802+0000] {processor.py:183} INFO - Processing /opt/airflow/dags/my_dag.py took 0.144 seconds
[2025-03-17T20:31:36.299+0000] {processor.py:161} INFO - Started process (PID=751) to work on /opt/airflow/dags/my_dag.py
[2025-03-17T20:31:36.301+0000] {processor.py:830} INFO - Processing file /opt/airflow/dags/my_dag.py for tasks to queue
[2025-03-17T20:31:36.302+0000] {logging_mixin.py:188} INFO - [2025-03-17T20:31:36.301+0000] {dagbag.py:545} INFO - Filling up the DagBag from /opt/airflow/dags/my_dag.py
[2025-03-17T20:31:36.333+0000] {processor.py:840} INFO - DAG(s) 'my_dag' retrieved from /opt/airflow/dags/my_dag.py
[2025-03-17T20:31:36.366+0000] {logging_mixin.py:188} INFO - [2025-03-17T20:31:36.366+0000] {dag.py:3096} INFO - Sync 1 DAGs
[2025-03-17T20:31:36.395+0000] {logging_mixin.py:188} INFO - [2025-03-17T20:31:36.395+0000] {dag.py:3954} INFO - Setting next_dagrun for my_dag to 2025-03-17 00:00:00+00:00, run_after=2025-03-18 00:00:00+00:00
[2025-03-17T20:31:36.424+0000] {processor.py:183} INFO - Processing /opt/airflow/dags/my_dag.py took 0.133 seconds
[2025-03-17T20:32:07.170+0000] {processor.py:161} INFO - Started process (PID=759) to work on /opt/airflow/dags/my_dag.py
[2025-03-17T20:32:07.171+0000] {processor.py:830} INFO - Processing file /opt/airflow/dags/my_dag.py for tasks to queue
[2025-03-17T20:32:07.172+0000] {logging_mixin.py:188} INFO - [2025-03-17T20:32:07.172+0000] {dagbag.py:545} INFO - Filling up the DagBag from /opt/airflow/dags/my_dag.py
[2025-03-17T20:32:07.220+0000] {processor.py:840} INFO - DAG(s) 'my_dag' retrieved from /opt/airflow/dags/my_dag.py
[2025-03-17T20:32:07.252+0000] {logging_mixin.py:188} INFO - [2025-03-17T20:32:07.251+0000] {dag.py:3096} INFO - Sync 1 DAGs
[2025-03-17T20:32:07.279+0000] {logging_mixin.py:188} INFO - [2025-03-17T20:32:07.279+0000] {dag.py:3954} INFO - Setting next_dagrun for my_dag to 2025-03-17 00:00:00+00:00, run_after=2025-03-18 00:00:00+00:00
[2025-03-17T20:32:07.311+0000] {processor.py:183} INFO - Processing /opt/airflow/dags/my_dag.py took 0.147 seconds
[2025-03-17T20:32:37.884+0000] {processor.py:161} INFO - Started process (PID=768) to work on /opt/airflow/dags/my_dag.py
[2025-03-17T20:32:37.885+0000] {processor.py:830} INFO - Processing file /opt/airflow/dags/my_dag.py for tasks to queue
[2025-03-17T20:32:37.886+0000] {logging_mixin.py:188} INFO - [2025-03-17T20:32:37.885+0000] {dagbag.py:545} INFO - Filling up the DagBag from /opt/airflow/dags/my_dag.py
[2025-03-17T20:32:37.917+0000] {processor.py:840} INFO - DAG(s) 'my_dag' retrieved from /opt/airflow/dags/my_dag.py
[2025-03-17T20:32:37.946+0000] {logging_mixin.py:188} INFO - [2025-03-17T20:32:37.946+0000] {dag.py:3096} INFO - Sync 1 DAGs
[2025-03-17T20:32:37.971+0000] {logging_mixin.py:188} INFO - [2025-03-17T20:32:37.971+0000] {dag.py:3954} INFO - Setting next_dagrun for my_dag to 2025-03-17 00:00:00+00:00, run_after=2025-03-18 00:00:00+00:00
[2025-03-17T20:32:37.996+0000] {processor.py:183} INFO - Processing /opt/airflow/dags/my_dag.py took 0.119 seconds
