[2024-05-18T18:06:19.629+0000] {local_task_job_runner.py:120} INFO - ::group::Pre task execution logs
[2024-05-18T18:06:19.782+0000] {taskinstance.py:2076} INFO - Dependencies all met for dep_context=non-requeueable deps ti=<TaskInstance: tutorial.sleep scheduled__2024-05-17T00:00:00+00:00 [queued]>
[2024-05-18T18:06:19.836+0000] {taskinstance.py:2076} INFO - Dependencies all met for dep_context=requeueable deps ti=<TaskInstance: tutorial.sleep scheduled__2024-05-17T00:00:00+00:00 [queued]>
[2024-05-18T18:06:19.838+0000] {taskinstance.py:2306} INFO - Starting attempt 1 of 4
[2024-05-18T18:06:19.928+0000] {taskinstance.py:2330} INFO - Executing <Task(BashOperator): sleep> on 2024-05-17 00:00:00+00:00
[2024-05-18T18:06:19.968+0000] {warnings.py:110} WARNING - /home/***/.local/lib/python3.12/site-packages/***/task/task_runner/standard_task_runner.py:61: DeprecationWarning: This process (pid=824) is multi-threaded, use of fork() may lead to deadlocks in the child.
  pid = os.fork()

[2024-05-18T18:06:19.975+0000] {standard_task_runner.py:63} INFO - Started process 837 to run task
[2024-05-18T18:06:19.979+0000] {standard_task_runner.py:90} INFO - Running: ['***', 'tasks', 'run', 'tutorial', 'sleep', 'scheduled__2024-05-17T00:00:00+00:00', '--job-id', '9', '--raw', '--subdir', '/home/***/.local/lib/python3.12/site-packages/***/example_dags/tutorial.py', '--cfg-path', '/tmp/tmp00_beopr']
[2024-05-18T18:06:19.991+0000] {standard_task_runner.py:91} INFO - Job 9: Subtask sleep
[2024-05-18T18:06:20.242+0000] {task_command.py:426} INFO - Running <TaskInstance: tutorial.sleep scheduled__2024-05-17T00:00:00+00:00 [running]> on host 1eee1d008fef
[2024-05-18T18:06:20.574+0000] {taskinstance.py:2648} INFO - Exporting env vars: AIRFLOW_CTX_DAG_EMAIL='***@example.com' AIRFLOW_CTX_DAG_OWNER='***' AIRFLOW_CTX_DAG_ID='tutorial' AIRFLOW_CTX_TASK_ID='sleep' AIRFLOW_CTX_EXECUTION_DATE='2024-05-17T00:00:00+00:00' AIRFLOW_CTX_TRY_NUMBER='1' AIRFLOW_CTX_DAG_RUN_ID='scheduled__2024-05-17T00:00:00+00:00'
[2024-05-18T18:06:20.587+0000] {taskinstance.py:430} INFO - ::endgroup::
[2024-05-18T18:06:20.591+0000] {subprocess.py:63} INFO - Tmp dir root location: /tmp
[2024-05-18T18:06:20.594+0000] {subprocess.py:75} INFO - Running command: ['/usr/bin/bash', '-c', 'sleep 5']
[2024-05-18T18:06:20.658+0000] {subprocess.py:86} INFO - Output:
[2024-05-18T18:06:25.679+0000] {subprocess.py:97} INFO - Command exited with return code 0
[2024-05-18T18:06:25.682+0000] {taskinstance.py:441} INFO - ::group::Post task execution logs
[2024-05-18T18:06:25.765+0000] {taskinstance.py:1206} INFO - Marking task as SUCCESS. dag_id=tutorial, task_id=sleep, run_id=scheduled__2024-05-17T00:00:00+00:00, execution_date=20240517T000000, start_date=20240518T180619, end_date=20240518T180625
[2024-05-18T18:06:25.814+0000] {local_task_job_runner.py:240} INFO - Task exited with return code 0
[2024-05-18T18:06:25.827+0000] {taskinstance.py:3498} INFO - 0 downstream tasks scheduled from follow-on schedule check
[2024-05-18T18:06:25.830+0000] {local_task_job_runner.py:222} INFO - ::endgroup::
