[2024-06-15T20:32:30.945+0000] {local_task_job_runner.py:120} INFO - ::group::Pre task execution logs
[2024-06-15T20:32:30.967+0000] {taskinstance.py:2076} INFO - Dependencies all met for dep_context=non-requeueable deps ti=<TaskInstance: tutorial.templated scheduled__2024-06-14T00:00:00+00:00 [queued]>
[2024-06-15T20:32:30.978+0000] {taskinstance.py:2076} INFO - Dependencies all met for dep_context=requeueable deps ti=<TaskInstance: tutorial.templated scheduled__2024-06-14T00:00:00+00:00 [queued]>
[2024-06-15T20:32:30.978+0000] {taskinstance.py:2306} INFO - Starting attempt 1 of 2
[2024-06-15T20:32:30.996+0000] {taskinstance.py:2330} INFO - Executing <Task(BashOperator): templated> on 2024-06-14 00:00:00+00:00
[2024-06-15T20:32:31.004+0000] {warnings.py:110} WARNING - /home/***/.local/lib/python3.12/site-packages/***/task/task_runner/standard_task_runner.py:61: DeprecationWarning: This process (pid=5133) is multi-threaded, use of fork() may lead to deadlocks in the child.
  pid = os.fork()

[2024-06-15T20:32:31.006+0000] {standard_task_runner.py:63} INFO - Started process 5136 to run task
[2024-06-15T20:32:31.006+0000] {standard_task_runner.py:90} INFO - Running: ['***', 'tasks', 'run', 'tutorial', 'templated', 'scheduled__2024-06-14T00:00:00+00:00', '--job-id', '25', '--raw', '--subdir', '/home/***/.local/lib/python3.12/site-packages/***/example_dags/tutorial.py', '--cfg-path', '/tmp/tmp1vkh0o5w']
[2024-06-15T20:32:31.009+0000] {standard_task_runner.py:91} INFO - Job 25: Subtask templated
[2024-06-15T20:32:31.057+0000] {task_command.py:426} INFO - Running <TaskInstance: tutorial.templated scheduled__2024-06-14T00:00:00+00:00 [running]> on host 91fb71641d4b
[2024-06-15T20:32:31.154+0000] {taskinstance.py:2648} INFO - Exporting env vars: AIRFLOW_CTX_DAG_EMAIL='***@example.com' AIRFLOW_CTX_DAG_OWNER='***' AIRFLOW_CTX_DAG_ID='tutorial' AIRFLOW_CTX_TASK_ID='templated' AIRFLOW_CTX_EXECUTION_DATE='2024-06-14T00:00:00+00:00' AIRFLOW_CTX_TRY_NUMBER='1' AIRFLOW_CTX_DAG_RUN_ID='scheduled__2024-06-14T00:00:00+00:00'
[2024-06-15T20:32:31.156+0000] {taskinstance.py:430} INFO - ::endgroup::
[2024-06-15T20:32:31.156+0000] {subprocess.py:63} INFO - Tmp dir root location: /tmp
[2024-06-15T20:32:31.157+0000] {subprocess.py:75} INFO - Running command: ['/usr/bin/bash', '-c', '\n\n    echo "2024-06-14"\n    echo "2024-06-21"\n\n    echo "2024-06-14"\n    echo "2024-06-21"\n\n    echo "2024-06-14"\n    echo "2024-06-21"\n\n    echo "2024-06-14"\n    echo "2024-06-21"\n\n    echo "2024-06-14"\n    echo "2024-06-21"\n']
[2024-06-15T20:32:31.170+0000] {subprocess.py:86} INFO - Output:
[2024-06-15T20:32:31.172+0000] {subprocess.py:93} INFO - 2024-06-14
[2024-06-15T20:32:31.172+0000] {subprocess.py:93} INFO - 2024-06-21
[2024-06-15T20:32:31.173+0000] {subprocess.py:93} INFO - 2024-06-14
[2024-06-15T20:32:31.173+0000] {subprocess.py:93} INFO - 2024-06-21
[2024-06-15T20:32:31.173+0000] {subprocess.py:93} INFO - 2024-06-14
[2024-06-15T20:32:31.173+0000] {subprocess.py:93} INFO - 2024-06-21
[2024-06-15T20:32:31.174+0000] {subprocess.py:93} INFO - 2024-06-14
[2024-06-15T20:32:31.174+0000] {subprocess.py:93} INFO - 2024-06-21
[2024-06-15T20:32:31.174+0000] {subprocess.py:93} INFO - 2024-06-14
[2024-06-15T20:32:31.174+0000] {subprocess.py:93} INFO - 2024-06-21
[2024-06-15T20:32:31.174+0000] {subprocess.py:97} INFO - Command exited with return code 0
[2024-06-15T20:32:31.175+0000] {taskinstance.py:441} INFO - ::group::Post task execution logs
[2024-06-15T20:32:31.209+0000] {taskinstance.py:1206} INFO - Marking task as SUCCESS. dag_id=tutorial, task_id=templated, run_id=scheduled__2024-06-14T00:00:00+00:00, execution_date=20240614T000000, start_date=20240615T203230, end_date=20240615T203231
[2024-06-15T20:32:31.260+0000] {local_task_job_runner.py:240} INFO - Task exited with return code 0
[2024-06-15T20:32:31.274+0000] {taskinstance.py:3498} INFO - 0 downstream tasks scheduled from follow-on schedule check
[2024-06-15T20:32:31.277+0000] {local_task_job_runner.py:222} INFO - ::endgroup::
