[2024-05-18T18:16:40.056+0000] {local_task_job_runner.py:120} INFO - ::group::Pre task execution logs
[2024-05-18T18:16:40.079+0000] {taskinstance.py:2076} INFO - Dependencies all met for dep_context=non-requeueable deps ti=<TaskInstance: dbt_example.datetask manual__2024-05-18T18:16:34.117899+00:00 [queued]>
[2024-05-18T18:16:40.089+0000] {taskinstance.py:2076} INFO - Dependencies all met for dep_context=requeueable deps ti=<TaskInstance: dbt_example.datetask manual__2024-05-18T18:16:34.117899+00:00 [queued]>
[2024-05-18T18:16:40.090+0000] {taskinstance.py:2306} INFO - Starting attempt 1 of 1
[2024-05-18T18:16:40.109+0000] {taskinstance.py:2330} INFO - Executing <Task(BashOperator): datetask> on 2024-05-18 18:16:34.117899+00:00
[2024-05-18T18:16:40.121+0000] {warnings.py:110} WARNING - /home/***/.local/lib/python3.12/site-packages/***/task/task_runner/standard_task_runner.py:61: DeprecationWarning: This process (pid=973) is multi-threaded, use of fork() may lead to deadlocks in the child.
  pid = os.fork()

[2024-05-18T18:16:40.123+0000] {standard_task_runner.py:63} INFO - Started process 975 to run task
[2024-05-18T18:16:40.123+0000] {standard_task_runner.py:90} INFO - Running: ['***', 'tasks', 'run', 'dbt_example', 'datetask', 'manual__2024-05-18T18:16:34.117899+00:00', '--job-id', '13', '--raw', '--subdir', 'DAGS_FOLDER/test.py', '--cfg-path', '/tmp/tmp9zrsisod']
[2024-05-18T18:16:40.126+0000] {standard_task_runner.py:91} INFO - Job 13: Subtask datetask
[2024-05-18T18:16:40.173+0000] {task_command.py:426} INFO - Running <TaskInstance: dbt_example.datetask manual__2024-05-18T18:16:34.117899+00:00 [running]> on host 1eee1d008fef
[2024-05-18T18:16:40.267+0000] {taskinstance.py:2648} INFO - Exporting env vars: AIRFLOW_CTX_DAG_OWNER='***' AIRFLOW_CTX_DAG_ID='dbt_example' AIRFLOW_CTX_TASK_ID='datetask' AIRFLOW_CTX_EXECUTION_DATE='2024-05-18T18:16:34.117899+00:00' AIRFLOW_CTX_TRY_NUMBER='1' AIRFLOW_CTX_DAG_RUN_ID='manual__2024-05-18T18:16:34.117899+00:00'
[2024-05-18T18:16:40.268+0000] {taskinstance.py:430} INFO - ::endgroup::
[2024-05-18T18:16:40.269+0000] {subprocess.py:63} INFO - Tmp dir root location: /tmp
[2024-05-18T18:16:40.269+0000] {subprocess.py:75} INFO - Running command: ['/usr/bin/bash', '-c', 'date']
[2024-05-18T18:16:40.283+0000] {subprocess.py:86} INFO - Output:
[2024-05-18T18:16:40.286+0000] {subprocess.py:93} INFO - Sat May 18 18:16:40 UTC 2024
[2024-05-18T18:16:40.286+0000] {subprocess.py:97} INFO - Command exited with return code 0
[2024-05-18T18:16:40.287+0000] {taskinstance.py:441} INFO - ::group::Post task execution logs
[2024-05-18T18:16:40.313+0000] {taskinstance.py:1206} INFO - Marking task as SUCCESS. dag_id=dbt_example, task_id=datetask, run_id=manual__2024-05-18T18:16:34.117899+00:00, execution_date=20240518T181634, start_date=20240518T181640, end_date=20240518T181640
[2024-05-18T18:16:40.336+0000] {local_task_job_runner.py:240} INFO - Task exited with return code 0
[2024-05-18T18:16:40.355+0000] {taskinstance.py:3498} INFO - 0 downstream tasks scheduled from follow-on schedule check
[2024-05-18T18:16:40.358+0000] {local_task_job_runner.py:222} INFO - ::endgroup::
