[2024-05-18T18:06:19.749+0000] {local_task_job_runner.py:120} INFO - ::group::Pre task execution logs
[2024-05-18T18:06:19.893+0000] {taskinstance.py:2076} INFO - Dependencies all met for dep_context=non-requeueable deps ti=<TaskInstance: tutorial.templated scheduled__2024-05-17T00:00:00+00:00 [queued]>
[2024-05-18T18:06:19.963+0000] {taskinstance.py:2076} INFO - Dependencies all met for dep_context=requeueable deps ti=<TaskInstance: tutorial.templated scheduled__2024-05-17T00:00:00+00:00 [queued]>
[2024-05-18T18:06:19.965+0000] {taskinstance.py:2306} INFO - Starting attempt 1 of 2
[2024-05-18T18:06:20.072+0000] {taskinstance.py:2330} INFO - Executing <Task(BashOperator): templated> on 2024-05-17 00:00:00+00:00
[2024-05-18T18:06:20.111+0000] {warnings.py:110} WARNING - /home/***/.local/lib/python3.12/site-packages/***/task/task_runner/standard_task_runner.py:61: DeprecationWarning: This process (pid=823) is multi-threaded, use of fork() may lead to deadlocks in the child.
  pid = os.fork()

[2024-05-18T18:06:20.117+0000] {standard_task_runner.py:63} INFO - Started process 839 to run task
[2024-05-18T18:06:20.120+0000] {standard_task_runner.py:90} INFO - Running: ['***', 'tasks', 'run', 'tutorial', 'templated', 'scheduled__2024-05-17T00:00:00+00:00', '--job-id', '11', '--raw', '--subdir', '/home/***/.local/lib/python3.12/site-packages/***/example_dags/tutorial.py', '--cfg-path', '/tmp/tmpn3vjl_ai']
[2024-05-18T18:06:20.139+0000] {standard_task_runner.py:91} INFO - Job 11: Subtask templated
[2024-05-18T18:06:20.267+0000] {task_command.py:426} INFO - Running <TaskInstance: tutorial.templated scheduled__2024-05-17T00:00:00+00:00 [running]> on host 1eee1d008fef
[2024-05-18T18:06:20.710+0000] {taskinstance.py:2648} INFO - Exporting env vars: AIRFLOW_CTX_DAG_EMAIL='***@example.com' AIRFLOW_CTX_DAG_OWNER='***' AIRFLOW_CTX_DAG_ID='tutorial' AIRFLOW_CTX_TASK_ID='templated' AIRFLOW_CTX_EXECUTION_DATE='2024-05-17T00:00:00+00:00' AIRFLOW_CTX_TRY_NUMBER='1' AIRFLOW_CTX_DAG_RUN_ID='scheduled__2024-05-17T00:00:00+00:00'
[2024-05-18T18:06:20.721+0000] {taskinstance.py:430} INFO - ::endgroup::
[2024-05-18T18:06:20.725+0000] {subprocess.py:63} INFO - Tmp dir root location: /tmp
[2024-05-18T18:06:20.728+0000] {subprocess.py:75} INFO - Running command: ['/usr/bin/bash', '-c', '\n\n    echo "2024-05-17"\n    echo "2024-05-24"\n\n    echo "2024-05-17"\n    echo "2024-05-24"\n\n    echo "2024-05-17"\n    echo "2024-05-24"\n\n    echo "2024-05-17"\n    echo "2024-05-24"\n\n    echo "2024-05-17"\n    echo "2024-05-24"\n']
[2024-05-18T18:06:20.781+0000] {subprocess.py:86} INFO - Output:
[2024-05-18T18:06:20.790+0000] {subprocess.py:93} INFO - 2024-05-17
[2024-05-18T18:06:20.792+0000] {subprocess.py:93} INFO - 2024-05-24
[2024-05-18T18:06:20.793+0000] {subprocess.py:93} INFO - 2024-05-17
[2024-05-18T18:06:20.794+0000] {subprocess.py:93} INFO - 2024-05-24
[2024-05-18T18:06:20.795+0000] {subprocess.py:93} INFO - 2024-05-17
[2024-05-18T18:06:20.796+0000] {subprocess.py:93} INFO - 2024-05-24
[2024-05-18T18:06:20.797+0000] {subprocess.py:93} INFO - 2024-05-17
[2024-05-18T18:06:20.798+0000] {subprocess.py:93} INFO - 2024-05-24
[2024-05-18T18:06:20.799+0000] {subprocess.py:93} INFO - 2024-05-17
[2024-05-18T18:06:20.801+0000] {subprocess.py:93} INFO - 2024-05-24
[2024-05-18T18:06:20.802+0000] {subprocess.py:97} INFO - Command exited with return code 0
[2024-05-18T18:06:20.804+0000] {taskinstance.py:441} INFO - ::group::Post task execution logs
[2024-05-18T18:06:20.911+0000] {taskinstance.py:1206} INFO - Marking task as SUCCESS. dag_id=tutorial, task_id=templated, run_id=scheduled__2024-05-17T00:00:00+00:00, execution_date=20240517T000000, start_date=20240518T180619, end_date=20240518T180620
[2024-05-18T18:06:20.993+0000] {local_task_job_runner.py:240} INFO - Task exited with return code 0
[2024-05-18T18:06:21.058+0000] {taskinstance.py:3498} INFO - 0 downstream tasks scheduled from follow-on schedule check
[2024-05-18T18:06:21.063+0000] {local_task_job_runner.py:222} INFO - ::endgroup::
