[2024-06-21T01:18:04.204+0000] {local_task_job_runner.py:120} INFO - ::group::Pre task execution logs
[2024-06-21T01:18:04.229+0000] {taskinstance.py:2076} INFO - Dependencies all met for dep_context=non-requeueable deps ti=<TaskInstance: pokemons.metricspokemonweights manual__2024-06-21T01:16:34.034582+00:00 [queued]>
[2024-06-21T01:18:04.241+0000] {taskinstance.py:2076} INFO - Dependencies all met for dep_context=requeueable deps ti=<TaskInstance: pokemons.metricspokemonweights manual__2024-06-21T01:16:34.034582+00:00 [queued]>
[2024-06-21T01:18:04.241+0000] {taskinstance.py:2306} INFO - Starting attempt 2 of 2
[2024-06-21T01:18:04.260+0000] {taskinstance.py:2330} INFO - Executing <Task(_PythonVirtualenvDecoratedOperator): metricspokemonweights> on 2024-06-21 01:16:34.034582+00:00
[2024-06-21T01:18:04.269+0000] {warnings.py:110} WARNING - /home/***/.local/lib/python3.12/site-packages/***/task/task_runner/standard_task_runner.py:61: DeprecationWarning: This process (pid=257) is multi-threaded, use of fork() may lead to deadlocks in the child.
  pid = os.fork()

[2024-06-21T01:18:04.270+0000] {standard_task_runner.py:63} INFO - Started process 258 to run task
[2024-06-21T01:18:04.270+0000] {standard_task_runner.py:90} INFO - Running: ['***', 'tasks', 'run', 'pokemons', 'metricspokemonweights', 'manual__2024-06-21T01:16:34.034582+00:00', '--job-id', '65', '--raw', '--subdir', 'DAGS_FOLDER/python_operators.py', '--cfg-path', '/tmp/tmp38238v2f']
[2024-06-21T01:18:04.272+0000] {standard_task_runner.py:91} INFO - Job 65: Subtask metricspokemonweights
[2024-06-21T01:18:04.316+0000] {task_command.py:426} INFO - Running <TaskInstance: pokemons.metricspokemonweights manual__2024-06-21T01:16:34.034582+00:00 [running]> on host c357804a93ab
[2024-06-21T01:18:04.404+0000] {taskinstance.py:2648} INFO - Exporting env vars: AIRFLOW_CTX_DAG_OWNER='***' AIRFLOW_CTX_DAG_ID='pokemons' AIRFLOW_CTX_TASK_ID='metricspokemonweights' AIRFLOW_CTX_EXECUTION_DATE='2024-06-21T01:16:34.034582+00:00' AIRFLOW_CTX_TRY_NUMBER='2' AIRFLOW_CTX_DAG_RUN_ID='manual__2024-06-21T01:16:34.034582+00:00'
[2024-06-21T01:18:04.405+0000] {taskinstance.py:430} INFO - ::endgroup::
[2024-06-21T01:18:04.406+0000] {process_utils.py:183} INFO - Executing cmd: /home/***/.local/bin/python -m virtualenv /tmp/venv82s2fg6i --system-site-packages --python=python
[2024-06-21T01:18:04.407+0000] {process_utils.py:187} INFO - Output:
[2024-06-21T01:18:05.134+0000] {process_utils.py:191} INFO - created virtual environment CPython3.12.3.final.0-64 in 226ms
[2024-06-21T01:18:05.135+0000] {process_utils.py:191} INFO -   creator CPython3Posix(dest=/tmp/venv82s2fg6i, clear=False, no_vcs_ignore=False, global=True)
[2024-06-21T01:18:05.135+0000] {process_utils.py:191} INFO -   seeder FromAppData(download=False, pip=bundle, via=copy, app_data_dir=/home/***/.local/share/virtualenv)
[2024-06-21T01:18:05.136+0000] {process_utils.py:191} INFO -     added seed packages: pip==24.0
[2024-06-21T01:18:05.136+0000] {process_utils.py:191} INFO -   activators BashActivator,CShellActivator,FishActivator,NushellActivator,PowerShellActivator,PythonActivator
[2024-06-21T01:18:05.156+0000] {process_utils.py:183} INFO - Executing cmd: /tmp/venv82s2fg6i/bin/pip install -r /tmp/venv82s2fg6i/requirements.txt
[2024-06-21T01:18:05.157+0000] {process_utils.py:187} INFO - Output:
[2024-06-21T01:18:10.637+0000] {process_utils.py:191} INFO - 
[2024-06-21T01:18:10.638+0000] {process_utils.py:191} INFO - [notice] A new release of pip is available: 24.0 -> 24.1
[2024-06-21T01:18:10.638+0000] {process_utils.py:191} INFO - [notice] To update, run: python -m pip install --upgrade pip
[2024-06-21T01:18:10.750+0000] {process_utils.py:183} INFO - Executing cmd: /tmp/venv82s2fg6i/bin/python /tmp/venv-calltu9jgj1k/script.py /tmp/venv-calltu9jgj1k/script.in /tmp/venv-calltu9jgj1k/script.out /tmp/venv-calltu9jgj1k/string_args.txt /tmp/venv-calltu9jgj1k/termination.log
[2024-06-21T01:18:10.751+0000] {process_utils.py:187} INFO - Output:
[2024-06-21T01:18:12.893+0000] {process_utils.py:191} INFO - {
[2024-06-21T01:18:12.894+0000] {process_utils.py:191} INFO -     "max": 1000,
[2024-06-21T01:18:12.894+0000] {process_utils.py:191} INFO -     "min": 18,
[2024-06-21T01:18:12.894+0000] {process_utils.py:191} INFO -     "mean": 267.85,
[2024-06-21T01:18:12.895+0000] {process_utils.py:191} INFO -     "median": 157.5,
[2024-06-21T01:18:12.895+0000] {process_utils.py:191} INFO -     "stdev:": 301.90435484385483
[2024-06-21T01:18:12.895+0000] {process_utils.py:191} INFO - }
[2024-06-21T01:18:13.125+0000] {python.py:237} INFO - Done. Returned value was: None
[2024-06-21T01:18:13.125+0000] {taskinstance.py:441} INFO - ::group::Post task execution logs
[2024-06-21T01:18:13.135+0000] {taskinstance.py:1206} INFO - Marking task as SUCCESS. dag_id=pokemons, task_id=metricspokemonweights, run_id=manual__2024-06-21T01:16:34.034582+00:00, execution_date=20240621T011634, start_date=20240621T011804, end_date=20240621T011813
[2024-06-21T01:18:13.190+0000] {local_task_job_runner.py:240} INFO - Task exited with return code 0
[2024-06-21T01:18:13.233+0000] {taskinstance.py:3498} INFO - 0 downstream tasks scheduled from follow-on schedule check
[2024-06-21T01:18:13.238+0000] {local_task_job_runner.py:222} INFO - ::endgroup::
